#Software: Microsoft Internet Information Services 8.5
#Version: 1.0
#Date: 2016-05-12 00:00:16
#Fields: date time s-ip cs-method cs-uri-stem cs-uri-query s-port cs-username c-ip cs(User-Agent) cs(Referer) sc-status sc-substatus sc-win32-status time-taken
2016-05-12 00:00:16 ::1 GET /installation/index.php - 81 - ::1 Mozilla/5.0+(Windows+NT+6.3;+WOW64)+AppleWebKit/537.36+(KHTML,+like+Gecko)+Chrome/48.0.2564.97+Safari/537.36 http://localhost:81/installation/index.php 200 0 0 166
2016-05-12 00:05:16 ::1 GET /installation/index.php - 81 - ::1 Mozilla/5.0+(Windows+NT+6.3;+WOW64)+AppleWebKit/537.36+(KHTML,+like+Gecko)+Chrome/48.0.2564.97+Safari/537.36 http://localhost:81/installation/index.php 200 0 0 161
2016-05-12 00:10:16 ::1 GET /installation/index.php - 81 - ::1 Mozilla/5.0+(Windows+NT+6.3;+WOW64)+AppleWebKit/537.36+(KHTML,+like+Gecko)+Chrome/48.0.2564.97+Safari/537.36 http://localhost:81/installation/index.php 200 0 0 161
2016-05-12 00:15:16 ::1 GET /installation/index.php - 81 - ::1 Mozilla/5.0+(Windows+NT+6.3;+WOW64)+AppleWebKit/537.36+(KHTML,+like+Gecko)+Chrome/48.0.2564.97+Safari/537.36 http://localhost:81/installation/index.php 200 0 0 160
2016-05-12 00:20:16 ::1 GET /installation/index.php - 81 - ::1 Mozilla/5.0+(Windows+NT+6.3;+WOW64)+AppleWebKit/537.36+(KHTML,+like+Gecko)+Chrome/48.0.2564.97+Safari/537.36 http://localhost:81/installation/index.php 200 0 0 161
2016-05-12 00:25:16 ::1 GET /installation/index.php - 81 - ::1 Mozilla/5.0+(Windows+NT+6.3;+WOW64)+AppleWebKit/537.36+(KHTML,+like+Gecko)+Chrome/48.0.2564.97+Safari/537.36 http://localhost:81/installation/index.php 200 0 0 163
2016-05-12 00:30:16 ::1 GET /installation/index.php - 81 - ::1 Mozilla/5.0+(Windows+NT+6.3;+WOW64)+AppleWebKit/537.36+(KHTML,+like+Gecko)+Chrome/48.0.2564.97+Safari/537.36 http://localhost:81/installation/index.php 200 0 0 160
2016-05-12 00:35:16 ::1 GET /installation/index.php - 81 - ::1 Mozilla/5.0+(Windows+NT+6.3;+WOW64)+AppleWebKit/537.36+(KHTML,+like+Gecko)+Chrome/48.0.2564.97+Safari/537.36 http://localhost:81/installation/index.php 200 0 0 164
2016-05-12 00:40:16 ::1 GET /installation/index.php - 81 - ::1 Mozilla/5.0+(Windows+NT+6.3;+WOW64)+AppleWebKit/537.36+(KHTML,+like+Gecko)+Chrome/48.0.2564.97+Safari/537.36 http://localhost:81/installation/index.php 200 0 0 158
2016-05-12 00:45:16 ::1 GET /installation/index.php - 81 - ::1 Mozilla/5.0+(Windows+NT+6.3;+WOW64)+AppleWebKit/537.36+(KHTML,+like+Gecko)+Chrome/48.0.2564.97+Safari/537.36 http://localhost:81/installation/index.php 200 0 0 159
2016-05-12 00:50:16 ::1 GET /installation/index.php - 81 - ::1 Mozilla/5.0+(Windows+NT+6.3;+WOW64)+AppleWebKit/537.36+(KHTML,+like+Gecko)+Chrome/48.0.2564.97+Safari/537.36 http://localhost:81/installation/index.php 200 0 0 161
2016-05-12 00:55:16 ::1 GET /installation/index.php - 81 - ::1 Mozilla/5.0+(Windows+NT+6.3;+WOW64)+AppleWebKit/537.36+(KHTML,+like+Gecko)+Chrome/48.0.2564.97+Safari/537.36 http://localhost:81/installation/index.php 200 0 0 162
2016-05-12 01:00:16 ::1 GET /installation/index.php - 81 - ::1 Mozilla/5.0+(Windows+NT+6.3;+WOW64)+AppleWebKit/537.36+(KHTML,+like+Gecko)+Chrome/48.0.2564.97+Safari/537.36 http://localhost:81/installation/index.php 200 0 0 162
2016-05-12 01:05:16 ::1 GET /installation/index.php - 81 - ::1 Mozilla/5.0+(Windows+NT+6.3;+WOW64)+AppleWebKit/537.36+(KHTML,+like+Gecko)+Chrome/48.0.2564.97+Safari/537.36 http://localhost:81/installation/index.php 200 0 0 161
2016-05-12 01:10:16 ::1 GET /installation/index.php - 81 - ::1 Mozilla/5.0+(Windows+NT+6.3;+WOW64)+AppleWebKit/537.36+(KHTML,+like+Gecko)+Chrome/48.0.2564.97+Safari/537.36 http://localhost:81/installation/index.php 200 0 0 159
2016-05-12 01:15:16 ::1 GET /installation/index.php - 81 - ::1 Mozilla/5.0+(Windows+NT+6.3;+WOW64)+AppleWebKit/537.36+(KHTML,+like+Gecko)+Chrome/48.0.2564.97+Safari/537.36 http://localhost:81/installation/index.php 200 0 0 169
2016-05-12 01:20:16 ::1 GET /installation/index.php - 81 - ::1 Mozilla/5.0+(Windows+NT+6.3;+WOW64)+AppleWebKit/537.36+(KHTML,+like+Gecko)+Chrome/48.0.2564.97+Safari/537.36 http://localhost:81/installation/index.php 200 0 0 162
2016-05-12 01:25:16 ::1 GET /installation/index.php - 81 - ::1 Mozilla/5.0+(Windows+NT+6.3;+WOW64)+AppleWebKit/537.36+(KHTML,+like+Gecko)+Chrome/48.0.2564.97+Safari/537.36 http://localhost:81/installation/index.php 200 0 0 160
2016-05-12 01:30:16 ::1 GET /installation/index.php - 81 - ::1 Mozilla/5.0+(Windows+NT+6.3;+WOW64)+AppleWebKit/537.36+(KHTML,+like+Gecko)+Chrome/48.0.2564.97+Safari/537.36 http://localhost:81/installation/index.php 200 0 0 161
2016-05-12 01:35:16 ::1 GET /installation/index.php - 81 - ::1 Mozilla/5.0+(Windows+NT+6.3;+WOW64)+AppleWebKit/537.36+(KHTML,+like+Gecko)+Chrome/48.0.2564.97+Safari/537.36 http://localhost:81/installation/index.php 200 0 0 162
2016-05-12 01:40:16 ::1 GET /installation/index.php - 81 - ::1 Mozilla/5.0+(Windows+NT+6.3;+WOW64)+AppleWebKit/537.36+(KHTML,+like+Gecko)+Chrome/48.0.2564.97+Safari/537.36 http://localhost:81/installation/index.php 200 0 0 165
2016-05-12 01:45:16 ::1 GET /installation/index.php - 81 - ::1 Mozilla/5.0+(Windows+NT+6.3;+WOW64)+AppleWebKit/537.36+(KHTML,+like+Gecko)+Chrome/48.0.2564.97+Safari/537.36 http://localhost:81/installation/index.php 200 0 0 160
2016-05-12 01:50:16 ::1 GET /installation/index.php - 81 - ::1 Mozilla/5.0+(Windows+NT+6.3;+WOW64)+AppleWebKit/537.36+(KHTML,+like+Gecko)+Chrome/48.0.2564.97+Safari/537.36 http://localhost:81/installation/index.php 200 0 0 161
2016-05-12 01:55:16 ::1 GET /installation/index.php - 81 - ::1 Mozilla/5.0+(Windows+NT+6.3;+WOW64)+AppleWebKit/537.36+(KHTML,+like+Gecko)+Chrome/48.0.2564.97+Safari/537.36 http://localhost:81/installation/index.php 200 0 0 166
2016-05-12 02:00:16 ::1 GET /installation/index.php - 81 - ::1 Mozilla/5.0+(Windows+NT+6.3;+WOW64)+AppleWebKit/537.36+(KHTML,+like+Gecko)+Chrome/48.0.2564.97+Safari/537.36 http://localhost:81/installation/index.php 200 0 0 557
2016-05-12 02:05:16 ::1 GET /installation/index.php - 81 - ::1 Mozilla/5.0+(Windows+NT+6.3;+WOW64)+AppleWebKit/537.36+(KHTML,+like+Gecko)+Chrome/48.0.2564.97+Safari/537.36 http://localhost:81/installation/index.php 200 0 0 165
2016-05-12 02:10:16 ::1 GET /installation/index.php - 81 - ::1 Mozilla/5.0+(Windows+NT+6.3;+WOW64)+AppleWebKit/537.36+(KHTML,+like+Gecko)+Chrome/48.0.2564.97+Safari/537.36 http://localhost:81/installation/index.php 200 0 0 156
2016-05-12 02:15:16 ::1 GET /installation/index.php - 81 - ::1 Mozilla/5.0+(Windows+NT+6.3;+WOW64)+AppleWebKit/537.36+(KHTML,+like+Gecko)+Chrome/48.0.2564.97+Safari/537.36 http://localhost:81/installation/index.php 200 0 0 159
2016-05-12 02:20:16 ::1 GET /installation/index.php - 81 - ::1 Mozilla/5.0+(Windows+NT+6.3;+WOW64)+AppleWebKit/537.36+(KHTML,+like+Gecko)+Chrome/48.0.2564.97+Safari/537.36 http://localhost:81/installation/index.php 200 0 0 164
2016-05-12 02:25:16 ::1 GET /installation/index.php - 81 - ::1 Mozilla/5.0+(Windows+NT+6.3;+WOW64)+AppleWebKit/537.36+(KHTML,+like+Gecko)+Chrome/48.0.2564.97+Safari/537.36 http://localhost:81/installation/index.php 200 0 0 160
2016-05-12 02:30:16 ::1 GET /installation/index.php - 81 - ::1 Mozilla/5.0+(Windows+NT+6.3;+WOW64)+AppleWebKit/537.36+(KHTML,+like+Gecko)+Chrome/48.0.2564.97+Safari/537.36 http://localhost:81/installation/index.php 200 0 0 166
2016-05-12 02:35:16 ::1 GET /installation/index.php - 81 - ::1 Mozilla/5.0+(Windows+NT+6.3;+WOW64)+AppleWebKit/537.36+(KHTML,+like+Gecko)+Chrome/48.0.2564.97+Safari/537.36 http://localhost:81/installation/index.php 200 0 0 160
2016-05-12 02:40:16 ::1 GET /installation/index.php - 81 - ::1 Mozilla/5.0+(Windows+NT+6.3;+WOW64)+AppleWebKit/537.36+(KHTML,+like+Gecko)+Chrome/48.0.2564.97+Safari/537.36 http://localhost:81/installation/index.php 200 0 0 168
2016-05-12 02:45:16 ::1 GET /installation/index.php - 81 - ::1 Mozilla/5.0+(Windows+NT+6.3;+WOW64)+AppleWebKit/537.36+(KHTML,+like+Gecko)+Chrome/48.0.2564.97+Safari/537.36 http://localhost:81/installation/index.php 200 0 0 160
2016-05-12 02:50:16 ::1 GET /installation/index.php - 81 - ::1 Mozilla/5.0+(Windows+NT+6.3;+WOW64)+AppleWebKit/537.36+(KHTML,+like+Gecko)+Chrome/48.0.2564.97+Safari/537.36 http://localhost:81/installation/index.php 200 0 0 162
2016-05-12 02:55:16 ::1 GET /installation/index.php - 81 - ::1 Mozilla/5.0+(Windows+NT+6.3;+WOW64)+AppleWebKit/537.36+(KHTML,+like+Gecko)+Chrome/48.0.2564.97+Safari/537.36 http://localhost:81/installation/index.php 200 0 0 163
2016-05-12 03:00:16 ::1 GET /installation/index.php - 81 - ::1 Mozilla/5.0+(Windows+NT+6.3;+WOW64)+AppleWebKit/537.36+(KHTML,+like+Gecko)+Chrome/48.0.2564.97+Safari/537.36 http://localhost:81/installation/index.php 200 0 0 158
2016-05-12 03:05:16 ::1 GET /installation/index.php - 81 - ::1 Mozilla/5.0+(Windows+NT+6.3;+WOW64)+AppleWebKit/537.36+(KHTML,+like+Gecko)+Chrome/48.0.2564.97+Safari/537.36 http://localhost:81/installation/index.php 200 0 0 165
2016-05-12 03:10:16 ::1 GET /installation/index.php - 81 - ::1 Mozilla/5.0+(Windows+NT+6.3;+WOW64)+AppleWebKit/537.36+(KHTML,+like+Gecko)+Chrome/48.0.2564.97+Safari/537.36 http://localhost:81/installation/index.php 200 0 0 161
2016-05-12 03:15:16 ::1 GET /installation/index.php - 81 - ::1 Mozilla/5.0+(Windows+NT+6.3;+WOW64)+AppleWebKit/537.36+(KHTML,+like+Gecko)+Chrome/48.0.2564.97+Safari/537.36 http://localhost:81/installation/index.php 200 0 0 163
2016-05-12 03:20:16 ::1 GET /installation/index.php - 81 - ::1 Mozilla/5.0+(Windows+NT+6.3;+WOW64)+AppleWebKit/537.36+(KHTML,+like+Gecko)+Chrome/48.0.2564.97+Safari/537.36 http://localhost:81/installation/index.php 200 0 0 162
2016-05-12 03:25:16 ::1 GET /installation/index.php - 81 - ::1 Mozilla/5.0+(Windows+NT+6.3;+WOW64)+AppleWebKit/537.36+(KHTML,+like+Gecko)+Chrome/48.0.2564.97+Safari/537.36 http://localhost:81/installation/index.php 200 0 0 162
2016-05-12 03:30:16 ::1 GET /installation/index.php - 81 - ::1 Mozilla/5.0+(Windows+NT+6.3;+WOW64)+AppleWebKit/537.36+(KHTML,+like+Gecko)+Chrome/48.0.2564.97+Safari/537.36 http://localhost:81/installation/index.php 200 0 0 161
2016-05-12 03:35:16 ::1 GET /installation/index.php - 81 - ::1 Mozilla/5.0+(Windows+NT+6.3;+WOW64)+AppleWebKit/537.36+(KHTML,+like+Gecko)+Chrome/48.0.2564.97+Safari/537.36 http://localhost:81/installation/index.php 200 0 0 160
2016-05-12 03:40:16 ::1 GET /installation/index.php - 81 - ::1 Mozilla/5.0+(Windows+NT+6.3;+WOW64)+AppleWebKit/537.36+(KHTML,+like+Gecko)+Chrome/48.0.2564.97+Safari/537.36 http://localhost:81/installation/index.php 200 0 0 164
2016-05-12 03:45:16 ::1 GET /installation/index.php - 81 - ::1 Mozilla/5.0+(Windows+NT+6.3;+WOW64)+AppleWebKit/537.36+(KHTML,+like+Gecko)+Chrome/48.0.2564.97+Safari/537.36 http://localhost:81/installation/index.php 200 0 0 165
2016-05-12 03:50:16 ::1 GET /installation/index.php - 81 - ::1 Mozilla/5.0+(Windows+NT+6.3;+WOW64)+AppleWebKit/537.36+(KHTML,+like+Gecko)+Chrome/48.0.2564.97+Safari/537.36 http://localhost:81/installation/index.php 200 0 0 162
2016-05-12 03:55:16 ::1 GET /installation/index.php - 81 - ::1 Mozilla/5.0+(Windows+NT+6.3;+WOW64)+AppleWebKit/537.36+(KHTML,+like+Gecko)+Chrome/48.0.2564.97+Safari/537.36 http://localhost:81/installation/index.php 200 0 0 164
2016-05-12 04:00:16 ::1 GET /installation/index.php - 81 - ::1 Mozilla/5.0+(Windows+NT+6.3;+WOW64)+AppleWebKit/537.36+(KHTML,+like+Gecko)+Chrome/48.0.2564.97+Safari/537.36 http://localhost:81/installation/index.php 200 0 0 168
2016-05-12 04:05:16 ::1 GET /installation/index.php - 81 - ::1 Mozilla/5.0+(Windows+NT+6.3;+WOW64)+AppleWebKit/537.36+(KHTML,+like+Gecko)+Chrome/48.0.2564.97+Safari/537.36 http://localhost:81/installation/index.php 200 0 0 160
2016-05-12 04:10:16 ::1 GET /installation/index.php - 81 - ::1 Mozilla/5.0+(Windows+NT+6.3;+WOW64)+AppleWebKit/537.36+(KHTML,+like+Gecko)+Chrome/48.0.2564.97+Safari/537.36 http://localhost:81/installation/index.php 200 0 0 162
2016-05-12 04:15:16 ::1 GET /installation/index.php - 81 - ::1 Mozilla/5.0+(Windows+NT+6.3;+WOW64)+AppleWebKit/537.36+(KHTML,+like+Gecko)+Chrome/48.0.2564.97+Safari/537.36 http://localhost:81/installation/index.php 200 0 0 161
2016-05-12 04:20:16 ::1 GET /installation/index.php - 81 - ::1 Mozilla/5.0+(Windows+NT+6.3;+WOW64)+AppleWebKit/537.36+(KHTML,+like+Gecko)+Chrome/48.0.2564.97+Safari/537.36 http://localhost:81/installation/index.php 200 0 0 166
2016-05-12 04:25:16 ::1 GET /installation/index.php - 81 - ::1 Mozilla/5.0+(Windows+NT+6.3;+WOW64)+AppleWebKit/537.36+(KHTML,+like+Gecko)+Chrome/48.0.2564.97+Safari/537.36 http://localhost:81/installation/index.php 200 0 0 160
2016-05-12 04:30:16 ::1 GET /installation/index.php - 81 - ::1 Mozilla/5.0+(Windows+NT+6.3;+WOW64)+AppleWebKit/537.36+(KHTML,+like+Gecko)+Chrome/48.0.2564.97+Safari/537.36 http://localhost:81/installation/index.php 200 0 0 161
2016-05-12 04:35:16 ::1 GET /installation/index.php - 81 - ::1 Mozilla/5.0+(Windows+NT+6.3;+WOW64)+AppleWebKit/537.36+(KHTML,+like+Gecko)+Chrome/48.0.2564.97+Safari/537.36 http://localhost:81/installation/index.php 200 0 0 158
2016-05-12 04:40:16 ::1 GET /installation/index.php - 81 - ::1 Mozilla/5.0+(Windows+NT+6.3;+WOW64)+AppleWebKit/537.36+(KHTML,+like+Gecko)+Chrome/48.0.2564.97+Safari/537.36 http://localhost:81/installation/index.php 200 0 0 159
2016-05-12 04:45:16 ::1 GET /installation/index.php - 81 - ::1 Mozilla/5.0+(Windows+NT+6.3;+WOW64)+AppleWebKit/537.36+(KHTML,+like+Gecko)+Chrome/48.0.2564.97+Safari/537.36 http://localhost:81/installation/index.php 200 0 0 161
2016-05-12 04:50:16 ::1 GET /installation/index.php - 81 - ::1 Mozilla/5.0+(Windows+NT+6.3;+WOW64)+AppleWebKit/537.36+(KHTML,+like+Gecko)+Chrome/48.0.2564.97+Safari/537.36 http://localhost:81/installation/index.php 200 0 0 161
2016-05-12 04:55:16 ::1 GET /installation/index.php - 81 - ::1 Mozilla/5.0+(Windows+NT+6.3;+WOW64)+AppleWebKit/537.36+(KHTML,+like+Gecko)+Chrome/48.0.2564.97+Safari/537.36 http://localhost:81/installation/index.php 200 0 0 162
2016-05-12 05:00:16 ::1 GET /installation/index.php - 81 - ::1 Mozilla/5.0+(Windows+NT+6.3;+WOW64)+AppleWebKit/537.36+(KHTML,+like+Gecko)+Chrome/48.0.2564.97+Safari/537.36 http://localhost:81/installation/index.php 200 0 0 160
2016-05-12 05:05:16 ::1 GET /installation/index.php - 81 - ::1 Mozilla/5.0+(Windows+NT+6.3;+WOW64)+AppleWebKit/537.36+(KHTML,+like+Gecko)+Chrome/48.0.2564.97+Safari/537.36 http://localhost:81/installation/index.php 200 0 0 159
2016-05-12 05:10:16 ::1 GET /installation/index.php - 81 - ::1 Mozilla/5.0+(Windows+NT+6.3;+WOW64)+AppleWebKit/537.36+(KHTML,+like+Gecko)+Chrome/48.0.2564.97+Safari/537.36 http://localhost:81/installation/index.php 200 0 0 167
2016-05-12 05:15:16 ::1 GET /installation/index.php - 81 - ::1 Mozilla/5.0+(Windows+NT+6.3;+WOW64)+AppleWebKit/537.36+(KHTML,+like+Gecko)+Chrome/48.0.2564.97+Safari/537.36 http://localhost:81/installation/index.php 200 0 0 162
2016-05-12 05:20:16 ::1 GET /installation/index.php - 81 - ::1 Mozilla/5.0+(Windows+NT+6.3;+WOW64)+AppleWebKit/537.36+(KHTML,+like+Gecko)+Chrome/48.0.2564.97+Safari/537.36 http://localhost:81/installation/index.php 200 0 0 161
2016-05-12 05:25:16 ::1 GET /installation/index.php - 81 - ::1 Mozilla/5.0+(Windows+NT+6.3;+WOW64)+AppleWebKit/537.36+(KHTML,+like+Gecko)+Chrome/48.0.2564.97+Safari/537.36 http://localhost:81/installation/index.php 200 0 0 162
2016-05-12 05:30:16 ::1 GET /installation/index.php - 81 - ::1 Mozilla/5.0+(Windows+NT+6.3;+WOW64)+AppleWebKit/537.36+(KHTML,+like+Gecko)+Chrome/48.0.2564.97+Safari/537.36 http://localhost:81/installation/index.php 200 0 0 163
2016-05-12 05:35:16 ::1 GET /installation/index.php - 81 - ::1 Mozilla/5.0+(Windows+NT+6.3;+WOW64)+AppleWebKit/537.36+(KHTML,+like+Gecko)+Chrome/48.0.2564.97+Safari/537.36 http://localhost:81/installation/index.php 200 0 0 164
2016-05-12 05:40:16 ::1 GET /installation/index.php - 81 - ::1 Mozilla/5.0+(Windows+NT+6.3;+WOW64)+AppleWebKit/537.36+(KHTML,+like+Gecko)+Chrome/48.0.2564.97+Safari/537.36 http://localhost:81/installation/index.php 200 0 0 162
2016-05-12 05:45:17 ::1 GET /installation/index.php - 81 - ::1 Mozilla/5.0+(Windows+NT+6.3;+WOW64)+AppleWebKit/537.36+(KHTML,+like+Gecko)+Chrome/48.0.2564.97+Safari/537.36 http://localhost:81/installation/index.php 200 0 0 643
2016-05-12 05:50:18 ::1 GET /installation/index.php - 81 - ::1 Mozilla/5.0+(Windows+NT+6.3;+WOW64)+AppleWebKit/537.36+(KHTML,+like+Gecko)+Chrome/48.0.2564.97+Safari/537.36 http://localhost:81/installation/index.php 200 0 0 1564
2016-05-12 05:55:16 ::1 GET /installation/index.php - 81 - ::1 Mozilla/5.0+(Windows+NT+6.3;+WOW64)+AppleWebKit/537.36+(KHTML,+like+Gecko)+Chrome/48.0.2564.97+Safari/537.36 http://localhost:81/installation/index.php 200 0 0 524
2016-05-12 06:00:16 ::1 GET /installation/index.php - 81 - ::1 Mozilla/5.0+(Windows+NT+6.3;+WOW64)+AppleWebKit/537.36+(KHTML,+like+Gecko)+Chrome/48.0.2564.97+Safari/537.36 http://localhost:81/installation/index.php 200 0 0 180
2016-05-12 06:05:16 ::1 GET /installation/index.php - 81 - ::1 Mozilla/5.0+(Windows+NT+6.3;+WOW64)+AppleWebKit/537.36+(KHTML,+like+Gecko)+Chrome/48.0.2564.97+Safari/537.36 http://localhost:81/installation/index.php 200 0 0 163
2016-05-12 06:10:16 ::1 GET /installation/index.php - 81 - ::1 Mozilla/5.0+(Windows+NT+6.3;+WOW64)+AppleWebKit/537.36+(KHTML,+like+Gecko)+Chrome/48.0.2564.97+Safari/537.36 http://localhost:81/installation/index.php 200 0 0 165
2016-05-12 06:15:16 ::1 GET /installation/index.php - 81 - ::1 Mozilla/5.0+(Windows+NT+6.3;+WOW64)+AppleWebKit/537.36+(KHTML,+like+Gecko)+Chrome/48.0.2564.97+Safari/537.36 http://localhost:81/installation/index.php 200 0 0 159
2016-05-12 06:20:16 ::1 GET /installation/index.php - 81 - ::1 Mozilla/5.0+(Windows+NT+6.3;+WOW64)+AppleWebKit/537.36+(KHTML,+like+Gecko)+Chrome/48.0.2564.97+Safari/537.36 http://localhost:81/installation/index.php 200 0 0 163
2016-05-12 06:25:16 ::1 GET /installation/index.php - 81 - ::1 Mozilla/5.0+(Windows+NT+6.3;+WOW64)+AppleWebKit/537.36+(KHTML,+like+Gecko)+Chrome/48.0.2564.97+Safari/537.36 http://localhost:81/installation/index.php 200 0 0 160
2016-05-12 06:30:16 ::1 GET /installation/index.php - 81 - ::1 Mozilla/5.0+(Windows+NT+6.3;+WOW64)+AppleWebKit/537.36+(KHTML,+like+Gecko)+Chrome/48.0.2564.97+Safari/537.36 http://localhost:81/installation/index.php 200 0 0 167
2016-05-12 06:35:16 ::1 GET /installation/index.php - 81 - ::1 Mozilla/5.0+(Windows+NT+6.3;+WOW64)+AppleWebKit/537.36+(KHTML,+like+Gecko)+Chrome/48.0.2564.97+Safari/537.36 http://localhost:81/installation/index.php 200 0 0 460
2016-05-12 06:40:16 ::1 GET /installation/index.php - 81 - ::1 Mozilla/5.0+(Windows+NT+6.3;+WOW64)+AppleWebKit/537.36+(KHTML,+like+Gecko)+Chrome/48.0.2564.97+Safari/537.36 http://localhost:81/installation/index.php 200 0 0 164
2016-05-12 06:45:16 ::1 GET /installation/index.php - 81 - ::1 Mozilla/5.0+(Windows+NT+6.3;+WOW64)+AppleWebKit/537.36+(KHTML,+like+Gecko)+Chrome/48.0.2564.97+Safari/537.36 http://localhost:81/installation/index.php 200 0 0 160
2016-05-12 06:50:16 ::1 GET /installation/index.php - 81 - ::1 Mozilla/5.0+(Windows+NT+6.3;+WOW64)+AppleWebKit/537.36+(KHTML,+like+Gecko)+Chrome/48.0.2564.97+Safari/537.36 http://localhost:81/installation/index.php 200 0 0 168
2016-05-12 06:55:16 ::1 GET /installation/index.php - 81 - ::1 Mozilla/5.0+(Windows+NT+6.3;+WOW64)+AppleWebKit/537.36+(KHTML,+like+Gecko)+Chrome/48.0.2564.97+Safari/537.36 http://localhost:81/installation/index.php 200 0 0 160
2016-05-12 07:00:16 ::1 GET /installation/index.php - 81 - ::1 Mozilla/5.0+(Windows+NT+6.3;+WOW64)+AppleWebKit/537.36+(KHTML,+like+Gecko)+Chrome/48.0.2564.97+Safari/537.36 http://localhost:81/installation/index.php 200 0 0 164
2016-05-12 07:05:16 ::1 GET /installation/index.php - 81 - ::1 Mozilla/5.0+(Windows+NT+6.3;+WOW64)+AppleWebKit/537.36+(KHTML,+like+Gecko)+Chrome/48.0.2564.97+Safari/537.36 http://localhost:81/installation/index.php 200 0 0 169
2016-05-12 07:10:16 ::1 GET /installation/index.php - 81 - ::1 Mozilla/5.0+(Windows+NT+6.3;+WOW64)+AppleWebKit/537.36+(KHTML,+like+Gecko)+Chrome/48.0.2564.97+Safari/537.36 http://localhost:81/installation/index.php 200 0 0 160
2016-05-12 07:15:16 ::1 GET /installation/index.php - 81 - ::1 Mozilla/5.0+(Windows+NT+6.3;+WOW64)+AppleWebKit/537.36+(KHTML,+like+Gecko)+Chrome/48.0.2564.97+Safari/537.36 http://localhost:81/installation/index.php 200 0 0 163
2016-05-12 07:20:16 ::1 GET /installation/index.php - 81 - ::1 Mozilla/5.0+(Windows+NT+6.3;+WOW64)+AppleWebKit/537.36+(KHTML,+like+Gecko)+Chrome/48.0.2564.97+Safari/537.36 http://localhost:81/installation/index.php 200 0 0 161
2016-05-12 07:25:16 ::1 GET /installation/index.php - 81 - ::1 Mozilla/5.0+(Windows+NT+6.3;+WOW64)+AppleWebKit/537.36+(KHTML,+like+Gecko)+Chrome/48.0.2564.97+Safari/537.36 http://localhost:81/installation/index.php 200 0 0 166
2016-05-12 07:30:16 ::1 GET /installation/index.php - 81 - ::1 Mozilla/5.0+(Windows+NT+6.3;+WOW64)+AppleWebKit/537.36+(KHTML,+like+Gecko)+Chrome/48.0.2564.97+Safari/537.36 http://localhost:81/installation/index.php 200 0 0 161
2016-05-12 07:35:16 ::1 GET /installation/index.php - 81 - ::1 Mozilla/5.0+(Windows+NT+6.3;+WOW64)+AppleWebKit/537.36+(KHTML,+like+Gecko)+Chrome/48.0.2564.97+Safari/537.36 http://localhost:81/installation/index.php 200 0 0 167
2016-05-12 07:40:16 ::1 GET /installation/index.php - 81 - ::1 Mozilla/5.0+(Windows+NT+6.3;+WOW64)+AppleWebKit/537.36+(KHTML,+like+Gecko)+Chrome/48.0.2564.97+Safari/537.36 http://localhost:81/installation/index.php 200 0 0 165
2016-05-12 07:45:16 ::1 GET /installation/index.php - 81 - ::1 Mozilla/5.0+(Windows+NT+6.3;+WOW64)+AppleWebKit/537.36+(KHTML,+like+Gecko)+Chrome/48.0.2564.97+Safari/537.36 http://localhost:81/installation/index.php 200 0 0 161
2016-05-12 07:50:16 ::1 GET /installation/index.php - 81 - ::1 Mozilla/5.0+(Windows+NT+6.3;+WOW64)+AppleWebKit/537.36+(KHTML,+like+Gecko)+Chrome/48.0.2564.97+Safari/537.36 http://localhost:81/installation/index.php 200 0 0 162
2016-05-12 07:55:16 ::1 GET /installation/index.php - 81 - ::1 Mozilla/5.0+(Windows+NT+6.3;+WOW64)+AppleWebKit/537.36+(KHTML,+like+Gecko)+Chrome/48.0.2564.97+Safari/537.36 http://localhost:81/installation/index.php 200 0 0 158
2016-05-12 08:00:16 ::1 GET /installation/index.php - 81 - ::1 Mozilla/5.0+(Windows+NT+6.3;+WOW64)+AppleWebKit/537.36+(KHTML,+like+Gecko)+Chrome/48.0.2564.97+Safari/537.36 http://localhost:81/installation/index.php 200 0 0 167
2016-05-12 08:05:16 ::1 GET /installation/index.php - 81 - ::1 Mozilla/5.0+(Windows+NT+6.3;+WOW64)+AppleWebKit/537.36+(KHTML,+like+Gecko)+Chrome/48.0.2564.97+Safari/537.36 http://localhost:81/installation/index.php 200 0 0 169
2016-05-12 08:10:16 ::1 GET /installation/index.php - 81 - ::1 Mozilla/5.0+(Windows+NT+6.3;+WOW64)+AppleWebKit/537.36+(KHTML,+like+Gecko)+Chrome/48.0.2564.97+Safari/537.36 http://localhost:81/installation/index.php 200 0 0 167
2016-05-12 08:15:16 ::1 GET /installation/index.php - 81 - ::1 Mozilla/5.0+(Windows+NT+6.3;+WOW64)+AppleWebKit/537.36+(KHTML,+like+Gecko)+Chrome/48.0.2564.97+Safari/537.36 http://localhost:81/installation/index.php 200 0 0 164
2016-05-12 08:20:16 ::1 GET /installation/index.php - 81 - ::1 Mozilla/5.0+(Windows+NT+6.3;+WOW64)+AppleWebKit/537.36+(KHTML,+like+Gecko)+Chrome/48.0.2564.97+Safari/537.36 http://localhost:81/installation/index.php 200 0 0 162
2016-05-12 08:25:16 ::1 GET /installation/index.php - 81 - ::1 Mozilla/5.0+(Windows+NT+6.3;+WOW64)+AppleWebKit/537.36+(KHTML,+like+Gecko)+Chrome/48.0.2564.97+Safari/537.36 http://localhost:81/installation/index.php 200 0 0 163
2016-05-12 08:30:16 ::1 GET /installation/index.php - 81 - ::1 Mozilla/5.0+(Windows+NT+6.3;+WOW64)+AppleWebKit/537.36+(KHTML,+like+Gecko)+Chrome/48.0.2564.97+Safari/537.36 http://localhost:81/installation/index.php 200 0 0 161
2016-05-12 08:35:16 ::1 GET /installation/index.php - 81 - ::1 Mozilla/5.0+(Windows+NT+6.3;+WOW64)+AppleWebKit/537.36+(KHTML,+like+Gecko)+Chrome/48.0.2564.97+Safari/537.36 http://localhost:81/installation/index.php 200 0 0 166
2016-05-12 08:40:16 ::1 GET /installation/index.php - 81 - ::1 Mozilla/5.0+(Windows+NT+6.3;+WOW64)+AppleWebKit/537.36+(KHTML,+like+Gecko)+Chrome/48.0.2564.97+Safari/537.36 http://localhost:81/installation/index.php 200 0 0 160
2016-05-12 08:45:16 ::1 GET /installation/index.php - 81 - ::1 Mozilla/5.0+(Windows+NT+6.3;+WOW64)+AppleWebKit/537.36+(KHTML,+like+Gecko)+Chrome/48.0.2564.97+Safari/537.36 http://localhost:81/installation/index.php 200 0 0 158
2016-05-12 08:50:16 ::1 GET /installation/index.php - 81 - ::1 Mozilla/5.0+(Windows+NT+6.3;+WOW64)+AppleWebKit/537.36+(KHTML,+like+Gecko)+Chrome/48.0.2564.97+Safari/537.36 http://localhost:81/installation/index.php 200 0 0 165
2016-05-12 08:55:16 ::1 GET /installation/index.php - 81 - ::1 Mozilla/5.0+(Windows+NT+6.3;+WOW64)+AppleWebKit/537.36+(KHTML,+like+Gecko)+Chrome/48.0.2564.97+Safari/537.36 http://localhost:81/installation/index.php 200 0 0 161
2016-05-12 09:00:16 ::1 GET /installation/index.php - 81 - ::1 Mozilla/5.0+(Windows+NT+6.3;+WOW64)+AppleWebKit/537.36+(KHTML,+like+Gecko)+Chrome/48.0.2564.97+Safari/537.36 http://localhost:81/installation/index.php 200 0 0 163
2016-05-12 09:05:16 ::1 GET /installation/index.php - 81 - ::1 Mozilla/5.0+(Windows+NT+6.3;+WOW64)+AppleWebKit/537.36+(KHTML,+like+Gecko)+Chrome/48.0.2564.97+Safari/537.36 http://localhost:81/installation/index.php 200 0 0 165
2016-05-12 09:10:16 ::1 GET /installation/index.php - 81 - ::1 Mozilla/5.0+(Windows+NT+6.3;+WOW64)+AppleWebKit/537.36+(KHTML,+like+Gecko)+Chrome/48.0.2564.97+Safari/537.36 http://localhost:81/installation/index.php 200 0 0 159
2016-05-12 09:15:16 ::1 GET /installation/index.php - 81 - ::1 Mozilla/5.0+(Windows+NT+6.3;+WOW64)+AppleWebKit/537.36+(KHTML,+like+Gecko)+Chrome/48.0.2564.97+Safari/537.36 http://localhost:81/installation/index.php 200 0 0 163
2016-05-12 09:20:16 ::1 GET /installation/index.php - 81 - ::1 Mozilla/5.0+(Windows+NT+6.3;+WOW64)+AppleWebKit/537.36+(KHTML,+like+Gecko)+Chrome/48.0.2564.97+Safari/537.36 http://localhost:81/installation/index.php 200 0 0 159
2016-05-12 09:25:16 ::1 GET /installation/index.php - 81 - ::1 Mozilla/5.0+(Windows+NT+6.3;+WOW64)+AppleWebKit/537.36+(KHTML,+like+Gecko)+Chrome/48.0.2564.97+Safari/537.36 http://localhost:81/installation/index.php 200 0 0 162
2016-05-12 09:30:16 ::1 GET /installation/index.php - 81 - ::1 Mozilla/5.0+(Windows+NT+6.3;+WOW64)+AppleWebKit/537.36+(KHTML,+like+Gecko)+Chrome/48.0.2564.97+Safari/537.36 http://localhost:81/installation/index.php 200 0 0 160
2016-05-12 09:35:16 ::1 GET /installation/index.php - 81 - ::1 Mozilla/5.0+(Windows+NT+6.3;+WOW64)+AppleWebKit/537.36+(KHTML,+like+Gecko)+Chrome/48.0.2564.97+Safari/537.36 http://localhost:81/installation/index.php 200 0 0 162
2016-05-12 09:40:16 ::1 GET /installation/index.php - 81 - ::1 Mozilla/5.0+(Windows+NT+6.3;+WOW64)+AppleWebKit/537.36+(KHTML,+like+Gecko)+Chrome/48.0.2564.97+Safari/537.36 http://localhost:81/installation/index.php 200 0 0 164
2016-05-12 09:45:16 ::1 GET /installation/index.php - 81 - ::1 Mozilla/5.0+(Windows+NT+6.3;+WOW64)+AppleWebKit/537.36+(KHTML,+like+Gecko)+Chrome/48.0.2564.97+Safari/537.36 http://localhost:81/installation/index.php 200 0 0 164
2016-05-12 09:50:16 ::1 GET /installation/index.php - 81 - ::1 Mozilla/5.0+(Windows+NT+6.3;+WOW64)+AppleWebKit/537.36+(KHTML,+like+Gecko)+Chrome/48.0.2564.97+Safari/537.36 http://localhost:81/installation/index.php 200 0 0 161
2016-05-12 09:55:16 ::1 GET /installation/index.php - 81 - ::1 Mozilla/5.0+(Windows+NT+6.3;+WOW64)+AppleWebKit/537.36+(KHTML,+like+Gecko)+Chrome/48.0.2564.97+Safari/537.36 http://localhost:81/installation/index.php 200 0 0 168
2016-05-12 10:00:16 ::1 GET /installation/index.php - 81 - ::1 Mozilla/5.0+(Windows+NT+6.3;+WOW64)+AppleWebKit/537.36+(KHTML,+like+Gecko)+Chrome/48.0.2564.97+Safari/537.36 http://localhost:81/installation/index.php 200 0 0 164
2016-05-12 10:05:16 ::1 GET /installation/index.php - 81 - ::1 Mozilla/5.0+(Windows+NT+6.3;+WOW64)+AppleWebKit/537.36+(KHTML,+like+Gecko)+Chrome/48.0.2564.97+Safari/537.36 http://localhost:81/installation/index.php 200 0 0 161
2016-05-12 10:10:16 ::1 GET /installation/index.php - 81 - ::1 Mozilla/5.0+(Windows+NT+6.3;+WOW64)+AppleWebKit/537.36+(KHTML,+like+Gecko)+Chrome/48.0.2564.97+Safari/537.36 http://localhost:81/installation/index.php 200 0 0 159
2016-05-12 10:15:16 ::1 GET /installation/index.php - 81 - ::1 Mozilla/5.0+(Windows+NT+6.3;+WOW64)+AppleWebKit/537.36+(KHTML,+like+Gecko)+Chrome/48.0.2564.97+Safari/537.36 http://localhost:81/installation/index.php 200 0 0 162
2016-05-12 10:20:16 ::1 GET /installation/index.php - 81 - ::1 Mozilla/5.0+(Windows+NT+6.3;+WOW64)+AppleWebKit/537.36+(KHTML,+like+Gecko)+Chrome/48.0.2564.97+Safari/537.36 http://localhost:81/installation/index.php 200 0 0 166
2016-05-12 10:25:16 ::1 GET /installation/index.php - 81 - ::1 Mozilla/5.0+(Windows+NT+6.3;+WOW64)+AppleWebKit/537.36+(KHTML,+like+Gecko)+Chrome/48.0.2564.97+Safari/537.36 http://localhost:81/installation/index.php 200 0 0 161
2016-05-12 10:30:16 ::1 GET /installation/index.php - 81 - ::1 Mozilla/5.0+(Windows+NT+6.3;+WOW64)+AppleWebKit/537.36+(KHTML,+like+Gecko)+Chrome/48.0.2564.97+Safari/537.36 http://localhost:81/installation/index.php 200 0 0 161
2016-05-12 10:35:16 ::1 GET /installation/index.php - 81 - ::1 Mozilla/5.0+(Windows+NT+6.3;+WOW64)+AppleWebKit/537.36+(KHTML,+like+Gecko)+Chrome/48.0.2564.97+Safari/537.36 http://localhost:81/installation/index.php 200 0 0 159
2016-05-12 10:40:16 ::1 GET /installation/index.php - 81 - ::1 Mozilla/5.0+(Windows+NT+6.3;+WOW64)+AppleWebKit/537.36+(KHTML,+like+Gecko)+Chrome/48.0.2564.97+Safari/537.36 http://localhost:81/installation/index.php 200 0 0 160
2016-05-12 10:45:16 ::1 GET /installation/index.php - 81 - ::1 Mozilla/5.0+(Windows+NT+6.3;+WOW64)+AppleWebKit/537.36+(KHTML,+like+Gecko)+Chrome/48.0.2564.97+Safari/537.36 http://localhost:81/installation/index.php 200 0 0 161
2016-05-12 10:50:16 ::1 GET /installation/index.php - 81 - ::1 Mozilla/5.0+(Windows+NT+6.3;+WOW64)+AppleWebKit/537.36+(KHTML,+like+Gecko)+Chrome/48.0.2564.97+Safari/537.36 http://localhost:81/installation/index.php 200 0 0 161
2016-05-12 10:55:16 ::1 GET /installation/index.php - 81 - ::1 Mozilla/5.0+(Windows+NT+6.3;+WOW64)+AppleWebKit/537.36+(KHTML,+like+Gecko)+Chrome/48.0.2564.97+Safari/537.36 http://localhost:81/installation/index.php 200 0 0 168
2016-05-12 11:00:16 ::1 GET /installation/index.php - 81 - ::1 Mozilla/5.0+(Windows+NT+6.3;+WOW64)+AppleWebKit/537.36+(KHTML,+like+Gecko)+Chrome/48.0.2564.97+Safari/537.36 http://localhost:81/installation/index.php 200 0 0 162
2016-05-12 11:05:16 ::1 GET /installation/index.php - 81 - ::1 Mozilla/5.0+(Windows+NT+6.3;+WOW64)+AppleWebKit/537.36+(KHTML,+like+Gecko)+Chrome/48.0.2564.97+Safari/537.36 http://localhost:81/installation/index.php 200 0 0 160
2016-05-12 11:10:16 ::1 GET /installation/index.php - 81 - ::1 Mozilla/5.0+(Windows+NT+6.3;+WOW64)+AppleWebKit/537.36+(KHTML,+like+Gecko)+Chrome/48.0.2564.97+Safari/537.36 http://localhost:81/installation/index.php 200 0 0 162
2016-05-12 11:15:16 ::1 GET /installation/index.php - 81 - ::1 Mozilla/5.0+(Windows+NT+6.3;+WOW64)+AppleWebKit/537.36+(KHTML,+like+Gecko)+Chrome/48.0.2564.97+Safari/537.36 http://localhost:81/installation/index.php 200 0 0 166
2016-05-12 11:20:16 ::1 GET /installation/index.php - 81 - ::1 Mozilla/5.0+(Windows+NT+6.3;+WOW64)+AppleWebKit/537.36+(KHTML,+like+Gecko)+Chrome/48.0.2564.97+Safari/537.36 http://localhost:81/installation/index.php 200 0 0 163
2016-05-12 11:25:16 ::1 GET /installation/index.php - 81 - ::1 Mozilla/5.0+(Windows+NT+6.3;+WOW64)+AppleWebKit/537.36+(KHTML,+like+Gecko)+Chrome/48.0.2564.97+Safari/537.36 http://localhost:81/installation/index.php 200 0 0 163
2016-05-12 11:30:16 ::1 GET /installation/index.php - 81 - ::1 Mozilla/5.0+(Windows+NT+6.3;+WOW64)+AppleWebKit/537.36+(KHTML,+like+Gecko)+Chrome/48.0.2564.97+Safari/537.36 http://localhost:81/installation/index.php 200 0 0 162
2016-05-12 11:35:16 ::1 GET /installation/index.php - 81 - ::1 Mozilla/5.0+(Windows+NT+6.3;+WOW64)+AppleWebKit/537.36+(KHTML,+like+Gecko)+Chrome/48.0.2564.97+Safari/537.36 http://localhost:81/installation/index.php 200 0 0 165
2016-05-12 11:40:16 ::1 GET /installation/index.php - 81 - ::1 Mozilla/5.0+(Windows+NT+6.3;+WOW64)+AppleWebKit/537.36+(KHTML,+like+Gecko)+Chrome/48.0.2564.97+Safari/537.36 http://localhost:81/installation/index.php 200 0 0 158
2016-05-12 11:45:16 ::1 GET /installation/index.php - 81 - ::1 Mozilla/5.0+(Windows+NT+6.3;+WOW64)+AppleWebKit/537.36+(KHTML,+like+Gecko)+Chrome/48.0.2564.97+Safari/537.36 http://localhost:81/installation/index.php 200 0 0 165
2016-05-12 11:50:16 ::1 GET /installation/index.php - 81 - ::1 Mozilla/5.0+(Windows+NT+6.3;+WOW64)+AppleWebKit/537.36+(KHTML,+like+Gecko)+Chrome/48.0.2564.97+Safari/537.36 http://localhost:81/installation/index.php 200 0 0 160
2016-05-12 11:55:16 ::1 GET /installation/index.php - 81 - ::1 Mozilla/5.0+(Windows+NT+6.3;+WOW64)+AppleWebKit/537.36+(KHTML,+like+Gecko)+Chrome/48.0.2564.97+Safari/537.36 http://localhost:81/installation/index.php 200 0 0 164
2016-05-12 12:00:16 ::1 GET /installation/index.php - 81 - ::1 Mozilla/5.0+(Windows+NT+6.3;+WOW64)+AppleWebKit/537.36+(KHTML,+like+Gecko)+Chrome/48.0.2564.97+Safari/537.36 http://localhost:81/installation/index.php 200 0 0 163
2016-05-12 12:05:16 ::1 GET /installation/index.php - 81 - ::1 Mozilla/5.0+(Windows+NT+6.3;+WOW64)+AppleWebKit/537.36+(KHTML,+like+Gecko)+Chrome/48.0.2564.97+Safari/537.36 http://localhost:81/installation/index.php 200 0 0 162
2016-05-12 12:10:16 ::1 GET /installation/index.php - 81 - ::1 Mozilla/5.0+(Windows+NT+6.3;+WOW64)+AppleWebKit/537.36+(KHTML,+like+Gecko)+Chrome/48.0.2564.97+Safari/537.36 http://localhost:81/installation/index.php 200 0 0 160
2016-05-12 12:15:16 ::1 GET /installation/index.php - 81 - ::1 Mozilla/5.0+(Windows+NT+6.3;+WOW64)+AppleWebKit/537.36+(KHTML,+like+Gecko)+Chrome/48.0.2564.97+Safari/537.36 http://localhost:81/installation/index.php 200 0 0 159
2016-05-12 12:20:16 ::1 GET /installation/index.php - 81 - ::1 Mozilla/5.0+(Windows+NT+6.3;+WOW64)+AppleWebKit/537.36+(KHTML,+like+Gecko)+Chrome/48.0.2564.97+Safari/537.36 http://localhost:81/installation/index.php 200 0 0 165
2016-05-12 12:25:16 ::1 GET /installation/index.php - 81 - ::1 Mozilla/5.0+(Windows+NT+6.3;+WOW64)+AppleWebKit/537.36+(KHTML,+like+Gecko)+Chrome/48.0.2564.97+Safari/537.36 http://localhost:81/installation/index.php 200 0 0 160
2016-05-12 12:30:16 ::1 GET /installation/index.php - 81 - ::1 Mozilla/5.0+(Windows+NT+6.3;+WOW64)+AppleWebKit/537.36+(KHTML,+like+Gecko)+Chrome/48.0.2564.97+Safari/537.36 http://localhost:81/installation/index.php 200 0 0 162
2016-05-12 12:35:16 ::1 GET /installation/index.php - 81 - ::1 Mozilla/5.0+(Windows+NT+6.3;+WOW64)+AppleWebKit/537.36+(KHTML,+like+Gecko)+Chrome/48.0.2564.97+Safari/537.36 http://localhost:81/installation/index.php 200 0 0 161
2016-05-12 12:40:16 ::1 GET /installation/index.php - 81 - ::1 Mozilla/5.0+(Windows+NT+6.3;+WOW64)+AppleWebKit/537.36+(KHTML,+like+Gecko)+Chrome/48.0.2564.97+Safari/537.36 http://localhost:81/installation/index.php 200 0 0 162
2016-05-12 12:45:16 ::1 GET /installation/index.php - 81 - ::1 Mozilla/5.0+(Windows+NT+6.3;+WOW64)+AppleWebKit/537.36+(KHTML,+like+Gecko)+Chrome/48.0.2564.97+Safari/537.36 http://localhost:81/installation/index.php 200 0 0 159
2016-05-12 12:50:16 ::1 GET /installation/index.php - 81 - ::1 Mozilla/5.0+(Windows+NT+6.3;+WOW64)+AppleWebKit/537.36+(KHTML,+like+Gecko)+Chrome/48.0.2564.97+Safari/537.36 http://localhost:81/installation/index.php 200 0 0 165
2016-05-12 12:55:16 ::1 GET /installation/index.php - 81 - ::1 Mozilla/5.0+(Windows+NT+6.3;+WOW64)+AppleWebKit/537.36+(KHTML,+like+Gecko)+Chrome/48.0.2564.97+Safari/537.36 http://localhost:81/installation/index.php 200 0 0 172
2016-05-12 13:00:16 ::1 GET /installation/index.php - 81 - ::1 Mozilla/5.0+(Windows+NT+6.3;+WOW64)+AppleWebKit/537.36+(KHTML,+like+Gecko)+Chrome/48.0.2564.97+Safari/537.36 http://localhost:81/installation/index.php 200 0 0 162
2016-05-12 13:05:16 ::1 GET /installation/index.php - 81 - ::1 Mozilla/5.0+(Windows+NT+6.3;+WOW64)+AppleWebKit/537.36+(KHTML,+like+Gecko)+Chrome/48.0.2564.97+Safari/537.36 http://localhost:81/installation/index.php 200 0 0 164
2016-05-12 13:10:16 ::1 GET /installation/index.php - 81 - ::1 Mozilla/5.0+(Windows+NT+6.3;+WOW64)+AppleWebKit/537.36+(KHTML,+like+Gecko)+Chrome/48.0.2564.97+Safari/537.36 http://localhost:81/installation/index.php 200 0 0 162
2016-05-12 13:15:16 ::1 GET /installation/index.php - 81 - ::1 Mozilla/5.0+(Windows+NT+6.3;+WOW64)+AppleWebKit/537.36+(KHTML,+like+Gecko)+Chrome/48.0.2564.97+Safari/537.36 http://localhost:81/installation/index.php 200 0 0 159
2016-05-12 13:20:16 ::1 GET /installation/index.php - 81 - ::1 Mozilla/5.0+(Windows+NT+6.3;+WOW64)+AppleWebKit/537.36+(KHTML,+like+Gecko)+Chrome/48.0.2564.97+Safari/537.36 http://localhost:81/installation/index.php 200 0 0 158
2016-05-12 13:25:16 ::1 GET /installation/index.php - 81 - ::1 Mozilla/5.0+(Windows+NT+6.3;+WOW64)+AppleWebKit/537.36+(KHTML,+like+Gecko)+Chrome/48.0.2564.97+Safari/537.36 http://localhost:81/installation/index.php 200 0 0 162
2016-05-12 13:30:16 ::1 GET /installation/index.php - 81 - ::1 Mozilla/5.0+(Windows+NT+6.3;+WOW64)+AppleWebKit/537.36+(KHTML,+like+Gecko)+Chrome/48.0.2564.97+Safari/537.36 http://localhost:81/installation/index.php 200 0 0 159
2016-05-12 13:35:16 ::1 GET /installation/index.php - 81 - ::1 Mozilla/5.0+(Windows+NT+6.3;+WOW64)+AppleWebKit/537.36+(KHTML,+like+Gecko)+Chrome/48.0.2564.97+Safari/537.36 http://localhost:81/installation/index.php 200 0 0 164
2016-05-12 13:40:16 ::1 GET /installation/index.php - 81 - ::1 Mozilla/5.0+(Windows+NT+6.3;+WOW64)+AppleWebKit/537.36+(KHTML,+like+Gecko)+Chrome/48.0.2564.97+Safari/537.36 http://localhost:81/installation/index.php 200 0 0 161
2016-05-12 13:45:16 ::1 GET /installation/index.php - 81 - ::1 Mozilla/5.0+(Windows+NT+6.3;+WOW64)+AppleWebKit/537.36+(KHTML,+like+Gecko)+Chrome/48.0.2564.97+Safari/537.36 http://localhost:81/installation/index.php 200 0 0 162
2016-05-12 13:50:16 ::1 GET /installation/index.php - 81 - ::1 Mozilla/5.0+(Windows+NT+6.3;+WOW64)+AppleWebKit/537.36+(KHTML,+like+Gecko)+Chrome/48.0.2564.97+Safari/537.36 http://localhost:81/installation/index.php 200 0 0 164
2016-05-12 13:55:16 ::1 GET /installation/index.php - 81 - ::1 Mozilla/5.0+(Windows+NT+6.3;+WOW64)+AppleWebKit/537.36+(KHTML,+like+Gecko)+Chrome/48.0.2564.97+Safari/537.36 http://localhost:81/installation/index.php 200 0 0 163
2016-05-12 14:00:16 ::1 GET /installation/index.php - 81 - ::1 Mozilla/5.0+(Windows+NT+6.3;+WOW64)+AppleWebKit/537.36+(KHTML,+like+Gecko)+Chrome/48.0.2564.97+Safari/537.36 http://localhost:81/installation/index.php 200 0 0 167
2016-05-12 14:05:16 ::1 GET /installation/index.php - 81 - ::1 Mozilla/5.0+(Windows+NT+6.3;+WOW64)+AppleWebKit/537.36+(KHTML,+like+Gecko)+Chrome/48.0.2564.97+Safari/537.36 http://localhost:81/installation/index.php 200 0 0 164
2016-05-12 14:10:16 ::1 GET /installation/index.php - 81 - ::1 Mozilla/5.0+(Windows+NT+6.3;+WOW64)+AppleWebKit/537.36+(KHTML,+like+Gecko)+Chrome/48.0.2564.97+Safari/537.36 http://localhost:81/installation/index.php 200 0 0 159
2016-05-12 14:15:16 ::1 GET /installation/index.php - 81 - ::1 Mozilla/5.0+(Windows+NT+6.3;+WOW64)+AppleWebKit/537.36+(KHTML,+like+Gecko)+Chrome/48.0.2564.97+Safari/537.36 http://localhost:81/installation/index.php 200 0 0 162
2016-05-12 14:20:16 ::1 GET /installation/index.php - 81 - ::1 Mozilla/5.0+(Windows+NT+6.3;+WOW64)+AppleWebKit/537.36+(KHTML,+like+Gecko)+Chrome/48.0.2564.97+Safari/537.36 http://localhost:81/installation/index.php 200 0 0 159
2016-05-12 14:25:16 ::1 GET /installation/index.php - 81 - ::1 Mozilla/5.0+(Windows+NT+6.3;+WOW64)+AppleWebKit/537.36+(KHTML,+like+Gecko)+Chrome/48.0.2564.97+Safari/537.36 http://localhost:81/installation/index.php 200 0 0 164
2016-05-12 14:30:16 ::1 GET /installation/index.php - 81 - ::1 Mozilla/5.0+(Windows+NT+6.3;+WOW64)+AppleWebKit/537.36+(KHTML,+like+Gecko)+Chrome/48.0.2564.97+Safari/537.36 http://localhost:81/installation/index.php 200 0 0 163
2016-05-12 14:35:16 ::1 GET /installation/index.php - 81 - ::1 Mozilla/5.0+(Windows+NT+6.3;+WOW64)+AppleWebKit/537.36+(KHTML,+like+Gecko)+Chrome/48.0.2564.97+Safari/537.36 http://localhost:81/installation/index.php 200 0 0 164
2016-05-12 14:40:16 ::1 GET /installation/index.php - 81 - ::1 Mozilla/5.0+(Windows+NT+6.3;+WOW64)+AppleWebKit/537.36+(KHTML,+like+Gecko)+Chrome/48.0.2564.97+Safari/537.36 http://localhost:81/installation/index.php 200 0 0 161
2016-05-12 14:45:16 ::1 GET /installation/index.php - 81 - ::1 Mozilla/5.0+(Windows+NT+6.3;+WOW64)+AppleWebKit/537.36+(KHTML,+like+Gecko)+Chrome/48.0.2564.97+Safari/537.36 http://localhost:81/installation/index.php 200 0 0 160
2016-05-12 14:50:16 ::1 GET /installation/index.php - 81 - ::1 Mozilla/5.0+(Windows+NT+6.3;+WOW64)+AppleWebKit/537.36+(KHTML,+like+Gecko)+Chrome/48.0.2564.97+Safari/537.36 http://localhost:81/installation/index.php 200 0 0 168
2016-05-12 14:55:16 ::1 GET /installation/index.php - 81 - ::1 Mozilla/5.0+(Windows+NT+6.3;+WOW64)+AppleWebKit/537.36+(KHTML,+like+Gecko)+Chrome/48.0.2564.97+Safari/537.36 http://localhost:81/installation/index.php 200 0 0 164
2016-05-12 15:00:16 ::1 GET /installation/index.php - 81 - ::1 Mozilla/5.0+(Windows+NT+6.3;+WOW64)+AppleWebKit/537.36+(KHTML,+like+Gecko)+Chrome/48.0.2564.97+Safari/537.36 http://localhost:81/installation/index.php 200 0 0 164
2016-05-12 15:05:16 ::1 GET /installation/index.php - 81 - ::1 Mozilla/5.0+(Windows+NT+6.3;+WOW64)+AppleWebKit/537.36+(KHTML,+like+Gecko)+Chrome/48.0.2564.97+Safari/537.36 http://localhost:81/installation/index.php 200 0 0 165
2016-05-12 15:10:16 ::1 GET /installation/index.php - 81 - ::1 Mozilla/5.0+(Windows+NT+6.3;+WOW64)+AppleWebKit/537.36+(KHTML,+like+Gecko)+Chrome/48.0.2564.97+Safari/537.36 http://localhost:81/installation/index.php 200 0 0 162
2016-05-12 15:15:16 ::1 GET /installation/index.php - 81 - ::1 Mozilla/5.0+(Windows+NT+6.3;+WOW64)+AppleWebKit/537.36+(KHTML,+like+Gecko)+Chrome/48.0.2564.97+Safari/537.36 http://localhost:81/installation/index.php 200 0 0 164
2016-05-12 15:20:16 ::1 GET /installation/index.php - 81 - ::1 Mozilla/5.0+(Windows+NT+6.3;+WOW64)+AppleWebKit/537.36+(KHTML,+like+Gecko)+Chrome/48.0.2564.97+Safari/537.36 http://localhost:81/installation/index.php 200 0 0 159
2016-05-12 15:25:16 ::1 GET /installation/index.php - 81 - ::1 Mozilla/5.0+(Windows+NT+6.3;+WOW64)+AppleWebKit/537.36+(KHTML,+like+Gecko)+Chrome/48.0.2564.97+Safari/537.36 http://localhost:81/installation/index.php 200 0 0 161
2016-05-12 15:30:16 ::1 GET /installation/index.php - 81 - ::1 Mozilla/5.0+(Windows+NT+6.3;+WOW64)+AppleWebKit/537.36+(KHTML,+like+Gecko)+Chrome/48.0.2564.97+Safari/537.36 http://localhost:81/installation/index.php 200 0 0 166
2016-05-12 15:35:16 ::1 GET /installation/index.php - 81 - ::1 Mozilla/5.0+(Windows+NT+6.3;+WOW64)+AppleWebKit/537.36+(KHTML,+like+Gecko)+Chrome/48.0.2564.97+Safari/537.36 http://localhost:81/installation/index.php 200 0 0 162
2016-05-12 15:40:16 ::1 GET /installation/index.php - 81 - ::1 Mozilla/5.0+(Windows+NT+6.3;+WOW64)+AppleWebKit/537.36+(KHTML,+like+Gecko)+Chrome/48.0.2564.97+Safari/537.36 http://localhost:81/installation/index.php 200 0 0 161
2016-05-12 15:45:16 ::1 GET /installation/index.php - 81 - ::1 Mozilla/5.0+(Windows+NT+6.3;+WOW64)+AppleWebKit/537.36+(KHTML,+like+Gecko)+Chrome/48.0.2564.97+Safari/537.36 http://localhost:81/installation/index.php 200 0 0 164
2016-05-12 15:50:16 ::1 GET /installation/index.php - 81 - ::1 Mozilla/5.0+(Windows+NT+6.3;+WOW64)+AppleWebKit/537.36+(KHTML,+like+Gecko)+Chrome/48.0.2564.97+Safari/537.36 http://localhost:81/installation/index.php 200 0 0 164
2016-05-12 15:55:16 ::1 GET /installation/index.php - 81 - ::1 Mozilla/5.0+(Windows+NT+6.3;+WOW64)+AppleWebKit/537.36+(KHTML,+like+Gecko)+Chrome/48.0.2564.97+Safari/537.36 http://localhost:81/installation/index.php 200 0 0 163
2016-05-12 16:00:16 ::1 GET /installation/index.php - 81 - ::1 Mozilla/5.0+(Windows+NT+6.3;+WOW64)+AppleWebKit/537.36+(KHTML,+like+Gecko)+Chrome/48.0.2564.97+Safari/537.36 http://localhost:81/installation/index.php 200 0 0 163
2016-05-12 16:05:16 ::1 GET /installation/index.php - 81 - ::1 Mozilla/5.0+(Windows+NT+6.3;+WOW64)+AppleWebKit/537.36+(KHTML,+like+Gecko)+Chrome/48.0.2564.97+Safari/537.36 http://localhost:81/installation/index.php 200 0 0 162
2016-05-12 16:10:16 ::1 GET /installation/index.php - 81 - ::1 Mozilla/5.0+(Windows+NT+6.3;+WOW64)+AppleWebKit/537.36+(KHTML,+like+Gecko)+Chrome/48.0.2564.97+Safari/537.36 http://localhost:81/installation/index.php 200 0 0 164
2016-05-12 16:15:16 ::1 GET /installation/index.php - 81 - ::1 Mozilla/5.0+(Windows+NT+6.3;+WOW64)+AppleWebKit/537.36+(KHTML,+like+Gecko)+Chrome/48.0.2564.97+Safari/537.36 http://localhost:81/installation/index.php 200 0 0 163
2016-05-12 16:20:16 ::1 GET /installation/index.php - 81 - ::1 Mozilla/5.0+(Windows+NT+6.3;+WOW64)+AppleWebKit/537.36+(KHTML,+like+Gecko)+Chrome/48.0.2564.97+Safari/537.36 http://localhost:81/installation/index.php 200 0 0 160
2016-05-12 16:25:16 ::1 GET /installation/index.php - 81 - ::1 Mozilla/5.0+(Windows+NT+6.3;+WOW64)+AppleWebKit/537.36+(KHTML,+like+Gecko)+Chrome/48.0.2564.97+Safari/537.36 http://localhost:81/installation/index.php 200 0 0 165
2016-05-12 16:30:16 ::1 GET /installation/index.php - 81 - ::1 Mozilla/5.0+(Windows+NT+6.3;+WOW64)+AppleWebKit/537.36+(KHTML,+like+Gecko)+Chrome/48.0.2564.97+Safari/537.36 http://localhost:81/installation/index.php 200 0 0 166
2016-05-12 16:35:16 ::1 GET /installation/index.php - 81 - ::1 Mozilla/5.0+(Windows+NT+6.3;+WOW64)+AppleWebKit/537.36+(KHTML,+like+Gecko)+Chrome/48.0.2564.97+Safari/537.36 http://localhost:81/installation/index.php 200 0 0 162
2016-05-12 16:40:16 ::1 GET /installation/index.php - 81 - ::1 Mozilla/5.0+(Windows+NT+6.3;+WOW64)+AppleWebKit/537.36+(KHTML,+like+Gecko)+Chrome/48.0.2564.97+Safari/537.36 http://localhost:81/installation/index.php 200 0 0 159
2016-05-12 16:45:16 ::1 GET /installation/index.php - 81 - ::1 Mozilla/5.0+(Windows+NT+6.3;+WOW64)+AppleWebKit/537.36+(KHTML,+like+Gecko)+Chrome/48.0.2564.97+Safari/537.36 http://localhost:81/installation/index.php 200 0 0 166
2016-05-12 16:50:16 ::1 GET /installation/index.php - 81 - ::1 Mozilla/5.0+(Windows+NT+6.3;+WOW64)+AppleWebKit/537.36+(KHTML,+like+Gecko)+Chrome/48.0.2564.97+Safari/537.36 http://localhost:81/installation/index.php 200 0 0 159
2016-05-12 16:55:16 ::1 GET /installation/index.php - 81 - ::1 Mozilla/5.0+(Windows+NT+6.3;+WOW64)+AppleWebKit/537.36+(KHTML,+like+Gecko)+Chrome/48.0.2564.97+Safari/537.36 http://localhost:81/installation/index.php 200 0 0 165
2016-05-12 17:00:16 ::1 GET /installation/index.php - 81 - ::1 Mozilla/5.0+(Windows+NT+6.3;+WOW64)+AppleWebKit/537.36+(KHTML,+like+Gecko)+Chrome/48.0.2564.97+Safari/537.36 http://localhost:81/installation/index.php 200 0 0 163
2016-05-12 17:05:16 ::1 GET /installation/index.php - 81 - ::1 Mozilla/5.0+(Windows+NT+6.3;+WOW64)+AppleWebKit/537.36+(KHTML,+like+Gecko)+Chrome/48.0.2564.97+Safari/537.36 http://localhost:81/installation/index.php 200 0 0 161
2016-05-12 17:10:16 ::1 GET /installation/index.php - 81 - ::1 Mozilla/5.0+(Windows+NT+6.3;+WOW64)+AppleWebKit/537.36+(KHTML,+like+Gecko)+Chrome/48.0.2564.97+Safari/537.36 http://localhost:81/installation/index.php 200 0 0 164
2016-05-12 17:15:16 ::1 GET /installation/index.php - 81 - ::1 Mozilla/5.0+(Windows+NT+6.3;+WOW64)+AppleWebKit/537.36+(KHTML,+like+Gecko)+Chrome/48.0.2564.97+Safari/537.36 http://localhost:81/installation/index.php 200 0 0 161
2016-05-12 17:20:16 ::1 GET /installation/index.php - 81 - ::1 Mozilla/5.0+(Windows+NT+6.3;+WOW64)+AppleWebKit/537.36+(KHTML,+like+Gecko)+Chrome/48.0.2564.97+Safari/537.36 http://localhost:81/installation/index.php 200 0 0 160
2016-05-12 17:25:16 ::1 GET /installation/index.php - 81 - ::1 Mozilla/5.0+(Windows+NT+6.3;+WOW64)+AppleWebKit/537.36+(KHTML,+like+Gecko)+Chrome/48.0.2564.97+Safari/537.36 http://localhost:81/installation/index.php 200 0 0 164
2016-05-12 17:30:16 ::1 GET /installation/index.php - 81 - ::1 Mozilla/5.0+(Windows+NT+6.3;+WOW64)+AppleWebKit/537.36+(KHTML,+like+Gecko)+Chrome/48.0.2564.97+Safari/537.36 http://localhost:81/installation/index.php 200 0 0 163
2016-05-12 17:35:16 ::1 GET /installation/index.php - 81 - ::1 Mozilla/5.0+(Windows+NT+6.3;+WOW64)+AppleWebKit/537.36+(KHTML,+like+Gecko)+Chrome/48.0.2564.97+Safari/537.36 http://localhost:81/installation/index.php 200 0 0 160
2016-05-12 17:40:16 ::1 GET /installation/index.php - 81 - ::1 Mozilla/5.0+(Windows+NT+6.3;+WOW64)+AppleWebKit/537.36+(KHTML,+like+Gecko)+Chrome/48.0.2564.97+Safari/537.36 http://localhost:81/installation/index.php 200 0 0 167
2016-05-12 17:45:16 ::1 GET /installation/index.php - 81 - ::1 Mozilla/5.0+(Windows+NT+6.3;+WOW64)+AppleWebKit/537.36+(KHTML,+like+Gecko)+Chrome/48.0.2564.97+Safari/537.36 http://localhost:81/installation/index.php 200 0 0 164
2016-05-12 17:50:16 ::1 GET /installation/index.php - 81 - ::1 Mozilla/5.0+(Windows+NT+6.3;+WOW64)+AppleWebKit/537.36+(KHTML,+like+Gecko)+Chrome/48.0.2564.97+Safari/537.36 http://localhost:81/installation/index.php 200 0 0 160
2016-05-12 17:55:16 ::1 GET /installation/index.php - 81 - ::1 Mozilla/5.0+(Windows+NT+6.3;+WOW64)+AppleWebKit/537.36+(KHTML,+like+Gecko)+Chrome/48.0.2564.97+Safari/537.36 http://localhost:81/installation/index.php 200 0 0 162
2016-05-12 18:00:16 ::1 GET /installation/index.php - 81 - ::1 Mozilla/5.0+(Windows+NT+6.3;+WOW64)+AppleWebKit/537.36+(KHTML,+like+Gecko)+Chrome/48.0.2564.97+Safari/537.36 http://localhost:81/installation/index.php 200 0 0 165
2016-05-12 18:05:16 ::1 GET /installation/index.php - 81 - ::1 Mozilla/5.0+(Windows+NT+6.3;+WOW64)+AppleWebKit/537.36+(KHTML,+like+Gecko)+Chrome/48.0.2564.97+Safari/537.36 http://localhost:81/installation/index.php 200 0 0 161
2016-05-12 18:10:16 ::1 GET /installation/index.php - 81 - ::1 Mozilla/5.0+(Windows+NT+6.3;+WOW64)+AppleWebKit/537.36+(KHTML,+like+Gecko)+Chrome/48.0.2564.97+Safari/537.36 http://localhost:81/installation/index.php 200 0 0 166
2016-05-12 18:15:16 ::1 GET /installation/index.php - 81 - ::1 Mozilla/5.0+(Windows+NT+6.3;+WOW64)+AppleWebKit/537.36+(KHTML,+like+Gecko)+Chrome/48.0.2564.97+Safari/537.36 http://localhost:81/installation/index.php 200 0 0 162
2016-05-12 18:20:16 ::1 GET /installation/index.php - 81 - ::1 Mozilla/5.0+(Windows+NT+6.3;+WOW64)+AppleWebKit/537.36+(KHTML,+like+Gecko)+Chrome/48.0.2564.97+Safari/537.36 http://localhost:81/installation/index.php 200 0 0 164
2016-05-12 18:25:16 ::1 GET /installation/index.php - 81 - ::1 Mozilla/5.0+(Windows+NT+6.3;+WOW64)+AppleWebKit/537.36+(KHTML,+like+Gecko)+Chrome/48.0.2564.97+Safari/537.36 http://localhost:81/installation/index.php 200 0 0 159
2016-05-12 18:30:16 ::1 GET /installation/index.php - 81 - ::1 Mozilla/5.0+(Windows+NT+6.3;+WOW64)+AppleWebKit/537.36+(KHTML,+like+Gecko)+Chrome/48.0.2564.97+Safari/537.36 http://localhost:81/installation/index.php 200 0 0 162
2016-05-12 18:35:16 ::1 GET /installation/index.php - 81 - ::1 Mozilla/5.0+(Windows+NT+6.3;+WOW64)+AppleWebKit/537.36+(KHTML,+like+Gecko)+Chrome/48.0.2564.97+Safari/537.36 http://localhost:81/installation/index.php 200 0 0 163
2016-05-12 18:40:16 ::1 GET /installation/index.php - 81 - ::1 Mozilla/5.0+(Windows+NT+6.3;+WOW64)+AppleWebKit/537.36+(KHTML,+like+Gecko)+Chrome/48.0.2564.97+Safari/537.36 http://localhost:81/installation/index.php 200 0 0 166
2016-05-12 18:45:16 ::1 GET /installation/index.php - 81 - ::1 Mozilla/5.0+(Windows+NT+6.3;+WOW64)+AppleWebKit/537.36+(KHTML,+like+Gecko)+Chrome/48.0.2564.97+Safari/537.36 http://localhost:81/installation/index.php 200 0 0 163
2016-05-12 18:50:16 ::1 GET /installation/index.php - 81 - ::1 Mozilla/5.0+(Windows+NT+6.3;+WOW64)+AppleWebKit/537.36+(KHTML,+like+Gecko)+Chrome/48.0.2564.97+Safari/537.36 http://localhost:81/installation/index.php 200 0 0 161
2016-05-12 18:55:16 ::1 GET /installation/index.php - 81 - ::1 Mozilla/5.0+(Windows+NT+6.3;+WOW64)+AppleWebKit/537.36+(KHTML,+like+Gecko)+Chrome/48.0.2564.97+Safari/537.36 http://localhost:81/installation/index.php 200 0 0 159
2016-05-12 19:00:16 ::1 GET /installation/index.php - 81 - ::1 Mozilla/5.0+(Windows+NT+6.3;+WOW64)+AppleWebKit/537.36+(KHTML,+like+Gecko)+Chrome/48.0.2564.97+Safari/537.36 http://localhost:81/installation/index.php 200 0 0 161
2016-05-12 19:05:16 ::1 GET /installation/index.php - 81 - ::1 Mozilla/5.0+(Windows+NT+6.3;+WOW64)+AppleWebKit/537.36+(KHTML,+like+Gecko)+Chrome/48.0.2564.97+Safari/537.36 http://localhost:81/installation/index.php 200 0 0 162
2016-05-12 19:10:16 ::1 GET /installation/index.php - 81 - ::1 Mozilla/5.0+(Windows+NT+6.3;+WOW64)+AppleWebKit/537.36+(KHTML,+like+Gecko)+Chrome/48.0.2564.97+Safari/537.36 http://localhost:81/installation/index.php 200 0 0 164
2016-05-12 19:15:16 ::1 GET /installation/index.php - 81 - ::1 Mozilla/5.0+(Windows+NT+6.3;+WOW64)+AppleWebKit/537.36+(KHTML,+like+Gecko)+Chrome/48.0.2564.97+Safari/537.36 http://localhost:81/installation/index.php 200 0 0 162
2016-05-12 19:20:16 ::1 GET /installation/index.php - 81 - ::1 Mozilla/5.0+(Windows+NT+6.3;+WOW64)+AppleWebKit/537.36+(KHTML,+like+Gecko)+Chrome/48.0.2564.97+Safari/537.36 http://localhost:81/installation/index.php 200 0 0 163
2016-05-12 19:25:16 ::1 GET /installation/index.php - 81 - ::1 Mozilla/5.0+(Windows+NT+6.3;+WOW64)+AppleWebKit/537.36+(KHTML,+like+Gecko)+Chrome/48.0.2564.97+Safari/537.36 http://localhost:81/installation/index.php 200 0 0 162
2016-05-12 19:30:16 ::1 GET /installation/index.php - 81 - ::1 Mozilla/5.0+(Windows+NT+6.3;+WOW64)+AppleWebKit/537.36+(KHTML,+like+Gecko)+Chrome/48.0.2564.97+Safari/537.36 http://localhost:81/installation/index.php 200 0 0 160
2016-05-12 19:35:16 ::1 GET /installation/index.php - 81 - ::1 Mozilla/5.0+(Windows+NT+6.3;+WOW64)+AppleWebKit/537.36+(KHTML,+like+Gecko)+Chrome/48.0.2564.97+Safari/537.36 http://localhost:81/installation/index.php 200 0 0 163
2016-05-12 19:40:16 ::1 GET /installation/index.php - 81 - ::1 Mozilla/5.0+(Windows+NT+6.3;+WOW64)+AppleWebKit/537.36+(KHTML,+like+Gecko)+Chrome/48.0.2564.97+Safari/537.36 http://localhost:81/installation/index.php 200 0 0 164
2016-05-12 19:45:16 ::1 GET /installation/index.php - 81 - ::1 Mozilla/5.0+(Windows+NT+6.3;+WOW64)+AppleWebKit/537.36+(KHTML,+like+Gecko)+Chrome/48.0.2564.97+Safari/537.36 http://localhost:81/installation/index.php 200 0 0 165
2016-05-12 19:50:16 ::1 GET /installation/index.php - 81 - ::1 Mozilla/5.0+(Windows+NT+6.3;+WOW64)+AppleWebKit/537.36+(KHTML,+like+Gecko)+Chrome/48.0.2564.97+Safari/537.36 http://localhost:81/installation/index.php 200 0 0 164
2016-05-12 19:55:16 ::1 GET /installation/index.php - 81 - ::1 Mozilla/5.0+(Windows+NT+6.3;+WOW64)+AppleWebKit/537.36+(KHTML,+like+Gecko)+Chrome/48.0.2564.97+Safari/537.36 http://localhost:81/installation/index.php 200 0 0 160
2016-05-12 20:00:16 ::1 GET /installation/index.php - 81 - ::1 Mozilla/5.0+(Windows+NT+6.3;+WOW64)+AppleWebKit/537.36+(KHTML,+like+Gecko)+Chrome/48.0.2564.97+Safari/537.36 http://localhost:81/installation/index.php 200 0 0 167
2016-05-12 20:05:16 ::1 GET /installation/index.php - 81 - ::1 Mozilla/5.0+(Windows+NT+6.3;+WOW64)+AppleWebKit/537.36+(KHTML,+like+Gecko)+Chrome/48.0.2564.97+Safari/537.36 http://localhost:81/installation/index.php 200 0 0 166
2016-05-12 20:10:16 ::1 GET /installation/index.php - 81 - ::1 Mozilla/5.0+(Windows+NT+6.3;+WOW64)+AppleWebKit/537.36+(KHTML,+like+Gecko)+Chrome/48.0.2564.97+Safari/537.36 http://localhost:81/installation/index.php 200 0 0 161
2016-05-12 20:15:16 ::1 GET /installation/index.php - 81 - ::1 Mozilla/5.0+(Windows+NT+6.3;+WOW64)+AppleWebKit/537.36+(KHTML,+like+Gecko)+Chrome/48.0.2564.97+Safari/537.36 http://localhost:81/installation/index.php 200 0 0 162
2016-05-12 20:20:16 ::1 GET /installation/index.php - 81 - ::1 Mozilla/5.0+(Windows+NT+6.3;+WOW64)+AppleWebKit/537.36+(KHTML,+like+Gecko)+Chrome/48.0.2564.97+Safari/537.36 http://localhost:81/installation/index.php 200 0 0 163
2016-05-12 20:25:16 ::1 GET /installation/index.php - 81 - ::1 Mozilla/5.0+(Windows+NT+6.3;+WOW64)+AppleWebKit/537.36+(KHTML,+like+Gecko)+Chrome/48.0.2564.97+Safari/537.36 http://localhost:81/installation/index.php 200 0 0 163
2016-05-12 20:30:16 ::1 GET /installation/index.php - 81 - ::1 Mozilla/5.0+(Windows+NT+6.3;+WOW64)+AppleWebKit/537.36+(KHTML,+like+Gecko)+Chrome/48.0.2564.97+Safari/537.36 http://localhost:81/installation/index.php 200 0 0 160
2016-05-12 20:35:16 ::1 GET /installation/index.php - 81 - ::1 Mozilla/5.0+(Windows+NT+6.3;+WOW64)+AppleWebKit/537.36+(KHTML,+like+Gecko)+Chrome/48.0.2564.97+Safari/537.36 http://localhost:81/installation/index.php 200 0 0 162
2016-05-12 20:40:16 ::1 GET /installation/index.php - 81 - ::1 Mozilla/5.0+(Windows+NT+6.3;+WOW64)+AppleWebKit/537.36+(KHTML,+like+Gecko)+Chrome/48.0.2564.97+Safari/537.36 http://localhost:81/installation/index.php 200 0 0 159
2016-05-12 20:45:16 ::1 GET /installation/index.php - 81 - ::1 Mozilla/5.0+(Windows+NT+6.3;+WOW64)+AppleWebKit/537.36+(KHTML,+like+Gecko)+Chrome/48.0.2564.97+Safari/537.36 http://localhost:81/installation/index.php 200 0 0 161
2016-05-12 20:50:16 ::1 GET /installation/index.php - 81 - ::1 Mozilla/5.0+(Windows+NT+6.3;+WOW64)+AppleWebKit/537.36+(KHTML,+like+Gecko)+Chrome/48.0.2564.97+Safari/537.36 http://localhost:81/installation/index.php 200 0 0 163
2016-05-12 20:55:16 ::1 GET /installation/index.php - 81 - ::1 Mozilla/5.0+(Windows+NT+6.3;+WOW64)+AppleWebKit/537.36+(KHTML,+like+Gecko)+Chrome/48.0.2564.97+Safari/537.36 http://localhost:81/installation/index.php 200 0 0 162
2016-05-12 21:00:16 ::1 GET /installation/index.php - 81 - ::1 Mozilla/5.0+(Windows+NT+6.3;+WOW64)+AppleWebKit/537.36+(KHTML,+like+Gecko)+Chrome/48.0.2564.97+Safari/537.36 http://localhost:81/installation/index.php 200 0 0 164
2016-05-12 21:05:16 ::1 GET /installation/index.php - 81 - ::1 Mozilla/5.0+(Windows+NT+6.3;+WOW64)+AppleWebKit/537.36+(KHTML,+like+Gecko)+Chrome/48.0.2564.97+Safari/537.36 http://localhost:81/installation/index.php 200 0 0 165
2016-05-12 21:10:16 ::1 GET /installation/index.php - 81 - ::1 Mozilla/5.0+(Windows+NT+6.3;+WOW64)+AppleWebKit/537.36+(KHTML,+like+Gecko)+Chrome/48.0.2564.97+Safari/537.36 http://localhost:81/installation/index.php 200 0 0 159
2016-05-12 21:15:16 ::1 GET /installation/index.php - 81 - ::1 Mozilla/5.0+(Windows+NT+6.3;+WOW64)+AppleWebKit/537.36+(KHTML,+like+Gecko)+Chrome/48.0.2564.97+Safari/537.36 http://localhost:81/installation/index.php 200 0 0 160
2016-05-12 21:20:16 ::1 GET /installation/index.php - 81 - ::1 Mozilla/5.0+(Windows+NT+6.3;+WOW64)+AppleWebKit/537.36+(KHTML,+like+Gecko)+Chrome/48.0.2564.97+Safari/537.36 http://localhost:81/installation/index.php 200 0 0 161
2016-05-12 21:25:16 ::1 GET /installation/index.php - 81 - ::1 Mozilla/5.0+(Windows+NT+6.3;+WOW64)+AppleWebKit/537.36+(KHTML,+like+Gecko)+Chrome/48.0.2564.97+Safari/537.36 http://localhost:81/installation/index.php 200 0 0 163
2016-05-12 21:30:16 ::1 GET /installation/index.php - 81 - ::1 Mozilla/5.0+(Windows+NT+6.3;+WOW64)+AppleWebKit/537.36+(KHTML,+like+Gecko)+Chrome/48.0.2564.97+Safari/537.36 http://localhost:81/installation/index.php 200 0 0 174
2016-05-12 21:35:16 ::1 GET /installation/index.php - 81 - ::1 Mozilla/5.0+(Windows+NT+6.3;+WOW64)+AppleWebKit/537.36+(KHTML,+like+Gecko)+Chrome/48.0.2564.97+Safari/537.36 http://localhost:81/installation/index.php 200 0 0 168
2016-05-12 21:40:16 ::1 GET /installation/index.php - 81 - ::1 Mozilla/5.0+(Windows+NT+6.3;+WOW64)+AppleWebKit/537.36+(KHTML,+like+Gecko)+Chrome/48.0.2564.97+Safari/537.36 http://localhost:81/installation/index.php 200 0 0 169
2016-05-12 21:45:16 ::1 GET /installation/index.php - 81 - ::1 Mozilla/5.0+(Windows+NT+6.3;+WOW64)+AppleWebKit/537.36+(KHTML,+like+Gecko)+Chrome/48.0.2564.97+Safari/537.36 http://localhost:81/installation/index.php 200 0 0 160
2016-05-12 21:50:16 ::1 GET /installation/index.php - 81 - ::1 Mozilla/5.0+(Windows+NT+6.3;+WOW64)+AppleWebKit/537.36+(KHTML,+like+Gecko)+Chrome/48.0.2564.97+Safari/537.36 http://localhost:81/installation/index.php 200 0 0 164
2016-05-12 21:55:16 ::1 GET /installation/index.php - 81 - ::1 Mozilla/5.0+(Windows+NT+6.3;+WOW64)+AppleWebKit/537.36+(KHTML,+like+Gecko)+Chrome/48.0.2564.97+Safari/537.36 http://localhost:81/installation/index.php 200 0 0 164
2016-05-12 22:00:16 ::1 GET /installation/index.php - 81 - ::1 Mozilla/5.0+(Windows+NT+6.3;+WOW64)+AppleWebKit/537.36+(KHTML,+like+Gecko)+Chrome/48.0.2564.97+Safari/537.36 http://localhost:81/installation/index.php 200 0 0 174
2016-05-12 22:05:16 ::1 GET /installation/index.php - 81 - ::1 Mozilla/5.0+(Windows+NT+6.3;+WOW64)+AppleWebKit/537.36+(KHTML,+like+Gecko)+Chrome/48.0.2564.97+Safari/537.36 http://localhost:81/installation/index.php 200 0 0 164
2016-05-12 22:10:16 ::1 GET /installation/index.php - 81 - ::1 Mozilla/5.0+(Windows+NT+6.3;+WOW64)+AppleWebKit/537.36+(KHTML,+like+Gecko)+Chrome/48.0.2564.97+Safari/537.36 http://localhost:81/installation/index.php 200 0 0 162
2016-05-12 22:15:16 ::1 GET /installation/index.php - 81 - ::1 Mozilla/5.0+(Windows+NT+6.3;+WOW64)+AppleWebKit/537.36+(KHTML,+like+Gecko)+Chrome/48.0.2564.97+Safari/537.36 http://localhost:81/installation/index.php 200 0 0 162
2016-05-12 22:20:16 ::1 GET /installation/index.php - 81 - ::1 Mozilla/5.0+(Windows+NT+6.3;+WOW64)+AppleWebKit/537.36+(KHTML,+like+Gecko)+Chrome/48.0.2564.97+Safari/537.36 http://localhost:81/installation/index.php 200 0 0 162
2016-05-12 22:25:16 ::1 GET /installation/index.php - 81 - ::1 Mozilla/5.0+(Windows+NT+6.3;+WOW64)+AppleWebKit/537.36+(KHTML,+like+Gecko)+Chrome/48.0.2564.97+Safari/537.36 http://localhost:81/installation/index.php 200 0 0 162
2016-05-12 22:30:16 ::1 GET /installation/index.php - 81 - ::1 Mozilla/5.0+(Windows+NT+6.3;+WOW64)+AppleWebKit/537.36+(KHTML,+like+Gecko)+Chrome/48.0.2564.97+Safari/537.36 http://localhost:81/installation/index.php 200 0 0 161
2016-05-12 22:35:16 ::1 GET /installation/index.php - 81 - ::1 Mozilla/5.0+(Windows+NT+6.3;+WOW64)+AppleWebKit/537.36+(KHTML,+like+Gecko)+Chrome/48.0.2564.97+Safari/537.36 http://localhost:81/installation/index.php 200 0 0 159
2016-05-12 22:40:16 ::1 GET /installation/index.php - 81 - ::1 Mozilla/5.0+(Windows+NT+6.3;+WOW64)+AppleWebKit/537.36+(KHTML,+like+Gecko)+Chrome/48.0.2564.97+Safari/537.36 http://localhost:81/installation/index.php 200 0 0 161
2016-05-12 22:45:16 ::1 GET /installation/index.php - 81 - ::1 Mozilla/5.0+(Windows+NT+6.3;+WOW64)+AppleWebKit/537.36+(KHTML,+like+Gecko)+Chrome/48.0.2564.97+Safari/537.36 http://localhost:81/installation/index.php 200 0 0 166
2016-05-12 22:50:16 ::1 GET /installation/index.php - 81 - ::1 Mozilla/5.0+(Windows+NT+6.3;+WOW64)+AppleWebKit/537.36+(KHTML,+like+Gecko)+Chrome/48.0.2564.97+Safari/537.36 http://localhost:81/installation/index.php 200 0 0 158
2016-05-12 22:55:16 ::1 GET /installation/index.php - 81 - ::1 Mozilla/5.0+(Windows+NT+6.3;+WOW64)+AppleWebKit/537.36+(KHTML,+like+Gecko)+Chrome/48.0.2564.97+Safari/537.36 http://localhost:81/installation/index.php 200 0 0 164
2016-05-12 23:00:16 ::1 GET /installation/index.php - 81 - ::1 Mozilla/5.0+(Windows+NT+6.3;+WOW64)+AppleWebKit/537.36+(KHTML,+like+Gecko)+Chrome/48.0.2564.97+Safari/537.36 http://localhost:81/installation/index.php 200 0 0 163
2016-05-12 23:05:16 ::1 GET /installation/index.php - 81 - ::1 Mozilla/5.0+(Windows+NT+6.3;+WOW64)+AppleWebKit/537.36+(KHTML,+like+Gecko)+Chrome/48.0.2564.97+Safari/537.36 http://localhost:81/installation/index.php 200 0 0 164
2016-05-12 23:10:16 ::1 GET /installation/index.php - 81 - ::1 Mozilla/5.0+(Windows+NT+6.3;+WOW64)+AppleWebKit/537.36+(KHTML,+like+Gecko)+Chrome/48.0.2564.97+Safari/537.36 http://localhost:81/installation/index.php 200 0 0 164
2016-05-12 23:15:16 ::1 GET /installation/index.php - 81 - ::1 Mozilla/5.0+(Windows+NT+6.3;+WOW64)+AppleWebKit/537.36+(KHTML,+like+Gecko)+Chrome/48.0.2564.97+Safari/537.36 http://localhost:81/installation/index.php 200 0 0 159
2016-05-12 23:20:16 ::1 GET /installation/index.php - 81 - ::1 Mozilla/5.0+(Windows+NT+6.3;+WOW64)+AppleWebKit/537.36+(KHTML,+like+Gecko)+Chrome/48.0.2564.97+Safari/537.36 http://localhost:81/installation/index.php 200 0 0 163
2016-05-12 23:25:16 ::1 GET /installation/index.php - 81 - ::1 Mozilla/5.0+(Windows+NT+6.3;+WOW64)+AppleWebKit/537.36+(KHTML,+like+Gecko)+Chrome/48.0.2564.97+Safari/537.36 http://localhost:81/installation/index.php 200 0 0 159
2016-05-12 23:30:16 ::1 GET /installation/index.php - 81 - ::1 Mozilla/5.0+(Windows+NT+6.3;+WOW64)+AppleWebKit/537.36+(KHTML,+like+Gecko)+Chrome/48.0.2564.97+Safari/537.36 http://localhost:81/installation/index.php 200 0 0 163
2016-05-12 23:35:16 ::1 GET /installation/index.php - 81 - ::1 Mozilla/5.0+(Windows+NT+6.3;+WOW64)+AppleWebKit/537.36+(KHTML,+like+Gecko)+Chrome/48.0.2564.97+Safari/537.36 http://localhost:81/installation/index.php 200 0 0 165
2016-05-12 23:40:16 ::1 GET /installation/index.php - 81 - ::1 Mozilla/5.0+(Windows+NT+6.3;+WOW64)+AppleWebKit/537.36+(KHTML,+like+Gecko)+Chrome/48.0.2564.97+Safari/537.36 http://localhost:81/installation/index.php 200 0 0 158
2016-05-12 23:45:16 ::1 GET /installation/index.php - 81 - ::1 Mozilla/5.0+(Windows+NT+6.3;+WOW64)+AppleWebKit/537.36+(KHTML,+like+Gecko)+Chrome/48.0.2564.97+Safari/537.36 http://localhost:81/installation/index.php 200 0 0 163
2016-05-12 23:50:16 ::1 GET /installation/index.php - 81 - ::1 Mozilla/5.0+(Windows+NT+6.3;+WOW64)+AppleWebKit/537.36+(KHTML,+like+Gecko)+Chrome/48.0.2564.97+Safari/537.36 http://localhost:81/installation/index.php 200 0 0 162
2016-05-12 23:55:16 ::1 GET /installation/index.php - 81 - ::1 Mozilla/5.0+(Windows+NT+6.3;+WOW64)+AppleWebKit/537.36+(KHTML,+like+Gecko)+Chrome/48.0.2564.97+Safari/537.36 http://localhost:81/installation/index.php 200 0 0 162
