#Software: Microsoft Internet Information Services 8.5
#Version: 1.0
#Date: 2016-08-27 00:01:16
#Fields: date time s-ip cs-method cs-uri-stem cs-uri-query s-port cs-username c-ip cs(User-Agent) cs(Referer) sc-status sc-substatus sc-win32-status time-taken
2016-08-27 00:01:16 ::1 GET /installation/index.php - 81 - ::1 Mozilla/5.0+(Windows+NT+6.3;+WOW64)+AppleWebKit/537.36+(KHTML,+like+Gecko)+Chrome/48.0.2564.97+Safari/537.36 http://localhost:81/installation/index.php 200 0 0 161
2016-08-27 00:06:16 ::1 GET /installation/index.php - 81 - ::1 Mozilla/5.0+(Windows+NT+6.3;+WOW64)+AppleWebKit/537.36+(KHTML,+like+Gecko)+Chrome/48.0.2564.97+Safari/537.36 http://localhost:81/installation/index.php 200 0 0 160
2016-08-27 00:11:16 ::1 GET /installation/index.php - 81 - ::1 Mozilla/5.0+(Windows+NT+6.3;+WOW64)+AppleWebKit/537.36+(KHTML,+like+Gecko)+Chrome/48.0.2564.97+Safari/537.36 http://localhost:81/installation/index.php 200 0 0 160
2016-08-27 00:16:16 ::1 GET /installation/index.php - 81 - ::1 Mozilla/5.0+(Windows+NT+6.3;+WOW64)+AppleWebKit/537.36+(KHTML,+like+Gecko)+Chrome/48.0.2564.97+Safari/537.36 http://localhost:81/installation/index.php 200 0 0 160
2016-08-27 00:21:16 ::1 GET /installation/index.php - 81 - ::1 Mozilla/5.0+(Windows+NT+6.3;+WOW64)+AppleWebKit/537.36+(KHTML,+like+Gecko)+Chrome/48.0.2564.97+Safari/537.36 http://localhost:81/installation/index.php 200 0 0 165
2016-08-27 00:26:16 ::1 GET /installation/index.php - 81 - ::1 Mozilla/5.0+(Windows+NT+6.3;+WOW64)+AppleWebKit/537.36+(KHTML,+like+Gecko)+Chrome/48.0.2564.97+Safari/537.36 http://localhost:81/installation/index.php 200 0 0 160
2016-08-27 00:31:16 ::1 GET /installation/index.php - 81 - ::1 Mozilla/5.0+(Windows+NT+6.3;+WOW64)+AppleWebKit/537.36+(KHTML,+like+Gecko)+Chrome/48.0.2564.97+Safari/537.36 http://localhost:81/installation/index.php 200 0 0 159
2016-08-27 00:36:16 ::1 GET /installation/index.php - 81 - ::1 Mozilla/5.0+(Windows+NT+6.3;+WOW64)+AppleWebKit/537.36+(KHTML,+like+Gecko)+Chrome/48.0.2564.97+Safari/537.36 http://localhost:81/installation/index.php 200 0 0 164
2016-08-27 00:41:16 ::1 GET /installation/index.php - 81 - ::1 Mozilla/5.0+(Windows+NT+6.3;+WOW64)+AppleWebKit/537.36+(KHTML,+like+Gecko)+Chrome/48.0.2564.97+Safari/537.36 http://localhost:81/installation/index.php 200 0 0 159
2016-08-27 00:46:16 ::1 GET /installation/index.php - 81 - ::1 Mozilla/5.0+(Windows+NT+6.3;+WOW64)+AppleWebKit/537.36+(KHTML,+like+Gecko)+Chrome/48.0.2564.97+Safari/537.36 http://localhost:81/installation/index.php 200 0 0 164
2016-08-27 00:51:16 ::1 GET /installation/index.php - 81 - ::1 Mozilla/5.0+(Windows+NT+6.3;+WOW64)+AppleWebKit/537.36+(KHTML,+like+Gecko)+Chrome/48.0.2564.97+Safari/537.36 http://localhost:81/installation/index.php 200 0 0 160
2016-08-27 00:56:16 ::1 GET /installation/index.php - 81 - ::1 Mozilla/5.0+(Windows+NT+6.3;+WOW64)+AppleWebKit/537.36+(KHTML,+like+Gecko)+Chrome/48.0.2564.97+Safari/537.36 http://localhost:81/installation/index.php 200 0 0 158
2016-08-27 01:01:16 ::1 GET /installation/index.php - 81 - ::1 Mozilla/5.0+(Windows+NT+6.3;+WOW64)+AppleWebKit/537.36+(KHTML,+like+Gecko)+Chrome/48.0.2564.97+Safari/537.36 http://localhost:81/installation/index.php 200 0 0 163
2016-08-27 01:06:16 ::1 GET /installation/index.php - 81 - ::1 Mozilla/5.0+(Windows+NT+6.3;+WOW64)+AppleWebKit/537.36+(KHTML,+like+Gecko)+Chrome/48.0.2564.97+Safari/537.36 http://localhost:81/installation/index.php 200 0 0 165
2016-08-27 01:11:16 ::1 GET /installation/index.php - 81 - ::1 Mozilla/5.0+(Windows+NT+6.3;+WOW64)+AppleWebKit/537.36+(KHTML,+like+Gecko)+Chrome/48.0.2564.97+Safari/537.36 http://localhost:81/installation/index.php 200 0 0 163
2016-08-27 01:16:16 ::1 GET /installation/index.php - 81 - ::1 Mozilla/5.0+(Windows+NT+6.3;+WOW64)+AppleWebKit/537.36+(KHTML,+like+Gecko)+Chrome/48.0.2564.97+Safari/537.36 http://localhost:81/installation/index.php 200 0 0 162
2016-08-27 01:21:16 ::1 GET /installation/index.php - 81 - ::1 Mozilla/5.0+(Windows+NT+6.3;+WOW64)+AppleWebKit/537.36+(KHTML,+like+Gecko)+Chrome/48.0.2564.97+Safari/537.36 http://localhost:81/installation/index.php 200 0 0 162
2016-08-27 01:26:16 ::1 GET /installation/index.php - 81 - ::1 Mozilla/5.0+(Windows+NT+6.3;+WOW64)+AppleWebKit/537.36+(KHTML,+like+Gecko)+Chrome/48.0.2564.97+Safari/537.36 http://localhost:81/installation/index.php 200 0 0 163
2016-08-27 01:31:16 ::1 GET /installation/index.php - 81 - ::1 Mozilla/5.0+(Windows+NT+6.3;+WOW64)+AppleWebKit/537.36+(KHTML,+like+Gecko)+Chrome/48.0.2564.97+Safari/537.36 http://localhost:81/installation/index.php 200 0 0 161
2016-08-27 01:36:16 ::1 GET /installation/index.php - 81 - ::1 Mozilla/5.0+(Windows+NT+6.3;+WOW64)+AppleWebKit/537.36+(KHTML,+like+Gecko)+Chrome/48.0.2564.97+Safari/537.36 http://localhost:81/installation/index.php 200 0 0 163
2016-08-27 01:41:16 ::1 GET /installation/index.php - 81 - ::1 Mozilla/5.0+(Windows+NT+6.3;+WOW64)+AppleWebKit/537.36+(KHTML,+like+Gecko)+Chrome/48.0.2564.97+Safari/537.36 http://localhost:81/installation/index.php 200 0 0 161
2016-08-27 01:46:16 ::1 GET /installation/index.php - 81 - ::1 Mozilla/5.0+(Windows+NT+6.3;+WOW64)+AppleWebKit/537.36+(KHTML,+like+Gecko)+Chrome/48.0.2564.97+Safari/537.36 http://localhost:81/installation/index.php 200 0 0 162
2016-08-27 01:51:16 ::1 GET /installation/index.php - 81 - ::1 Mozilla/5.0+(Windows+NT+6.3;+WOW64)+AppleWebKit/537.36+(KHTML,+like+Gecko)+Chrome/48.0.2564.97+Safari/537.36 http://localhost:81/installation/index.php 200 0 0 165
2016-08-27 01:56:16 ::1 GET /installation/index.php - 81 - ::1 Mozilla/5.0+(Windows+NT+6.3;+WOW64)+AppleWebKit/537.36+(KHTML,+like+Gecko)+Chrome/48.0.2564.97+Safari/537.36 http://localhost:81/installation/index.php 200 0 0 160
2016-08-27 02:01:16 ::1 GET /installation/index.php - 81 - ::1 Mozilla/5.0+(Windows+NT+6.3;+WOW64)+AppleWebKit/537.36+(KHTML,+like+Gecko)+Chrome/48.0.2564.97+Safari/537.36 http://localhost:81/installation/index.php 200 0 0 159
2016-08-27 02:06:16 ::1 GET /installation/index.php - 81 - ::1 Mozilla/5.0+(Windows+NT+6.3;+WOW64)+AppleWebKit/537.36+(KHTML,+like+Gecko)+Chrome/48.0.2564.97+Safari/537.36 http://localhost:81/installation/index.php 200 0 0 161
2016-08-27 02:11:16 ::1 GET /installation/index.php - 81 - ::1 Mozilla/5.0+(Windows+NT+6.3;+WOW64)+AppleWebKit/537.36+(KHTML,+like+Gecko)+Chrome/48.0.2564.97+Safari/537.36 http://localhost:81/installation/index.php 200 0 0 164
2016-08-27 02:16:16 ::1 GET /installation/index.php - 81 - ::1 Mozilla/5.0+(Windows+NT+6.3;+WOW64)+AppleWebKit/537.36+(KHTML,+like+Gecko)+Chrome/48.0.2564.97+Safari/537.36 http://localhost:81/installation/index.php 200 0 0 164
2016-08-27 02:21:16 ::1 GET /installation/index.php - 81 - ::1 Mozilla/5.0+(Windows+NT+6.3;+WOW64)+AppleWebKit/537.36+(KHTML,+like+Gecko)+Chrome/48.0.2564.97+Safari/537.36 http://localhost:81/installation/index.php 200 0 0 162
2016-08-27 02:26:16 ::1 GET /installation/index.php - 81 - ::1 Mozilla/5.0+(Windows+NT+6.3;+WOW64)+AppleWebKit/537.36+(KHTML,+like+Gecko)+Chrome/48.0.2564.97+Safari/537.36 http://localhost:81/installation/index.php 200 0 0 161
2016-08-27 02:31:16 ::1 GET /installation/index.php - 81 - ::1 Mozilla/5.0+(Windows+NT+6.3;+WOW64)+AppleWebKit/537.36+(KHTML,+like+Gecko)+Chrome/48.0.2564.97+Safari/537.36 http://localhost:81/installation/index.php 200 0 0 161
2016-08-27 02:36:17 ::1 GET /installation/index.php - 81 - ::1 Mozilla/5.0+(Windows+NT+6.3;+WOW64)+AppleWebKit/537.36+(KHTML,+like+Gecko)+Chrome/48.0.2564.97+Safari/537.36 http://localhost:81/installation/index.php 200 0 0 531
2016-08-27 02:41:16 ::1 GET /installation/index.php - 81 - ::1 Mozilla/5.0+(Windows+NT+6.3;+WOW64)+AppleWebKit/537.36+(KHTML,+like+Gecko)+Chrome/48.0.2564.97+Safari/537.36 http://localhost:81/installation/index.php 200 0 0 170
2016-08-27 02:46:16 ::1 GET /installation/index.php - 81 - ::1 Mozilla/5.0+(Windows+NT+6.3;+WOW64)+AppleWebKit/537.36+(KHTML,+like+Gecko)+Chrome/48.0.2564.97+Safari/537.36 http://localhost:81/installation/index.php 200 0 0 165
2016-08-27 02:51:16 ::1 GET /installation/index.php - 81 - ::1 Mozilla/5.0+(Windows+NT+6.3;+WOW64)+AppleWebKit/537.36+(KHTML,+like+Gecko)+Chrome/48.0.2564.97+Safari/537.36 http://localhost:81/installation/index.php 200 0 0 165
2016-08-27 02:56:16 ::1 GET /installation/index.php - 81 - ::1 Mozilla/5.0+(Windows+NT+6.3;+WOW64)+AppleWebKit/537.36+(KHTML,+like+Gecko)+Chrome/48.0.2564.97+Safari/537.36 http://localhost:81/installation/index.php 200 0 0 160
2016-08-27 03:01:16 ::1 GET /installation/index.php - 81 - ::1 Mozilla/5.0+(Windows+NT+6.3;+WOW64)+AppleWebKit/537.36+(KHTML,+like+Gecko)+Chrome/48.0.2564.97+Safari/537.36 http://localhost:81/installation/index.php 200 0 0 159
2016-08-27 03:06:16 ::1 GET /installation/index.php - 81 - ::1 Mozilla/5.0+(Windows+NT+6.3;+WOW64)+AppleWebKit/537.36+(KHTML,+like+Gecko)+Chrome/48.0.2564.97+Safari/537.36 http://localhost:81/installation/index.php 200 0 0 165
2016-08-27 03:11:16 ::1 GET /installation/index.php - 81 - ::1 Mozilla/5.0+(Windows+NT+6.3;+WOW64)+AppleWebKit/537.36+(KHTML,+like+Gecko)+Chrome/48.0.2564.97+Safari/537.36 http://localhost:81/installation/index.php 200 0 0 160
2016-08-27 03:16:16 ::1 GET /installation/index.php - 81 - ::1 Mozilla/5.0+(Windows+NT+6.3;+WOW64)+AppleWebKit/537.36+(KHTML,+like+Gecko)+Chrome/48.0.2564.97+Safari/537.36 http://localhost:81/installation/index.php 200 0 0 164
2016-08-27 03:21:16 ::1 GET /installation/index.php - 81 - ::1 Mozilla/5.0+(Windows+NT+6.3;+WOW64)+AppleWebKit/537.36+(KHTML,+like+Gecko)+Chrome/48.0.2564.97+Safari/537.36 http://localhost:81/installation/index.php 200 0 0 162
2016-08-27 03:26:16 ::1 GET /installation/index.php - 81 - ::1 Mozilla/5.0+(Windows+NT+6.3;+WOW64)+AppleWebKit/537.36+(KHTML,+like+Gecko)+Chrome/48.0.2564.97+Safari/537.36 http://localhost:81/installation/index.php 200 0 0 163
2016-08-27 03:31:16 ::1 GET /installation/index.php - 81 - ::1 Mozilla/5.0+(Windows+NT+6.3;+WOW64)+AppleWebKit/537.36+(KHTML,+like+Gecko)+Chrome/48.0.2564.97+Safari/537.36 http://localhost:81/installation/index.php 200 0 0 162
2016-08-27 03:36:21 ::1 GET /installation/index.php - 81 - ::1 Mozilla/5.0+(Windows+NT+6.3;+WOW64)+AppleWebKit/537.36+(KHTML,+like+Gecko)+Chrome/48.0.2564.97+Safari/537.36 http://localhost:81/installation/index.php 200 0 0 167
2016-08-27 03:41:16 ::1 GET /installation/index.php - 81 - ::1 Mozilla/5.0+(Windows+NT+6.3;+WOW64)+AppleWebKit/537.36+(KHTML,+like+Gecko)+Chrome/48.0.2564.97+Safari/537.36 http://localhost:81/installation/index.php 200 0 0 162
2016-08-27 03:46:16 ::1 GET /installation/index.php - 81 - ::1 Mozilla/5.0+(Windows+NT+6.3;+WOW64)+AppleWebKit/537.36+(KHTML,+like+Gecko)+Chrome/48.0.2564.97+Safari/537.36 http://localhost:81/installation/index.php 200 0 0 166
2016-08-27 03:51:16 ::1 GET /installation/index.php - 81 - ::1 Mozilla/5.0+(Windows+NT+6.3;+WOW64)+AppleWebKit/537.36+(KHTML,+like+Gecko)+Chrome/48.0.2564.97+Safari/537.36 http://localhost:81/installation/index.php 200 0 0 166
2016-08-27 03:56:16 ::1 GET /installation/index.php - 81 - ::1 Mozilla/5.0+(Windows+NT+6.3;+WOW64)+AppleWebKit/537.36+(KHTML,+like+Gecko)+Chrome/48.0.2564.97+Safari/537.36 http://localhost:81/installation/index.php 200 0 0 162
2016-08-27 04:01:16 ::1 GET /installation/index.php - 81 - ::1 Mozilla/5.0+(Windows+NT+6.3;+WOW64)+AppleWebKit/537.36+(KHTML,+like+Gecko)+Chrome/48.0.2564.97+Safari/537.36 http://localhost:81/installation/index.php 200 0 0 161
2016-08-27 04:06:16 ::1 GET /installation/index.php - 81 - ::1 Mozilla/5.0+(Windows+NT+6.3;+WOW64)+AppleWebKit/537.36+(KHTML,+like+Gecko)+Chrome/48.0.2564.97+Safari/537.36 http://localhost:81/installation/index.php 200 0 0 160
2016-08-27 04:11:16 ::1 GET /installation/index.php - 81 - ::1 Mozilla/5.0+(Windows+NT+6.3;+WOW64)+AppleWebKit/537.36+(KHTML,+like+Gecko)+Chrome/48.0.2564.97+Safari/537.36 http://localhost:81/installation/index.php 200 0 0 165
2016-08-27 04:16:16 ::1 GET /installation/index.php - 81 - ::1 Mozilla/5.0+(Windows+NT+6.3;+WOW64)+AppleWebKit/537.36+(KHTML,+like+Gecko)+Chrome/48.0.2564.97+Safari/537.36 http://localhost:81/installation/index.php 200 0 0 162
2016-08-27 04:21:16 ::1 GET /installation/index.php - 81 - ::1 Mozilla/5.0+(Windows+NT+6.3;+WOW64)+AppleWebKit/537.36+(KHTML,+like+Gecko)+Chrome/48.0.2564.97+Safari/537.36 http://localhost:81/installation/index.php 200 0 0 162
2016-08-27 04:26:16 ::1 GET /installation/index.php - 81 - ::1 Mozilla/5.0+(Windows+NT+6.3;+WOW64)+AppleWebKit/537.36+(KHTML,+like+Gecko)+Chrome/48.0.2564.97+Safari/537.36 http://localhost:81/installation/index.php 200 0 0 161
2016-08-27 04:31:16 ::1 GET /installation/index.php - 81 - ::1 Mozilla/5.0+(Windows+NT+6.3;+WOW64)+AppleWebKit/537.36+(KHTML,+like+Gecko)+Chrome/48.0.2564.97+Safari/537.36 http://localhost:81/installation/index.php 200 0 0 164
2016-08-27 04:36:16 ::1 GET /installation/index.php - 81 - ::1 Mozilla/5.0+(Windows+NT+6.3;+WOW64)+AppleWebKit/537.36+(KHTML,+like+Gecko)+Chrome/48.0.2564.97+Safari/537.36 http://localhost:81/installation/index.php 200 0 0 160
2016-08-27 04:41:16 ::1 GET /installation/index.php - 81 - ::1 Mozilla/5.0+(Windows+NT+6.3;+WOW64)+AppleWebKit/537.36+(KHTML,+like+Gecko)+Chrome/48.0.2564.97+Safari/537.36 http://localhost:81/installation/index.php 200 0 0 164
2016-08-27 04:46:16 ::1 GET /installation/index.php - 81 - ::1 Mozilla/5.0+(Windows+NT+6.3;+WOW64)+AppleWebKit/537.36+(KHTML,+like+Gecko)+Chrome/48.0.2564.97+Safari/537.36 http://localhost:81/installation/index.php 200 0 0 161
2016-08-27 04:51:16 ::1 GET /installation/index.php - 81 - ::1 Mozilla/5.0+(Windows+NT+6.3;+WOW64)+AppleWebKit/537.36+(KHTML,+like+Gecko)+Chrome/48.0.2564.97+Safari/537.36 http://localhost:81/installation/index.php 200 0 0 163
2016-08-27 04:56:16 ::1 GET /installation/index.php - 81 - ::1 Mozilla/5.0+(Windows+NT+6.3;+WOW64)+AppleWebKit/537.36+(KHTML,+like+Gecko)+Chrome/48.0.2564.97+Safari/537.36 http://localhost:81/installation/index.php 200 0 0 159
2016-08-27 05:01:16 ::1 GET /installation/index.php - 81 - ::1 Mozilla/5.0+(Windows+NT+6.3;+WOW64)+AppleWebKit/537.36+(KHTML,+like+Gecko)+Chrome/48.0.2564.97+Safari/537.36 http://localhost:81/installation/index.php 200 0 0 161
2016-08-27 05:06:16 ::1 GET /installation/index.php - 81 - ::1 Mozilla/5.0+(Windows+NT+6.3;+WOW64)+AppleWebKit/537.36+(KHTML,+like+Gecko)+Chrome/48.0.2564.97+Safari/537.36 http://localhost:81/installation/index.php 200 0 0 165
2016-08-27 05:11:16 ::1 GET /installation/index.php - 81 - ::1 Mozilla/5.0+(Windows+NT+6.3;+WOW64)+AppleWebKit/537.36+(KHTML,+like+Gecko)+Chrome/48.0.2564.97+Safari/537.36 http://localhost:81/installation/index.php 200 0 0 158
2016-08-27 05:16:16 ::1 GET /installation/index.php - 81 - ::1 Mozilla/5.0+(Windows+NT+6.3;+WOW64)+AppleWebKit/537.36+(KHTML,+like+Gecko)+Chrome/48.0.2564.97+Safari/537.36 http://localhost:81/installation/index.php 200 0 0 162
2016-08-27 05:21:16 ::1 GET /installation/index.php - 81 - ::1 Mozilla/5.0+(Windows+NT+6.3;+WOW64)+AppleWebKit/537.36+(KHTML,+like+Gecko)+Chrome/48.0.2564.97+Safari/537.36 http://localhost:81/installation/index.php 200 0 0 166
2016-08-27 05:26:16 ::1 GET /installation/index.php - 81 - ::1 Mozilla/5.0+(Windows+NT+6.3;+WOW64)+AppleWebKit/537.36+(KHTML,+like+Gecko)+Chrome/48.0.2564.97+Safari/537.36 http://localhost:81/installation/index.php 200 0 0 162
2016-08-27 05:31:16 ::1 GET /installation/index.php - 81 - ::1 Mozilla/5.0+(Windows+NT+6.3;+WOW64)+AppleWebKit/537.36+(KHTML,+like+Gecko)+Chrome/48.0.2564.97+Safari/537.36 http://localhost:81/installation/index.php 200 0 0 159
2016-08-27 05:36:16 ::1 GET /installation/index.php - 81 - ::1 Mozilla/5.0+(Windows+NT+6.3;+WOW64)+AppleWebKit/537.36+(KHTML,+like+Gecko)+Chrome/48.0.2564.97+Safari/537.36 http://localhost:81/installation/index.php 200 0 0 159
2016-08-27 05:41:16 ::1 GET /installation/index.php - 81 - ::1 Mozilla/5.0+(Windows+NT+6.3;+WOW64)+AppleWebKit/537.36+(KHTML,+like+Gecko)+Chrome/48.0.2564.97+Safari/537.36 http://localhost:81/installation/index.php 200 0 0 161
2016-08-27 05:46:16 ::1 GET /installation/index.php - 81 - ::1 Mozilla/5.0+(Windows+NT+6.3;+WOW64)+AppleWebKit/537.36+(KHTML,+like+Gecko)+Chrome/48.0.2564.97+Safari/537.36 http://localhost:81/installation/index.php 200 0 0 162
2016-08-27 05:51:16 ::1 GET /installation/index.php - 81 - ::1 Mozilla/5.0+(Windows+NT+6.3;+WOW64)+AppleWebKit/537.36+(KHTML,+like+Gecko)+Chrome/48.0.2564.97+Safari/537.36 http://localhost:81/installation/index.php 200 0 0 160
2016-08-27 05:56:16 ::1 GET /installation/index.php - 81 - ::1 Mozilla/5.0+(Windows+NT+6.3;+WOW64)+AppleWebKit/537.36+(KHTML,+like+Gecko)+Chrome/48.0.2564.97+Safari/537.36 http://localhost:81/installation/index.php 200 0 0 161
2016-08-27 06:01:16 ::1 GET /installation/index.php - 81 - ::1 Mozilla/5.0+(Windows+NT+6.3;+WOW64)+AppleWebKit/537.36+(KHTML,+like+Gecko)+Chrome/48.0.2564.97+Safari/537.36 http://localhost:81/installation/index.php 200 0 0 156
2016-08-27 06:06:16 ::1 GET /installation/index.php - 81 - ::1 Mozilla/5.0+(Windows+NT+6.3;+WOW64)+AppleWebKit/537.36+(KHTML,+like+Gecko)+Chrome/48.0.2564.97+Safari/537.36 http://localhost:81/installation/index.php 200 0 0 162
2016-08-27 06:11:16 ::1 GET /installation/index.php - 81 - ::1 Mozilla/5.0+(Windows+NT+6.3;+WOW64)+AppleWebKit/537.36+(KHTML,+like+Gecko)+Chrome/48.0.2564.97+Safari/537.36 http://localhost:81/installation/index.php 200 0 0 160
2016-08-27 06:16:16 ::1 GET /installation/index.php - 81 - ::1 Mozilla/5.0+(Windows+NT+6.3;+WOW64)+AppleWebKit/537.36+(KHTML,+like+Gecko)+Chrome/48.0.2564.97+Safari/537.36 http://localhost:81/installation/index.php 200 0 0 163
2016-08-27 06:21:16 ::1 GET /installation/index.php - 81 - ::1 Mozilla/5.0+(Windows+NT+6.3;+WOW64)+AppleWebKit/537.36+(KHTML,+like+Gecko)+Chrome/48.0.2564.97+Safari/537.36 http://localhost:81/installation/index.php 200 0 0 162
2016-08-27 06:26:16 ::1 GET /installation/index.php - 81 - ::1 Mozilla/5.0+(Windows+NT+6.3;+WOW64)+AppleWebKit/537.36+(KHTML,+like+Gecko)+Chrome/48.0.2564.97+Safari/537.36 http://localhost:81/installation/index.php 200 0 0 160
2016-08-27 06:31:16 ::1 GET /installation/index.php - 81 - ::1 Mozilla/5.0+(Windows+NT+6.3;+WOW64)+AppleWebKit/537.36+(KHTML,+like+Gecko)+Chrome/48.0.2564.97+Safari/537.36 http://localhost:81/installation/index.php 200 0 0 161
2016-08-27 06:36:16 ::1 GET /installation/index.php - 81 - ::1 Mozilla/5.0+(Windows+NT+6.3;+WOW64)+AppleWebKit/537.36+(KHTML,+like+Gecko)+Chrome/48.0.2564.97+Safari/537.36 http://localhost:81/installation/index.php 200 0 0 165
2016-08-27 06:41:16 ::1 GET /installation/index.php - 81 - ::1 Mozilla/5.0+(Windows+NT+6.3;+WOW64)+AppleWebKit/537.36+(KHTML,+like+Gecko)+Chrome/48.0.2564.97+Safari/537.36 http://localhost:81/installation/index.php 200 0 0 158
2016-08-27 06:46:16 ::1 GET /installation/index.php - 81 - ::1 Mozilla/5.0+(Windows+NT+6.3;+WOW64)+AppleWebKit/537.36+(KHTML,+like+Gecko)+Chrome/48.0.2564.97+Safari/537.36 http://localhost:81/installation/index.php 200 0 0 162
2016-08-27 06:51:16 ::1 GET /installation/index.php - 81 - ::1 Mozilla/5.0+(Windows+NT+6.3;+WOW64)+AppleWebKit/537.36+(KHTML,+like+Gecko)+Chrome/48.0.2564.97+Safari/537.36 http://localhost:81/installation/index.php 200 0 0 159
2016-08-27 06:56:16 ::1 GET /installation/index.php - 81 - ::1 Mozilla/5.0+(Windows+NT+6.3;+WOW64)+AppleWebKit/537.36+(KHTML,+like+Gecko)+Chrome/48.0.2564.97+Safari/537.36 http://localhost:81/installation/index.php 200 0 0 161
2016-08-27 07:01:16 ::1 GET /installation/index.php - 81 - ::1 Mozilla/5.0+(Windows+NT+6.3;+WOW64)+AppleWebKit/537.36+(KHTML,+like+Gecko)+Chrome/48.0.2564.97+Safari/537.36 http://localhost:81/installation/index.php 200 0 0 166
2016-08-27 07:06:16 ::1 GET /installation/index.php - 81 - ::1 Mozilla/5.0+(Windows+NT+6.3;+WOW64)+AppleWebKit/537.36+(KHTML,+like+Gecko)+Chrome/48.0.2564.97+Safari/537.36 http://localhost:81/installation/index.php 200 0 0 161
2016-08-27 07:11:16 ::1 GET /installation/index.php - 81 - ::1 Mozilla/5.0+(Windows+NT+6.3;+WOW64)+AppleWebKit/537.36+(KHTML,+like+Gecko)+Chrome/48.0.2564.97+Safari/537.36 http://localhost:81/installation/index.php 200 0 0 162
2016-08-27 07:16:16 ::1 GET /installation/index.php - 81 - ::1 Mozilla/5.0+(Windows+NT+6.3;+WOW64)+AppleWebKit/537.36+(KHTML,+like+Gecko)+Chrome/48.0.2564.97+Safari/537.36 http://localhost:81/installation/index.php 200 0 0 161
2016-08-27 07:21:16 ::1 GET /installation/index.php - 81 - ::1 Mozilla/5.0+(Windows+NT+6.3;+WOW64)+AppleWebKit/537.36+(KHTML,+like+Gecko)+Chrome/48.0.2564.97+Safari/537.36 http://localhost:81/installation/index.php 200 0 0 159
2016-08-27 07:26:16 ::1 GET /installation/index.php - 81 - ::1 Mozilla/5.0+(Windows+NT+6.3;+WOW64)+AppleWebKit/537.36+(KHTML,+like+Gecko)+Chrome/48.0.2564.97+Safari/537.36 http://localhost:81/installation/index.php 200 0 0 163
2016-08-27 07:31:16 ::1 GET /installation/index.php - 81 - ::1 Mozilla/5.0+(Windows+NT+6.3;+WOW64)+AppleWebKit/537.36+(KHTML,+like+Gecko)+Chrome/48.0.2564.97+Safari/537.36 http://localhost:81/installation/index.php 200 0 0 159
2016-08-27 07:36:16 ::1 GET /installation/index.php - 81 - ::1 Mozilla/5.0+(Windows+NT+6.3;+WOW64)+AppleWebKit/537.36+(KHTML,+like+Gecko)+Chrome/48.0.2564.97+Safari/537.36 http://localhost:81/installation/index.php 200 0 0 165
2016-08-27 07:41:16 ::1 GET /installation/index.php - 81 - ::1 Mozilla/5.0+(Windows+NT+6.3;+WOW64)+AppleWebKit/537.36+(KHTML,+like+Gecko)+Chrome/48.0.2564.97+Safari/537.36 http://localhost:81/installation/index.php 200 0 0 164
2016-08-27 07:46:16 ::1 GET /installation/index.php - 81 - ::1 Mozilla/5.0+(Windows+NT+6.3;+WOW64)+AppleWebKit/537.36+(KHTML,+like+Gecko)+Chrome/48.0.2564.97+Safari/537.36 http://localhost:81/installation/index.php 200 0 0 159
2016-08-27 07:51:16 ::1 GET /installation/index.php - 81 - ::1 Mozilla/5.0+(Windows+NT+6.3;+WOW64)+AppleWebKit/537.36+(KHTML,+like+Gecko)+Chrome/48.0.2564.97+Safari/537.36 http://localhost:81/installation/index.php 200 0 0 166
2016-08-27 07:56:16 ::1 GET /installation/index.php - 81 - ::1 Mozilla/5.0+(Windows+NT+6.3;+WOW64)+AppleWebKit/537.36+(KHTML,+like+Gecko)+Chrome/48.0.2564.97+Safari/537.36 http://localhost:81/installation/index.php 200 0 0 162
2016-08-27 08:01:16 ::1 GET /installation/index.php - 81 - ::1 Mozilla/5.0+(Windows+NT+6.3;+WOW64)+AppleWebKit/537.36+(KHTML,+like+Gecko)+Chrome/48.0.2564.97+Safari/537.36 http://localhost:81/installation/index.php 200 0 0 162
2016-08-27 08:06:16 ::1 GET /installation/index.php - 81 - ::1 Mozilla/5.0+(Windows+NT+6.3;+WOW64)+AppleWebKit/537.36+(KHTML,+like+Gecko)+Chrome/48.0.2564.97+Safari/537.36 http://localhost:81/installation/index.php 200 0 0 162
2016-08-27 08:11:16 ::1 GET /installation/index.php - 81 - ::1 Mozilla/5.0+(Windows+NT+6.3;+WOW64)+AppleWebKit/537.36+(KHTML,+like+Gecko)+Chrome/48.0.2564.97+Safari/537.36 http://localhost:81/installation/index.php 200 0 0 160
2016-08-27 08:16:16 ::1 GET /installation/index.php - 81 - ::1 Mozilla/5.0+(Windows+NT+6.3;+WOW64)+AppleWebKit/537.36+(KHTML,+like+Gecko)+Chrome/48.0.2564.97+Safari/537.36 http://localhost:81/installation/index.php 200 0 0 163
2016-08-27 08:21:16 ::1 GET /installation/index.php - 81 - ::1 Mozilla/5.0+(Windows+NT+6.3;+WOW64)+AppleWebKit/537.36+(KHTML,+like+Gecko)+Chrome/48.0.2564.97+Safari/537.36 http://localhost:81/installation/index.php 200 0 0 163
2016-08-27 08:26:16 ::1 GET /installation/index.php - 81 - ::1 Mozilla/5.0+(Windows+NT+6.3;+WOW64)+AppleWebKit/537.36+(KHTML,+like+Gecko)+Chrome/48.0.2564.97+Safari/537.36 http://localhost:81/installation/index.php 200 0 0 162
2016-08-27 08:31:16 ::1 GET /installation/index.php - 81 - ::1 Mozilla/5.0+(Windows+NT+6.3;+WOW64)+AppleWebKit/537.36+(KHTML,+like+Gecko)+Chrome/48.0.2564.97+Safari/537.36 http://localhost:81/installation/index.php 200 0 0 159
2016-08-27 08:36:16 ::1 GET /installation/index.php - 81 - ::1 Mozilla/5.0+(Windows+NT+6.3;+WOW64)+AppleWebKit/537.36+(KHTML,+like+Gecko)+Chrome/48.0.2564.97+Safari/537.36 http://localhost:81/installation/index.php 200 0 0 162
2016-08-27 08:41:16 ::1 GET /installation/index.php - 81 - ::1 Mozilla/5.0+(Windows+NT+6.3;+WOW64)+AppleWebKit/537.36+(KHTML,+like+Gecko)+Chrome/48.0.2564.97+Safari/537.36 http://localhost:81/installation/index.php 200 0 0 161
2016-08-27 08:46:16 ::1 GET /installation/index.php - 81 - ::1 Mozilla/5.0+(Windows+NT+6.3;+WOW64)+AppleWebKit/537.36+(KHTML,+like+Gecko)+Chrome/48.0.2564.97+Safari/537.36 http://localhost:81/installation/index.php 200 0 0 163
2016-08-27 08:51:16 ::1 GET /installation/index.php - 81 - ::1 Mozilla/5.0+(Windows+NT+6.3;+WOW64)+AppleWebKit/537.36+(KHTML,+like+Gecko)+Chrome/48.0.2564.97+Safari/537.36 http://localhost:81/installation/index.php 200 0 0 162
2016-08-27 08:56:16 ::1 GET /installation/index.php - 81 - ::1 Mozilla/5.0+(Windows+NT+6.3;+WOW64)+AppleWebKit/537.36+(KHTML,+like+Gecko)+Chrome/48.0.2564.97+Safari/537.36 http://localhost:81/installation/index.php 200 0 0 161
2016-08-27 09:01:16 ::1 GET /installation/index.php - 81 - ::1 Mozilla/5.0+(Windows+NT+6.3;+WOW64)+AppleWebKit/537.36+(KHTML,+like+Gecko)+Chrome/48.0.2564.97+Safari/537.36 http://localhost:81/installation/index.php 200 0 0 160
2016-08-27 09:06:16 ::1 GET /installation/index.php - 81 - ::1 Mozilla/5.0+(Windows+NT+6.3;+WOW64)+AppleWebKit/537.36+(KHTML,+like+Gecko)+Chrome/48.0.2564.97+Safari/537.36 http://localhost:81/installation/index.php 200 0 0 159
2016-08-27 09:11:16 ::1 GET /installation/index.php - 81 - ::1 Mozilla/5.0+(Windows+NT+6.3;+WOW64)+AppleWebKit/537.36+(KHTML,+like+Gecko)+Chrome/48.0.2564.97+Safari/537.36 http://localhost:81/installation/index.php 200 0 0 161
2016-08-27 09:16:16 ::1 GET /installation/index.php - 81 - ::1 Mozilla/5.0+(Windows+NT+6.3;+WOW64)+AppleWebKit/537.36+(KHTML,+like+Gecko)+Chrome/48.0.2564.97+Safari/537.36 http://localhost:81/installation/index.php 200 0 0 167
2016-08-27 09:21:16 ::1 GET /installation/index.php - 81 - ::1 Mozilla/5.0+(Windows+NT+6.3;+WOW64)+AppleWebKit/537.36+(KHTML,+like+Gecko)+Chrome/48.0.2564.97+Safari/537.36 http://localhost:81/installation/index.php 200 0 0 160
2016-08-27 09:26:16 ::1 GET /installation/index.php - 81 - ::1 Mozilla/5.0+(Windows+NT+6.3;+WOW64)+AppleWebKit/537.36+(KHTML,+like+Gecko)+Chrome/48.0.2564.97+Safari/537.36 http://localhost:81/installation/index.php 200 0 0 162
2016-08-27 09:31:16 ::1 GET /installation/index.php - 81 - ::1 Mozilla/5.0+(Windows+NT+6.3;+WOW64)+AppleWebKit/537.36+(KHTML,+like+Gecko)+Chrome/48.0.2564.97+Safari/537.36 http://localhost:81/installation/index.php 200 0 0 157
2016-08-27 09:36:16 ::1 GET /installation/index.php - 81 - ::1 Mozilla/5.0+(Windows+NT+6.3;+WOW64)+AppleWebKit/537.36+(KHTML,+like+Gecko)+Chrome/48.0.2564.97+Safari/537.36 http://localhost:81/installation/index.php 200 0 0 159
2016-08-27 09:41:16 ::1 GET /installation/index.php - 81 - ::1 Mozilla/5.0+(Windows+NT+6.3;+WOW64)+AppleWebKit/537.36+(KHTML,+like+Gecko)+Chrome/48.0.2564.97+Safari/537.36 http://localhost:81/installation/index.php 200 0 0 164
2016-08-27 09:46:16 ::1 GET /installation/index.php - 81 - ::1 Mozilla/5.0+(Windows+NT+6.3;+WOW64)+AppleWebKit/537.36+(KHTML,+like+Gecko)+Chrome/48.0.2564.97+Safari/537.36 http://localhost:81/installation/index.php 200 0 0 160
2016-08-27 09:51:16 ::1 GET /installation/index.php - 81 - ::1 Mozilla/5.0+(Windows+NT+6.3;+WOW64)+AppleWebKit/537.36+(KHTML,+like+Gecko)+Chrome/48.0.2564.97+Safari/537.36 http://localhost:81/installation/index.php 200 0 0 168
2016-08-27 09:56:16 ::1 GET /installation/index.php - 81 - ::1 Mozilla/5.0+(Windows+NT+6.3;+WOW64)+AppleWebKit/537.36+(KHTML,+like+Gecko)+Chrome/48.0.2564.97+Safari/537.36 http://localhost:81/installation/index.php 200 0 0 163
2016-08-27 10:01:16 ::1 GET /installation/index.php - 81 - ::1 Mozilla/5.0+(Windows+NT+6.3;+WOW64)+AppleWebKit/537.36+(KHTML,+like+Gecko)+Chrome/48.0.2564.97+Safari/537.36 http://localhost:81/installation/index.php 200 0 0 159
2016-08-27 10:06:16 ::1 GET /installation/index.php - 81 - ::1 Mozilla/5.0+(Windows+NT+6.3;+WOW64)+AppleWebKit/537.36+(KHTML,+like+Gecko)+Chrome/48.0.2564.97+Safari/537.36 http://localhost:81/installation/index.php 200 0 0 164
2016-08-27 10:11:16 ::1 GET /installation/index.php - 81 - ::1 Mozilla/5.0+(Windows+NT+6.3;+WOW64)+AppleWebKit/537.36+(KHTML,+like+Gecko)+Chrome/48.0.2564.97+Safari/537.36 http://localhost:81/installation/index.php 200 0 0 161
2016-08-27 10:16:16 ::1 GET /installation/index.php - 81 - ::1 Mozilla/5.0+(Windows+NT+6.3;+WOW64)+AppleWebKit/537.36+(KHTML,+like+Gecko)+Chrome/48.0.2564.97+Safari/537.36 http://localhost:81/installation/index.php 200 0 0 163
2016-08-27 10:21:16 ::1 GET /installation/index.php - 81 - ::1 Mozilla/5.0+(Windows+NT+6.3;+WOW64)+AppleWebKit/537.36+(KHTML,+like+Gecko)+Chrome/48.0.2564.97+Safari/537.36 http://localhost:81/installation/index.php 200 0 0 160
2016-08-27 10:26:16 ::1 GET /installation/index.php - 81 - ::1 Mozilla/5.0+(Windows+NT+6.3;+WOW64)+AppleWebKit/537.36+(KHTML,+like+Gecko)+Chrome/48.0.2564.97+Safari/537.36 http://localhost:81/installation/index.php 200 0 0 159
2016-08-27 10:31:16 ::1 GET /installation/index.php - 81 - ::1 Mozilla/5.0+(Windows+NT+6.3;+WOW64)+AppleWebKit/537.36+(KHTML,+like+Gecko)+Chrome/48.0.2564.97+Safari/537.36 http://localhost:81/installation/index.php 200 0 0 162
2016-08-27 10:36:16 ::1 GET /installation/index.php - 81 - ::1 Mozilla/5.0+(Windows+NT+6.3;+WOW64)+AppleWebKit/537.36+(KHTML,+like+Gecko)+Chrome/48.0.2564.97+Safari/537.36 http://localhost:81/installation/index.php 200 0 0 163
2016-08-27 10:41:16 ::1 GET /installation/index.php - 81 - ::1 Mozilla/5.0+(Windows+NT+6.3;+WOW64)+AppleWebKit/537.36+(KHTML,+like+Gecko)+Chrome/48.0.2564.97+Safari/537.36 http://localhost:81/installation/index.php 200 0 0 161
2016-08-27 10:46:16 ::1 GET /installation/index.php - 81 - ::1 Mozilla/5.0+(Windows+NT+6.3;+WOW64)+AppleWebKit/537.36+(KHTML,+like+Gecko)+Chrome/48.0.2564.97+Safari/537.36 http://localhost:81/installation/index.php 200 0 0 160
2016-08-27 10:51:16 ::1 GET /installation/index.php - 81 - ::1 Mozilla/5.0+(Windows+NT+6.3;+WOW64)+AppleWebKit/537.36+(KHTML,+like+Gecko)+Chrome/48.0.2564.97+Safari/537.36 http://localhost:81/installation/index.php 200 0 0 164
2016-08-27 10:56:16 ::1 GET /installation/index.php - 81 - ::1 Mozilla/5.0+(Windows+NT+6.3;+WOW64)+AppleWebKit/537.36+(KHTML,+like+Gecko)+Chrome/48.0.2564.97+Safari/537.36 http://localhost:81/installation/index.php 200 0 0 162
2016-08-27 11:01:16 ::1 GET /installation/index.php - 81 - ::1 Mozilla/5.0+(Windows+NT+6.3;+WOW64)+AppleWebKit/537.36+(KHTML,+like+Gecko)+Chrome/48.0.2564.97+Safari/537.36 http://localhost:81/installation/index.php 200 0 0 158
2016-08-27 11:06:16 ::1 GET /installation/index.php - 81 - ::1 Mozilla/5.0+(Windows+NT+6.3;+WOW64)+AppleWebKit/537.36+(KHTML,+like+Gecko)+Chrome/48.0.2564.97+Safari/537.36 http://localhost:81/installation/index.php 200 0 0 159
2016-08-27 11:11:16 ::1 GET /installation/index.php - 81 - ::1 Mozilla/5.0+(Windows+NT+6.3;+WOW64)+AppleWebKit/537.36+(KHTML,+like+Gecko)+Chrome/48.0.2564.97+Safari/537.36 http://localhost:81/installation/index.php 200 0 0 162
2016-08-27 11:16:16 ::1 GET /installation/index.php - 81 - ::1 Mozilla/5.0+(Windows+NT+6.3;+WOW64)+AppleWebKit/537.36+(KHTML,+like+Gecko)+Chrome/48.0.2564.97+Safari/537.36 http://localhost:81/installation/index.php 200 0 0 166
2016-08-27 11:21:16 ::1 GET /installation/index.php - 81 - ::1 Mozilla/5.0+(Windows+NT+6.3;+WOW64)+AppleWebKit/537.36+(KHTML,+like+Gecko)+Chrome/48.0.2564.97+Safari/537.36 http://localhost:81/installation/index.php 200 0 0 162
2016-08-27 11:26:16 ::1 GET /installation/index.php - 81 - ::1 Mozilla/5.0+(Windows+NT+6.3;+WOW64)+AppleWebKit/537.36+(KHTML,+like+Gecko)+Chrome/48.0.2564.97+Safari/537.36 http://localhost:81/installation/index.php 200 0 0 161
2016-08-27 11:31:16 ::1 GET /installation/index.php - 81 - ::1 Mozilla/5.0+(Windows+NT+6.3;+WOW64)+AppleWebKit/537.36+(KHTML,+like+Gecko)+Chrome/48.0.2564.97+Safari/537.36 http://localhost:81/installation/index.php 200 0 0 164
2016-08-27 11:36:16 ::1 GET /installation/index.php - 81 - ::1 Mozilla/5.0+(Windows+NT+6.3;+WOW64)+AppleWebKit/537.36+(KHTML,+like+Gecko)+Chrome/48.0.2564.97+Safari/537.36 http://localhost:81/installation/index.php 200 0 0 163
2016-08-27 11:41:16 ::1 GET /installation/index.php - 81 - ::1 Mozilla/5.0+(Windows+NT+6.3;+WOW64)+AppleWebKit/537.36+(KHTML,+like+Gecko)+Chrome/48.0.2564.97+Safari/537.36 http://localhost:81/installation/index.php 200 0 0 160
2016-08-27 11:46:16 ::1 GET /installation/index.php - 81 - ::1 Mozilla/5.0+(Windows+NT+6.3;+WOW64)+AppleWebKit/537.36+(KHTML,+like+Gecko)+Chrome/48.0.2564.97+Safari/537.36 http://localhost:81/installation/index.php 200 0 0 160
2016-08-27 11:51:16 ::1 GET /installation/index.php - 81 - ::1 Mozilla/5.0+(Windows+NT+6.3;+WOW64)+AppleWebKit/537.36+(KHTML,+like+Gecko)+Chrome/48.0.2564.97+Safari/537.36 http://localhost:81/installation/index.php 200 0 0 164
2016-08-27 11:56:16 ::1 GET /installation/index.php - 81 - ::1 Mozilla/5.0+(Windows+NT+6.3;+WOW64)+AppleWebKit/537.36+(KHTML,+like+Gecko)+Chrome/48.0.2564.97+Safari/537.36 http://localhost:81/installation/index.php 200 0 0 160
2016-08-27 12:01:16 ::1 GET /installation/index.php - 81 - ::1 Mozilla/5.0+(Windows+NT+6.3;+WOW64)+AppleWebKit/537.36+(KHTML,+like+Gecko)+Chrome/48.0.2564.97+Safari/537.36 http://localhost:81/installation/index.php 200 0 0 160
2016-08-27 12:06:16 ::1 GET /installation/index.php - 81 - ::1 Mozilla/5.0+(Windows+NT+6.3;+WOW64)+AppleWebKit/537.36+(KHTML,+like+Gecko)+Chrome/48.0.2564.97+Safari/537.36 http://localhost:81/installation/index.php 200 0 0 159
2016-08-27 12:11:16 ::1 GET /installation/index.php - 81 - ::1 Mozilla/5.0+(Windows+NT+6.3;+WOW64)+AppleWebKit/537.36+(KHTML,+like+Gecko)+Chrome/48.0.2564.97+Safari/537.36 http://localhost:81/installation/index.php 200 0 0 164
2016-08-27 12:16:16 ::1 GET /installation/index.php - 81 - ::1 Mozilla/5.0+(Windows+NT+6.3;+WOW64)+AppleWebKit/537.36+(KHTML,+like+Gecko)+Chrome/48.0.2564.97+Safari/537.36 http://localhost:81/installation/index.php 200 0 0 162
2016-08-27 12:21:16 ::1 GET /installation/index.php - 81 - ::1 Mozilla/5.0+(Windows+NT+6.3;+WOW64)+AppleWebKit/537.36+(KHTML,+like+Gecko)+Chrome/48.0.2564.97+Safari/537.36 http://localhost:81/installation/index.php 200 0 0 158
2016-08-27 12:26:16 ::1 GET /installation/index.php - 81 - ::1 Mozilla/5.0+(Windows+NT+6.3;+WOW64)+AppleWebKit/537.36+(KHTML,+like+Gecko)+Chrome/48.0.2564.97+Safari/537.36 http://localhost:81/installation/index.php 200 0 0 162
2016-08-27 12:31:16 ::1 GET /installation/index.php - 81 - ::1 Mozilla/5.0+(Windows+NT+6.3;+WOW64)+AppleWebKit/537.36+(KHTML,+like+Gecko)+Chrome/48.0.2564.97+Safari/537.36 http://localhost:81/installation/index.php 200 0 0 163
2016-08-27 12:36:16 ::1 GET /installation/index.php - 81 - ::1 Mozilla/5.0+(Windows+NT+6.3;+WOW64)+AppleWebKit/537.36+(KHTML,+like+Gecko)+Chrome/48.0.2564.97+Safari/537.36 http://localhost:81/installation/index.php 200 0 0 162
2016-08-27 12:41:16 ::1 GET /installation/index.php - 81 - ::1 Mozilla/5.0+(Windows+NT+6.3;+WOW64)+AppleWebKit/537.36+(KHTML,+like+Gecko)+Chrome/48.0.2564.97+Safari/537.36 http://localhost:81/installation/index.php 200 0 0 162
2016-08-27 12:46:16 ::1 GET /installation/index.php - 81 - ::1 Mozilla/5.0+(Windows+NT+6.3;+WOW64)+AppleWebKit/537.36+(KHTML,+like+Gecko)+Chrome/48.0.2564.97+Safari/537.36 http://localhost:81/installation/index.php 200 0 0 161
2016-08-27 12:51:16 ::1 GET /installation/index.php - 81 - ::1 Mozilla/5.0+(Windows+NT+6.3;+WOW64)+AppleWebKit/537.36+(KHTML,+like+Gecko)+Chrome/48.0.2564.97+Safari/537.36 http://localhost:81/installation/index.php 200 0 0 162
2016-08-27 12:56:16 ::1 GET /installation/index.php - 81 - ::1 Mozilla/5.0+(Windows+NT+6.3;+WOW64)+AppleWebKit/537.36+(KHTML,+like+Gecko)+Chrome/48.0.2564.97+Safari/537.36 http://localhost:81/installation/index.php 200 0 0 166
2016-08-27 13:01:16 ::1 GET /installation/index.php - 81 - ::1 Mozilla/5.0+(Windows+NT+6.3;+WOW64)+AppleWebKit/537.36+(KHTML,+like+Gecko)+Chrome/48.0.2564.97+Safari/537.36 http://localhost:81/installation/index.php 200 0 0 162
2016-08-27 13:06:16 ::1 GET /installation/index.php - 81 - ::1 Mozilla/5.0+(Windows+NT+6.3;+WOW64)+AppleWebKit/537.36+(KHTML,+like+Gecko)+Chrome/48.0.2564.97+Safari/537.36 http://localhost:81/installation/index.php 200 0 0 161
2016-08-27 13:11:16 ::1 GET /installation/index.php - 81 - ::1 Mozilla/5.0+(Windows+NT+6.3;+WOW64)+AppleWebKit/537.36+(KHTML,+like+Gecko)+Chrome/48.0.2564.97+Safari/537.36 http://localhost:81/installation/index.php 200 0 0 163
2016-08-27 13:16:16 ::1 GET /installation/index.php - 81 - ::1 Mozilla/5.0+(Windows+NT+6.3;+WOW64)+AppleWebKit/537.36+(KHTML,+like+Gecko)+Chrome/48.0.2564.97+Safari/537.36 http://localhost:81/installation/index.php 200 0 0 160
2016-08-27 13:21:16 ::1 GET /installation/index.php - 81 - ::1 Mozilla/5.0+(Windows+NT+6.3;+WOW64)+AppleWebKit/537.36+(KHTML,+like+Gecko)+Chrome/48.0.2564.97+Safari/537.36 http://localhost:81/installation/index.php 200 0 0 161
2016-08-27 13:26:16 ::1 GET /installation/index.php - 81 - ::1 Mozilla/5.0+(Windows+NT+6.3;+WOW64)+AppleWebKit/537.36+(KHTML,+like+Gecko)+Chrome/48.0.2564.97+Safari/537.36 http://localhost:81/installation/index.php 200 0 0 159
2016-08-27 13:31:16 ::1 GET /installation/index.php - 81 - ::1 Mozilla/5.0+(Windows+NT+6.3;+WOW64)+AppleWebKit/537.36+(KHTML,+like+Gecko)+Chrome/48.0.2564.97+Safari/537.36 http://localhost:81/installation/index.php 200 0 0 160
2016-08-27 13:36:16 ::1 GET /installation/index.php - 81 - ::1 Mozilla/5.0+(Windows+NT+6.3;+WOW64)+AppleWebKit/537.36+(KHTML,+like+Gecko)+Chrome/48.0.2564.97+Safari/537.36 http://localhost:81/installation/index.php 200 0 0 161
2016-08-27 13:41:16 ::1 GET /installation/index.php - 81 - ::1 Mozilla/5.0+(Windows+NT+6.3;+WOW64)+AppleWebKit/537.36+(KHTML,+like+Gecko)+Chrome/48.0.2564.97+Safari/537.36 http://localhost:81/installation/index.php 200 0 0 163
2016-08-27 13:46:16 ::1 GET /installation/index.php - 81 - ::1 Mozilla/5.0+(Windows+NT+6.3;+WOW64)+AppleWebKit/537.36+(KHTML,+like+Gecko)+Chrome/48.0.2564.97+Safari/537.36 http://localhost:81/installation/index.php 200 0 0 167
2016-08-27 13:51:16 ::1 GET /installation/index.php - 81 - ::1 Mozilla/5.0+(Windows+NT+6.3;+WOW64)+AppleWebKit/537.36+(KHTML,+like+Gecko)+Chrome/48.0.2564.97+Safari/537.36 http://localhost:81/installation/index.php 200 0 0 163
2016-08-27 13:56:16 ::1 GET /installation/index.php - 81 - ::1 Mozilla/5.0+(Windows+NT+6.3;+WOW64)+AppleWebKit/537.36+(KHTML,+like+Gecko)+Chrome/48.0.2564.97+Safari/537.36 http://localhost:81/installation/index.php 200 0 0 159
2016-08-27 14:01:16 ::1 GET /installation/index.php - 81 - ::1 Mozilla/5.0+(Windows+NT+6.3;+WOW64)+AppleWebKit/537.36+(KHTML,+like+Gecko)+Chrome/48.0.2564.97+Safari/537.36 http://localhost:81/installation/index.php 200 0 0 159
2016-08-27 14:06:16 ::1 GET /installation/index.php - 81 - ::1 Mozilla/5.0+(Windows+NT+6.3;+WOW64)+AppleWebKit/537.36+(KHTML,+like+Gecko)+Chrome/48.0.2564.97+Safari/537.36 http://localhost:81/installation/index.php 200 0 0 160
2016-08-27 14:11:16 ::1 GET /installation/index.php - 81 - ::1 Mozilla/5.0+(Windows+NT+6.3;+WOW64)+AppleWebKit/537.36+(KHTML,+like+Gecko)+Chrome/48.0.2564.97+Safari/537.36 http://localhost:81/installation/index.php 200 0 0 165
2016-08-27 14:16:16 ::1 GET /installation/index.php - 81 - ::1 Mozilla/5.0+(Windows+NT+6.3;+WOW64)+AppleWebKit/537.36+(KHTML,+like+Gecko)+Chrome/48.0.2564.97+Safari/537.36 http://localhost:81/installation/index.php 200 0 0 159
2016-08-27 14:21:16 ::1 GET /installation/index.php - 81 - ::1 Mozilla/5.0+(Windows+NT+6.3;+WOW64)+AppleWebKit/537.36+(KHTML,+like+Gecko)+Chrome/48.0.2564.97+Safari/537.36 http://localhost:81/installation/index.php 200 0 0 167
2016-08-27 14:26:16 ::1 GET /installation/index.php - 81 - ::1 Mozilla/5.0+(Windows+NT+6.3;+WOW64)+AppleWebKit/537.36+(KHTML,+like+Gecko)+Chrome/48.0.2564.97+Safari/537.36 http://localhost:81/installation/index.php 200 0 0 161
2016-08-27 14:31:16 ::1 GET /installation/index.php - 81 - ::1 Mozilla/5.0+(Windows+NT+6.3;+WOW64)+AppleWebKit/537.36+(KHTML,+like+Gecko)+Chrome/48.0.2564.97+Safari/537.36 http://localhost:81/installation/index.php 200 0 0 158
2016-08-27 14:36:16 ::1 GET /installation/index.php - 81 - ::1 Mozilla/5.0+(Windows+NT+6.3;+WOW64)+AppleWebKit/537.36+(KHTML,+like+Gecko)+Chrome/48.0.2564.97+Safari/537.36 http://localhost:81/installation/index.php 200 0 0 159
2016-08-27 14:41:16 ::1 GET /installation/index.php - 81 - ::1 Mozilla/5.0+(Windows+NT+6.3;+WOW64)+AppleWebKit/537.36+(KHTML,+like+Gecko)+Chrome/48.0.2564.97+Safari/537.36 http://localhost:81/installation/index.php 200 0 0 163
2016-08-27 14:46:16 ::1 GET /installation/index.php - 81 - ::1 Mozilla/5.0+(Windows+NT+6.3;+WOW64)+AppleWebKit/537.36+(KHTML,+like+Gecko)+Chrome/48.0.2564.97+Safari/537.36 http://localhost:81/installation/index.php 200 0 0 159
2016-08-27 14:51:16 ::1 GET /installation/index.php - 81 - ::1 Mozilla/5.0+(Windows+NT+6.3;+WOW64)+AppleWebKit/537.36+(KHTML,+like+Gecko)+Chrome/48.0.2564.97+Safari/537.36 http://localhost:81/installation/index.php 200 0 0 165
2016-08-27 14:56:16 ::1 GET /installation/index.php - 81 - ::1 Mozilla/5.0+(Windows+NT+6.3;+WOW64)+AppleWebKit/537.36+(KHTML,+like+Gecko)+Chrome/48.0.2564.97+Safari/537.36 http://localhost:81/installation/index.php 200 0 0 160
2016-08-27 15:01:16 ::1 GET /installation/index.php - 81 - ::1 Mozilla/5.0+(Windows+NT+6.3;+WOW64)+AppleWebKit/537.36+(KHTML,+like+Gecko)+Chrome/48.0.2564.97+Safari/537.36 http://localhost:81/installation/index.php 200 0 0 162
2016-08-27 15:06:16 ::1 GET /installation/index.php - 81 - ::1 Mozilla/5.0+(Windows+NT+6.3;+WOW64)+AppleWebKit/537.36+(KHTML,+like+Gecko)+Chrome/48.0.2564.97+Safari/537.36 http://localhost:81/installation/index.php 200 0 0 163
2016-08-27 15:11:16 ::1 GET /installation/index.php - 81 - ::1 Mozilla/5.0+(Windows+NT+6.3;+WOW64)+AppleWebKit/537.36+(KHTML,+like+Gecko)+Chrome/48.0.2564.97+Safari/537.36 http://localhost:81/installation/index.php 200 0 0 164
2016-08-27 15:16:16 ::1 GET /installation/index.php - 81 - ::1 Mozilla/5.0+(Windows+NT+6.3;+WOW64)+AppleWebKit/537.36+(KHTML,+like+Gecko)+Chrome/48.0.2564.97+Safari/537.36 http://localhost:81/installation/index.php 200 0 0 162
2016-08-27 15:21:16 ::1 GET /installation/index.php - 81 - ::1 Mozilla/5.0+(Windows+NT+6.3;+WOW64)+AppleWebKit/537.36+(KHTML,+like+Gecko)+Chrome/48.0.2564.97+Safari/537.36 http://localhost:81/installation/index.php 200 0 0 166
2016-08-27 15:26:16 ::1 GET /installation/index.php - 81 - ::1 Mozilla/5.0+(Windows+NT+6.3;+WOW64)+AppleWebKit/537.36+(KHTML,+like+Gecko)+Chrome/48.0.2564.97+Safari/537.36 http://localhost:81/installation/index.php 200 0 0 163
2016-08-27 15:31:16 ::1 GET /installation/index.php - 81 - ::1 Mozilla/5.0+(Windows+NT+6.3;+WOW64)+AppleWebKit/537.36+(KHTML,+like+Gecko)+Chrome/48.0.2564.97+Safari/537.36 http://localhost:81/installation/index.php 200 0 0 159
2016-08-27 15:36:16 ::1 GET /installation/index.php - 81 - ::1 Mozilla/5.0+(Windows+NT+6.3;+WOW64)+AppleWebKit/537.36+(KHTML,+like+Gecko)+Chrome/48.0.2564.97+Safari/537.36 http://localhost:81/installation/index.php 200 0 0 161
2016-08-27 15:41:16 ::1 GET /installation/index.php - 81 - ::1 Mozilla/5.0+(Windows+NT+6.3;+WOW64)+AppleWebKit/537.36+(KHTML,+like+Gecko)+Chrome/48.0.2564.97+Safari/537.36 http://localhost:81/installation/index.php 200 0 0 162
2016-08-27 15:46:16 ::1 GET /installation/index.php - 81 - ::1 Mozilla/5.0+(Windows+NT+6.3;+WOW64)+AppleWebKit/537.36+(KHTML,+like+Gecko)+Chrome/48.0.2564.97+Safari/537.36 http://localhost:81/installation/index.php 200 0 0 162
2016-08-27 15:51:16 ::1 GET /installation/index.php - 81 - ::1 Mozilla/5.0+(Windows+NT+6.3;+WOW64)+AppleWebKit/537.36+(KHTML,+like+Gecko)+Chrome/48.0.2564.97+Safari/537.36 http://localhost:81/installation/index.php 200 0 0 164
2016-08-27 15:56:16 ::1 GET /installation/index.php - 81 - ::1 Mozilla/5.0+(Windows+NT+6.3;+WOW64)+AppleWebKit/537.36+(KHTML,+like+Gecko)+Chrome/48.0.2564.97+Safari/537.36 http://localhost:81/installation/index.php 200 0 0 160
2016-08-27 16:01:16 ::1 GET /installation/index.php - 81 - ::1 Mozilla/5.0+(Windows+NT+6.3;+WOW64)+AppleWebKit/537.36+(KHTML,+like+Gecko)+Chrome/48.0.2564.97+Safari/537.36 http://localhost:81/installation/index.php 200 0 0 158
2016-08-27 16:06:16 ::1 GET /installation/index.php - 81 - ::1 Mozilla/5.0+(Windows+NT+6.3;+WOW64)+AppleWebKit/537.36+(KHTML,+like+Gecko)+Chrome/48.0.2564.97+Safari/537.36 http://localhost:81/installation/index.php 200 0 0 162
2016-08-27 16:11:16 ::1 GET /installation/index.php - 81 - ::1 Mozilla/5.0+(Windows+NT+6.3;+WOW64)+AppleWebKit/537.36+(KHTML,+like+Gecko)+Chrome/48.0.2564.97+Safari/537.36 http://localhost:81/installation/index.php 200 0 0 162
2016-08-27 16:16:16 ::1 GET /installation/index.php - 81 - ::1 Mozilla/5.0+(Windows+NT+6.3;+WOW64)+AppleWebKit/537.36+(KHTML,+like+Gecko)+Chrome/48.0.2564.97+Safari/537.36 http://localhost:81/installation/index.php 200 0 0 160
2016-08-27 16:21:16 ::1 GET /installation/index.php - 81 - ::1 Mozilla/5.0+(Windows+NT+6.3;+WOW64)+AppleWebKit/537.36+(KHTML,+like+Gecko)+Chrome/48.0.2564.97+Safari/537.36 http://localhost:81/installation/index.php 200 0 0 161
2016-08-27 16:26:16 ::1 GET /installation/index.php - 81 - ::1 Mozilla/5.0+(Windows+NT+6.3;+WOW64)+AppleWebKit/537.36+(KHTML,+like+Gecko)+Chrome/48.0.2564.97+Safari/537.36 http://localhost:81/installation/index.php 200 0 0 163
2016-08-27 16:31:16 ::1 GET /installation/index.php - 81 - ::1 Mozilla/5.0+(Windows+NT+6.3;+WOW64)+AppleWebKit/537.36+(KHTML,+like+Gecko)+Chrome/48.0.2564.97+Safari/537.36 http://localhost:81/installation/index.php 200 0 0 160
2016-08-27 16:36:16 ::1 GET /installation/index.php - 81 - ::1 Mozilla/5.0+(Windows+NT+6.3;+WOW64)+AppleWebKit/537.36+(KHTML,+like+Gecko)+Chrome/48.0.2564.97+Safari/537.36 http://localhost:81/installation/index.php 200 0 0 165
2016-08-27 16:41:16 ::1 GET /installation/index.php - 81 - ::1 Mozilla/5.0+(Windows+NT+6.3;+WOW64)+AppleWebKit/537.36+(KHTML,+like+Gecko)+Chrome/48.0.2564.97+Safari/537.36 http://localhost:81/installation/index.php 200 0 0 166
2016-08-27 16:46:16 ::1 GET /installation/index.php - 81 - ::1 Mozilla/5.0+(Windows+NT+6.3;+WOW64)+AppleWebKit/537.36+(KHTML,+like+Gecko)+Chrome/48.0.2564.97+Safari/537.36 http://localhost:81/installation/index.php 200 0 0 159
2016-08-27 16:51:16 ::1 GET /installation/index.php - 81 - ::1 Mozilla/5.0+(Windows+NT+6.3;+WOW64)+AppleWebKit/537.36+(KHTML,+like+Gecko)+Chrome/48.0.2564.97+Safari/537.36 http://localhost:81/installation/index.php 200 0 0 159
2016-08-27 16:56:16 ::1 GET /installation/index.php - 81 - ::1 Mozilla/5.0+(Windows+NT+6.3;+WOW64)+AppleWebKit/537.36+(KHTML,+like+Gecko)+Chrome/48.0.2564.97+Safari/537.36 http://localhost:81/installation/index.php 200 0 0 160
2016-08-27 17:01:16 ::1 GET /installation/index.php - 81 - ::1 Mozilla/5.0+(Windows+NT+6.3;+WOW64)+AppleWebKit/537.36+(KHTML,+like+Gecko)+Chrome/48.0.2564.97+Safari/537.36 http://localhost:81/installation/index.php 200 0 0 161
2016-08-27 17:06:16 ::1 GET /installation/index.php - 81 - ::1 Mozilla/5.0+(Windows+NT+6.3;+WOW64)+AppleWebKit/537.36+(KHTML,+like+Gecko)+Chrome/48.0.2564.97+Safari/537.36 http://localhost:81/installation/index.php 200 0 0 164
2016-08-27 17:11:16 ::1 GET /installation/index.php - 81 - ::1 Mozilla/5.0+(Windows+NT+6.3;+WOW64)+AppleWebKit/537.36+(KHTML,+like+Gecko)+Chrome/48.0.2564.97+Safari/537.36 http://localhost:81/installation/index.php 200 0 0 160
2016-08-27 17:16:16 ::1 GET /installation/index.php - 81 - ::1 Mozilla/5.0+(Windows+NT+6.3;+WOW64)+AppleWebKit/537.36+(KHTML,+like+Gecko)+Chrome/48.0.2564.97+Safari/537.36 http://localhost:81/installation/index.php 200 0 0 160
2016-08-27 17:21:16 ::1 GET /installation/index.php - 81 - ::1 Mozilla/5.0+(Windows+NT+6.3;+WOW64)+AppleWebKit/537.36+(KHTML,+like+Gecko)+Chrome/48.0.2564.97+Safari/537.36 http://localhost:81/installation/index.php 200 0 0 161
2016-08-27 17:26:16 ::1 GET /installation/index.php - 81 - ::1 Mozilla/5.0+(Windows+NT+6.3;+WOW64)+AppleWebKit/537.36+(KHTML,+like+Gecko)+Chrome/48.0.2564.97+Safari/537.36 http://localhost:81/installation/index.php 200 0 0 161
2016-08-27 17:31:16 ::1 GET /installation/index.php - 81 - ::1 Mozilla/5.0+(Windows+NT+6.3;+WOW64)+AppleWebKit/537.36+(KHTML,+like+Gecko)+Chrome/48.0.2564.97+Safari/537.36 http://localhost:81/installation/index.php 200 0 0 158
2016-08-27 17:36:16 ::1 GET /installation/index.php - 81 - ::1 Mozilla/5.0+(Windows+NT+6.3;+WOW64)+AppleWebKit/537.36+(KHTML,+like+Gecko)+Chrome/48.0.2564.97+Safari/537.36 http://localhost:81/installation/index.php 200 0 0 161
2016-08-27 17:41:16 ::1 GET /installation/index.php - 81 - ::1 Mozilla/5.0+(Windows+NT+6.3;+WOW64)+AppleWebKit/537.36+(KHTML,+like+Gecko)+Chrome/48.0.2564.97+Safari/537.36 http://localhost:81/installation/index.php 200 0 0 161
2016-08-27 17:46:16 ::1 GET /installation/index.php - 81 - ::1 Mozilla/5.0+(Windows+NT+6.3;+WOW64)+AppleWebKit/537.36+(KHTML,+like+Gecko)+Chrome/48.0.2564.97+Safari/537.36 http://localhost:81/installation/index.php 200 0 0 161
2016-08-27 17:51:16 ::1 GET /installation/index.php - 81 - ::1 Mozilla/5.0+(Windows+NT+6.3;+WOW64)+AppleWebKit/537.36+(KHTML,+like+Gecko)+Chrome/48.0.2564.97+Safari/537.36 http://localhost:81/installation/index.php 200 0 0 163
2016-08-27 17:56:16 ::1 GET /installation/index.php - 81 - ::1 Mozilla/5.0+(Windows+NT+6.3;+WOW64)+AppleWebKit/537.36+(KHTML,+like+Gecko)+Chrome/48.0.2564.97+Safari/537.36 http://localhost:81/installation/index.php 200 0 0 162
2016-08-27 18:01:16 ::1 GET /installation/index.php - 81 - ::1 Mozilla/5.0+(Windows+NT+6.3;+WOW64)+AppleWebKit/537.36+(KHTML,+like+Gecko)+Chrome/48.0.2564.97+Safari/537.36 http://localhost:81/installation/index.php 200 0 0 162
2016-08-27 18:06:16 ::1 GET /installation/index.php - 81 - ::1 Mozilla/5.0+(Windows+NT+6.3;+WOW64)+AppleWebKit/537.36+(KHTML,+like+Gecko)+Chrome/48.0.2564.97+Safari/537.36 http://localhost:81/installation/index.php 200 0 0 164
2016-08-27 18:11:16 ::1 GET /installation/index.php - 81 - ::1 Mozilla/5.0+(Windows+NT+6.3;+WOW64)+AppleWebKit/537.36+(KHTML,+like+Gecko)+Chrome/48.0.2564.97+Safari/537.36 http://localhost:81/installation/index.php 200 0 0 164
2016-08-27 18:16:16 ::1 GET /installation/index.php - 81 - ::1 Mozilla/5.0+(Windows+NT+6.3;+WOW64)+AppleWebKit/537.36+(KHTML,+like+Gecko)+Chrome/48.0.2564.97+Safari/537.36 http://localhost:81/installation/index.php 200 0 0 160
2016-08-27 18:21:16 ::1 GET /installation/index.php - 81 - ::1 Mozilla/5.0+(Windows+NT+6.3;+WOW64)+AppleWebKit/537.36+(KHTML,+like+Gecko)+Chrome/48.0.2564.97+Safari/537.36 http://localhost:81/installation/index.php 200 0 0 163
2016-08-27 18:26:16 ::1 GET /installation/index.php - 81 - ::1 Mozilla/5.0+(Windows+NT+6.3;+WOW64)+AppleWebKit/537.36+(KHTML,+like+Gecko)+Chrome/48.0.2564.97+Safari/537.36 http://localhost:81/installation/index.php 200 0 0 159
2016-08-27 18:31:16 ::1 GET /installation/index.php - 81 - ::1 Mozilla/5.0+(Windows+NT+6.3;+WOW64)+AppleWebKit/537.36+(KHTML,+like+Gecko)+Chrome/48.0.2564.97+Safari/537.36 http://localhost:81/installation/index.php 200 0 0 164
2016-08-27 18:36:16 ::1 GET /installation/index.php - 81 - ::1 Mozilla/5.0+(Windows+NT+6.3;+WOW64)+AppleWebKit/537.36+(KHTML,+like+Gecko)+Chrome/48.0.2564.97+Safari/537.36 http://localhost:81/installation/index.php 200 0 0 162
2016-08-27 18:41:16 ::1 GET /installation/index.php - 81 - ::1 Mozilla/5.0+(Windows+NT+6.3;+WOW64)+AppleWebKit/537.36+(KHTML,+like+Gecko)+Chrome/48.0.2564.97+Safari/537.36 http://localhost:81/installation/index.php 200 0 0 157
2016-08-27 18:46:16 ::1 GET /installation/index.php - 81 - ::1 Mozilla/5.0+(Windows+NT+6.3;+WOW64)+AppleWebKit/537.36+(KHTML,+like+Gecko)+Chrome/48.0.2564.97+Safari/537.36 http://localhost:81/installation/index.php 200 0 0 161
2016-08-27 18:51:16 ::1 GET /installation/index.php - 81 - ::1 Mozilla/5.0+(Windows+NT+6.3;+WOW64)+AppleWebKit/537.36+(KHTML,+like+Gecko)+Chrome/48.0.2564.97+Safari/537.36 http://localhost:81/installation/index.php 200 0 0 167
2016-08-27 18:56:16 ::1 GET /installation/index.php - 81 - ::1 Mozilla/5.0+(Windows+NT+6.3;+WOW64)+AppleWebKit/537.36+(KHTML,+like+Gecko)+Chrome/48.0.2564.97+Safari/537.36 http://localhost:81/installation/index.php 200 0 0 161
2016-08-27 19:01:16 ::1 GET /installation/index.php - 81 - ::1 Mozilla/5.0+(Windows+NT+6.3;+WOW64)+AppleWebKit/537.36+(KHTML,+like+Gecko)+Chrome/48.0.2564.97+Safari/537.36 http://localhost:81/installation/index.php 200 0 0 162
2016-08-27 19:06:16 ::1 GET /installation/index.php - 81 - ::1 Mozilla/5.0+(Windows+NT+6.3;+WOW64)+AppleWebKit/537.36+(KHTML,+like+Gecko)+Chrome/48.0.2564.97+Safari/537.36 http://localhost:81/installation/index.php 200 0 0 162
2016-08-27 19:11:16 ::1 GET /installation/index.php - 81 - ::1 Mozilla/5.0+(Windows+NT+6.3;+WOW64)+AppleWebKit/537.36+(KHTML,+like+Gecko)+Chrome/48.0.2564.97+Safari/537.36 http://localhost:81/installation/index.php 200 0 0 162
2016-08-27 19:16:16 ::1 GET /installation/index.php - 81 - ::1 Mozilla/5.0+(Windows+NT+6.3;+WOW64)+AppleWebKit/537.36+(KHTML,+like+Gecko)+Chrome/48.0.2564.97+Safari/537.36 http://localhost:81/installation/index.php 200 0 0 158
2016-08-27 19:21:16 ::1 GET /installation/index.php - 81 - ::1 Mozilla/5.0+(Windows+NT+6.3;+WOW64)+AppleWebKit/537.36+(KHTML,+like+Gecko)+Chrome/48.0.2564.97+Safari/537.36 http://localhost:81/installation/index.php 200 0 0 165
2016-08-27 19:26:16 ::1 GET /installation/index.php - 81 - ::1 Mozilla/5.0+(Windows+NT+6.3;+WOW64)+AppleWebKit/537.36+(KHTML,+like+Gecko)+Chrome/48.0.2564.97+Safari/537.36 http://localhost:81/installation/index.php 200 0 0 160
2016-08-27 19:31:16 ::1 GET /installation/index.php - 81 - ::1 Mozilla/5.0+(Windows+NT+6.3;+WOW64)+AppleWebKit/537.36+(KHTML,+like+Gecko)+Chrome/48.0.2564.97+Safari/537.36 http://localhost:81/installation/index.php 200 0 0 159
2016-08-27 19:36:16 ::1 GET /installation/index.php - 81 - ::1 Mozilla/5.0+(Windows+NT+6.3;+WOW64)+AppleWebKit/537.36+(KHTML,+like+Gecko)+Chrome/48.0.2564.97+Safari/537.36 http://localhost:81/installation/index.php 200 0 0 473
2016-08-27 19:41:16 ::1 GET /installation/index.php - 81 - ::1 Mozilla/5.0+(Windows+NT+6.3;+WOW64)+AppleWebKit/537.36+(KHTML,+like+Gecko)+Chrome/48.0.2564.97+Safari/537.36 http://localhost:81/installation/index.php 200 0 0 170
2016-08-27 19:46:16 ::1 GET /installation/index.php - 81 - ::1 Mozilla/5.0+(Windows+NT+6.3;+WOW64)+AppleWebKit/537.36+(KHTML,+like+Gecko)+Chrome/48.0.2564.97+Safari/537.36 http://localhost:81/installation/index.php 200 0 0 163
2016-08-27 19:51:16 ::1 GET /installation/index.php - 81 - ::1 Mozilla/5.0+(Windows+NT+6.3;+WOW64)+AppleWebKit/537.36+(KHTML,+like+Gecko)+Chrome/48.0.2564.97+Safari/537.36 http://localhost:81/installation/index.php 200 0 0 165
2016-08-27 19:56:16 ::1 GET /installation/index.php - 81 - ::1 Mozilla/5.0+(Windows+NT+6.3;+WOW64)+AppleWebKit/537.36+(KHTML,+like+Gecko)+Chrome/48.0.2564.97+Safari/537.36 http://localhost:81/installation/index.php 200 0 0 162
2016-08-27 20:01:16 ::1 GET /installation/index.php - 81 - ::1 Mozilla/5.0+(Windows+NT+6.3;+WOW64)+AppleWebKit/537.36+(KHTML,+like+Gecko)+Chrome/48.0.2564.97+Safari/537.36 http://localhost:81/installation/index.php 200 0 0 164
2016-08-27 20:06:16 ::1 GET /installation/index.php - 81 - ::1 Mozilla/5.0+(Windows+NT+6.3;+WOW64)+AppleWebKit/537.36+(KHTML,+like+Gecko)+Chrome/48.0.2564.97+Safari/537.36 http://localhost:81/installation/index.php 200 0 0 162
2016-08-27 20:11:16 ::1 GET /installation/index.php - 81 - ::1 Mozilla/5.0+(Windows+NT+6.3;+WOW64)+AppleWebKit/537.36+(KHTML,+like+Gecko)+Chrome/48.0.2564.97+Safari/537.36 http://localhost:81/installation/index.php 200 0 0 161
2016-08-27 20:16:16 ::1 GET /installation/index.php - 81 - ::1 Mozilla/5.0+(Windows+NT+6.3;+WOW64)+AppleWebKit/537.36+(KHTML,+like+Gecko)+Chrome/48.0.2564.97+Safari/537.36 http://localhost:81/installation/index.php 200 0 0 178
2016-08-27 20:21:16 ::1 GET /installation/index.php - 81 - ::1 Mozilla/5.0+(Windows+NT+6.3;+WOW64)+AppleWebKit/537.36+(KHTML,+like+Gecko)+Chrome/48.0.2564.97+Safari/537.36 http://localhost:81/installation/index.php 200 0 0 161
2016-08-27 20:26:16 ::1 GET /installation/index.php - 81 - ::1 Mozilla/5.0+(Windows+NT+6.3;+WOW64)+AppleWebKit/537.36+(KHTML,+like+Gecko)+Chrome/48.0.2564.97+Safari/537.36 http://localhost:81/installation/index.php 200 0 0 165
2016-08-27 20:31:16 ::1 GET /installation/index.php - 81 - ::1 Mozilla/5.0+(Windows+NT+6.3;+WOW64)+AppleWebKit/537.36+(KHTML,+like+Gecko)+Chrome/48.0.2564.97+Safari/537.36 http://localhost:81/installation/index.php 200 0 0 160
2016-08-27 20:36:16 ::1 GET /installation/index.php - 81 - ::1 Mozilla/5.0+(Windows+NT+6.3;+WOW64)+AppleWebKit/537.36+(KHTML,+like+Gecko)+Chrome/48.0.2564.97+Safari/537.36 http://localhost:81/installation/index.php 200 0 0 165
2016-08-27 20:41:16 ::1 GET /installation/index.php - 81 - ::1 Mozilla/5.0+(Windows+NT+6.3;+WOW64)+AppleWebKit/537.36+(KHTML,+like+Gecko)+Chrome/48.0.2564.97+Safari/537.36 http://localhost:81/installation/index.php 200 0 0 160
2016-08-27 20:46:16 ::1 GET /installation/index.php - 81 - ::1 Mozilla/5.0+(Windows+NT+6.3;+WOW64)+AppleWebKit/537.36+(KHTML,+like+Gecko)+Chrome/48.0.2564.97+Safari/537.36 http://localhost:81/installation/index.php 200 0 0 161
2016-08-27 20:51:16 ::1 GET /installation/index.php - 81 - ::1 Mozilla/5.0+(Windows+NT+6.3;+WOW64)+AppleWebKit/537.36+(KHTML,+like+Gecko)+Chrome/48.0.2564.97+Safari/537.36 http://localhost:81/installation/index.php 200 0 0 161
2016-08-27 20:56:16 ::1 GET /installation/index.php - 81 - ::1 Mozilla/5.0+(Windows+NT+6.3;+WOW64)+AppleWebKit/537.36+(KHTML,+like+Gecko)+Chrome/48.0.2564.97+Safari/537.36 http://localhost:81/installation/index.php 200 0 0 166
2016-08-27 21:01:16 ::1 GET /installation/index.php - 81 - ::1 Mozilla/5.0+(Windows+NT+6.3;+WOW64)+AppleWebKit/537.36+(KHTML,+like+Gecko)+Chrome/48.0.2564.97+Safari/537.36 http://localhost:81/installation/index.php 200 0 0 162
2016-08-27 21:06:16 ::1 GET /installation/index.php - 81 - ::1 Mozilla/5.0+(Windows+NT+6.3;+WOW64)+AppleWebKit/537.36+(KHTML,+like+Gecko)+Chrome/48.0.2564.97+Safari/537.36 http://localhost:81/installation/index.php 200 0 0 161
2016-08-27 21:11:16 ::1 GET /installation/index.php - 81 - ::1 Mozilla/5.0+(Windows+NT+6.3;+WOW64)+AppleWebKit/537.36+(KHTML,+like+Gecko)+Chrome/48.0.2564.97+Safari/537.36 http://localhost:81/installation/index.php 200 0 0 160
2016-08-27 21:16:16 ::1 GET /installation/index.php - 81 - ::1 Mozilla/5.0+(Windows+NT+6.3;+WOW64)+AppleWebKit/537.36+(KHTML,+like+Gecko)+Chrome/48.0.2564.97+Safari/537.36 http://localhost:81/installation/index.php 200 0 0 163
2016-08-27 21:21:16 ::1 GET /installation/index.php - 81 - ::1 Mozilla/5.0+(Windows+NT+6.3;+WOW64)+AppleWebKit/537.36+(KHTML,+like+Gecko)+Chrome/48.0.2564.97+Safari/537.36 http://localhost:81/installation/index.php 200 0 0 159
2016-08-27 21:26:16 ::1 GET /installation/index.php - 81 - ::1 Mozilla/5.0+(Windows+NT+6.3;+WOW64)+AppleWebKit/537.36+(KHTML,+like+Gecko)+Chrome/48.0.2564.97+Safari/537.36 http://localhost:81/installation/index.php 200 0 0 164
2016-08-27 21:31:16 ::1 GET /installation/index.php - 81 - ::1 Mozilla/5.0+(Windows+NT+6.3;+WOW64)+AppleWebKit/537.36+(KHTML,+like+Gecko)+Chrome/48.0.2564.97+Safari/537.36 http://localhost:81/installation/index.php 200 0 0 165
2016-08-27 21:36:16 ::1 GET /installation/index.php - 81 - ::1 Mozilla/5.0+(Windows+NT+6.3;+WOW64)+AppleWebKit/537.36+(KHTML,+like+Gecko)+Chrome/48.0.2564.97+Safari/537.36 http://localhost:81/installation/index.php 200 0 0 165
2016-08-27 21:41:16 ::1 GET /installation/index.php - 81 - ::1 Mozilla/5.0+(Windows+NT+6.3;+WOW64)+AppleWebKit/537.36+(KHTML,+like+Gecko)+Chrome/48.0.2564.97+Safari/537.36 http://localhost:81/installation/index.php 200 0 0 159
2016-08-27 21:46:16 ::1 GET /installation/index.php - 81 - ::1 Mozilla/5.0+(Windows+NT+6.3;+WOW64)+AppleWebKit/537.36+(KHTML,+like+Gecko)+Chrome/48.0.2564.97+Safari/537.36 http://localhost:81/installation/index.php 200 0 0 163
2016-08-27 21:51:16 ::1 GET /installation/index.php - 81 - ::1 Mozilla/5.0+(Windows+NT+6.3;+WOW64)+AppleWebKit/537.36+(KHTML,+like+Gecko)+Chrome/48.0.2564.97+Safari/537.36 http://localhost:81/installation/index.php 200 0 0 163
2016-08-27 21:56:16 ::1 GET /installation/index.php - 81 - ::1 Mozilla/5.0+(Windows+NT+6.3;+WOW64)+AppleWebKit/537.36+(KHTML,+like+Gecko)+Chrome/48.0.2564.97+Safari/537.36 http://localhost:81/installation/index.php 200 0 0 161
2016-08-27 22:01:16 ::1 GET /installation/index.php - 81 - ::1 Mozilla/5.0+(Windows+NT+6.3;+WOW64)+AppleWebKit/537.36+(KHTML,+like+Gecko)+Chrome/48.0.2564.97+Safari/537.36 http://localhost:81/installation/index.php 200 0 0 161
2016-08-27 22:06:16 ::1 GET /installation/index.php - 81 - ::1 Mozilla/5.0+(Windows+NT+6.3;+WOW64)+AppleWebKit/537.36+(KHTML,+like+Gecko)+Chrome/48.0.2564.97+Safari/537.36 http://localhost:81/installation/index.php 200 0 0 164
2016-08-27 22:11:16 ::1 GET /installation/index.php - 81 - ::1 Mozilla/5.0+(Windows+NT+6.3;+WOW64)+AppleWebKit/537.36+(KHTML,+like+Gecko)+Chrome/48.0.2564.97+Safari/537.36 http://localhost:81/installation/index.php 200 0 0 163
2016-08-27 22:16:16 ::1 GET /installation/index.php - 81 - ::1 Mozilla/5.0+(Windows+NT+6.3;+WOW64)+AppleWebKit/537.36+(KHTML,+like+Gecko)+Chrome/48.0.2564.97+Safari/537.36 http://localhost:81/installation/index.php 200 0 0 163
2016-08-27 22:21:16 ::1 GET /installation/index.php - 81 - ::1 Mozilla/5.0+(Windows+NT+6.3;+WOW64)+AppleWebKit/537.36+(KHTML,+like+Gecko)+Chrome/48.0.2564.97+Safari/537.36 http://localhost:81/installation/index.php 200 0 0 158
2016-08-27 22:26:16 ::1 GET /installation/index.php - 81 - ::1 Mozilla/5.0+(Windows+NT+6.3;+WOW64)+AppleWebKit/537.36+(KHTML,+like+Gecko)+Chrome/48.0.2564.97+Safari/537.36 http://localhost:81/installation/index.php 200 0 0 163
2016-08-27 22:31:16 ::1 GET /installation/index.php - 81 - ::1 Mozilla/5.0+(Windows+NT+6.3;+WOW64)+AppleWebKit/537.36+(KHTML,+like+Gecko)+Chrome/48.0.2564.97+Safari/537.36 http://localhost:81/installation/index.php 200 0 0 163
2016-08-27 22:36:16 ::1 GET /installation/index.php - 81 - ::1 Mozilla/5.0+(Windows+NT+6.3;+WOW64)+AppleWebKit/537.36+(KHTML,+like+Gecko)+Chrome/48.0.2564.97+Safari/537.36 http://localhost:81/installation/index.php 200 0 0 162
2016-08-27 22:41:16 ::1 GET /installation/index.php - 81 - ::1 Mozilla/5.0+(Windows+NT+6.3;+WOW64)+AppleWebKit/537.36+(KHTML,+like+Gecko)+Chrome/48.0.2564.97+Safari/537.36 http://localhost:81/installation/index.php 200 0 0 163
2016-08-27 22:46:16 ::1 GET /installation/index.php - 81 - ::1 Mozilla/5.0+(Windows+NT+6.3;+WOW64)+AppleWebKit/537.36+(KHTML,+like+Gecko)+Chrome/48.0.2564.97+Safari/537.36 http://localhost:81/installation/index.php 200 0 0 162
2016-08-27 22:51:16 ::1 GET /installation/index.php - 81 - ::1 Mozilla/5.0+(Windows+NT+6.3;+WOW64)+AppleWebKit/537.36+(KHTML,+like+Gecko)+Chrome/48.0.2564.97+Safari/537.36 http://localhost:81/installation/index.php 200 0 0 164
2016-08-27 22:56:16 ::1 GET /installation/index.php - 81 - ::1 Mozilla/5.0+(Windows+NT+6.3;+WOW64)+AppleWebKit/537.36+(KHTML,+like+Gecko)+Chrome/48.0.2564.97+Safari/537.36 http://localhost:81/installation/index.php 200 0 0 162
2016-08-27 23:01:16 ::1 GET /installation/index.php - 81 - ::1 Mozilla/5.0+(Windows+NT+6.3;+WOW64)+AppleWebKit/537.36+(KHTML,+like+Gecko)+Chrome/48.0.2564.97+Safari/537.36 http://localhost:81/installation/index.php 200 0 0 161
2016-08-27 23:06:16 ::1 GET /installation/index.php - 81 - ::1 Mozilla/5.0+(Windows+NT+6.3;+WOW64)+AppleWebKit/537.36+(KHTML,+like+Gecko)+Chrome/48.0.2564.97+Safari/537.36 http://localhost:81/installation/index.php 200 0 0 162
2016-08-27 23:11:16 ::1 GET /installation/index.php - 81 - ::1 Mozilla/5.0+(Windows+NT+6.3;+WOW64)+AppleWebKit/537.36+(KHTML,+like+Gecko)+Chrome/48.0.2564.97+Safari/537.36 http://localhost:81/installation/index.php 200 0 0 163
2016-08-27 23:16:16 ::1 GET /installation/index.php - 81 - ::1 Mozilla/5.0+(Windows+NT+6.3;+WOW64)+AppleWebKit/537.36+(KHTML,+like+Gecko)+Chrome/48.0.2564.97+Safari/537.36 http://localhost:81/installation/index.php 200 0 0 164
2016-08-27 23:21:16 ::1 GET /installation/index.php - 81 - ::1 Mozilla/5.0+(Windows+NT+6.3;+WOW64)+AppleWebKit/537.36+(KHTML,+like+Gecko)+Chrome/48.0.2564.97+Safari/537.36 http://localhost:81/installation/index.php 200 0 0 162
2016-08-27 23:26:16 ::1 GET /installation/index.php - 81 - ::1 Mozilla/5.0+(Windows+NT+6.3;+WOW64)+AppleWebKit/537.36+(KHTML,+like+Gecko)+Chrome/48.0.2564.97+Safari/537.36 http://localhost:81/installation/index.php 200 0 0 161
2016-08-27 23:31:16 ::1 GET /installation/index.php - 81 - ::1 Mozilla/5.0+(Windows+NT+6.3;+WOW64)+AppleWebKit/537.36+(KHTML,+like+Gecko)+Chrome/48.0.2564.97+Safari/537.36 http://localhost:81/installation/index.php 200 0 0 161
2016-08-27 23:36:16 ::1 GET /installation/index.php - 81 - ::1 Mozilla/5.0+(Windows+NT+6.3;+WOW64)+AppleWebKit/537.36+(KHTML,+like+Gecko)+Chrome/48.0.2564.97+Safari/537.36 http://localhost:81/installation/index.php 200 0 0 162
2016-08-27 23:41:16 ::1 GET /installation/index.php - 81 - ::1 Mozilla/5.0+(Windows+NT+6.3;+WOW64)+AppleWebKit/537.36+(KHTML,+like+Gecko)+Chrome/48.0.2564.97+Safari/537.36 http://localhost:81/installation/index.php 200 0 0 160
2016-08-27 23:46:16 ::1 GET /installation/index.php - 81 - ::1 Mozilla/5.0+(Windows+NT+6.3;+WOW64)+AppleWebKit/537.36+(KHTML,+like+Gecko)+Chrome/48.0.2564.97+Safari/537.36 http://localhost:81/installation/index.php 200 0 0 161
2016-08-27 23:51:16 ::1 GET /installation/index.php - 81 - ::1 Mozilla/5.0+(Windows+NT+6.3;+WOW64)+AppleWebKit/537.36+(KHTML,+like+Gecko)+Chrome/48.0.2564.97+Safari/537.36 http://localhost:81/installation/index.php 200 0 0 165
2016-08-27 23:56:16 ::1 GET /installation/index.php - 81 - ::1 Mozilla/5.0+(Windows+NT+6.3;+WOW64)+AppleWebKit/537.36+(KHTML,+like+Gecko)+Chrome/48.0.2564.97+Safari/537.36 http://localhost:81/installation/index.php 200 0 0 163
