#Software: Microsoft Internet Information Services 8.5
#Version: 1.0
#Date: 2016-02-06 19:30:51
#Fields: date time s-ip cs-method cs-uri-stem cs-uri-query s-port cs-username c-ip cs(User-Agent) cs(Referer) sc-status sc-substatus sc-win32-status time-taken
2016-02-06 19:30:51 ::1 GET / - 81 - ::1 Mozilla/5.0+(Windows+NT+6.3;+WOW64)+AppleWebKit/537.36+(KHTML,+like+Gecko)+Chrome/48.0.2564.97+Safari/537.36 - 302 0 0 911
2016-02-06 19:30:51 ::1 GET /installation/index.php - 81 - ::1 Mozilla/5.0+(Windows+NT+6.3;+WOW64)+AppleWebKit/537.36+(KHTML,+like+Gecko)+Chrome/48.0.2564.97+Safari/537.36 - 200 0 0 402
2016-02-06 19:30:51 ::1 GET /installation/template/css/template.css - 81 - ::1 Mozilla/5.0+(Windows+NT+6.3;+WOW64)+AppleWebKit/537.36+(KHTML,+like+Gecko)+Chrome/48.0.2564.97+Safari/537.36 http://localhost:81/installation/index.php 200 0 0 16
2016-02-06 19:30:51 ::1 GET /media/jui/css/bootstrap-extended.css - 81 - ::1 Mozilla/5.0+(Windows+NT+6.3;+WOW64)+AppleWebKit/537.36+(KHTML,+like+Gecko)+Chrome/48.0.2564.97+Safari/537.36 http://localhost:81/installation/index.php 200 0 0 16
2016-02-06 19:30:51 ::1 GET /media/jui/css/bootstrap-responsive.min.css - 81 - ::1 Mozilla/5.0+(Windows+NT+6.3;+WOW64)+AppleWebKit/537.36+(KHTML,+like+Gecko)+Chrome/48.0.2564.97+Safari/537.36 http://localhost:81/installation/index.php 200 0 0 16
2016-02-06 19:30:51 ::1 GET /media/jui/css/chosen.css - 81 - ::1 Mozilla/5.0+(Windows+NT+6.3;+WOW64)+AppleWebKit/537.36+(KHTML,+like+Gecko)+Chrome/48.0.2564.97+Safari/537.36 http://localhost:81/installation/index.php 200 0 0 19
2016-02-06 19:30:51 ::1 GET /media/jui/js/jquery-noconflict.js - 81 - ::1 Mozilla/5.0+(Windows+NT+6.3;+WOW64)+AppleWebKit/537.36+(KHTML,+like+Gecko)+Chrome/48.0.2564.97+Safari/537.36 http://localhost:81/installation/index.php 200 0 0 3
2016-02-06 19:30:51 ::1 GET /media/jui/js/jquery-migrate.min.js - 81 - ::1 Mozilla/5.0+(Windows+NT+6.3;+WOW64)+AppleWebKit/537.36+(KHTML,+like+Gecko)+Chrome/48.0.2564.97+Safari/537.36 http://localhost:81/installation/index.php 200 0 0 8
2016-02-06 19:30:51 ::1 GET /media/system/js/html5fallback.js - 81 - ::1 Mozilla/5.0+(Windows+NT+6.3;+WOW64)+AppleWebKit/537.36+(KHTML,+like+Gecko)+Chrome/48.0.2564.97+Safari/537.36 http://localhost:81/installation/index.php 200 0 0 8
2016-02-06 19:30:51 ::1 GET /media/jui/css/bootstrap.min.css - 81 - ::1 Mozilla/5.0+(Windows+NT+6.3;+WOW64)+AppleWebKit/537.36+(KHTML,+like+Gecko)+Chrome/48.0.2564.97+Safari/537.36 http://localhost:81/installation/index.php 200 0 0 46
2016-02-06 19:30:51 ::1 GET /media/jui/js/bootstrap.min.js - 81 - ::1 Mozilla/5.0+(Windows+NT+6.3;+WOW64)+AppleWebKit/537.36+(KHTML,+like+Gecko)+Chrome/48.0.2564.97+Safari/537.36 http://localhost:81/installation/index.php 200 0 0 27
2016-02-06 19:30:51 ::1 GET /media/jui/js/jquery.min.js - 81 - ::1 Mozilla/5.0+(Windows+NT+6.3;+WOW64)+AppleWebKit/537.36+(KHTML,+like+Gecko)+Chrome/48.0.2564.97+Safari/537.36 http://localhost:81/installation/index.php 200 0 0 46
2016-02-06 19:30:51 ::1 GET /media/system/js/core.js - 81 - ::1 Mozilla/5.0+(Windows+NT+6.3;+WOW64)+AppleWebKit/537.36+(KHTML,+like+Gecko)+Chrome/48.0.2564.97+Safari/537.36 http://localhost:81/installation/index.php 200 0 0 22
2016-02-06 19:30:51 ::1 GET /media/jui/js/chosen.jquery.min.js - 81 - ::1 Mozilla/5.0+(Windows+NT+6.3;+WOW64)+AppleWebKit/537.36+(KHTML,+like+Gecko)+Chrome/48.0.2564.97+Safari/537.36 http://localhost:81/installation/index.php 200 0 0 26
2016-02-06 19:30:51 ::1 GET /media/system/js/mootools-core.js - 81 - ::1 Mozilla/5.0+(Windows+NT+6.3;+WOW64)+AppleWebKit/537.36+(KHTML,+like+Gecko)+Chrome/48.0.2564.97+Safari/537.36 http://localhost:81/installation/index.php 200 0 0 125
2016-02-06 19:30:51 ::1 GET /media/system/js/punycode.js - 81 - ::1 Mozilla/5.0+(Windows+NT+6.3;+WOW64)+AppleWebKit/537.36+(KHTML,+like+Gecko)+Chrome/48.0.2564.97+Safari/537.36 http://localhost:81/installation/index.php 200 0 0 107
2016-02-06 19:30:51 ::1 GET /media/system/js/validate.js - 81 - ::1 Mozilla/5.0+(Windows+NT+6.3;+WOW64)+AppleWebKit/537.36+(KHTML,+like+Gecko)+Chrome/48.0.2564.97+Safari/537.36 http://localhost:81/installation/index.php 200 0 0 108
2016-02-06 19:30:51 ::1 GET /installation/template/js/installation.js - 81 - ::1 Mozilla/5.0+(Windows+NT+6.3;+WOW64)+AppleWebKit/537.36+(KHTML,+like+Gecko)+Chrome/48.0.2564.97+Safari/537.36 http://localhost:81/installation/index.php 200 0 0 109
2016-02-06 19:30:51 ::1 GET /installation/template/images/joomla.png - 81 - ::1 Mozilla/5.0+(Windows+NT+6.3;+WOW64)+AppleWebKit/537.36+(KHTML,+like+Gecko)+Chrome/48.0.2564.97+Safari/537.36 http://localhost:81/installation/index.php 200 0 0 9
2016-02-06 19:30:51 ::1 GET /media/system/js/mootools-more.js - 81 - ::1 Mozilla/5.0+(Windows+NT+6.3;+WOW64)+AppleWebKit/537.36+(KHTML,+like+Gecko)+Chrome/48.0.2564.97+Safari/537.36 http://localhost:81/installation/index.php 200 0 0 157
2016-02-06 19:30:51 ::1 GET /media/jui/img/glyphicons-halflings-white.png - 81 - ::1 Mozilla/5.0+(Windows+NT+6.3;+WOW64)+AppleWebKit/537.36+(KHTML,+like+Gecko)+Chrome/48.0.2564.97+Safari/537.36 http://localhost:81/media/jui/css/bootstrap.min.css 200 0 0 7
2016-02-06 19:30:52 ::1 GET /media/jui/css/chosen-sprite.png - 81 - ::1 Mozilla/5.0+(Windows+NT+6.3;+WOW64)+AppleWebKit/537.36+(KHTML,+like+Gecko)+Chrome/48.0.2564.97+Safari/537.36 http://localhost:81/media/jui/css/chosen.css 200 0 0 1
2016-02-06 19:30:52 ::1 GET /installation/favicon.ico - 81 - ::1 Mozilla/5.0+(Windows+NT+6.3;+WOW64)+AppleWebKit/537.36+(KHTML,+like+Gecko)+Chrome/48.0.2564.97+Safari/537.36 http://localhost:81/installation/index.php 200 0 0 0
2016-02-06 19:31:51 ::1 GET /installation/template/images/ajax-loader.gif - 81 - ::1 Mozilla/5.0+(Windows+NT+6.3;+WOW64)+AppleWebKit/537.36+(KHTML,+like+Gecko)+Chrome/48.0.2564.97+Safari/537.36 http://localhost:81/installation/template/css/template.css 200 0 0 131
2016-02-06 19:31:51 ::1 POST /installation/index.php - 81 - ::1 Mozilla/5.0+(Windows+NT+6.3;+WOW64)+AppleWebKit/537.36+(KHTML,+like+Gecko)+Chrome/48.0.2564.97+Safari/537.36 http://localhost:81/installation/index.php 200 0 0 145
2016-02-06 19:31:51 ::1 GET /installation/index.php tmpl=body&view=database 81 - ::1 Mozilla/5.0+(Windows+NT+6.3;+WOW64)+AppleWebKit/537.36+(KHTML,+like+Gecko)+Chrome/48.0.2564.97+Safari/537.36 http://localhost:81/installation/index.php 200 0 0 140
2016-02-06 19:31:51 ::1 GET /media/jui/img/glyphicons-halflings.png - 81 - ::1 Mozilla/5.0+(Windows+NT+6.3;+WOW64)+AppleWebKit/537.36+(KHTML,+like+Gecko)+Chrome/48.0.2564.97+Safari/537.36 http://localhost:81/media/jui/css/bootstrap.min.css 200 0 0 33
2016-02-06 19:35:23 ::1 POST /installation/index.php - 81 - ::1 Mozilla/5.0+(Windows+NT+6.3;+WOW64)+AppleWebKit/537.36+(KHTML,+like+Gecko)+Chrome/48.0.2564.97+Safari/537.36 http://localhost:81/installation/index.php 200 0 0 163
2016-02-06 19:35:23 ::1 GET /installation/index.php tmpl=body&view=ftp 81 - ::1 Mozilla/5.0+(Windows+NT+6.3;+WOW64)+AppleWebKit/537.36+(KHTML,+like+Gecko)+Chrome/48.0.2564.97+Safari/537.36 http://localhost:81/installation/index.php 200 0 0 99
2016-02-06 19:35:33 ::1 POST /installation/index.php - 81 - ::1 Mozilla/5.0+(Windows+NT+6.3;+WOW64)+AppleWebKit/537.36+(KHTML,+like+Gecko)+Chrome/48.0.2564.97+Safari/537.36 http://localhost:81/installation/index.php 200 0 0 67
2016-02-06 19:35:33 ::1 GET /installation/index.php tmpl=body&view=summary 81 - ::1 Mozilla/5.0+(Windows+NT+6.3;+WOW64)+AppleWebKit/537.36+(KHTML,+like+Gecko)+Chrome/48.0.2564.97+Safari/537.36 http://localhost:81/installation/index.php 200 0 0 81
2016-02-06 19:35:52 ::1 GET /installation/index.php - 81 - ::1 Mozilla/5.0+(Windows+NT+6.3;+WOW64)+AppleWebKit/537.36+(KHTML,+like+Gecko)+Chrome/48.0.2564.97+Safari/537.36 http://localhost:81/installation/index.php 200 0 0 198
2016-02-06 19:35:57 ::1 GET /installation/index.php tmpl=body&view=ftp 81 - ::1 Mozilla/5.0+(Windows+NT+6.3;+WOW64)+AppleWebKit/537.36+(KHTML,+like+Gecko)+Chrome/48.0.2564.97+Safari/537.36 http://localhost:81/installation/index.php 200 0 0 98
2016-02-06 19:35:59 ::1 GET /installation/index.php tmpl=body&view=database 81 - ::1 Mozilla/5.0+(Windows+NT+6.3;+WOW64)+AppleWebKit/537.36+(KHTML,+like+Gecko)+Chrome/48.0.2564.97+Safari/537.36 http://localhost:81/installation/index.php 200 0 0 120
2016-02-06 19:36:01 ::1 POST /installation/index.php - 81 - ::1 Mozilla/5.0+(Windows+NT+6.3;+WOW64)+AppleWebKit/537.36+(KHTML,+like+Gecko)+Chrome/48.0.2564.97+Safari/537.36 http://localhost:81/installation/index.php 200 0 0 74
2016-02-06 19:36:01 ::1 GET /installation/index.php tmpl=body&view=ftp 81 - ::1 Mozilla/5.0+(Windows+NT+6.3;+WOW64)+AppleWebKit/537.36+(KHTML,+like+Gecko)+Chrome/48.0.2564.97+Safari/537.36 http://localhost:81/installation/index.php 200 0 0 81
2016-02-06 19:36:02 ::1 POST /installation/index.php - 81 - ::1 Mozilla/5.0+(Windows+NT+6.3;+WOW64)+AppleWebKit/537.36+(KHTML,+like+Gecko)+Chrome/48.0.2564.97+Safari/537.36 http://localhost:81/installation/index.php 200 0 0 48
2016-02-06 19:36:02 ::1 GET /installation/index.php tmpl=body&view=summary 81 - ::1 Mozilla/5.0+(Windows+NT+6.3;+WOW64)+AppleWebKit/537.36+(KHTML,+like+Gecko)+Chrome/48.0.2564.97+Safari/537.36 http://localhost:81/installation/index.php 200 0 0 117
2016-02-06 19:36:08 ::1 POST /installation/index.php - 81 - ::1 Mozilla/5.0+(Windows+NT+6.3;+WOW64)+AppleWebKit/537.36+(KHTML,+like+Gecko)+Chrome/48.0.2564.97+Safari/537.36 http://localhost:81/installation/index.php 200 0 0 47
2016-02-06 19:36:08 ::1 GET /installation/index.php tmpl=body&view=install 81 - ::1 Mozilla/5.0+(Windows+NT+6.3;+WOW64)+AppleWebKit/537.36+(KHTML,+like+Gecko)+Chrome/48.0.2564.97+Safari/537.36 http://localhost:81/installation/index.php 200 0 0 59
2016-02-06 19:36:08 ::1 POST /installation/index.php task=InstallDatabase_remove 81 - ::1 Mozilla/5.0+(Windows+NT+6.3;+WOW64)+AppleWebKit/537.36+(KHTML,+like+Gecko)+Chrome/48.0.2564.97+Safari/537.36 http://localhost:81/installation/index.php 200 0 0 62
2016-02-06 19:36:08 ::1 POST /installation/index.php task=InstallDatabase 81 - ::1 Mozilla/5.0+(Windows+NT+6.3;+WOW64)+AppleWebKit/537.36+(KHTML,+like+Gecko)+Chrome/48.0.2564.97+Safari/537.36 http://localhost:81/installation/index.php 200 0 0 588
2016-02-06 19:36:08 ::1 GET /installation/index.php tmpl=body&view=database 81 - ::1 Mozilla/5.0+(Windows+NT+6.3;+WOW64)+AppleWebKit/537.36+(KHTML,+like+Gecko)+Chrome/48.0.2564.97+Safari/537.36 http://localhost:81/installation/index.php 200 0 0 95
2016-02-06 19:37:14 ::1 POST /installation/index.php - 81 - ::1 Mozilla/5.0+(Windows+NT+6.3;+WOW64)+AppleWebKit/537.36+(KHTML,+like+Gecko)+Chrome/48.0.2564.97+Safari/537.36 http://localhost:81/installation/index.php 200 0 0 84
2016-02-06 19:37:14 ::1 GET /installation/index.php tmpl=body&view=ftp 81 - ::1 Mozilla/5.0+(Windows+NT+6.3;+WOW64)+AppleWebKit/537.36+(KHTML,+like+Gecko)+Chrome/48.0.2564.97+Safari/537.36 http://localhost:81/installation/index.php 200 0 0 95
2016-02-06 19:37:16 ::1 POST /installation/index.php - 81 - ::1 Mozilla/5.0+(Windows+NT+6.3;+WOW64)+AppleWebKit/537.36+(KHTML,+like+Gecko)+Chrome/48.0.2564.97+Safari/537.36 http://localhost:81/installation/index.php 200 0 0 65
2016-02-06 19:37:16 ::1 GET /installation/index.php tmpl=body&view=summary 81 - ::1 Mozilla/5.0+(Windows+NT+6.3;+WOW64)+AppleWebKit/537.36+(KHTML,+like+Gecko)+Chrome/48.0.2564.97+Safari/537.36 http://localhost:81/installation/index.php 200 0 0 104
2016-02-06 19:37:23 ::1 POST /installation/index.php - 81 - ::1 Mozilla/5.0+(Windows+NT+6.3;+WOW64)+AppleWebKit/537.36+(KHTML,+like+Gecko)+Chrome/48.0.2564.97+Safari/537.36 http://localhost:81/installation/index.php 200 0 0 50
2016-02-06 19:37:23 ::1 GET /installation/index.php tmpl=body&view=install 81 - ::1 Mozilla/5.0+(Windows+NT+6.3;+WOW64)+AppleWebKit/537.36+(KHTML,+like+Gecko)+Chrome/48.0.2564.97+Safari/537.36 http://localhost:81/installation/index.php 200 0 0 76
2016-02-06 19:37:23 ::1 POST /installation/index.php task=InstallDatabase_remove 81 - ::1 Mozilla/5.0+(Windows+NT+6.3;+WOW64)+AppleWebKit/537.36+(KHTML,+like+Gecko)+Chrome/48.0.2564.97+Safari/537.36 http://localhost:81/installation/index.php 200 0 0 227
2016-02-06 19:37:23 ::1 POST /installation/index.php task=InstallDatabase 81 - ::1 Mozilla/5.0+(Windows+NT+6.3;+WOW64)+AppleWebKit/537.36+(KHTML,+like+Gecko)+Chrome/48.0.2564.97+Safari/537.36 http://localhost:81/installation/index.php 200 0 0 521
2016-02-06 19:37:23 ::1 GET /installation/index.php tmpl=body&view=database 81 - ::1 Mozilla/5.0+(Windows+NT+6.3;+WOW64)+AppleWebKit/537.36+(KHTML,+like+Gecko)+Chrome/48.0.2564.97+Safari/537.36 http://localhost:81/installation/index.php 200 0 0 119
2016-02-06 19:38:10 ::1 POST /installation/index.php - 81 - ::1 Mozilla/5.0+(Windows+NT+6.3;+WOW64)+AppleWebKit/537.36+(KHTML,+like+Gecko)+Chrome/48.0.2564.97+Safari/537.36 http://localhost:81/installation/index.php 200 0 0 64
2016-02-06 19:38:10 ::1 GET /installation/index.php tmpl=body&view=ftp 81 - ::1 Mozilla/5.0+(Windows+NT+6.3;+WOW64)+AppleWebKit/537.36+(KHTML,+like+Gecko)+Chrome/48.0.2564.97+Safari/537.36 http://localhost:81/installation/index.php 200 0 0 133
2016-02-06 19:38:12 ::1 POST /installation/index.php - 81 - ::1 Mozilla/5.0+(Windows+NT+6.3;+WOW64)+AppleWebKit/537.36+(KHTML,+like+Gecko)+Chrome/48.0.2564.97+Safari/537.36 http://localhost:81/installation/index.php 200 0 0 68
2016-02-06 19:38:12 ::1 GET /installation/index.php tmpl=body&view=summary 81 - ::1 Mozilla/5.0+(Windows+NT+6.3;+WOW64)+AppleWebKit/537.36+(KHTML,+like+Gecko)+Chrome/48.0.2564.97+Safari/537.36 http://localhost:81/installation/index.php 200 0 0 99
2016-02-06 19:38:14 ::1 POST /installation/index.php - 81 - ::1 Mozilla/5.0+(Windows+NT+6.3;+WOW64)+AppleWebKit/537.36+(KHTML,+like+Gecko)+Chrome/48.0.2564.97+Safari/537.36 http://localhost:81/installation/index.php 200 0 0 65
2016-02-06 19:38:14 ::1 GET /installation/index.php tmpl=body&view=install 81 - ::1 Mozilla/5.0+(Windows+NT+6.3;+WOW64)+AppleWebKit/537.36+(KHTML,+like+Gecko)+Chrome/48.0.2564.97+Safari/537.36 http://localhost:81/installation/index.php 200 0 0 57
2016-02-06 19:38:14 ::1 POST /installation/index.php task=InstallDatabase_remove 81 - ::1 Mozilla/5.0+(Windows+NT+6.3;+WOW64)+AppleWebKit/537.36+(KHTML,+like+Gecko)+Chrome/48.0.2564.97+Safari/537.36 http://localhost:81/installation/index.php 200 0 0 228
2016-02-06 19:38:14 ::1 POST /installation/index.php task=InstallDatabase 81 - ::1 Mozilla/5.0+(Windows+NT+6.3;+WOW64)+AppleWebKit/537.36+(KHTML,+like+Gecko)+Chrome/48.0.2564.97+Safari/537.36 http://localhost:81/installation/index.php 200 0 0 536
2016-02-06 19:38:14 ::1 GET /installation/index.php tmpl=body&view=database 81 - ::1 Mozilla/5.0+(Windows+NT+6.3;+WOW64)+AppleWebKit/537.36+(KHTML,+like+Gecko)+Chrome/48.0.2564.97+Safari/537.36 http://localhost:81/installation/index.php 200 0 0 105
2016-02-06 19:39:10 ::1 POST /installation/index.php - 81 - ::1 Mozilla/5.0+(Windows+NT+6.3;+WOW64)+AppleWebKit/537.36+(KHTML,+like+Gecko)+Chrome/48.0.2564.97+Safari/537.36 http://localhost:81/installation/index.php 200 0 0 92
2016-02-06 19:39:10 ::1 GET /installation/index.php tmpl=body&view=ftp 81 - ::1 Mozilla/5.0+(Windows+NT+6.3;+WOW64)+AppleWebKit/537.36+(KHTML,+like+Gecko)+Chrome/48.0.2564.97+Safari/537.36 http://localhost:81/installation/index.php 200 0 0 92
2016-02-06 19:39:12 ::1 POST /installation/index.php - 81 - ::1 Mozilla/5.0+(Windows+NT+6.3;+WOW64)+AppleWebKit/537.36+(KHTML,+like+Gecko)+Chrome/48.0.2564.97+Safari/537.36 http://localhost:81/installation/index.php 200 0 0 51
2016-02-06 19:39:12 ::1 GET /installation/index.php tmpl=body&view=summary 81 - ::1 Mozilla/5.0+(Windows+NT+6.3;+WOW64)+AppleWebKit/537.36+(KHTML,+like+Gecko)+Chrome/48.0.2564.97+Safari/537.36 http://localhost:81/installation/index.php 200 0 0 108
2016-02-06 19:39:16 ::1 POST /installation/index.php - 81 - ::1 Mozilla/5.0+(Windows+NT+6.3;+WOW64)+AppleWebKit/537.36+(KHTML,+like+Gecko)+Chrome/48.0.2564.97+Safari/537.36 http://localhost:81/installation/index.php 200 0 0 50
2016-02-06 19:39:16 ::1 GET /installation/index.php tmpl=body&view=install 81 - ::1 Mozilla/5.0+(Windows+NT+6.3;+WOW64)+AppleWebKit/537.36+(KHTML,+like+Gecko)+Chrome/48.0.2564.97+Safari/537.36 http://localhost:81/installation/index.php 200 0 0 83
2016-02-06 19:39:16 ::1 POST /installation/index.php task=InstallDatabase_remove 81 - ::1 Mozilla/5.0+(Windows+NT+6.3;+WOW64)+AppleWebKit/537.36+(KHTML,+like+Gecko)+Chrome/48.0.2564.97+Safari/537.36 http://localhost:81/installation/index.php 200 0 0 224
2016-02-06 19:39:16 ::1 POST /installation/index.php task=InstallDatabase 81 - ::1 Mozilla/5.0+(Windows+NT+6.3;+WOW64)+AppleWebKit/537.36+(KHTML,+like+Gecko)+Chrome/48.0.2564.97+Safari/537.36 http://localhost:81/installation/index.php 200 0 0 520
2016-02-06 19:39:16 ::1 GET /installation/index.php tmpl=body&view=database 81 - ::1 Mozilla/5.0+(Windows+NT+6.3;+WOW64)+AppleWebKit/537.36+(KHTML,+like+Gecko)+Chrome/48.0.2564.97+Safari/537.36 http://localhost:81/installation/index.php 200 0 0 96
2016-02-06 19:40:02 ::1 POST /installation/index.php - 81 - ::1 Mozilla/5.0+(Windows+NT+6.3;+WOW64)+AppleWebKit/537.36+(KHTML,+like+Gecko)+Chrome/48.0.2564.97+Safari/537.36 http://localhost:81/installation/index.php 200 0 0 107
2016-02-06 19:40:02 ::1 GET /installation/index.php tmpl=body&view=ftp 81 - ::1 Mozilla/5.0+(Windows+NT+6.3;+WOW64)+AppleWebKit/537.36+(KHTML,+like+Gecko)+Chrome/48.0.2564.97+Safari/537.36 http://localhost:81/installation/index.php 200 0 0 88
2016-02-06 19:40:04 ::1 POST /installation/index.php - 81 - ::1 Mozilla/5.0+(Windows+NT+6.3;+WOW64)+AppleWebKit/537.36+(KHTML,+like+Gecko)+Chrome/48.0.2564.97+Safari/537.36 http://localhost:81/installation/index.php 200 0 0 58
2016-02-06 19:40:04 ::1 GET /installation/index.php tmpl=body&view=summary 81 - ::1 Mozilla/5.0+(Windows+NT+6.3;+WOW64)+AppleWebKit/537.36+(KHTML,+like+Gecko)+Chrome/48.0.2564.97+Safari/537.36 http://localhost:81/installation/index.php 200 0 0 96
2016-02-06 19:40:08 ::1 POST /installation/index.php - 81 - ::1 Mozilla/5.0+(Windows+NT+6.3;+WOW64)+AppleWebKit/537.36+(KHTML,+like+Gecko)+Chrome/48.0.2564.97+Safari/537.36 http://localhost:81/installation/index.php 200 0 0 81
2016-02-06 19:40:08 ::1 GET /installation/index.php tmpl=body&view=install 81 - ::1 Mozilla/5.0+(Windows+NT+6.3;+WOW64)+AppleWebKit/537.36+(KHTML,+like+Gecko)+Chrome/48.0.2564.97+Safari/537.36 http://localhost:81/installation/index.php 200 0 0 68
2016-02-06 19:40:08 ::1 POST /installation/index.php task=InstallDatabase_remove 81 - ::1 Mozilla/5.0+(Windows+NT+6.3;+WOW64)+AppleWebKit/537.36+(KHTML,+like+Gecko)+Chrome/48.0.2564.97+Safari/537.36 http://localhost:81/installation/index.php 200 0 0 212
2016-02-06 19:40:08 ::1 POST /installation/index.php task=InstallDatabase 81 - ::1 Mozilla/5.0+(Windows+NT+6.3;+WOW64)+AppleWebKit/537.36+(KHTML,+like+Gecko)+Chrome/48.0.2564.97+Safari/537.36 http://localhost:81/installation/index.php 200 0 0 519
2016-02-06 19:40:08 ::1 GET /installation/index.php tmpl=body&view=database 81 - ::1 Mozilla/5.0+(Windows+NT+6.3;+WOW64)+AppleWebKit/537.36+(KHTML,+like+Gecko)+Chrome/48.0.2564.97+Safari/537.36 http://localhost:81/installation/index.php 200 0 0 146
2016-02-06 19:40:52 ::1 GET /installation/index.php - 81 - ::1 Mozilla/5.0+(Windows+NT+6.3;+WOW64)+AppleWebKit/537.36+(KHTML,+like+Gecko)+Chrome/48.0.2564.97+Safari/537.36 http://localhost:81/installation/index.php 200 0 0 166
2016-02-06 19:43:30 ::1 POST /installation/index.php - 81 - ::1 Mozilla/5.0+(Windows+NT+6.3;+WOW64)+AppleWebKit/537.36+(KHTML,+like+Gecko)+Chrome/48.0.2564.97+Safari/537.36 http://localhost:81/installation/index.php 200 0 0 85
2016-02-06 19:43:30 ::1 GET /installation/index.php tmpl=body&view=ftp 81 - ::1 Mozilla/5.0+(Windows+NT+6.3;+WOW64)+AppleWebKit/537.36+(KHTML,+like+Gecko)+Chrome/48.0.2564.97+Safari/537.36 http://localhost:81/installation/index.php 200 0 0 85
2016-02-06 19:43:33 ::1 POST /installation/index.php - 81 - ::1 Mozilla/5.0+(Windows+NT+6.3;+WOW64)+AppleWebKit/537.36+(KHTML,+like+Gecko)+Chrome/48.0.2564.97+Safari/537.36 http://localhost:81/installation/index.php 200 0 0 49
2016-02-06 19:43:33 ::1 GET /installation/index.php tmpl=body&view=summary 81 - ::1 Mozilla/5.0+(Windows+NT+6.3;+WOW64)+AppleWebKit/537.36+(KHTML,+like+Gecko)+Chrome/48.0.2564.97+Safari/537.36 http://localhost:81/installation/index.php 200 0 0 117
2016-02-06 19:43:35 ::1 POST /installation/index.php - 81 - ::1 Mozilla/5.0+(Windows+NT+6.3;+WOW64)+AppleWebKit/537.36+(KHTML,+like+Gecko)+Chrome/48.0.2564.97+Safari/537.36 http://localhost:81/installation/index.php 200 0 0 66
2016-02-06 19:43:35 ::1 GET /installation/index.php tmpl=body&view=install 81 - ::1 Mozilla/5.0+(Windows+NT+6.3;+WOW64)+AppleWebKit/537.36+(KHTML,+like+Gecko)+Chrome/48.0.2564.97+Safari/537.36 http://localhost:81/installation/index.php 200 0 0 63
2016-02-06 19:43:35 ::1 POST /installation/index.php task=InstallDatabase_remove 81 - ::1 Mozilla/5.0+(Windows+NT+6.3;+WOW64)+AppleWebKit/537.36+(KHTML,+like+Gecko)+Chrome/48.0.2564.97+Safari/537.36 http://localhost:81/installation/index.php 200 0 0 217
2016-02-06 19:43:35 ::1 POST /installation/index.php task=InstallDatabase 81 - ::1 Mozilla/5.0+(Windows+NT+6.3;+WOW64)+AppleWebKit/537.36+(KHTML,+like+Gecko)+Chrome/48.0.2564.97+Safari/537.36 http://localhost:81/installation/index.php 200 0 0 521
2016-02-06 19:43:35 ::1 GET /installation/index.php tmpl=body&view=database 81 - ::1 Mozilla/5.0+(Windows+NT+6.3;+WOW64)+AppleWebKit/537.36+(KHTML,+like+Gecko)+Chrome/48.0.2564.97+Safari/537.36 http://localhost:81/installation/index.php 200 0 0 90
2016-02-06 19:45:52 ::1 GET /installation/index.php - 81 - ::1 Mozilla/5.0+(Windows+NT+6.3;+WOW64)+AppleWebKit/537.36+(KHTML,+like+Gecko)+Chrome/48.0.2564.97+Safari/537.36 http://localhost:81/installation/index.php 200 0 0 165
2016-02-06 19:50:52 ::1 GET /installation/index.php - 81 - ::1 Mozilla/5.0+(Windows+NT+6.3;+WOW64)+AppleWebKit/537.36+(KHTML,+like+Gecko)+Chrome/48.0.2564.97+Safari/537.36 http://localhost:81/installation/index.php 200 0 0 164
2016-02-06 19:55:52 ::1 GET /installation/index.php - 81 - ::1 Mozilla/5.0+(Windows+NT+6.3;+WOW64)+AppleWebKit/537.36+(KHTML,+like+Gecko)+Chrome/48.0.2564.97+Safari/537.36 http://localhost:81/installation/index.php 200 0 0 161
2016-02-06 20:00:52 ::1 GET /installation/index.php - 81 - ::1 Mozilla/5.0+(Windows+NT+6.3;+WOW64)+AppleWebKit/537.36+(KHTML,+like+Gecko)+Chrome/48.0.2564.97+Safari/537.36 http://localhost:81/installation/index.php 200 0 0 169
2016-02-06 20:05:52 ::1 GET /installation/index.php - 81 - ::1 Mozilla/5.0+(Windows+NT+6.3;+WOW64)+AppleWebKit/537.36+(KHTML,+like+Gecko)+Chrome/48.0.2564.97+Safari/537.36 http://localhost:81/installation/index.php 200 0 0 164
2016-02-06 20:10:52 ::1 GET /installation/index.php - 81 - ::1 Mozilla/5.0+(Windows+NT+6.3;+WOW64)+AppleWebKit/537.36+(KHTML,+like+Gecko)+Chrome/48.0.2564.97+Safari/537.36 http://localhost:81/installation/index.php 200 0 0 168
2016-02-06 20:15:52 ::1 GET /installation/index.php - 81 - ::1 Mozilla/5.0+(Windows+NT+6.3;+WOW64)+AppleWebKit/537.36+(KHTML,+like+Gecko)+Chrome/48.0.2564.97+Safari/537.36 http://localhost:81/installation/index.php 200 0 0 161
2016-02-06 20:20:52 ::1 GET /installation/index.php - 81 - ::1 Mozilla/5.0+(Windows+NT+6.3;+WOW64)+AppleWebKit/537.36+(KHTML,+like+Gecko)+Chrome/48.0.2564.97+Safari/537.36 http://localhost:81/installation/index.php 200 0 0 161
2016-02-06 20:25:52 ::1 GET /installation/index.php - 81 - ::1 Mozilla/5.0+(Windows+NT+6.3;+WOW64)+AppleWebKit/537.36+(KHTML,+like+Gecko)+Chrome/48.0.2564.97+Safari/537.36 http://localhost:81/installation/index.php 200 0 0 165
2016-02-06 20:30:52 ::1 GET /installation/index.php - 81 - ::1 Mozilla/5.0+(Windows+NT+6.3;+WOW64)+AppleWebKit/537.36+(KHTML,+like+Gecko)+Chrome/48.0.2564.97+Safari/537.36 http://localhost:81/installation/index.php 200 0 0 164
2016-02-06 20:35:52 ::1 GET /installation/index.php - 81 - ::1 Mozilla/5.0+(Windows+NT+6.3;+WOW64)+AppleWebKit/537.36+(KHTML,+like+Gecko)+Chrome/48.0.2564.97+Safari/537.36 http://localhost:81/installation/index.php 200 0 0 166
2016-02-06 20:40:52 ::1 GET /installation/index.php - 81 - ::1 Mozilla/5.0+(Windows+NT+6.3;+WOW64)+AppleWebKit/537.36+(KHTML,+like+Gecko)+Chrome/48.0.2564.97+Safari/537.36 http://localhost:81/installation/index.php 200 0 0 163
2016-02-06 20:45:52 ::1 GET /installation/index.php - 81 - ::1 Mozilla/5.0+(Windows+NT+6.3;+WOW64)+AppleWebKit/537.36+(KHTML,+like+Gecko)+Chrome/48.0.2564.97+Safari/537.36 http://localhost:81/installation/index.php 200 0 0 162
2016-02-06 20:50:52 ::1 GET /installation/index.php - 81 - ::1 Mozilla/5.0+(Windows+NT+6.3;+WOW64)+AppleWebKit/537.36+(KHTML,+like+Gecko)+Chrome/48.0.2564.97+Safari/537.36 http://localhost:81/installation/index.php 200 0 0 164
2016-02-06 20:55:52 ::1 GET /installation/index.php - 81 - ::1 Mozilla/5.0+(Windows+NT+6.3;+WOW64)+AppleWebKit/537.36+(KHTML,+like+Gecko)+Chrome/48.0.2564.97+Safari/537.36 http://localhost:81/installation/index.php 200 0 0 265
2016-02-06 21:00:52 ::1 GET /installation/index.php - 81 - ::1 Mozilla/5.0+(Windows+NT+6.3;+WOW64)+AppleWebKit/537.36+(KHTML,+like+Gecko)+Chrome/48.0.2564.97+Safari/537.36 http://localhost:81/installation/index.php 200 0 0 167
2016-02-06 21:05:52 ::1 GET /installation/index.php - 81 - ::1 Mozilla/5.0+(Windows+NT+6.3;+WOW64)+AppleWebKit/537.36+(KHTML,+like+Gecko)+Chrome/48.0.2564.97+Safari/537.36 http://localhost:81/installation/index.php 200 0 0 162
2016-02-06 21:10:52 ::1 GET /installation/index.php - 81 - ::1 Mozilla/5.0+(Windows+NT+6.3;+WOW64)+AppleWebKit/537.36+(KHTML,+like+Gecko)+Chrome/48.0.2564.97+Safari/537.36 http://localhost:81/installation/index.php 200 0 0 164
2016-02-06 21:15:52 ::1 GET /installation/index.php - 81 - ::1 Mozilla/5.0+(Windows+NT+6.3;+WOW64)+AppleWebKit/537.36+(KHTML,+like+Gecko)+Chrome/48.0.2564.97+Safari/537.36 http://localhost:81/installation/index.php 200 0 0 161
2016-02-06 21:20:52 ::1 GET /installation/index.php - 81 - ::1 Mozilla/5.0+(Windows+NT+6.3;+WOW64)+AppleWebKit/537.36+(KHTML,+like+Gecko)+Chrome/48.0.2564.97+Safari/537.36 http://localhost:81/installation/index.php 200 0 0 162
2016-02-06 21:25:52 ::1 GET /installation/index.php - 81 - ::1 Mozilla/5.0+(Windows+NT+6.3;+WOW64)+AppleWebKit/537.36+(KHTML,+like+Gecko)+Chrome/48.0.2564.97+Safari/537.36 http://localhost:81/installation/index.php 200 0 0 167
2016-02-06 21:30:52 ::1 GET /installation/index.php - 81 - ::1 Mozilla/5.0+(Windows+NT+6.3;+WOW64)+AppleWebKit/537.36+(KHTML,+like+Gecko)+Chrome/48.0.2564.97+Safari/537.36 http://localhost:81/installation/index.php 200 0 0 164
2016-02-06 21:35:52 ::1 GET /installation/index.php - 81 - ::1 Mozilla/5.0+(Windows+NT+6.3;+WOW64)+AppleWebKit/537.36+(KHTML,+like+Gecko)+Chrome/48.0.2564.97+Safari/537.36 http://localhost:81/installation/index.php 200 0 0 161
2016-02-06 21:40:52 ::1 GET /installation/index.php - 81 - ::1 Mozilla/5.0+(Windows+NT+6.3;+WOW64)+AppleWebKit/537.36+(KHTML,+like+Gecko)+Chrome/48.0.2564.97+Safari/537.36 http://localhost:81/installation/index.php 200 0 0 166
2016-02-06 21:45:52 ::1 GET /installation/index.php - 81 - ::1 Mozilla/5.0+(Windows+NT+6.3;+WOW64)+AppleWebKit/537.36+(KHTML,+like+Gecko)+Chrome/48.0.2564.97+Safari/537.36 http://localhost:81/installation/index.php 200 0 0 162
2016-02-06 21:50:52 ::1 GET /installation/index.php - 81 - ::1 Mozilla/5.0+(Windows+NT+6.3;+WOW64)+AppleWebKit/537.36+(KHTML,+like+Gecko)+Chrome/48.0.2564.97+Safari/537.36 http://localhost:81/installation/index.php 200 0 0 164
2016-02-06 21:55:52 ::1 GET /installation/index.php - 81 - ::1 Mozilla/5.0+(Windows+NT+6.3;+WOW64)+AppleWebKit/537.36+(KHTML,+like+Gecko)+Chrome/48.0.2564.97+Safari/537.36 http://localhost:81/installation/index.php 200 0 0 164
2016-02-06 22:00:52 ::1 GET /installation/index.php - 81 - ::1 Mozilla/5.0+(Windows+NT+6.3;+WOW64)+AppleWebKit/537.36+(KHTML,+like+Gecko)+Chrome/48.0.2564.97+Safari/537.36 http://localhost:81/installation/index.php 200 0 0 164
2016-02-06 22:05:52 ::1 GET /installation/index.php - 81 - ::1 Mozilla/5.0+(Windows+NT+6.3;+WOW64)+AppleWebKit/537.36+(KHTML,+like+Gecko)+Chrome/48.0.2564.97+Safari/537.36 http://localhost:81/installation/index.php 200 0 0 161
2016-02-06 22:10:52 ::1 GET /installation/index.php - 81 - ::1 Mozilla/5.0+(Windows+NT+6.3;+WOW64)+AppleWebKit/537.36+(KHTML,+like+Gecko)+Chrome/48.0.2564.97+Safari/537.36 http://localhost:81/installation/index.php 200 0 0 164
2016-02-06 22:15:52 ::1 GET /installation/index.php - 81 - ::1 Mozilla/5.0+(Windows+NT+6.3;+WOW64)+AppleWebKit/537.36+(KHTML,+like+Gecko)+Chrome/48.0.2564.97+Safari/537.36 http://localhost:81/installation/index.php 200 0 0 166
2016-02-06 22:20:52 ::1 GET /installation/index.php - 81 - ::1 Mozilla/5.0+(Windows+NT+6.3;+WOW64)+AppleWebKit/537.36+(KHTML,+like+Gecko)+Chrome/48.0.2564.97+Safari/537.36 http://localhost:81/installation/index.php 200 0 0 163
2016-02-06 22:25:52 ::1 GET /installation/index.php - 81 - ::1 Mozilla/5.0+(Windows+NT+6.3;+WOW64)+AppleWebKit/537.36+(KHTML,+like+Gecko)+Chrome/48.0.2564.97+Safari/537.36 http://localhost:81/installation/index.php 200 0 0 162
2016-02-06 22:30:51 ::1 GET /installation/index.php - 81 - ::1 Mozilla/5.0+(Windows+NT+6.3;+WOW64)+AppleWebKit/537.36+(KHTML,+like+Gecko)+Chrome/48.0.2564.97+Safari/537.36 http://localhost:81/installation/index.php 200 0 0 170
2016-02-06 22:35:52 ::1 GET /installation/index.php - 81 - ::1 Mozilla/5.0+(Windows+NT+6.3;+WOW64)+AppleWebKit/537.36+(KHTML,+like+Gecko)+Chrome/48.0.2564.97+Safari/537.36 http://localhost:81/installation/index.php 200 0 0 165
2016-02-06 22:40:52 ::1 GET /installation/index.php - 81 - ::1 Mozilla/5.0+(Windows+NT+6.3;+WOW64)+AppleWebKit/537.36+(KHTML,+like+Gecko)+Chrome/48.0.2564.97+Safari/537.36 http://localhost:81/installation/index.php 200 0 0 168
2016-02-06 22:45:52 ::1 GET /installation/index.php - 81 - ::1 Mozilla/5.0+(Windows+NT+6.3;+WOW64)+AppleWebKit/537.36+(KHTML,+like+Gecko)+Chrome/48.0.2564.97+Safari/537.36 http://localhost:81/installation/index.php 200 0 0 164
2016-02-06 22:50:52 ::1 GET /installation/index.php - 81 - ::1 Mozilla/5.0+(Windows+NT+6.3;+WOW64)+AppleWebKit/537.36+(KHTML,+like+Gecko)+Chrome/48.0.2564.97+Safari/537.36 http://localhost:81/installation/index.php 200 0 0 162
2016-02-06 22:55:52 ::1 GET /installation/index.php - 81 - ::1 Mozilla/5.0+(Windows+NT+6.3;+WOW64)+AppleWebKit/537.36+(KHTML,+like+Gecko)+Chrome/48.0.2564.97+Safari/537.36 http://localhost:81/installation/index.php 200 0 0 165
2016-02-06 23:00:52 ::1 GET /installation/index.php - 81 - ::1 Mozilla/5.0+(Windows+NT+6.3;+WOW64)+AppleWebKit/537.36+(KHTML,+like+Gecko)+Chrome/48.0.2564.97+Safari/537.36 http://localhost:81/installation/index.php 200 0 0 163
2016-02-06 23:05:52 ::1 GET /installation/index.php - 81 - ::1 Mozilla/5.0+(Windows+NT+6.3;+WOW64)+AppleWebKit/537.36+(KHTML,+like+Gecko)+Chrome/48.0.2564.97+Safari/537.36 http://localhost:81/installation/index.php 200 0 0 161
2016-02-06 23:10:52 ::1 GET /installation/index.php - 81 - ::1 Mozilla/5.0+(Windows+NT+6.3;+WOW64)+AppleWebKit/537.36+(KHTML,+like+Gecko)+Chrome/48.0.2564.97+Safari/537.36 http://localhost:81/installation/index.php 200 0 0 164
2016-02-06 23:15:52 ::1 GET /installation/index.php - 81 - ::1 Mozilla/5.0+(Windows+NT+6.3;+WOW64)+AppleWebKit/537.36+(KHTML,+like+Gecko)+Chrome/48.0.2564.97+Safari/537.36 http://localhost:81/installation/index.php 200 0 0 161
2016-02-06 23:20:52 ::1 GET /installation/index.php - 81 - ::1 Mozilla/5.0+(Windows+NT+6.3;+WOW64)+AppleWebKit/537.36+(KHTML,+like+Gecko)+Chrome/48.0.2564.97+Safari/537.36 http://localhost:81/installation/index.php 200 0 0 163
2016-02-06 23:25:52 ::1 GET /installation/index.php - 81 - ::1 Mozilla/5.0+(Windows+NT+6.3;+WOW64)+AppleWebKit/537.36+(KHTML,+like+Gecko)+Chrome/48.0.2564.97+Safari/537.36 http://localhost:81/installation/index.php 200 0 0 163
2016-02-06 23:30:52 ::1 GET /installation/index.php - 81 - ::1 Mozilla/5.0+(Windows+NT+6.3;+WOW64)+AppleWebKit/537.36+(KHTML,+like+Gecko)+Chrome/48.0.2564.97+Safari/537.36 http://localhost:81/installation/index.php 200 0 0 164
2016-02-06 23:35:52 ::1 GET /installation/index.php - 81 - ::1 Mozilla/5.0+(Windows+NT+6.3;+WOW64)+AppleWebKit/537.36+(KHTML,+like+Gecko)+Chrome/48.0.2564.97+Safari/537.36 http://localhost:81/installation/index.php 200 0 0 164
2016-02-06 23:40:52 ::1 GET /installation/index.php - 81 - ::1 Mozilla/5.0+(Windows+NT+6.3;+WOW64)+AppleWebKit/537.36+(KHTML,+like+Gecko)+Chrome/48.0.2564.97+Safari/537.36 http://localhost:81/installation/index.php 200 0 0 164
2016-02-06 23:45:52 ::1 GET /installation/index.php - 81 - ::1 Mozilla/5.0+(Windows+NT+6.3;+WOW64)+AppleWebKit/537.36+(KHTML,+like+Gecko)+Chrome/48.0.2564.97+Safari/537.36 http://localhost:81/installation/index.php 200 0 0 166
2016-02-06 23:50:52 ::1 GET /installation/index.php - 81 - ::1 Mozilla/5.0+(Windows+NT+6.3;+WOW64)+AppleWebKit/537.36+(KHTML,+like+Gecko)+Chrome/48.0.2564.97+Safari/537.36 http://localhost:81/installation/index.php 200 0 0 164
2016-02-06 23:55:52 ::1 GET /installation/index.php - 81 - ::1 Mozilla/5.0+(Windows+NT+6.3;+WOW64)+AppleWebKit/537.36+(KHTML,+like+Gecko)+Chrome/48.0.2564.97+Safari/537.36 http://localhost:81/installation/index.php 200 0 0 165
