#Software: Microsoft Internet Information Services 8.5
#Version: 1.0
#Date: 2016-08-03 00:01:16
#Fields: date time s-ip cs-method cs-uri-stem cs-uri-query s-port cs-username c-ip cs(User-Agent) cs(Referer) sc-status sc-substatus sc-win32-status time-taken
2016-08-03 00:01:16 ::1 GET /installation/index.php - 81 - ::1 Mozilla/5.0+(Windows+NT+6.3;+WOW64)+AppleWebKit/537.36+(KHTML,+like+Gecko)+Chrome/48.0.2564.97+Safari/537.36 http://localhost:81/installation/index.php 200 0 0 165
2016-08-03 00:06:16 ::1 GET /installation/index.php - 81 - ::1 Mozilla/5.0+(Windows+NT+6.3;+WOW64)+AppleWebKit/537.36+(KHTML,+like+Gecko)+Chrome/48.0.2564.97+Safari/537.36 http://localhost:81/installation/index.php 200 0 0 167
2016-08-03 00:11:16 ::1 GET /installation/index.php - 81 - ::1 Mozilla/5.0+(Windows+NT+6.3;+WOW64)+AppleWebKit/537.36+(KHTML,+like+Gecko)+Chrome/48.0.2564.97+Safari/537.36 http://localhost:81/installation/index.php 200 0 0 168
2016-08-03 00:16:16 ::1 GET /installation/index.php - 81 - ::1 Mozilla/5.0+(Windows+NT+6.3;+WOW64)+AppleWebKit/537.36+(KHTML,+like+Gecko)+Chrome/48.0.2564.97+Safari/537.36 http://localhost:81/installation/index.php 200 0 0 167
2016-08-03 00:21:16 ::1 GET /installation/index.php - 81 - ::1 Mozilla/5.0+(Windows+NT+6.3;+WOW64)+AppleWebKit/537.36+(KHTML,+like+Gecko)+Chrome/48.0.2564.97+Safari/537.36 http://localhost:81/installation/index.php 200 0 0 164
2016-08-03 00:26:16 ::1 GET /installation/index.php - 81 - ::1 Mozilla/5.0+(Windows+NT+6.3;+WOW64)+AppleWebKit/537.36+(KHTML,+like+Gecko)+Chrome/48.0.2564.97+Safari/537.36 http://localhost:81/installation/index.php 200 0 0 164
2016-08-03 00:31:16 ::1 GET /installation/index.php - 81 - ::1 Mozilla/5.0+(Windows+NT+6.3;+WOW64)+AppleWebKit/537.36+(KHTML,+like+Gecko)+Chrome/48.0.2564.97+Safari/537.36 http://localhost:81/installation/index.php 200 0 0 164
2016-08-03 00:36:16 ::1 GET /installation/index.php - 81 - ::1 Mozilla/5.0+(Windows+NT+6.3;+WOW64)+AppleWebKit/537.36+(KHTML,+like+Gecko)+Chrome/48.0.2564.97+Safari/537.36 http://localhost:81/installation/index.php 200 0 0 166
2016-08-03 00:41:16 ::1 GET /installation/index.php - 81 - ::1 Mozilla/5.0+(Windows+NT+6.3;+WOW64)+AppleWebKit/537.36+(KHTML,+like+Gecko)+Chrome/48.0.2564.97+Safari/537.36 http://localhost:81/installation/index.php 200 0 0 163
2016-08-03 00:46:16 ::1 GET /installation/index.php - 81 - ::1 Mozilla/5.0+(Windows+NT+6.3;+WOW64)+AppleWebKit/537.36+(KHTML,+like+Gecko)+Chrome/48.0.2564.97+Safari/537.36 http://localhost:81/installation/index.php 200 0 0 168
2016-08-03 00:51:16 ::1 GET /installation/index.php - 81 - ::1 Mozilla/5.0+(Windows+NT+6.3;+WOW64)+AppleWebKit/537.36+(KHTML,+like+Gecko)+Chrome/48.0.2564.97+Safari/537.36 http://localhost:81/installation/index.php 200 0 0 166
2016-08-03 00:56:16 ::1 GET /installation/index.php - 81 - ::1 Mozilla/5.0+(Windows+NT+6.3;+WOW64)+AppleWebKit/537.36+(KHTML,+like+Gecko)+Chrome/48.0.2564.97+Safari/537.36 http://localhost:81/installation/index.php 200 0 0 165
2016-08-03 01:01:16 ::1 GET /installation/index.php - 81 - ::1 Mozilla/5.0+(Windows+NT+6.3;+WOW64)+AppleWebKit/537.36+(KHTML,+like+Gecko)+Chrome/48.0.2564.97+Safari/537.36 http://localhost:81/installation/index.php 200 0 0 164
2016-08-03 01:06:16 ::1 GET /installation/index.php - 81 - ::1 Mozilla/5.0+(Windows+NT+6.3;+WOW64)+AppleWebKit/537.36+(KHTML,+like+Gecko)+Chrome/48.0.2564.97+Safari/537.36 http://localhost:81/installation/index.php 200 0 0 163
2016-08-03 01:11:16 ::1 GET /installation/index.php - 81 - ::1 Mozilla/5.0+(Windows+NT+6.3;+WOW64)+AppleWebKit/537.36+(KHTML,+like+Gecko)+Chrome/48.0.2564.97+Safari/537.36 http://localhost:81/installation/index.php 200 0 0 163
2016-08-03 01:16:16 ::1 GET /installation/index.php - 81 - ::1 Mozilla/5.0+(Windows+NT+6.3;+WOW64)+AppleWebKit/537.36+(KHTML,+like+Gecko)+Chrome/48.0.2564.97+Safari/537.36 http://localhost:81/installation/index.php 200 0 0 166
2016-08-03 01:21:16 ::1 GET /installation/index.php - 81 - ::1 Mozilla/5.0+(Windows+NT+6.3;+WOW64)+AppleWebKit/537.36+(KHTML,+like+Gecko)+Chrome/48.0.2564.97+Safari/537.36 http://localhost:81/installation/index.php 200 0 0 165
2016-08-03 01:26:16 ::1 GET /installation/index.php - 81 - ::1 Mozilla/5.0+(Windows+NT+6.3;+WOW64)+AppleWebKit/537.36+(KHTML,+like+Gecko)+Chrome/48.0.2564.97+Safari/537.36 http://localhost:81/installation/index.php 200 0 0 168
2016-08-03 01:31:16 ::1 GET /installation/index.php - 81 - ::1 Mozilla/5.0+(Windows+NT+6.3;+WOW64)+AppleWebKit/537.36+(KHTML,+like+Gecko)+Chrome/48.0.2564.97+Safari/537.36 http://localhost:81/installation/index.php 200 0 0 166
2016-08-03 01:36:16 ::1 GET /installation/index.php - 81 - ::1 Mozilla/5.0+(Windows+NT+6.3;+WOW64)+AppleWebKit/537.36+(KHTML,+like+Gecko)+Chrome/48.0.2564.97+Safari/537.36 http://localhost:81/installation/index.php 200 0 0 163
2016-08-03 01:41:16 ::1 GET /installation/index.php - 81 - ::1 Mozilla/5.0+(Windows+NT+6.3;+WOW64)+AppleWebKit/537.36+(KHTML,+like+Gecko)+Chrome/48.0.2564.97+Safari/537.36 http://localhost:81/installation/index.php 200 0 0 171
2016-08-03 01:46:16 ::1 GET /installation/index.php - 81 - ::1 Mozilla/5.0+(Windows+NT+6.3;+WOW64)+AppleWebKit/537.36+(KHTML,+like+Gecko)+Chrome/48.0.2564.97+Safari/537.36 http://localhost:81/installation/index.php 200 0 0 166
2016-08-03 01:51:16 ::1 GET /installation/index.php - 81 - ::1 Mozilla/5.0+(Windows+NT+6.3;+WOW64)+AppleWebKit/537.36+(KHTML,+like+Gecko)+Chrome/48.0.2564.97+Safari/537.36 http://localhost:81/installation/index.php 200 0 0 168
2016-08-03 01:56:16 ::1 GET /installation/index.php - 81 - ::1 Mozilla/5.0+(Windows+NT+6.3;+WOW64)+AppleWebKit/537.36+(KHTML,+like+Gecko)+Chrome/48.0.2564.97+Safari/537.36 http://localhost:81/installation/index.php 200 0 0 162
2016-08-03 02:01:16 ::1 GET /installation/index.php - 81 - ::1 Mozilla/5.0+(Windows+NT+6.3;+WOW64)+AppleWebKit/537.36+(KHTML,+like+Gecko)+Chrome/48.0.2564.97+Safari/537.36 http://localhost:81/installation/index.php 200 0 0 164
2016-08-03 02:06:16 ::1 GET /installation/index.php - 81 - ::1 Mozilla/5.0+(Windows+NT+6.3;+WOW64)+AppleWebKit/537.36+(KHTML,+like+Gecko)+Chrome/48.0.2564.97+Safari/537.36 http://localhost:81/installation/index.php 200 0 0 166
2016-08-03 02:11:16 ::1 GET /installation/index.php - 81 - ::1 Mozilla/5.0+(Windows+NT+6.3;+WOW64)+AppleWebKit/537.36+(KHTML,+like+Gecko)+Chrome/48.0.2564.97+Safari/537.36 http://localhost:81/installation/index.php 200 0 0 164
2016-08-03 02:16:16 ::1 GET /installation/index.php - 81 - ::1 Mozilla/5.0+(Windows+NT+6.3;+WOW64)+AppleWebKit/537.36+(KHTML,+like+Gecko)+Chrome/48.0.2564.97+Safari/537.36 http://localhost:81/installation/index.php 200 0 0 166
2016-08-03 02:21:16 ::1 GET /installation/index.php - 81 - ::1 Mozilla/5.0+(Windows+NT+6.3;+WOW64)+AppleWebKit/537.36+(KHTML,+like+Gecko)+Chrome/48.0.2564.97+Safari/537.36 http://localhost:81/installation/index.php 200 0 0 163
2016-08-03 02:26:16 ::1 GET /installation/index.php - 81 - ::1 Mozilla/5.0+(Windows+NT+6.3;+WOW64)+AppleWebKit/537.36+(KHTML,+like+Gecko)+Chrome/48.0.2564.97+Safari/537.36 http://localhost:81/installation/index.php 200 0 0 163
2016-08-03 02:31:16 ::1 GET /installation/index.php - 81 - ::1 Mozilla/5.0+(Windows+NT+6.3;+WOW64)+AppleWebKit/537.36+(KHTML,+like+Gecko)+Chrome/48.0.2564.97+Safari/537.36 http://localhost:81/installation/index.php 200 0 0 162
2016-08-03 02:36:16 ::1 GET /installation/index.php - 81 - ::1 Mozilla/5.0+(Windows+NT+6.3;+WOW64)+AppleWebKit/537.36+(KHTML,+like+Gecko)+Chrome/48.0.2564.97+Safari/537.36 http://localhost:81/installation/index.php 200 0 0 167
2016-08-03 02:41:16 ::1 GET /installation/index.php - 81 - ::1 Mozilla/5.0+(Windows+NT+6.3;+WOW64)+AppleWebKit/537.36+(KHTML,+like+Gecko)+Chrome/48.0.2564.97+Safari/537.36 http://localhost:81/installation/index.php 200 0 0 164
2016-08-03 02:46:16 ::1 GET /installation/index.php - 81 - ::1 Mozilla/5.0+(Windows+NT+6.3;+WOW64)+AppleWebKit/537.36+(KHTML,+like+Gecko)+Chrome/48.0.2564.97+Safari/537.36 http://localhost:81/installation/index.php 200 0 0 163
2016-08-03 02:51:16 ::1 GET /installation/index.php - 81 - ::1 Mozilla/5.0+(Windows+NT+6.3;+WOW64)+AppleWebKit/537.36+(KHTML,+like+Gecko)+Chrome/48.0.2564.97+Safari/537.36 http://localhost:81/installation/index.php 200 0 0 168
2016-08-03 02:56:16 ::1 GET /installation/index.php - 81 - ::1 Mozilla/5.0+(Windows+NT+6.3;+WOW64)+AppleWebKit/537.36+(KHTML,+like+Gecko)+Chrome/48.0.2564.97+Safari/537.36 http://localhost:81/installation/index.php 200 0 0 167
2016-08-03 03:01:16 ::1 GET /installation/index.php - 81 - ::1 Mozilla/5.0+(Windows+NT+6.3;+WOW64)+AppleWebKit/537.36+(KHTML,+like+Gecko)+Chrome/48.0.2564.97+Safari/537.36 http://localhost:81/installation/index.php 200 0 0 165
2016-08-03 03:06:16 ::1 GET /installation/index.php - 81 - ::1 Mozilla/5.0+(Windows+NT+6.3;+WOW64)+AppleWebKit/537.36+(KHTML,+like+Gecko)+Chrome/48.0.2564.97+Safari/537.36 http://localhost:81/installation/index.php 200 0 0 166
2016-08-03 03:11:16 ::1 GET /installation/index.php - 81 - ::1 Mozilla/5.0+(Windows+NT+6.3;+WOW64)+AppleWebKit/537.36+(KHTML,+like+Gecko)+Chrome/48.0.2564.97+Safari/537.36 http://localhost:81/installation/index.php 200 0 0 164
2016-08-03 03:16:16 ::1 GET /installation/index.php - 81 - ::1 Mozilla/5.0+(Windows+NT+6.3;+WOW64)+AppleWebKit/537.36+(KHTML,+like+Gecko)+Chrome/48.0.2564.97+Safari/537.36 http://localhost:81/installation/index.php 200 0 0 163
2016-08-03 03:21:16 ::1 GET /installation/index.php - 81 - ::1 Mozilla/5.0+(Windows+NT+6.3;+WOW64)+AppleWebKit/537.36+(KHTML,+like+Gecko)+Chrome/48.0.2564.97+Safari/537.36 http://localhost:81/installation/index.php 200 0 0 163
2016-08-03 03:26:16 ::1 GET /installation/index.php - 81 - ::1 Mozilla/5.0+(Windows+NT+6.3;+WOW64)+AppleWebKit/537.36+(KHTML,+like+Gecko)+Chrome/48.0.2564.97+Safari/537.36 http://localhost:81/installation/index.php 200 0 0 166
2016-08-03 03:31:16 ::1 GET /installation/index.php - 81 - ::1 Mozilla/5.0+(Windows+NT+6.3;+WOW64)+AppleWebKit/537.36+(KHTML,+like+Gecko)+Chrome/48.0.2564.97+Safari/537.36 http://localhost:81/installation/index.php 200 0 0 163
2016-08-03 03:36:16 ::1 GET /installation/index.php - 81 - ::1 Mozilla/5.0+(Windows+NT+6.3;+WOW64)+AppleWebKit/537.36+(KHTML,+like+Gecko)+Chrome/48.0.2564.97+Safari/537.36 http://localhost:81/installation/index.php 200 0 0 165
2016-08-03 03:41:16 ::1 GET /installation/index.php - 81 - ::1 Mozilla/5.0+(Windows+NT+6.3;+WOW64)+AppleWebKit/537.36+(KHTML,+like+Gecko)+Chrome/48.0.2564.97+Safari/537.36 http://localhost:81/installation/index.php 200 0 0 166
2016-08-03 03:46:16 ::1 GET /installation/index.php - 81 - ::1 Mozilla/5.0+(Windows+NT+6.3;+WOW64)+AppleWebKit/537.36+(KHTML,+like+Gecko)+Chrome/48.0.2564.97+Safari/537.36 http://localhost:81/installation/index.php 200 0 0 167
2016-08-03 03:51:16 ::1 GET /installation/index.php - 81 - ::1 Mozilla/5.0+(Windows+NT+6.3;+WOW64)+AppleWebKit/537.36+(KHTML,+like+Gecko)+Chrome/48.0.2564.97+Safari/537.36 http://localhost:81/installation/index.php 200 0 0 163
2016-08-03 03:56:16 ::1 GET /installation/index.php - 81 - ::1 Mozilla/5.0+(Windows+NT+6.3;+WOW64)+AppleWebKit/537.36+(KHTML,+like+Gecko)+Chrome/48.0.2564.97+Safari/537.36 http://localhost:81/installation/index.php 200 0 0 164
2016-08-03 04:01:16 ::1 GET /installation/index.php - 81 - ::1 Mozilla/5.0+(Windows+NT+6.3;+WOW64)+AppleWebKit/537.36+(KHTML,+like+Gecko)+Chrome/48.0.2564.97+Safari/537.36 http://localhost:81/installation/index.php 200 0 0 168
2016-08-03 04:06:16 ::1 GET /installation/index.php - 81 - ::1 Mozilla/5.0+(Windows+NT+6.3;+WOW64)+AppleWebKit/537.36+(KHTML,+like+Gecko)+Chrome/48.0.2564.97+Safari/537.36 http://localhost:81/installation/index.php 200 0 0 169
2016-08-03 04:11:16 ::1 GET /installation/index.php - 81 - ::1 Mozilla/5.0+(Windows+NT+6.3;+WOW64)+AppleWebKit/537.36+(KHTML,+like+Gecko)+Chrome/48.0.2564.97+Safari/537.36 http://localhost:81/installation/index.php 200 0 0 163
2016-08-03 04:16:16 ::1 GET /installation/index.php - 81 - ::1 Mozilla/5.0+(Windows+NT+6.3;+WOW64)+AppleWebKit/537.36+(KHTML,+like+Gecko)+Chrome/48.0.2564.97+Safari/537.36 http://localhost:81/installation/index.php 200 0 0 162
2016-08-03 04:21:16 ::1 GET /installation/index.php - 81 - ::1 Mozilla/5.0+(Windows+NT+6.3;+WOW64)+AppleWebKit/537.36+(KHTML,+like+Gecko)+Chrome/48.0.2564.97+Safari/537.36 http://localhost:81/installation/index.php 200 0 0 167
2016-08-03 04:26:16 ::1 GET /installation/index.php - 81 - ::1 Mozilla/5.0+(Windows+NT+6.3;+WOW64)+AppleWebKit/537.36+(KHTML,+like+Gecko)+Chrome/48.0.2564.97+Safari/537.36 http://localhost:81/installation/index.php 200 0 0 166
2016-08-03 04:31:16 ::1 GET /installation/index.php - 81 - ::1 Mozilla/5.0+(Windows+NT+6.3;+WOW64)+AppleWebKit/537.36+(KHTML,+like+Gecko)+Chrome/48.0.2564.97+Safari/537.36 http://localhost:81/installation/index.php 200 0 0 166
2016-08-03 04:36:16 ::1 GET /installation/index.php - 81 - ::1 Mozilla/5.0+(Windows+NT+6.3;+WOW64)+AppleWebKit/537.36+(KHTML,+like+Gecko)+Chrome/48.0.2564.97+Safari/537.36 http://localhost:81/installation/index.php 200 0 0 164
2016-08-03 04:41:16 ::1 GET /installation/index.php - 81 - ::1 Mozilla/5.0+(Windows+NT+6.3;+WOW64)+AppleWebKit/537.36+(KHTML,+like+Gecko)+Chrome/48.0.2564.97+Safari/537.36 http://localhost:81/installation/index.php 200 0 0 162
2016-08-03 04:46:16 ::1 GET /installation/index.php - 81 - ::1 Mozilla/5.0+(Windows+NT+6.3;+WOW64)+AppleWebKit/537.36+(KHTML,+like+Gecko)+Chrome/48.0.2564.97+Safari/537.36 http://localhost:81/installation/index.php 200 0 0 168
2016-08-03 04:51:16 ::1 GET /installation/index.php - 81 - ::1 Mozilla/5.0+(Windows+NT+6.3;+WOW64)+AppleWebKit/537.36+(KHTML,+like+Gecko)+Chrome/48.0.2564.97+Safari/537.36 http://localhost:81/installation/index.php 200 0 0 166
2016-08-03 04:56:16 ::1 GET /installation/index.php - 81 - ::1 Mozilla/5.0+(Windows+NT+6.3;+WOW64)+AppleWebKit/537.36+(KHTML,+like+Gecko)+Chrome/48.0.2564.97+Safari/537.36 http://localhost:81/installation/index.php 200 0 0 169
2016-08-03 05:01:16 ::1 GET /installation/index.php - 81 - ::1 Mozilla/5.0+(Windows+NT+6.3;+WOW64)+AppleWebKit/537.36+(KHTML,+like+Gecko)+Chrome/48.0.2564.97+Safari/537.36 http://localhost:81/installation/index.php 200 0 0 166
2016-08-03 05:06:16 ::1 GET /installation/index.php - 81 - ::1 Mozilla/5.0+(Windows+NT+6.3;+WOW64)+AppleWebKit/537.36+(KHTML,+like+Gecko)+Chrome/48.0.2564.97+Safari/537.36 http://localhost:81/installation/index.php 200 0 0 163
2016-08-03 05:11:16 ::1 GET /installation/index.php - 81 - ::1 Mozilla/5.0+(Windows+NT+6.3;+WOW64)+AppleWebKit/537.36+(KHTML,+like+Gecko)+Chrome/48.0.2564.97+Safari/537.36 http://localhost:81/installation/index.php 200 0 0 167
2016-08-03 05:16:17 ::1 GET /installation/index.php - 81 - ::1 Mozilla/5.0+(Windows+NT+6.3;+WOW64)+AppleWebKit/537.36+(KHTML,+like+Gecko)+Chrome/48.0.2564.97+Safari/537.36 http://localhost:81/installation/index.php 200 0 0 413
2016-08-03 05:21:16 ::1 GET /installation/index.php - 81 - ::1 Mozilla/5.0+(Windows+NT+6.3;+WOW64)+AppleWebKit/537.36+(KHTML,+like+Gecko)+Chrome/48.0.2564.97+Safari/537.36 http://localhost:81/installation/index.php 200 0 0 170
2016-08-03 05:26:16 ::1 GET /installation/index.php - 81 - ::1 Mozilla/5.0+(Windows+NT+6.3;+WOW64)+AppleWebKit/537.36+(KHTML,+like+Gecko)+Chrome/48.0.2564.97+Safari/537.36 http://localhost:81/installation/index.php 200 0 0 165
2016-08-03 05:31:16 ::1 GET /installation/index.php - 81 - ::1 Mozilla/5.0+(Windows+NT+6.3;+WOW64)+AppleWebKit/537.36+(KHTML,+like+Gecko)+Chrome/48.0.2564.97+Safari/537.36 http://localhost:81/installation/index.php 200 0 0 169
2016-08-03 05:36:16 ::1 GET /installation/index.php - 81 - ::1 Mozilla/5.0+(Windows+NT+6.3;+WOW64)+AppleWebKit/537.36+(KHTML,+like+Gecko)+Chrome/48.0.2564.97+Safari/537.36 http://localhost:81/installation/index.php 200 0 0 167
2016-08-03 05:41:16 ::1 GET /installation/index.php - 81 - ::1 Mozilla/5.0+(Windows+NT+6.3;+WOW64)+AppleWebKit/537.36+(KHTML,+like+Gecko)+Chrome/48.0.2564.97+Safari/537.36 http://localhost:81/installation/index.php 200 0 0 166
2016-08-03 05:46:16 ::1 GET /installation/index.php - 81 - ::1 Mozilla/5.0+(Windows+NT+6.3;+WOW64)+AppleWebKit/537.36+(KHTML,+like+Gecko)+Chrome/48.0.2564.97+Safari/537.36 http://localhost:81/installation/index.php 200 0 0 165
2016-08-03 05:51:16 ::1 GET /installation/index.php - 81 - ::1 Mozilla/5.0+(Windows+NT+6.3;+WOW64)+AppleWebKit/537.36+(KHTML,+like+Gecko)+Chrome/48.0.2564.97+Safari/537.36 http://localhost:81/installation/index.php 200 0 0 165
2016-08-03 05:56:16 ::1 GET /installation/index.php - 81 - ::1 Mozilla/5.0+(Windows+NT+6.3;+WOW64)+AppleWebKit/537.36+(KHTML,+like+Gecko)+Chrome/48.0.2564.97+Safari/537.36 http://localhost:81/installation/index.php 200 0 0 167
2016-08-03 06:01:16 ::1 GET /installation/index.php - 81 - ::1 Mozilla/5.0+(Windows+NT+6.3;+WOW64)+AppleWebKit/537.36+(KHTML,+like+Gecko)+Chrome/48.0.2564.97+Safari/537.36 http://localhost:81/installation/index.php 200 0 0 171
2016-08-03 06:06:16 ::1 GET /installation/index.php - 81 - ::1 Mozilla/5.0+(Windows+NT+6.3;+WOW64)+AppleWebKit/537.36+(KHTML,+like+Gecko)+Chrome/48.0.2564.97+Safari/537.36 http://localhost:81/installation/index.php 200 0 0 166
2016-08-03 06:11:16 ::1 GET /installation/index.php - 81 - ::1 Mozilla/5.0+(Windows+NT+6.3;+WOW64)+AppleWebKit/537.36+(KHTML,+like+Gecko)+Chrome/48.0.2564.97+Safari/537.36 http://localhost:81/installation/index.php 200 0 0 166
2016-08-03 06:16:16 ::1 GET /installation/index.php - 81 - ::1 Mozilla/5.0+(Windows+NT+6.3;+WOW64)+AppleWebKit/537.36+(KHTML,+like+Gecko)+Chrome/48.0.2564.97+Safari/537.36 http://localhost:81/installation/index.php 200 0 0 171
2016-08-03 06:21:16 ::1 GET /installation/index.php - 81 - ::1 Mozilla/5.0+(Windows+NT+6.3;+WOW64)+AppleWebKit/537.36+(KHTML,+like+Gecko)+Chrome/48.0.2564.97+Safari/537.36 http://localhost:81/installation/index.php 200 0 0 166
2016-08-03 06:26:16 ::1 GET /installation/index.php - 81 - ::1 Mozilla/5.0+(Windows+NT+6.3;+WOW64)+AppleWebKit/537.36+(KHTML,+like+Gecko)+Chrome/48.0.2564.97+Safari/537.36 http://localhost:81/installation/index.php 200 0 0 169
2016-08-03 06:31:16 ::1 GET /installation/index.php - 81 - ::1 Mozilla/5.0+(Windows+NT+6.3;+WOW64)+AppleWebKit/537.36+(KHTML,+like+Gecko)+Chrome/48.0.2564.97+Safari/537.36 http://localhost:81/installation/index.php 200 0 0 163
2016-08-03 06:36:16 ::1 GET /installation/index.php - 81 - ::1 Mozilla/5.0+(Windows+NT+6.3;+WOW64)+AppleWebKit/537.36+(KHTML,+like+Gecko)+Chrome/48.0.2564.97+Safari/537.36 http://localhost:81/installation/index.php 200 0 0 168
2016-08-03 06:41:16 ::1 GET /installation/index.php - 81 - ::1 Mozilla/5.0+(Windows+NT+6.3;+WOW64)+AppleWebKit/537.36+(KHTML,+like+Gecko)+Chrome/48.0.2564.97+Safari/537.36 http://localhost:81/installation/index.php 200 0 0 166
2016-08-03 06:46:16 ::1 GET /installation/index.php - 81 - ::1 Mozilla/5.0+(Windows+NT+6.3;+WOW64)+AppleWebKit/537.36+(KHTML,+like+Gecko)+Chrome/48.0.2564.97+Safari/537.36 http://localhost:81/installation/index.php 200 0 0 167
2016-08-03 06:51:16 ::1 GET /installation/index.php - 81 - ::1 Mozilla/5.0+(Windows+NT+6.3;+WOW64)+AppleWebKit/537.36+(KHTML,+like+Gecko)+Chrome/48.0.2564.97+Safari/537.36 http://localhost:81/installation/index.php 200 0 0 169
2016-08-03 06:56:16 ::1 GET /installation/index.php - 81 - ::1 Mozilla/5.0+(Windows+NT+6.3;+WOW64)+AppleWebKit/537.36+(KHTML,+like+Gecko)+Chrome/48.0.2564.97+Safari/537.36 http://localhost:81/installation/index.php 200 0 0 162
2016-08-03 07:01:16 ::1 GET /installation/index.php - 81 - ::1 Mozilla/5.0+(Windows+NT+6.3;+WOW64)+AppleWebKit/537.36+(KHTML,+like+Gecko)+Chrome/48.0.2564.97+Safari/537.36 http://localhost:81/installation/index.php 200 0 0 173
2016-08-03 07:06:16 ::1 GET /installation/index.php - 81 - ::1 Mozilla/5.0+(Windows+NT+6.3;+WOW64)+AppleWebKit/537.36+(KHTML,+like+Gecko)+Chrome/48.0.2564.97+Safari/537.36 http://localhost:81/installation/index.php 200 0 0 166
2016-08-03 07:11:16 ::1 GET /installation/index.php - 81 - ::1 Mozilla/5.0+(Windows+NT+6.3;+WOW64)+AppleWebKit/537.36+(KHTML,+like+Gecko)+Chrome/48.0.2564.97+Safari/537.36 http://localhost:81/installation/index.php 200 0 0 165
2016-08-03 07:16:16 ::1 GET /installation/index.php - 81 - ::1 Mozilla/5.0+(Windows+NT+6.3;+WOW64)+AppleWebKit/537.36+(KHTML,+like+Gecko)+Chrome/48.0.2564.97+Safari/537.36 http://localhost:81/installation/index.php 200 0 0 168
2016-08-03 07:21:16 ::1 GET /installation/index.php - 81 - ::1 Mozilla/5.0+(Windows+NT+6.3;+WOW64)+AppleWebKit/537.36+(KHTML,+like+Gecko)+Chrome/48.0.2564.97+Safari/537.36 http://localhost:81/installation/index.php 200 0 0 165
2016-08-03 07:26:16 ::1 GET /installation/index.php - 81 - ::1 Mozilla/5.0+(Windows+NT+6.3;+WOW64)+AppleWebKit/537.36+(KHTML,+like+Gecko)+Chrome/48.0.2564.97+Safari/537.36 http://localhost:81/installation/index.php 200 0 0 166
2016-08-03 07:31:16 ::1 GET /installation/index.php - 81 - ::1 Mozilla/5.0+(Windows+NT+6.3;+WOW64)+AppleWebKit/537.36+(KHTML,+like+Gecko)+Chrome/48.0.2564.97+Safari/537.36 http://localhost:81/installation/index.php 200 0 0 167
2016-08-03 07:36:16 ::1 GET /installation/index.php - 81 - ::1 Mozilla/5.0+(Windows+NT+6.3;+WOW64)+AppleWebKit/537.36+(KHTML,+like+Gecko)+Chrome/48.0.2564.97+Safari/537.36 http://localhost:81/installation/index.php 200 0 0 165
2016-08-03 07:41:16 ::1 GET /installation/index.php - 81 - ::1 Mozilla/5.0+(Windows+NT+6.3;+WOW64)+AppleWebKit/537.36+(KHTML,+like+Gecko)+Chrome/48.0.2564.97+Safari/537.36 http://localhost:81/installation/index.php 200 0 0 167
2016-08-03 07:46:16 ::1 GET /installation/index.php - 81 - ::1 Mozilla/5.0+(Windows+NT+6.3;+WOW64)+AppleWebKit/537.36+(KHTML,+like+Gecko)+Chrome/48.0.2564.97+Safari/537.36 http://localhost:81/installation/index.php 200 0 0 165
2016-08-03 07:51:16 ::1 GET /installation/index.php - 81 - ::1 Mozilla/5.0+(Windows+NT+6.3;+WOW64)+AppleWebKit/537.36+(KHTML,+like+Gecko)+Chrome/48.0.2564.97+Safari/537.36 http://localhost:81/installation/index.php 200 0 0 174
2016-08-03 07:56:16 ::1 GET /installation/index.php - 81 - ::1 Mozilla/5.0+(Windows+NT+6.3;+WOW64)+AppleWebKit/537.36+(KHTML,+like+Gecko)+Chrome/48.0.2564.97+Safari/537.36 http://localhost:81/installation/index.php 200 0 0 166
2016-08-03 08:01:16 ::1 GET /installation/index.php - 81 - ::1 Mozilla/5.0+(Windows+NT+6.3;+WOW64)+AppleWebKit/537.36+(KHTML,+like+Gecko)+Chrome/48.0.2564.97+Safari/537.36 http://localhost:81/installation/index.php 200 0 0 176
2016-08-03 08:06:16 ::1 GET /installation/index.php - 81 - ::1 Mozilla/5.0+(Windows+NT+6.3;+WOW64)+AppleWebKit/537.36+(KHTML,+like+Gecko)+Chrome/48.0.2564.97+Safari/537.36 http://localhost:81/installation/index.php 200 0 0 173
2016-08-03 08:11:16 ::1 GET /installation/index.php - 81 - ::1 Mozilla/5.0+(Windows+NT+6.3;+WOW64)+AppleWebKit/537.36+(KHTML,+like+Gecko)+Chrome/48.0.2564.97+Safari/537.36 http://localhost:81/installation/index.php 200 0 0 168
2016-08-03 08:16:16 ::1 GET /installation/index.php - 81 - ::1 Mozilla/5.0+(Windows+NT+6.3;+WOW64)+AppleWebKit/537.36+(KHTML,+like+Gecko)+Chrome/48.0.2564.97+Safari/537.36 http://localhost:81/installation/index.php 200 0 0 163
2016-08-03 08:21:16 ::1 GET /installation/index.php - 81 - ::1 Mozilla/5.0+(Windows+NT+6.3;+WOW64)+AppleWebKit/537.36+(KHTML,+like+Gecko)+Chrome/48.0.2564.97+Safari/537.36 http://localhost:81/installation/index.php 200 0 0 164
2016-08-03 08:26:16 ::1 GET /installation/index.php - 81 - ::1 Mozilla/5.0+(Windows+NT+6.3;+WOW64)+AppleWebKit/537.36+(KHTML,+like+Gecko)+Chrome/48.0.2564.97+Safari/537.36 http://localhost:81/installation/index.php 200 0 0 164
2016-08-03 08:31:16 ::1 GET /installation/index.php - 81 - ::1 Mozilla/5.0+(Windows+NT+6.3;+WOW64)+AppleWebKit/537.36+(KHTML,+like+Gecko)+Chrome/48.0.2564.97+Safari/537.36 http://localhost:81/installation/index.php 200 0 0 166
2016-08-03 08:36:16 ::1 GET /installation/index.php - 81 - ::1 Mozilla/5.0+(Windows+NT+6.3;+WOW64)+AppleWebKit/537.36+(KHTML,+like+Gecko)+Chrome/48.0.2564.97+Safari/537.36 http://localhost:81/installation/index.php 200 0 0 164
2016-08-03 08:41:16 ::1 GET /installation/index.php - 81 - ::1 Mozilla/5.0+(Windows+NT+6.3;+WOW64)+AppleWebKit/537.36+(KHTML,+like+Gecko)+Chrome/48.0.2564.97+Safari/537.36 http://localhost:81/installation/index.php 200 0 0 162
2016-08-03 08:46:16 ::1 GET /installation/index.php - 81 - ::1 Mozilla/5.0+(Windows+NT+6.3;+WOW64)+AppleWebKit/537.36+(KHTML,+like+Gecko)+Chrome/48.0.2564.97+Safari/537.36 http://localhost:81/installation/index.php 200 0 0 165
2016-08-03 08:51:16 ::1 GET /installation/index.php - 81 - ::1 Mozilla/5.0+(Windows+NT+6.3;+WOW64)+AppleWebKit/537.36+(KHTML,+like+Gecko)+Chrome/48.0.2564.97+Safari/537.36 http://localhost:81/installation/index.php 200 0 0 167
2016-08-03 08:56:16 ::1 GET /installation/index.php - 81 - ::1 Mozilla/5.0+(Windows+NT+6.3;+WOW64)+AppleWebKit/537.36+(KHTML,+like+Gecko)+Chrome/48.0.2564.97+Safari/537.36 http://localhost:81/installation/index.php 200 0 0 167
2016-08-03 09:01:16 ::1 GET /installation/index.php - 81 - ::1 Mozilla/5.0+(Windows+NT+6.3;+WOW64)+AppleWebKit/537.36+(KHTML,+like+Gecko)+Chrome/48.0.2564.97+Safari/537.36 http://localhost:81/installation/index.php 200 0 0 165
2016-08-03 09:06:16 ::1 GET /installation/index.php - 81 - ::1 Mozilla/5.0+(Windows+NT+6.3;+WOW64)+AppleWebKit/537.36+(KHTML,+like+Gecko)+Chrome/48.0.2564.97+Safari/537.36 http://localhost:81/installation/index.php 200 0 0 166
2016-08-03 09:11:16 ::1 GET /installation/index.php - 81 - ::1 Mozilla/5.0+(Windows+NT+6.3;+WOW64)+AppleWebKit/537.36+(KHTML,+like+Gecko)+Chrome/48.0.2564.97+Safari/537.36 http://localhost:81/installation/index.php 200 0 0 165
2016-08-03 09:16:16 ::1 GET /installation/index.php - 81 - ::1 Mozilla/5.0+(Windows+NT+6.3;+WOW64)+AppleWebKit/537.36+(KHTML,+like+Gecko)+Chrome/48.0.2564.97+Safari/537.36 http://localhost:81/installation/index.php 200 0 0 164
2016-08-03 09:21:16 ::1 GET /installation/index.php - 81 - ::1 Mozilla/5.0+(Windows+NT+6.3;+WOW64)+AppleWebKit/537.36+(KHTML,+like+Gecko)+Chrome/48.0.2564.97+Safari/537.36 http://localhost:81/installation/index.php 200 0 0 162
2016-08-03 09:26:16 ::1 GET /installation/index.php - 81 - ::1 Mozilla/5.0+(Windows+NT+6.3;+WOW64)+AppleWebKit/537.36+(KHTML,+like+Gecko)+Chrome/48.0.2564.97+Safari/537.36 http://localhost:81/installation/index.php 200 0 0 165
2016-08-03 09:31:16 ::1 GET /installation/index.php - 81 - ::1 Mozilla/5.0+(Windows+NT+6.3;+WOW64)+AppleWebKit/537.36+(KHTML,+like+Gecko)+Chrome/48.0.2564.97+Safari/537.36 http://localhost:81/installation/index.php 200 0 0 161
2016-08-03 09:36:16 ::1 GET /installation/index.php - 81 - ::1 Mozilla/5.0+(Windows+NT+6.3;+WOW64)+AppleWebKit/537.36+(KHTML,+like+Gecko)+Chrome/48.0.2564.97+Safari/537.36 http://localhost:81/installation/index.php 200 0 0 163
2016-08-03 09:41:16 ::1 GET /installation/index.php - 81 - ::1 Mozilla/5.0+(Windows+NT+6.3;+WOW64)+AppleWebKit/537.36+(KHTML,+like+Gecko)+Chrome/48.0.2564.97+Safari/537.36 http://localhost:81/installation/index.php 200 0 0 169
2016-08-03 09:46:16 ::1 GET /installation/index.php - 81 - ::1 Mozilla/5.0+(Windows+NT+6.3;+WOW64)+AppleWebKit/537.36+(KHTML,+like+Gecko)+Chrome/48.0.2564.97+Safari/537.36 http://localhost:81/installation/index.php 200 0 0 165
2016-08-03 09:51:16 ::1 GET /installation/index.php - 81 - ::1 Mozilla/5.0+(Windows+NT+6.3;+WOW64)+AppleWebKit/537.36+(KHTML,+like+Gecko)+Chrome/48.0.2564.97+Safari/537.36 http://localhost:81/installation/index.php 200 0 0 165
2016-08-03 09:56:16 ::1 GET /installation/index.php - 81 - ::1 Mozilla/5.0+(Windows+NT+6.3;+WOW64)+AppleWebKit/537.36+(KHTML,+like+Gecko)+Chrome/48.0.2564.97+Safari/537.36 http://localhost:81/installation/index.php 200 0 0 165
2016-08-03 10:01:16 ::1 GET /installation/index.php - 81 - ::1 Mozilla/5.0+(Windows+NT+6.3;+WOW64)+AppleWebKit/537.36+(KHTML,+like+Gecko)+Chrome/48.0.2564.97+Safari/537.36 http://localhost:81/installation/index.php 200 0 0 165
2016-08-03 10:06:16 ::1 GET /installation/index.php - 81 - ::1 Mozilla/5.0+(Windows+NT+6.3;+WOW64)+AppleWebKit/537.36+(KHTML,+like+Gecko)+Chrome/48.0.2564.97+Safari/537.36 http://localhost:81/installation/index.php 200 0 0 166
2016-08-03 10:11:16 ::1 GET /installation/index.php - 81 - ::1 Mozilla/5.0+(Windows+NT+6.3;+WOW64)+AppleWebKit/537.36+(KHTML,+like+Gecko)+Chrome/48.0.2564.97+Safari/537.36 http://localhost:81/installation/index.php 200 0 0 165
2016-08-03 10:16:16 ::1 GET /installation/index.php - 81 - ::1 Mozilla/5.0+(Windows+NT+6.3;+WOW64)+AppleWebKit/537.36+(KHTML,+like+Gecko)+Chrome/48.0.2564.97+Safari/537.36 http://localhost:81/installation/index.php 200 0 0 166
2016-08-03 10:21:16 ::1 GET /installation/index.php - 81 - ::1 Mozilla/5.0+(Windows+NT+6.3;+WOW64)+AppleWebKit/537.36+(KHTML,+like+Gecko)+Chrome/48.0.2564.97+Safari/537.36 http://localhost:81/installation/index.php 200 0 0 166
2016-08-03 10:26:16 ::1 GET /installation/index.php - 81 - ::1 Mozilla/5.0+(Windows+NT+6.3;+WOW64)+AppleWebKit/537.36+(KHTML,+like+Gecko)+Chrome/48.0.2564.97+Safari/537.36 http://localhost:81/installation/index.php 200 0 0 164
2016-08-03 10:31:16 ::1 GET /installation/index.php - 81 - ::1 Mozilla/5.0+(Windows+NT+6.3;+WOW64)+AppleWebKit/537.36+(KHTML,+like+Gecko)+Chrome/48.0.2564.97+Safari/537.36 http://localhost:81/installation/index.php 200 0 0 164
2016-08-03 10:36:16 ::1 GET /installation/index.php - 81 - ::1 Mozilla/5.0+(Windows+NT+6.3;+WOW64)+AppleWebKit/537.36+(KHTML,+like+Gecko)+Chrome/48.0.2564.97+Safari/537.36 http://localhost:81/installation/index.php 200 0 0 163
2016-08-03 10:41:16 ::1 GET /installation/index.php - 81 - ::1 Mozilla/5.0+(Windows+NT+6.3;+WOW64)+AppleWebKit/537.36+(KHTML,+like+Gecko)+Chrome/48.0.2564.97+Safari/537.36 http://localhost:81/installation/index.php 200 0 0 164
2016-08-03 10:46:16 ::1 GET /installation/index.php - 81 - ::1 Mozilla/5.0+(Windows+NT+6.3;+WOW64)+AppleWebKit/537.36+(KHTML,+like+Gecko)+Chrome/48.0.2564.97+Safari/537.36 http://localhost:81/installation/index.php 200 0 0 165
2016-08-03 10:51:16 ::1 GET /installation/index.php - 81 - ::1 Mozilla/5.0+(Windows+NT+6.3;+WOW64)+AppleWebKit/537.36+(KHTML,+like+Gecko)+Chrome/48.0.2564.97+Safari/537.36 http://localhost:81/installation/index.php 200 0 0 166
2016-08-03 10:56:16 ::1 GET /installation/index.php - 81 - ::1 Mozilla/5.0+(Windows+NT+6.3;+WOW64)+AppleWebKit/537.36+(KHTML,+like+Gecko)+Chrome/48.0.2564.97+Safari/537.36 http://localhost:81/installation/index.php 200 0 0 164
2016-08-03 11:01:16 ::1 GET /installation/index.php - 81 - ::1 Mozilla/5.0+(Windows+NT+6.3;+WOW64)+AppleWebKit/537.36+(KHTML,+like+Gecko)+Chrome/48.0.2564.97+Safari/537.36 http://localhost:81/installation/index.php 200 0 0 164
2016-08-03 11:06:16 ::1 GET /installation/index.php - 81 - ::1 Mozilla/5.0+(Windows+NT+6.3;+WOW64)+AppleWebKit/537.36+(KHTML,+like+Gecko)+Chrome/48.0.2564.97+Safari/537.36 http://localhost:81/installation/index.php 200 0 0 164
2016-08-03 11:11:16 ::1 GET /installation/index.php - 81 - ::1 Mozilla/5.0+(Windows+NT+6.3;+WOW64)+AppleWebKit/537.36+(KHTML,+like+Gecko)+Chrome/48.0.2564.97+Safari/537.36 http://localhost:81/installation/index.php 200 0 0 163
2016-08-03 11:16:16 ::1 GET /installation/index.php - 81 - ::1 Mozilla/5.0+(Windows+NT+6.3;+WOW64)+AppleWebKit/537.36+(KHTML,+like+Gecko)+Chrome/48.0.2564.97+Safari/537.36 http://localhost:81/installation/index.php 200 0 0 163
2016-08-03 11:21:16 ::1 GET /installation/index.php - 81 - ::1 Mozilla/5.0+(Windows+NT+6.3;+WOW64)+AppleWebKit/537.36+(KHTML,+like+Gecko)+Chrome/48.0.2564.97+Safari/537.36 http://localhost:81/installation/index.php 200 0 0 165
2016-08-03 11:26:16 ::1 GET /installation/index.php - 81 - ::1 Mozilla/5.0+(Windows+NT+6.3;+WOW64)+AppleWebKit/537.36+(KHTML,+like+Gecko)+Chrome/48.0.2564.97+Safari/537.36 http://localhost:81/installation/index.php 200 0 0 164
2016-08-03 11:31:16 ::1 GET /installation/index.php - 81 - ::1 Mozilla/5.0+(Windows+NT+6.3;+WOW64)+AppleWebKit/537.36+(KHTML,+like+Gecko)+Chrome/48.0.2564.97+Safari/537.36 http://localhost:81/installation/index.php 200 0 0 164
2016-08-03 11:36:16 ::1 GET /installation/index.php - 81 - ::1 Mozilla/5.0+(Windows+NT+6.3;+WOW64)+AppleWebKit/537.36+(KHTML,+like+Gecko)+Chrome/48.0.2564.97+Safari/537.36 http://localhost:81/installation/index.php 200 0 0 165
2016-08-03 11:41:16 ::1 GET /installation/index.php - 81 - ::1 Mozilla/5.0+(Windows+NT+6.3;+WOW64)+AppleWebKit/537.36+(KHTML,+like+Gecko)+Chrome/48.0.2564.97+Safari/537.36 http://localhost:81/installation/index.php 200 0 0 162
2016-08-03 11:46:16 ::1 GET /installation/index.php - 81 - ::1 Mozilla/5.0+(Windows+NT+6.3;+WOW64)+AppleWebKit/537.36+(KHTML,+like+Gecko)+Chrome/48.0.2564.97+Safari/537.36 http://localhost:81/installation/index.php 200 0 0 166
2016-08-03 11:51:16 ::1 GET /installation/index.php - 81 - ::1 Mozilla/5.0+(Windows+NT+6.3;+WOW64)+AppleWebKit/537.36+(KHTML,+like+Gecko)+Chrome/48.0.2564.97+Safari/537.36 http://localhost:81/installation/index.php 200 0 0 164
2016-08-03 11:56:16 ::1 GET /installation/index.php - 81 - ::1 Mozilla/5.0+(Windows+NT+6.3;+WOW64)+AppleWebKit/537.36+(KHTML,+like+Gecko)+Chrome/48.0.2564.97+Safari/537.36 http://localhost:81/installation/index.php 200 0 0 167
2016-08-03 12:01:16 ::1 GET /installation/index.php - 81 - ::1 Mozilla/5.0+(Windows+NT+6.3;+WOW64)+AppleWebKit/537.36+(KHTML,+like+Gecko)+Chrome/48.0.2564.97+Safari/537.36 http://localhost:81/installation/index.php 200 0 0 166
2016-08-03 12:06:16 ::1 GET /installation/index.php - 81 - ::1 Mozilla/5.0+(Windows+NT+6.3;+WOW64)+AppleWebKit/537.36+(KHTML,+like+Gecko)+Chrome/48.0.2564.97+Safari/537.36 http://localhost:81/installation/index.php 200 0 0 163
2016-08-03 12:11:16 ::1 GET /installation/index.php - 81 - ::1 Mozilla/5.0+(Windows+NT+6.3;+WOW64)+AppleWebKit/537.36+(KHTML,+like+Gecko)+Chrome/48.0.2564.97+Safari/537.36 http://localhost:81/installation/index.php 200 0 0 165
2016-08-03 12:16:16 ::1 GET /installation/index.php - 81 - ::1 Mozilla/5.0+(Windows+NT+6.3;+WOW64)+AppleWebKit/537.36+(KHTML,+like+Gecko)+Chrome/48.0.2564.97+Safari/537.36 http://localhost:81/installation/index.php 200 0 0 164
2016-08-03 12:21:16 ::1 GET /installation/index.php - 81 - ::1 Mozilla/5.0+(Windows+NT+6.3;+WOW64)+AppleWebKit/537.36+(KHTML,+like+Gecko)+Chrome/48.0.2564.97+Safari/537.36 http://localhost:81/installation/index.php 200 0 0 165
2016-08-03 12:26:16 ::1 GET /installation/index.php - 81 - ::1 Mozilla/5.0+(Windows+NT+6.3;+WOW64)+AppleWebKit/537.36+(KHTML,+like+Gecko)+Chrome/48.0.2564.97+Safari/537.36 http://localhost:81/installation/index.php 200 0 0 165
2016-08-03 12:31:16 ::1 GET /installation/index.php - 81 - ::1 Mozilla/5.0+(Windows+NT+6.3;+WOW64)+AppleWebKit/537.36+(KHTML,+like+Gecko)+Chrome/48.0.2564.97+Safari/537.36 http://localhost:81/installation/index.php 200 0 0 166
2016-08-03 12:36:16 ::1 GET /installation/index.php - 81 - ::1 Mozilla/5.0+(Windows+NT+6.3;+WOW64)+AppleWebKit/537.36+(KHTML,+like+Gecko)+Chrome/48.0.2564.97+Safari/537.36 http://localhost:81/installation/index.php 200 0 0 163
2016-08-03 12:41:16 ::1 GET /installation/index.php - 81 - ::1 Mozilla/5.0+(Windows+NT+6.3;+WOW64)+AppleWebKit/537.36+(KHTML,+like+Gecko)+Chrome/48.0.2564.97+Safari/537.36 http://localhost:81/installation/index.php 200 0 0 163
2016-08-03 12:46:16 ::1 GET /installation/index.php - 81 - ::1 Mozilla/5.0+(Windows+NT+6.3;+WOW64)+AppleWebKit/537.36+(KHTML,+like+Gecko)+Chrome/48.0.2564.97+Safari/537.36 http://localhost:81/installation/index.php 200 0 0 165
2016-08-03 12:51:16 ::1 GET /installation/index.php - 81 - ::1 Mozilla/5.0+(Windows+NT+6.3;+WOW64)+AppleWebKit/537.36+(KHTML,+like+Gecko)+Chrome/48.0.2564.97+Safari/537.36 http://localhost:81/installation/index.php 200 0 0 166
2016-08-03 12:56:16 ::1 GET /installation/index.php - 81 - ::1 Mozilla/5.0+(Windows+NT+6.3;+WOW64)+AppleWebKit/537.36+(KHTML,+like+Gecko)+Chrome/48.0.2564.97+Safari/537.36 http://localhost:81/installation/index.php 200 0 0 164
2016-08-03 13:01:16 ::1 GET /installation/index.php - 81 - ::1 Mozilla/5.0+(Windows+NT+6.3;+WOW64)+AppleWebKit/537.36+(KHTML,+like+Gecko)+Chrome/48.0.2564.97+Safari/537.36 http://localhost:81/installation/index.php 200 0 0 162
2016-08-03 13:06:16 ::1 GET /installation/index.php - 81 - ::1 Mozilla/5.0+(Windows+NT+6.3;+WOW64)+AppleWebKit/537.36+(KHTML,+like+Gecko)+Chrome/48.0.2564.97+Safari/537.36 http://localhost:81/installation/index.php 200 0 0 162
2016-08-03 13:11:16 ::1 GET /installation/index.php - 81 - ::1 Mozilla/5.0+(Windows+NT+6.3;+WOW64)+AppleWebKit/537.36+(KHTML,+like+Gecko)+Chrome/48.0.2564.97+Safari/537.36 http://localhost:81/installation/index.php 200 0 0 165
2016-08-03 13:16:16 ::1 GET /installation/index.php - 81 - ::1 Mozilla/5.0+(Windows+NT+6.3;+WOW64)+AppleWebKit/537.36+(KHTML,+like+Gecko)+Chrome/48.0.2564.97+Safari/537.36 http://localhost:81/installation/index.php 200 0 0 167
2016-08-03 13:21:16 ::1 GET /installation/index.php - 81 - ::1 Mozilla/5.0+(Windows+NT+6.3;+WOW64)+AppleWebKit/537.36+(KHTML,+like+Gecko)+Chrome/48.0.2564.97+Safari/537.36 http://localhost:81/installation/index.php 200 0 0 165
2016-08-03 13:26:16 ::1 GET /installation/index.php - 81 - ::1 Mozilla/5.0+(Windows+NT+6.3;+WOW64)+AppleWebKit/537.36+(KHTML,+like+Gecko)+Chrome/48.0.2564.97+Safari/537.36 http://localhost:81/installation/index.php 200 0 0 161
2016-08-03 13:31:16 ::1 GET /installation/index.php - 81 - ::1 Mozilla/5.0+(Windows+NT+6.3;+WOW64)+AppleWebKit/537.36+(KHTML,+like+Gecko)+Chrome/48.0.2564.97+Safari/537.36 http://localhost:81/installation/index.php 200 0 0 164
2016-08-03 13:36:16 ::1 GET /installation/index.php - 81 - ::1 Mozilla/5.0+(Windows+NT+6.3;+WOW64)+AppleWebKit/537.36+(KHTML,+like+Gecko)+Chrome/48.0.2564.97+Safari/537.36 http://localhost:81/installation/index.php 200 0 0 169
2016-08-03 13:41:16 ::1 GET /installation/index.php - 81 - ::1 Mozilla/5.0+(Windows+NT+6.3;+WOW64)+AppleWebKit/537.36+(KHTML,+like+Gecko)+Chrome/48.0.2564.97+Safari/537.36 http://localhost:81/installation/index.php 200 0 0 166
2016-08-03 13:46:16 ::1 GET /installation/index.php - 81 - ::1 Mozilla/5.0+(Windows+NT+6.3;+WOW64)+AppleWebKit/537.36+(KHTML,+like+Gecko)+Chrome/48.0.2564.97+Safari/537.36 http://localhost:81/installation/index.php 200 0 0 164
2016-08-03 13:51:16 ::1 GET /installation/index.php - 81 - ::1 Mozilla/5.0+(Windows+NT+6.3;+WOW64)+AppleWebKit/537.36+(KHTML,+like+Gecko)+Chrome/48.0.2564.97+Safari/537.36 http://localhost:81/installation/index.php 200 0 0 163
2016-08-03 13:56:16 ::1 GET /installation/index.php - 81 - ::1 Mozilla/5.0+(Windows+NT+6.3;+WOW64)+AppleWebKit/537.36+(KHTML,+like+Gecko)+Chrome/48.0.2564.97+Safari/537.36 http://localhost:81/installation/index.php 200 0 0 167
2016-08-03 14:01:16 ::1 GET /installation/index.php - 81 - ::1 Mozilla/5.0+(Windows+NT+6.3;+WOW64)+AppleWebKit/537.36+(KHTML,+like+Gecko)+Chrome/48.0.2564.97+Safari/537.36 http://localhost:81/installation/index.php 200 0 0 161
2016-08-03 14:06:16 ::1 GET /installation/index.php - 81 - ::1 Mozilla/5.0+(Windows+NT+6.3;+WOW64)+AppleWebKit/537.36+(KHTML,+like+Gecko)+Chrome/48.0.2564.97+Safari/537.36 http://localhost:81/installation/index.php 200 0 0 163
2016-08-03 14:11:16 ::1 GET /installation/index.php - 81 - ::1 Mozilla/5.0+(Windows+NT+6.3;+WOW64)+AppleWebKit/537.36+(KHTML,+like+Gecko)+Chrome/48.0.2564.97+Safari/537.36 http://localhost:81/installation/index.php 200 0 0 168
2016-08-03 14:16:16 ::1 GET /installation/index.php - 81 - ::1 Mozilla/5.0+(Windows+NT+6.3;+WOW64)+AppleWebKit/537.36+(KHTML,+like+Gecko)+Chrome/48.0.2564.97+Safari/537.36 http://localhost:81/installation/index.php 200 0 0 166
2016-08-03 14:21:16 ::1 GET /installation/index.php - 81 - ::1 Mozilla/5.0+(Windows+NT+6.3;+WOW64)+AppleWebKit/537.36+(KHTML,+like+Gecko)+Chrome/48.0.2564.97+Safari/537.36 http://localhost:81/installation/index.php 200 0 0 165
2016-08-03 14:26:16 ::1 GET /installation/index.php - 81 - ::1 Mozilla/5.0+(Windows+NT+6.3;+WOW64)+AppleWebKit/537.36+(KHTML,+like+Gecko)+Chrome/48.0.2564.97+Safari/537.36 http://localhost:81/installation/index.php 200 0 0 163
2016-08-03 14:31:16 ::1 GET /installation/index.php - 81 - ::1 Mozilla/5.0+(Windows+NT+6.3;+WOW64)+AppleWebKit/537.36+(KHTML,+like+Gecko)+Chrome/48.0.2564.97+Safari/537.36 http://localhost:81/installation/index.php 200 0 0 162
2016-08-03 14:36:16 ::1 GET /installation/index.php - 81 - ::1 Mozilla/5.0+(Windows+NT+6.3;+WOW64)+AppleWebKit/537.36+(KHTML,+like+Gecko)+Chrome/48.0.2564.97+Safari/537.36 http://localhost:81/installation/index.php 200 0 0 165
2016-08-03 14:41:16 ::1 GET /installation/index.php - 81 - ::1 Mozilla/5.0+(Windows+NT+6.3;+WOW64)+AppleWebKit/537.36+(KHTML,+like+Gecko)+Chrome/48.0.2564.97+Safari/537.36 http://localhost:81/installation/index.php 200 0 0 168
2016-08-03 14:46:16 ::1 GET /installation/index.php - 81 - ::1 Mozilla/5.0+(Windows+NT+6.3;+WOW64)+AppleWebKit/537.36+(KHTML,+like+Gecko)+Chrome/48.0.2564.97+Safari/537.36 http://localhost:81/installation/index.php 200 0 0 167
2016-08-03 14:51:16 ::1 GET /installation/index.php - 81 - ::1 Mozilla/5.0+(Windows+NT+6.3;+WOW64)+AppleWebKit/537.36+(KHTML,+like+Gecko)+Chrome/48.0.2564.97+Safari/537.36 http://localhost:81/installation/index.php 200 0 0 169
2016-08-03 14:56:16 ::1 GET /installation/index.php - 81 - ::1 Mozilla/5.0+(Windows+NT+6.3;+WOW64)+AppleWebKit/537.36+(KHTML,+like+Gecko)+Chrome/48.0.2564.97+Safari/537.36 http://localhost:81/installation/index.php 200 0 0 163
2016-08-03 15:01:16 ::1 GET /installation/index.php - 81 - ::1 Mozilla/5.0+(Windows+NT+6.3;+WOW64)+AppleWebKit/537.36+(KHTML,+like+Gecko)+Chrome/48.0.2564.97+Safari/537.36 http://localhost:81/installation/index.php 200 0 0 166
2016-08-03 15:06:16 ::1 GET /installation/index.php - 81 - ::1 Mozilla/5.0+(Windows+NT+6.3;+WOW64)+AppleWebKit/537.36+(KHTML,+like+Gecko)+Chrome/48.0.2564.97+Safari/537.36 http://localhost:81/installation/index.php 200 0 0 164
2016-08-03 15:11:16 ::1 GET /installation/index.php - 81 - ::1 Mozilla/5.0+(Windows+NT+6.3;+WOW64)+AppleWebKit/537.36+(KHTML,+like+Gecko)+Chrome/48.0.2564.97+Safari/537.36 http://localhost:81/installation/index.php 200 0 0 162
2016-08-03 15:16:16 ::1 GET /installation/index.php - 81 - ::1 Mozilla/5.0+(Windows+NT+6.3;+WOW64)+AppleWebKit/537.36+(KHTML,+like+Gecko)+Chrome/48.0.2564.97+Safari/537.36 http://localhost:81/installation/index.php 200 0 0 167
2016-08-03 15:21:16 ::1 GET /installation/index.php - 81 - ::1 Mozilla/5.0+(Windows+NT+6.3;+WOW64)+AppleWebKit/537.36+(KHTML,+like+Gecko)+Chrome/48.0.2564.97+Safari/537.36 http://localhost:81/installation/index.php 200 0 0 166
2016-08-03 15:26:16 ::1 GET /installation/index.php - 81 - ::1 Mozilla/5.0+(Windows+NT+6.3;+WOW64)+AppleWebKit/537.36+(KHTML,+like+Gecko)+Chrome/48.0.2564.97+Safari/537.36 http://localhost:81/installation/index.php 200 0 0 165
2016-08-03 15:31:16 ::1 GET /installation/index.php - 81 - ::1 Mozilla/5.0+(Windows+NT+6.3;+WOW64)+AppleWebKit/537.36+(KHTML,+like+Gecko)+Chrome/48.0.2564.97+Safari/537.36 http://localhost:81/installation/index.php 200 0 0 168
2016-08-03 15:36:16 ::1 GET /installation/index.php - 81 - ::1 Mozilla/5.0+(Windows+NT+6.3;+WOW64)+AppleWebKit/537.36+(KHTML,+like+Gecko)+Chrome/48.0.2564.97+Safari/537.36 http://localhost:81/installation/index.php 200 0 0 386
2016-08-03 15:41:16 ::1 GET /installation/index.php - 81 - ::1 Mozilla/5.0+(Windows+NT+6.3;+WOW64)+AppleWebKit/537.36+(KHTML,+like+Gecko)+Chrome/48.0.2564.97+Safari/537.36 http://localhost:81/installation/index.php 200 0 0 168
2016-08-03 15:46:16 ::1 GET /installation/index.php - 81 - ::1 Mozilla/5.0+(Windows+NT+6.3;+WOW64)+AppleWebKit/537.36+(KHTML,+like+Gecko)+Chrome/48.0.2564.97+Safari/537.36 http://localhost:81/installation/index.php 200 0 0 162
2016-08-03 15:51:16 ::1 GET /installation/index.php - 81 - ::1 Mozilla/5.0+(Windows+NT+6.3;+WOW64)+AppleWebKit/537.36+(KHTML,+like+Gecko)+Chrome/48.0.2564.97+Safari/537.36 http://localhost:81/installation/index.php 200 0 0 166
2016-08-03 15:56:16 ::1 GET /installation/index.php - 81 - ::1 Mozilla/5.0+(Windows+NT+6.3;+WOW64)+AppleWebKit/537.36+(KHTML,+like+Gecko)+Chrome/48.0.2564.97+Safari/537.36 http://localhost:81/installation/index.php 200 0 0 168
2016-08-03 16:01:16 ::1 GET /installation/index.php - 81 - ::1 Mozilla/5.0+(Windows+NT+6.3;+WOW64)+AppleWebKit/537.36+(KHTML,+like+Gecko)+Chrome/48.0.2564.97+Safari/537.36 http://localhost:81/installation/index.php 200 0 0 164
2016-08-03 16:06:16 ::1 GET /installation/index.php - 81 - ::1 Mozilla/5.0+(Windows+NT+6.3;+WOW64)+AppleWebKit/537.36+(KHTML,+like+Gecko)+Chrome/48.0.2564.97+Safari/537.36 http://localhost:81/installation/index.php 200 0 0 162
2016-08-03 16:11:16 ::1 GET /installation/index.php - 81 - ::1 Mozilla/5.0+(Windows+NT+6.3;+WOW64)+AppleWebKit/537.36+(KHTML,+like+Gecko)+Chrome/48.0.2564.97+Safari/537.36 http://localhost:81/installation/index.php 200 0 0 166
2016-08-03 16:16:16 ::1 GET /installation/index.php - 81 - ::1 Mozilla/5.0+(Windows+NT+6.3;+WOW64)+AppleWebKit/537.36+(KHTML,+like+Gecko)+Chrome/48.0.2564.97+Safari/537.36 http://localhost:81/installation/index.php 200 0 0 167
2016-08-03 16:21:16 ::1 GET /installation/index.php - 81 - ::1 Mozilla/5.0+(Windows+NT+6.3;+WOW64)+AppleWebKit/537.36+(KHTML,+like+Gecko)+Chrome/48.0.2564.97+Safari/537.36 http://localhost:81/installation/index.php 200 0 0 166
2016-08-03 16:26:16 ::1 GET /installation/index.php - 81 - ::1 Mozilla/5.0+(Windows+NT+6.3;+WOW64)+AppleWebKit/537.36+(KHTML,+like+Gecko)+Chrome/48.0.2564.97+Safari/537.36 http://localhost:81/installation/index.php 200 0 0 163
2016-08-03 16:31:16 ::1 GET /installation/index.php - 81 - ::1 Mozilla/5.0+(Windows+NT+6.3;+WOW64)+AppleWebKit/537.36+(KHTML,+like+Gecko)+Chrome/48.0.2564.97+Safari/537.36 http://localhost:81/installation/index.php 200 0 0 166
2016-08-03 16:36:16 ::1 GET /installation/index.php - 81 - ::1 Mozilla/5.0+(Windows+NT+6.3;+WOW64)+AppleWebKit/537.36+(KHTML,+like+Gecko)+Chrome/48.0.2564.97+Safari/537.36 http://localhost:81/installation/index.php 200 0 0 165
2016-08-03 16:41:16 ::1 GET /installation/index.php - 81 - ::1 Mozilla/5.0+(Windows+NT+6.3;+WOW64)+AppleWebKit/537.36+(KHTML,+like+Gecko)+Chrome/48.0.2564.97+Safari/537.36 http://localhost:81/installation/index.php 200 0 0 163
2016-08-03 16:46:21 ::1 GET /installation/index.php - 81 - ::1 Mozilla/5.0+(Windows+NT+6.3;+WOW64)+AppleWebKit/537.36+(KHTML,+like+Gecko)+Chrome/48.0.2564.97+Safari/537.36 http://localhost:81/installation/index.php 200 0 0 168
2016-08-03 16:51:16 ::1 GET /installation/index.php - 81 - ::1 Mozilla/5.0+(Windows+NT+6.3;+WOW64)+AppleWebKit/537.36+(KHTML,+like+Gecko)+Chrome/48.0.2564.97+Safari/537.36 http://localhost:81/installation/index.php 200 0 0 165
2016-08-03 16:56:16 ::1 GET /installation/index.php - 81 - ::1 Mozilla/5.0+(Windows+NT+6.3;+WOW64)+AppleWebKit/537.36+(KHTML,+like+Gecko)+Chrome/48.0.2564.97+Safari/537.36 http://localhost:81/installation/index.php 200 0 0 166
2016-08-03 17:01:16 ::1 GET /installation/index.php - 81 - ::1 Mozilla/5.0+(Windows+NT+6.3;+WOW64)+AppleWebKit/537.36+(KHTML,+like+Gecko)+Chrome/48.0.2564.97+Safari/537.36 http://localhost:81/installation/index.php 200 0 0 164
2016-08-03 17:06:16 ::1 GET /installation/index.php - 81 - ::1 Mozilla/5.0+(Windows+NT+6.3;+WOW64)+AppleWebKit/537.36+(KHTML,+like+Gecko)+Chrome/48.0.2564.97+Safari/537.36 http://localhost:81/installation/index.php 200 0 0 166
2016-08-03 17:11:16 ::1 GET /installation/index.php - 81 - ::1 Mozilla/5.0+(Windows+NT+6.3;+WOW64)+AppleWebKit/537.36+(KHTML,+like+Gecko)+Chrome/48.0.2564.97+Safari/537.36 http://localhost:81/installation/index.php 200 0 0 167
2016-08-03 17:16:16 ::1 GET /installation/index.php - 81 - ::1 Mozilla/5.0+(Windows+NT+6.3;+WOW64)+AppleWebKit/537.36+(KHTML,+like+Gecko)+Chrome/48.0.2564.97+Safari/537.36 http://localhost:81/installation/index.php 200 0 0 166
2016-08-03 17:21:16 ::1 GET /installation/index.php - 81 - ::1 Mozilla/5.0+(Windows+NT+6.3;+WOW64)+AppleWebKit/537.36+(KHTML,+like+Gecko)+Chrome/48.0.2564.97+Safari/537.36 http://localhost:81/installation/index.php 200 0 0 163
2016-08-03 17:26:16 ::1 GET /installation/index.php - 81 - ::1 Mozilla/5.0+(Windows+NT+6.3;+WOW64)+AppleWebKit/537.36+(KHTML,+like+Gecko)+Chrome/48.0.2564.97+Safari/537.36 http://localhost:81/installation/index.php 200 0 0 166
2016-08-03 17:31:16 ::1 GET /installation/index.php - 81 - ::1 Mozilla/5.0+(Windows+NT+6.3;+WOW64)+AppleWebKit/537.36+(KHTML,+like+Gecko)+Chrome/48.0.2564.97+Safari/537.36 http://localhost:81/installation/index.php 200 0 0 165
2016-08-03 17:36:16 ::1 GET /installation/index.php - 81 - ::1 Mozilla/5.0+(Windows+NT+6.3;+WOW64)+AppleWebKit/537.36+(KHTML,+like+Gecko)+Chrome/48.0.2564.97+Safari/537.36 http://localhost:81/installation/index.php 200 0 0 168
2016-08-03 17:41:16 ::1 GET /installation/index.php - 81 - ::1 Mozilla/5.0+(Windows+NT+6.3;+WOW64)+AppleWebKit/537.36+(KHTML,+like+Gecko)+Chrome/48.0.2564.97+Safari/537.36 http://localhost:81/installation/index.php 200 0 0 162
2016-08-03 17:46:16 ::1 GET /installation/index.php - 81 - ::1 Mozilla/5.0+(Windows+NT+6.3;+WOW64)+AppleWebKit/537.36+(KHTML,+like+Gecko)+Chrome/48.0.2564.97+Safari/537.36 http://localhost:81/installation/index.php 200 0 0 166
2016-08-03 17:51:16 ::1 GET /installation/index.php - 81 - ::1 Mozilla/5.0+(Windows+NT+6.3;+WOW64)+AppleWebKit/537.36+(KHTML,+like+Gecko)+Chrome/48.0.2564.97+Safari/537.36 http://localhost:81/installation/index.php 200 0 0 163
2016-08-03 17:56:16 ::1 GET /installation/index.php - 81 - ::1 Mozilla/5.0+(Windows+NT+6.3;+WOW64)+AppleWebKit/537.36+(KHTML,+like+Gecko)+Chrome/48.0.2564.97+Safari/537.36 http://localhost:81/installation/index.php 200 0 0 164
2016-08-03 18:01:16 ::1 GET /installation/index.php - 81 - ::1 Mozilla/5.0+(Windows+NT+6.3;+WOW64)+AppleWebKit/537.36+(KHTML,+like+Gecko)+Chrome/48.0.2564.97+Safari/537.36 http://localhost:81/installation/index.php 200 0 0 167
2016-08-03 18:06:16 ::1 GET /installation/index.php - 81 - ::1 Mozilla/5.0+(Windows+NT+6.3;+WOW64)+AppleWebKit/537.36+(KHTML,+like+Gecko)+Chrome/48.0.2564.97+Safari/537.36 http://localhost:81/installation/index.php 200 0 0 166
2016-08-03 18:11:16 ::1 GET /installation/index.php - 81 - ::1 Mozilla/5.0+(Windows+NT+6.3;+WOW64)+AppleWebKit/537.36+(KHTML,+like+Gecko)+Chrome/48.0.2564.97+Safari/537.36 http://localhost:81/installation/index.php 200 0 0 168
2016-08-03 18:16:16 ::1 GET /installation/index.php - 81 - ::1 Mozilla/5.0+(Windows+NT+6.3;+WOW64)+AppleWebKit/537.36+(KHTML,+like+Gecko)+Chrome/48.0.2564.97+Safari/537.36 http://localhost:81/installation/index.php 200 0 0 166
2016-08-03 18:21:16 ::1 GET /installation/index.php - 81 - ::1 Mozilla/5.0+(Windows+NT+6.3;+WOW64)+AppleWebKit/537.36+(KHTML,+like+Gecko)+Chrome/48.0.2564.97+Safari/537.36 http://localhost:81/installation/index.php 200 0 0 168
2016-08-03 18:26:16 ::1 GET /installation/index.php - 81 - ::1 Mozilla/5.0+(Windows+NT+6.3;+WOW64)+AppleWebKit/537.36+(KHTML,+like+Gecko)+Chrome/48.0.2564.97+Safari/537.36 http://localhost:81/installation/index.php 200 0 0 166
2016-08-03 18:31:16 ::1 GET /installation/index.php - 81 - ::1 Mozilla/5.0+(Windows+NT+6.3;+WOW64)+AppleWebKit/537.36+(KHTML,+like+Gecko)+Chrome/48.0.2564.97+Safari/537.36 http://localhost:81/installation/index.php 200 0 0 163
2016-08-03 18:36:16 ::1 GET /installation/index.php - 81 - ::1 Mozilla/5.0+(Windows+NT+6.3;+WOW64)+AppleWebKit/537.36+(KHTML,+like+Gecko)+Chrome/48.0.2564.97+Safari/537.36 http://localhost:81/installation/index.php 200 0 0 164
2016-08-03 18:41:16 ::1 GET /installation/index.php - 81 - ::1 Mozilla/5.0+(Windows+NT+6.3;+WOW64)+AppleWebKit/537.36+(KHTML,+like+Gecko)+Chrome/48.0.2564.97+Safari/537.36 http://localhost:81/installation/index.php 200 0 0 164
2016-08-03 18:46:16 ::1 GET /installation/index.php - 81 - ::1 Mozilla/5.0+(Windows+NT+6.3;+WOW64)+AppleWebKit/537.36+(KHTML,+like+Gecko)+Chrome/48.0.2564.97+Safari/537.36 http://localhost:81/installation/index.php 200 0 0 167
2016-08-03 18:51:16 ::1 GET /installation/index.php - 81 - ::1 Mozilla/5.0+(Windows+NT+6.3;+WOW64)+AppleWebKit/537.36+(KHTML,+like+Gecko)+Chrome/48.0.2564.97+Safari/537.36 http://localhost:81/installation/index.php 200 0 0 168
2016-08-03 18:56:16 ::1 GET /installation/index.php - 81 - ::1 Mozilla/5.0+(Windows+NT+6.3;+WOW64)+AppleWebKit/537.36+(KHTML,+like+Gecko)+Chrome/48.0.2564.97+Safari/537.36 http://localhost:81/installation/index.php 200 0 0 166
2016-08-03 19:01:16 ::1 GET /installation/index.php - 81 - ::1 Mozilla/5.0+(Windows+NT+6.3;+WOW64)+AppleWebKit/537.36+(KHTML,+like+Gecko)+Chrome/48.0.2564.97+Safari/537.36 http://localhost:81/installation/index.php 200 0 0 166
2016-08-03 19:06:16 ::1 GET /installation/index.php - 81 - ::1 Mozilla/5.0+(Windows+NT+6.3;+WOW64)+AppleWebKit/537.36+(KHTML,+like+Gecko)+Chrome/48.0.2564.97+Safari/537.36 http://localhost:81/installation/index.php 200 0 0 165
2016-08-03 19:11:16 ::1 GET /installation/index.php - 81 - ::1 Mozilla/5.0+(Windows+NT+6.3;+WOW64)+AppleWebKit/537.36+(KHTML,+like+Gecko)+Chrome/48.0.2564.97+Safari/537.36 http://localhost:81/installation/index.php 200 0 0 166
2016-08-03 19:16:16 ::1 GET /installation/index.php - 81 - ::1 Mozilla/5.0+(Windows+NT+6.3;+WOW64)+AppleWebKit/537.36+(KHTML,+like+Gecko)+Chrome/48.0.2564.97+Safari/537.36 http://localhost:81/installation/index.php 200 0 0 167
2016-08-03 19:21:16 ::1 GET /installation/index.php - 81 - ::1 Mozilla/5.0+(Windows+NT+6.3;+WOW64)+AppleWebKit/537.36+(KHTML,+like+Gecko)+Chrome/48.0.2564.97+Safari/537.36 http://localhost:81/installation/index.php 200 0 0 168
2016-08-03 19:26:16 ::1 GET /installation/index.php - 81 - ::1 Mozilla/5.0+(Windows+NT+6.3;+WOW64)+AppleWebKit/537.36+(KHTML,+like+Gecko)+Chrome/48.0.2564.97+Safari/537.36 http://localhost:81/installation/index.php 200 0 0 169
2016-08-03 19:31:16 ::1 GET /installation/index.php - 81 - ::1 Mozilla/5.0+(Windows+NT+6.3;+WOW64)+AppleWebKit/537.36+(KHTML,+like+Gecko)+Chrome/48.0.2564.97+Safari/537.36 http://localhost:81/installation/index.php 200 0 0 163
2016-08-03 19:36:16 ::1 GET /installation/index.php - 81 - ::1 Mozilla/5.0+(Windows+NT+6.3;+WOW64)+AppleWebKit/537.36+(KHTML,+like+Gecko)+Chrome/48.0.2564.97+Safari/537.36 http://localhost:81/installation/index.php 200 0 0 165
2016-08-03 19:41:16 ::1 GET /installation/index.php - 81 - ::1 Mozilla/5.0+(Windows+NT+6.3;+WOW64)+AppleWebKit/537.36+(KHTML,+like+Gecko)+Chrome/48.0.2564.97+Safari/537.36 http://localhost:81/installation/index.php 200 0 0 165
2016-08-03 19:46:16 ::1 GET /installation/index.php - 81 - ::1 Mozilla/5.0+(Windows+NT+6.3;+WOW64)+AppleWebKit/537.36+(KHTML,+like+Gecko)+Chrome/48.0.2564.97+Safari/537.36 http://localhost:81/installation/index.php 200 0 0 170
2016-08-03 19:51:16 ::1 GET /installation/index.php - 81 - ::1 Mozilla/5.0+(Windows+NT+6.3;+WOW64)+AppleWebKit/537.36+(KHTML,+like+Gecko)+Chrome/48.0.2564.97+Safari/537.36 http://localhost:81/installation/index.php 200 0 0 163
2016-08-03 19:56:16 ::1 GET /installation/index.php - 81 - ::1 Mozilla/5.0+(Windows+NT+6.3;+WOW64)+AppleWebKit/537.36+(KHTML,+like+Gecko)+Chrome/48.0.2564.97+Safari/537.36 http://localhost:81/installation/index.php 200 0 0 163
2016-08-03 20:01:16 ::1 GET /installation/index.php - 81 - ::1 Mozilla/5.0+(Windows+NT+6.3;+WOW64)+AppleWebKit/537.36+(KHTML,+like+Gecko)+Chrome/48.0.2564.97+Safari/537.36 http://localhost:81/installation/index.php 200 0 0 165
2016-08-03 20:06:16 ::1 GET /installation/index.php - 81 - ::1 Mozilla/5.0+(Windows+NT+6.3;+WOW64)+AppleWebKit/537.36+(KHTML,+like+Gecko)+Chrome/48.0.2564.97+Safari/537.36 http://localhost:81/installation/index.php 200 0 0 166
2016-08-03 20:11:16 ::1 GET /installation/index.php - 81 - ::1 Mozilla/5.0+(Windows+NT+6.3;+WOW64)+AppleWebKit/537.36+(KHTML,+like+Gecko)+Chrome/48.0.2564.97+Safari/537.36 http://localhost:81/installation/index.php 200 0 0 166
2016-08-03 20:16:16 ::1 GET /installation/index.php - 81 - ::1 Mozilla/5.0+(Windows+NT+6.3;+WOW64)+AppleWebKit/537.36+(KHTML,+like+Gecko)+Chrome/48.0.2564.97+Safari/537.36 http://localhost:81/installation/index.php 200 0 0 165
2016-08-03 20:21:16 ::1 GET /installation/index.php - 81 - ::1 Mozilla/5.0+(Windows+NT+6.3;+WOW64)+AppleWebKit/537.36+(KHTML,+like+Gecko)+Chrome/48.0.2564.97+Safari/537.36 http://localhost:81/installation/index.php 200 0 0 162
2016-08-03 20:26:16 ::1 GET /installation/index.php - 81 - ::1 Mozilla/5.0+(Windows+NT+6.3;+WOW64)+AppleWebKit/537.36+(KHTML,+like+Gecko)+Chrome/48.0.2564.97+Safari/537.36 http://localhost:81/installation/index.php 200 0 0 164
2016-08-03 20:31:16 ::1 GET /installation/index.php - 81 - ::1 Mozilla/5.0+(Windows+NT+6.3;+WOW64)+AppleWebKit/537.36+(KHTML,+like+Gecko)+Chrome/48.0.2564.97+Safari/537.36 http://localhost:81/installation/index.php 200 0 0 164
2016-08-03 20:36:16 ::1 GET /installation/index.php - 81 - ::1 Mozilla/5.0+(Windows+NT+6.3;+WOW64)+AppleWebKit/537.36+(KHTML,+like+Gecko)+Chrome/48.0.2564.97+Safari/537.36 http://localhost:81/installation/index.php 200 0 0 167
2016-08-03 20:41:16 ::1 GET /installation/index.php - 81 - ::1 Mozilla/5.0+(Windows+NT+6.3;+WOW64)+AppleWebKit/537.36+(KHTML,+like+Gecko)+Chrome/48.0.2564.97+Safari/537.36 http://localhost:81/installation/index.php 200 0 0 169
2016-08-03 20:46:16 ::1 GET /installation/index.php - 81 - ::1 Mozilla/5.0+(Windows+NT+6.3;+WOW64)+AppleWebKit/537.36+(KHTML,+like+Gecko)+Chrome/48.0.2564.97+Safari/537.36 http://localhost:81/installation/index.php 200 0 0 161
2016-08-03 20:51:16 ::1 GET /installation/index.php - 81 - ::1 Mozilla/5.0+(Windows+NT+6.3;+WOW64)+AppleWebKit/537.36+(KHTML,+like+Gecko)+Chrome/48.0.2564.97+Safari/537.36 http://localhost:81/installation/index.php 200 0 0 170
2016-08-03 20:56:16 ::1 GET /installation/index.php - 81 - ::1 Mozilla/5.0+(Windows+NT+6.3;+WOW64)+AppleWebKit/537.36+(KHTML,+like+Gecko)+Chrome/48.0.2564.97+Safari/537.36 http://localhost:81/installation/index.php 200 0 0 161
2016-08-03 21:01:16 ::1 GET /installation/index.php - 81 - ::1 Mozilla/5.0+(Windows+NT+6.3;+WOW64)+AppleWebKit/537.36+(KHTML,+like+Gecko)+Chrome/48.0.2564.97+Safari/537.36 http://localhost:81/installation/index.php 200 0 0 166
2016-08-03 21:06:16 ::1 GET /installation/index.php - 81 - ::1 Mozilla/5.0+(Windows+NT+6.3;+WOW64)+AppleWebKit/537.36+(KHTML,+like+Gecko)+Chrome/48.0.2564.97+Safari/537.36 http://localhost:81/installation/index.php 200 0 0 164
2016-08-03 21:11:16 ::1 GET /installation/index.php - 81 - ::1 Mozilla/5.0+(Windows+NT+6.3;+WOW64)+AppleWebKit/537.36+(KHTML,+like+Gecko)+Chrome/48.0.2564.97+Safari/537.36 http://localhost:81/installation/index.php 200 0 0 164
2016-08-03 21:16:16 ::1 GET /installation/index.php - 81 - ::1 Mozilla/5.0+(Windows+NT+6.3;+WOW64)+AppleWebKit/537.36+(KHTML,+like+Gecko)+Chrome/48.0.2564.97+Safari/537.36 http://localhost:81/installation/index.php 200 0 0 165
2016-08-03 21:21:16 ::1 GET /installation/index.php - 81 - ::1 Mozilla/5.0+(Windows+NT+6.3;+WOW64)+AppleWebKit/537.36+(KHTML,+like+Gecko)+Chrome/48.0.2564.97+Safari/537.36 http://localhost:81/installation/index.php 200 0 0 166
2016-08-03 21:26:16 ::1 GET /installation/index.php - 81 - ::1 Mozilla/5.0+(Windows+NT+6.3;+WOW64)+AppleWebKit/537.36+(KHTML,+like+Gecko)+Chrome/48.0.2564.97+Safari/537.36 http://localhost:81/installation/index.php 200 0 0 165
2016-08-03 21:31:16 ::1 GET /installation/index.php - 81 - ::1 Mozilla/5.0+(Windows+NT+6.3;+WOW64)+AppleWebKit/537.36+(KHTML,+like+Gecko)+Chrome/48.0.2564.97+Safari/537.36 http://localhost:81/installation/index.php 200 0 0 164
2016-08-03 21:36:16 ::1 GET /installation/index.php - 81 - ::1 Mozilla/5.0+(Windows+NT+6.3;+WOW64)+AppleWebKit/537.36+(KHTML,+like+Gecko)+Chrome/48.0.2564.97+Safari/537.36 http://localhost:81/installation/index.php 200 0 0 161
2016-08-03 21:41:16 ::1 GET /installation/index.php - 81 - ::1 Mozilla/5.0+(Windows+NT+6.3;+WOW64)+AppleWebKit/537.36+(KHTML,+like+Gecko)+Chrome/48.0.2564.97+Safari/537.36 http://localhost:81/installation/index.php 200 0 0 163
2016-08-03 21:46:16 ::1 GET /installation/index.php - 81 - ::1 Mozilla/5.0+(Windows+NT+6.3;+WOW64)+AppleWebKit/537.36+(KHTML,+like+Gecko)+Chrome/48.0.2564.97+Safari/537.36 http://localhost:81/installation/index.php 200 0 0 165
2016-08-03 21:51:16 ::1 GET /installation/index.php - 81 - ::1 Mozilla/5.0+(Windows+NT+6.3;+WOW64)+AppleWebKit/537.36+(KHTML,+like+Gecko)+Chrome/48.0.2564.97+Safari/537.36 http://localhost:81/installation/index.php 200 0 0 163
2016-08-03 21:56:16 ::1 GET /installation/index.php - 81 - ::1 Mozilla/5.0+(Windows+NT+6.3;+WOW64)+AppleWebKit/537.36+(KHTML,+like+Gecko)+Chrome/48.0.2564.97+Safari/537.36 http://localhost:81/installation/index.php 200 0 0 166
2016-08-03 22:01:16 ::1 GET /installation/index.php - 81 - ::1 Mozilla/5.0+(Windows+NT+6.3;+WOW64)+AppleWebKit/537.36+(KHTML,+like+Gecko)+Chrome/48.0.2564.97+Safari/537.36 http://localhost:81/installation/index.php 200 0 0 164
2016-08-03 22:06:16 ::1 GET /installation/index.php - 81 - ::1 Mozilla/5.0+(Windows+NT+6.3;+WOW64)+AppleWebKit/537.36+(KHTML,+like+Gecko)+Chrome/48.0.2564.97+Safari/537.36 http://localhost:81/installation/index.php 200 0 0 168
2016-08-03 22:11:16 ::1 GET /installation/index.php - 81 - ::1 Mozilla/5.0+(Windows+NT+6.3;+WOW64)+AppleWebKit/537.36+(KHTML,+like+Gecko)+Chrome/48.0.2564.97+Safari/537.36 http://localhost:81/installation/index.php 200 0 0 163
2016-08-03 22:16:16 ::1 GET /installation/index.php - 81 - ::1 Mozilla/5.0+(Windows+NT+6.3;+WOW64)+AppleWebKit/537.36+(KHTML,+like+Gecko)+Chrome/48.0.2564.97+Safari/537.36 http://localhost:81/installation/index.php 200 0 0 165
2016-08-03 22:21:16 ::1 GET /installation/index.php - 81 - ::1 Mozilla/5.0+(Windows+NT+6.3;+WOW64)+AppleWebKit/537.36+(KHTML,+like+Gecko)+Chrome/48.0.2564.97+Safari/537.36 http://localhost:81/installation/index.php 200 0 0 164
2016-08-03 22:26:16 ::1 GET /installation/index.php - 81 - ::1 Mozilla/5.0+(Windows+NT+6.3;+WOW64)+AppleWebKit/537.36+(KHTML,+like+Gecko)+Chrome/48.0.2564.97+Safari/537.36 http://localhost:81/installation/index.php 200 0 0 164
2016-08-03 22:31:16 ::1 GET /installation/index.php - 81 - ::1 Mozilla/5.0+(Windows+NT+6.3;+WOW64)+AppleWebKit/537.36+(KHTML,+like+Gecko)+Chrome/48.0.2564.97+Safari/537.36 http://localhost:81/installation/index.php 200 0 0 161
2016-08-03 22:36:16 ::1 GET /installation/index.php - 81 - ::1 Mozilla/5.0+(Windows+NT+6.3;+WOW64)+AppleWebKit/537.36+(KHTML,+like+Gecko)+Chrome/48.0.2564.97+Safari/537.36 http://localhost:81/installation/index.php 200 0 0 165
2016-08-03 22:41:16 ::1 GET /installation/index.php - 81 - ::1 Mozilla/5.0+(Windows+NT+6.3;+WOW64)+AppleWebKit/537.36+(KHTML,+like+Gecko)+Chrome/48.0.2564.97+Safari/537.36 http://localhost:81/installation/index.php 200 0 0 164
2016-08-03 22:46:16 ::1 GET /installation/index.php - 81 - ::1 Mozilla/5.0+(Windows+NT+6.3;+WOW64)+AppleWebKit/537.36+(KHTML,+like+Gecko)+Chrome/48.0.2564.97+Safari/537.36 http://localhost:81/installation/index.php 200 0 0 163
2016-08-03 22:51:16 ::1 GET /installation/index.php - 81 - ::1 Mozilla/5.0+(Windows+NT+6.3;+WOW64)+AppleWebKit/537.36+(KHTML,+like+Gecko)+Chrome/48.0.2564.97+Safari/537.36 http://localhost:81/installation/index.php 200 0 0 163
2016-08-03 22:56:16 ::1 GET /installation/index.php - 81 - ::1 Mozilla/5.0+(Windows+NT+6.3;+WOW64)+AppleWebKit/537.36+(KHTML,+like+Gecko)+Chrome/48.0.2564.97+Safari/537.36 http://localhost:81/installation/index.php 200 0 0 162
2016-08-03 23:01:16 ::1 GET /installation/index.php - 81 - ::1 Mozilla/5.0+(Windows+NT+6.3;+WOW64)+AppleWebKit/537.36+(KHTML,+like+Gecko)+Chrome/48.0.2564.97+Safari/537.36 http://localhost:81/installation/index.php 200 0 0 162
2016-08-03 23:06:16 ::1 GET /installation/index.php - 81 - ::1 Mozilla/5.0+(Windows+NT+6.3;+WOW64)+AppleWebKit/537.36+(KHTML,+like+Gecko)+Chrome/48.0.2564.97+Safari/537.36 http://localhost:81/installation/index.php 200 0 0 164
2016-08-03 23:11:16 ::1 GET /installation/index.php - 81 - ::1 Mozilla/5.0+(Windows+NT+6.3;+WOW64)+AppleWebKit/537.36+(KHTML,+like+Gecko)+Chrome/48.0.2564.97+Safari/537.36 http://localhost:81/installation/index.php 200 0 0 164
2016-08-03 23:16:16 ::1 GET /installation/index.php - 81 - ::1 Mozilla/5.0+(Windows+NT+6.3;+WOW64)+AppleWebKit/537.36+(KHTML,+like+Gecko)+Chrome/48.0.2564.97+Safari/537.36 http://localhost:81/installation/index.php 200 0 0 161
2016-08-03 23:21:16 ::1 GET /installation/index.php - 81 - ::1 Mozilla/5.0+(Windows+NT+6.3;+WOW64)+AppleWebKit/537.36+(KHTML,+like+Gecko)+Chrome/48.0.2564.97+Safari/537.36 http://localhost:81/installation/index.php 200 0 0 165
2016-08-03 23:26:16 ::1 GET /installation/index.php - 81 - ::1 Mozilla/5.0+(Windows+NT+6.3;+WOW64)+AppleWebKit/537.36+(KHTML,+like+Gecko)+Chrome/48.0.2564.97+Safari/537.36 http://localhost:81/installation/index.php 200 0 0 163
2016-08-03 23:31:16 ::1 GET /installation/index.php - 81 - ::1 Mozilla/5.0+(Windows+NT+6.3;+WOW64)+AppleWebKit/537.36+(KHTML,+like+Gecko)+Chrome/48.0.2564.97+Safari/537.36 http://localhost:81/installation/index.php 200 0 0 167
2016-08-03 23:36:16 ::1 GET /installation/index.php - 81 - ::1 Mozilla/5.0+(Windows+NT+6.3;+WOW64)+AppleWebKit/537.36+(KHTML,+like+Gecko)+Chrome/48.0.2564.97+Safari/537.36 http://localhost:81/installation/index.php 200 0 0 162
2016-08-03 23:41:16 ::1 GET /installation/index.php - 81 - ::1 Mozilla/5.0+(Windows+NT+6.3;+WOW64)+AppleWebKit/537.36+(KHTML,+like+Gecko)+Chrome/48.0.2564.97+Safari/537.36 http://localhost:81/installation/index.php 200 0 0 164
2016-08-03 23:46:16 ::1 GET /installation/index.php - 81 - ::1 Mozilla/5.0+(Windows+NT+6.3;+WOW64)+AppleWebKit/537.36+(KHTML,+like+Gecko)+Chrome/48.0.2564.97+Safari/537.36 http://localhost:81/installation/index.php 200 0 0 163
2016-08-03 23:51:16 ::1 GET /installation/index.php - 81 - ::1 Mozilla/5.0+(Windows+NT+6.3;+WOW64)+AppleWebKit/537.36+(KHTML,+like+Gecko)+Chrome/48.0.2564.97+Safari/537.36 http://localhost:81/installation/index.php 200 0 0 165
2016-08-03 23:56:16 ::1 GET /installation/index.php - 81 - ::1 Mozilla/5.0+(Windows+NT+6.3;+WOW64)+AppleWebKit/537.36+(KHTML,+like+Gecko)+Chrome/48.0.2564.97+Safari/537.36 http://localhost:81/installation/index.php 200 0 0 166
