#Software: Microsoft Internet Information Services 8.5
#Version: 1.0
#Date: 2016-06-14 00:00:16
#Fields: date time s-ip cs-method cs-uri-stem cs-uri-query s-port cs-username c-ip cs(User-Agent) cs(Referer) sc-status sc-substatus sc-win32-status time-taken
2016-06-14 00:00:16 ::1 GET /installation/index.php - 81 - ::1 Mozilla/5.0+(Windows+NT+6.3;+WOW64)+AppleWebKit/537.36+(KHTML,+like+Gecko)+Chrome/48.0.2564.97+Safari/537.36 http://localhost:81/installation/index.php 200 0 0 165
2016-06-14 00:05:16 ::1 GET /installation/index.php - 81 - ::1 Mozilla/5.0+(Windows+NT+6.3;+WOW64)+AppleWebKit/537.36+(KHTML,+like+Gecko)+Chrome/48.0.2564.97+Safari/537.36 http://localhost:81/installation/index.php 200 0 0 178
2016-06-14 00:10:16 ::1 GET /installation/index.php - 81 - ::1 Mozilla/5.0+(Windows+NT+6.3;+WOW64)+AppleWebKit/537.36+(KHTML,+like+Gecko)+Chrome/48.0.2564.97+Safari/537.36 http://localhost:81/installation/index.php 200 0 0 164
2016-06-14 00:15:16 ::1 GET /installation/index.php - 81 - ::1 Mozilla/5.0+(Windows+NT+6.3;+WOW64)+AppleWebKit/537.36+(KHTML,+like+Gecko)+Chrome/48.0.2564.97+Safari/537.36 http://localhost:81/installation/index.php 200 0 0 164
2016-06-14 00:20:16 ::1 GET /installation/index.php - 81 - ::1 Mozilla/5.0+(Windows+NT+6.3;+WOW64)+AppleWebKit/537.36+(KHTML,+like+Gecko)+Chrome/48.0.2564.97+Safari/537.36 http://localhost:81/installation/index.php 200 0 0 168
2016-06-14 00:25:16 ::1 GET /installation/index.php - 81 - ::1 Mozilla/5.0+(Windows+NT+6.3;+WOW64)+AppleWebKit/537.36+(KHTML,+like+Gecko)+Chrome/48.0.2564.97+Safari/537.36 http://localhost:81/installation/index.php 200 0 0 164
2016-06-14 00:30:16 ::1 GET /installation/index.php - 81 - ::1 Mozilla/5.0+(Windows+NT+6.3;+WOW64)+AppleWebKit/537.36+(KHTML,+like+Gecko)+Chrome/48.0.2564.97+Safari/537.36 http://localhost:81/installation/index.php 200 0 0 165
2016-06-14 00:35:16 ::1 GET /installation/index.php - 81 - ::1 Mozilla/5.0+(Windows+NT+6.3;+WOW64)+AppleWebKit/537.36+(KHTML,+like+Gecko)+Chrome/48.0.2564.97+Safari/537.36 http://localhost:81/installation/index.php 200 0 0 164
2016-06-14 00:40:20 ::1 GET /installation/index.php - 81 - ::1 Mozilla/5.0+(Windows+NT+6.3;+WOW64)+AppleWebKit/537.36+(KHTML,+like+Gecko)+Chrome/48.0.2564.97+Safari/537.36 http://localhost:81/installation/index.php 200 0 0 165
2016-06-14 00:45:16 ::1 GET /installation/index.php - 81 - ::1 Mozilla/5.0+(Windows+NT+6.3;+WOW64)+AppleWebKit/537.36+(KHTML,+like+Gecko)+Chrome/48.0.2564.97+Safari/537.36 http://localhost:81/installation/index.php 200 0 0 169
2016-06-14 00:50:16 ::1 GET /installation/index.php - 81 - ::1 Mozilla/5.0+(Windows+NT+6.3;+WOW64)+AppleWebKit/537.36+(KHTML,+like+Gecko)+Chrome/48.0.2564.97+Safari/537.36 http://localhost:81/installation/index.php 200 0 0 164
2016-06-14 00:55:16 ::1 GET /installation/index.php - 81 - ::1 Mozilla/5.0+(Windows+NT+6.3;+WOW64)+AppleWebKit/537.36+(KHTML,+like+Gecko)+Chrome/48.0.2564.97+Safari/537.36 http://localhost:81/installation/index.php 200 0 0 168
2016-06-14 01:00:16 ::1 GET /installation/index.php - 81 - ::1 Mozilla/5.0+(Windows+NT+6.3;+WOW64)+AppleWebKit/537.36+(KHTML,+like+Gecko)+Chrome/48.0.2564.97+Safari/537.36 http://localhost:81/installation/index.php 200 0 0 161
2016-06-14 01:05:16 ::1 GET /installation/index.php - 81 - ::1 Mozilla/5.0+(Windows+NT+6.3;+WOW64)+AppleWebKit/537.36+(KHTML,+like+Gecko)+Chrome/48.0.2564.97+Safari/537.36 http://localhost:81/installation/index.php 200 0 0 163
2016-06-14 01:10:16 ::1 GET /installation/index.php - 81 - ::1 Mozilla/5.0+(Windows+NT+6.3;+WOW64)+AppleWebKit/537.36+(KHTML,+like+Gecko)+Chrome/48.0.2564.97+Safari/537.36 http://localhost:81/installation/index.php 200 0 0 167
2016-06-14 01:15:16 ::1 GET /installation/index.php - 81 - ::1 Mozilla/5.0+(Windows+NT+6.3;+WOW64)+AppleWebKit/537.36+(KHTML,+like+Gecko)+Chrome/48.0.2564.97+Safari/537.36 http://localhost:81/installation/index.php 200 0 0 160
2016-06-14 01:20:16 ::1 GET /installation/index.php - 81 - ::1 Mozilla/5.0+(Windows+NT+6.3;+WOW64)+AppleWebKit/537.36+(KHTML,+like+Gecko)+Chrome/48.0.2564.97+Safari/537.36 http://localhost:81/installation/index.php 200 0 0 166
2016-06-14 01:25:16 ::1 GET /installation/index.php - 81 - ::1 Mozilla/5.0+(Windows+NT+6.3;+WOW64)+AppleWebKit/537.36+(KHTML,+like+Gecko)+Chrome/48.0.2564.97+Safari/537.36 http://localhost:81/installation/index.php 200 0 0 164
2016-06-14 01:30:16 ::1 GET /installation/index.php - 81 - ::1 Mozilla/5.0+(Windows+NT+6.3;+WOW64)+AppleWebKit/537.36+(KHTML,+like+Gecko)+Chrome/48.0.2564.97+Safari/537.36 http://localhost:81/installation/index.php 200 0 0 162
2016-06-14 01:35:16 ::1 GET /installation/index.php - 81 - ::1 Mozilla/5.0+(Windows+NT+6.3;+WOW64)+AppleWebKit/537.36+(KHTML,+like+Gecko)+Chrome/48.0.2564.97+Safari/537.36 http://localhost:81/installation/index.php 200 0 0 164
2016-06-14 01:40:16 ::1 GET /installation/index.php - 81 - ::1 Mozilla/5.0+(Windows+NT+6.3;+WOW64)+AppleWebKit/537.36+(KHTML,+like+Gecko)+Chrome/48.0.2564.97+Safari/537.36 http://localhost:81/installation/index.php 200 0 0 165
2016-06-14 01:45:16 ::1 GET /installation/index.php - 81 - ::1 Mozilla/5.0+(Windows+NT+6.3;+WOW64)+AppleWebKit/537.36+(KHTML,+like+Gecko)+Chrome/48.0.2564.97+Safari/537.36 http://localhost:81/installation/index.php 200 0 0 166
2016-06-14 01:50:16 ::1 GET /installation/index.php - 81 - ::1 Mozilla/5.0+(Windows+NT+6.3;+WOW64)+AppleWebKit/537.36+(KHTML,+like+Gecko)+Chrome/48.0.2564.97+Safari/537.36 http://localhost:81/installation/index.php 200 0 0 166
2016-06-14 01:55:16 ::1 GET /installation/index.php - 81 - ::1 Mozilla/5.0+(Windows+NT+6.3;+WOW64)+AppleWebKit/537.36+(KHTML,+like+Gecko)+Chrome/48.0.2564.97+Safari/537.36 http://localhost:81/installation/index.php 200 0 0 162
2016-06-14 02:00:16 ::1 GET /installation/index.php - 81 - ::1 Mozilla/5.0+(Windows+NT+6.3;+WOW64)+AppleWebKit/537.36+(KHTML,+like+Gecko)+Chrome/48.0.2564.97+Safari/537.36 http://localhost:81/installation/index.php 200 0 0 163
2016-06-14 02:05:16 ::1 GET /installation/index.php - 81 - ::1 Mozilla/5.0+(Windows+NT+6.3;+WOW64)+AppleWebKit/537.36+(KHTML,+like+Gecko)+Chrome/48.0.2564.97+Safari/537.36 http://localhost:81/installation/index.php 200 0 0 161
2016-06-14 02:10:16 ::1 GET /installation/index.php - 81 - ::1 Mozilla/5.0+(Windows+NT+6.3;+WOW64)+AppleWebKit/537.36+(KHTML,+like+Gecko)+Chrome/48.0.2564.97+Safari/537.36 http://localhost:81/installation/index.php 200 0 0 167
2016-06-14 02:15:16 ::1 GET /installation/index.php - 81 - ::1 Mozilla/5.0+(Windows+NT+6.3;+WOW64)+AppleWebKit/537.36+(KHTML,+like+Gecko)+Chrome/48.0.2564.97+Safari/537.36 http://localhost:81/installation/index.php 200 0 0 165
2016-06-14 02:20:16 ::1 GET /installation/index.php - 81 - ::1 Mozilla/5.0+(Windows+NT+6.3;+WOW64)+AppleWebKit/537.36+(KHTML,+like+Gecko)+Chrome/48.0.2564.97+Safari/537.36 http://localhost:81/installation/index.php 200 0 0 161
2016-06-14 02:25:16 ::1 GET /installation/index.php - 81 - ::1 Mozilla/5.0+(Windows+NT+6.3;+WOW64)+AppleWebKit/537.36+(KHTML,+like+Gecko)+Chrome/48.0.2564.97+Safari/537.36 http://localhost:81/installation/index.php 200 0 0 162
2016-06-14 02:30:16 ::1 GET /installation/index.php - 81 - ::1 Mozilla/5.0+(Windows+NT+6.3;+WOW64)+AppleWebKit/537.36+(KHTML,+like+Gecko)+Chrome/48.0.2564.97+Safari/537.36 http://localhost:81/installation/index.php 200 0 0 164
2016-06-14 02:35:16 ::1 GET /installation/index.php - 81 - ::1 Mozilla/5.0+(Windows+NT+6.3;+WOW64)+AppleWebKit/537.36+(KHTML,+like+Gecko)+Chrome/48.0.2564.97+Safari/537.36 http://localhost:81/installation/index.php 200 0 0 162
2016-06-14 02:40:16 ::1 GET /installation/index.php - 81 - ::1 Mozilla/5.0+(Windows+NT+6.3;+WOW64)+AppleWebKit/537.36+(KHTML,+like+Gecko)+Chrome/48.0.2564.97+Safari/537.36 http://localhost:81/installation/index.php 200 0 0 164
2016-06-14 02:45:16 ::1 GET /installation/index.php - 81 - ::1 Mozilla/5.0+(Windows+NT+6.3;+WOW64)+AppleWebKit/537.36+(KHTML,+like+Gecko)+Chrome/48.0.2564.97+Safari/537.36 http://localhost:81/installation/index.php 200 0 0 163
2016-06-14 02:50:16 ::1 GET /installation/index.php - 81 - ::1 Mozilla/5.0+(Windows+NT+6.3;+WOW64)+AppleWebKit/537.36+(KHTML,+like+Gecko)+Chrome/48.0.2564.97+Safari/537.36 http://localhost:81/installation/index.php 200 0 0 167
2016-06-14 02:55:16 ::1 GET /installation/index.php - 81 - ::1 Mozilla/5.0+(Windows+NT+6.3;+WOW64)+AppleWebKit/537.36+(KHTML,+like+Gecko)+Chrome/48.0.2564.97+Safari/537.36 http://localhost:81/installation/index.php 200 0 0 164
2016-06-14 03:00:16 ::1 GET /installation/index.php - 81 - ::1 Mozilla/5.0+(Windows+NT+6.3;+WOW64)+AppleWebKit/537.36+(KHTML,+like+Gecko)+Chrome/48.0.2564.97+Safari/537.36 http://localhost:81/installation/index.php 200 0 0 166
2016-06-14 03:05:16 ::1 GET /installation/index.php - 81 - ::1 Mozilla/5.0+(Windows+NT+6.3;+WOW64)+AppleWebKit/537.36+(KHTML,+like+Gecko)+Chrome/48.0.2564.97+Safari/537.36 http://localhost:81/installation/index.php 200 0 0 165
2016-06-14 03:10:16 ::1 GET /installation/index.php - 81 - ::1 Mozilla/5.0+(Windows+NT+6.3;+WOW64)+AppleWebKit/537.36+(KHTML,+like+Gecko)+Chrome/48.0.2564.97+Safari/537.36 http://localhost:81/installation/index.php 200 0 0 164
2016-06-14 03:15:16 ::1 GET /installation/index.php - 81 - ::1 Mozilla/5.0+(Windows+NT+6.3;+WOW64)+AppleWebKit/537.36+(KHTML,+like+Gecko)+Chrome/48.0.2564.97+Safari/537.36 http://localhost:81/installation/index.php 200 0 0 164
2016-06-14 03:20:16 ::1 GET /installation/index.php - 81 - ::1 Mozilla/5.0+(Windows+NT+6.3;+WOW64)+AppleWebKit/537.36+(KHTML,+like+Gecko)+Chrome/48.0.2564.97+Safari/537.36 http://localhost:81/installation/index.php 200 0 0 175
2016-06-14 03:25:16 ::1 GET /installation/index.php - 81 - ::1 Mozilla/5.0+(Windows+NT+6.3;+WOW64)+AppleWebKit/537.36+(KHTML,+like+Gecko)+Chrome/48.0.2564.97+Safari/537.36 http://localhost:81/installation/index.php 200 0 0 167
2016-06-14 03:30:16 ::1 GET /installation/index.php - 81 - ::1 Mozilla/5.0+(Windows+NT+6.3;+WOW64)+AppleWebKit/537.36+(KHTML,+like+Gecko)+Chrome/48.0.2564.97+Safari/537.36 http://localhost:81/installation/index.php 200 0 0 164
2016-06-14 03:35:16 ::1 GET /installation/index.php - 81 - ::1 Mozilla/5.0+(Windows+NT+6.3;+WOW64)+AppleWebKit/537.36+(KHTML,+like+Gecko)+Chrome/48.0.2564.97+Safari/537.36 http://localhost:81/installation/index.php 200 0 0 167
2016-06-14 03:40:16 ::1 GET /installation/index.php - 81 - ::1 Mozilla/5.0+(Windows+NT+6.3;+WOW64)+AppleWebKit/537.36+(KHTML,+like+Gecko)+Chrome/48.0.2564.97+Safari/537.36 http://localhost:81/installation/index.php 200 0 0 163
2016-06-14 03:45:16 ::1 GET /installation/index.php - 81 - ::1 Mozilla/5.0+(Windows+NT+6.3;+WOW64)+AppleWebKit/537.36+(KHTML,+like+Gecko)+Chrome/48.0.2564.97+Safari/537.36 http://localhost:81/installation/index.php 200 0 0 164
2016-06-14 03:50:16 ::1 GET /installation/index.php - 81 - ::1 Mozilla/5.0+(Windows+NT+6.3;+WOW64)+AppleWebKit/537.36+(KHTML,+like+Gecko)+Chrome/48.0.2564.97+Safari/537.36 http://localhost:81/installation/index.php 200 0 0 167
2016-06-14 03:55:16 ::1 GET /installation/index.php - 81 - ::1 Mozilla/5.0+(Windows+NT+6.3;+WOW64)+AppleWebKit/537.36+(KHTML,+like+Gecko)+Chrome/48.0.2564.97+Safari/537.36 http://localhost:81/installation/index.php 200 0 0 163
2016-06-14 04:00:16 ::1 GET /installation/index.php - 81 - ::1 Mozilla/5.0+(Windows+NT+6.3;+WOW64)+AppleWebKit/537.36+(KHTML,+like+Gecko)+Chrome/48.0.2564.97+Safari/537.36 http://localhost:81/installation/index.php 200 0 0 163
2016-06-14 04:05:16 ::1 GET /installation/index.php - 81 - ::1 Mozilla/5.0+(Windows+NT+6.3;+WOW64)+AppleWebKit/537.36+(KHTML,+like+Gecko)+Chrome/48.0.2564.97+Safari/537.36 http://localhost:81/installation/index.php 200 0 0 162
2016-06-14 04:10:16 ::1 GET /installation/index.php - 81 - ::1 Mozilla/5.0+(Windows+NT+6.3;+WOW64)+AppleWebKit/537.36+(KHTML,+like+Gecko)+Chrome/48.0.2564.97+Safari/537.36 http://localhost:81/installation/index.php 200 0 0 166
2016-06-14 04:15:16 ::1 GET /installation/index.php - 81 - ::1 Mozilla/5.0+(Windows+NT+6.3;+WOW64)+AppleWebKit/537.36+(KHTML,+like+Gecko)+Chrome/48.0.2564.97+Safari/537.36 http://localhost:81/installation/index.php 200 0 0 167
2016-06-14 04:20:16 ::1 GET /installation/index.php - 81 - ::1 Mozilla/5.0+(Windows+NT+6.3;+WOW64)+AppleWebKit/537.36+(KHTML,+like+Gecko)+Chrome/48.0.2564.97+Safari/537.36 http://localhost:81/installation/index.php 200 0 0 161
2016-06-14 04:25:16 ::1 GET /installation/index.php - 81 - ::1 Mozilla/5.0+(Windows+NT+6.3;+WOW64)+AppleWebKit/537.36+(KHTML,+like+Gecko)+Chrome/48.0.2564.97+Safari/537.36 http://localhost:81/installation/index.php 200 0 0 164
2016-06-14 04:30:16 ::1 GET /installation/index.php - 81 - ::1 Mozilla/5.0+(Windows+NT+6.3;+WOW64)+AppleWebKit/537.36+(KHTML,+like+Gecko)+Chrome/48.0.2564.97+Safari/537.36 http://localhost:81/installation/index.php 200 0 0 163
2016-06-14 04:35:16 ::1 GET /installation/index.php - 81 - ::1 Mozilla/5.0+(Windows+NT+6.3;+WOW64)+AppleWebKit/537.36+(KHTML,+like+Gecko)+Chrome/48.0.2564.97+Safari/537.36 http://localhost:81/installation/index.php 200 0 0 165
2016-06-14 04:40:16 ::1 GET /installation/index.php - 81 - ::1 Mozilla/5.0+(Windows+NT+6.3;+WOW64)+AppleWebKit/537.36+(KHTML,+like+Gecko)+Chrome/48.0.2564.97+Safari/537.36 http://localhost:81/installation/index.php 200 0 0 167
2016-06-14 04:45:16 ::1 GET /installation/index.php - 81 - ::1 Mozilla/5.0+(Windows+NT+6.3;+WOW64)+AppleWebKit/537.36+(KHTML,+like+Gecko)+Chrome/48.0.2564.97+Safari/537.36 http://localhost:81/installation/index.php 200 0 0 164
2016-06-14 04:50:16 ::1 GET /installation/index.php - 81 - ::1 Mozilla/5.0+(Windows+NT+6.3;+WOW64)+AppleWebKit/537.36+(KHTML,+like+Gecko)+Chrome/48.0.2564.97+Safari/537.36 http://localhost:81/installation/index.php 200 0 0 164
2016-06-14 04:55:16 ::1 GET /installation/index.php - 81 - ::1 Mozilla/5.0+(Windows+NT+6.3;+WOW64)+AppleWebKit/537.36+(KHTML,+like+Gecko)+Chrome/48.0.2564.97+Safari/537.36 http://localhost:81/installation/index.php 200 0 0 164
2016-06-14 05:00:16 ::1 GET /installation/index.php - 81 - ::1 Mozilla/5.0+(Windows+NT+6.3;+WOW64)+AppleWebKit/537.36+(KHTML,+like+Gecko)+Chrome/48.0.2564.97+Safari/537.36 http://localhost:81/installation/index.php 200 0 0 165
2016-06-14 05:05:16 ::1 GET /installation/index.php - 81 - ::1 Mozilla/5.0+(Windows+NT+6.3;+WOW64)+AppleWebKit/537.36+(KHTML,+like+Gecko)+Chrome/48.0.2564.97+Safari/537.36 http://localhost:81/installation/index.php 200 0 0 168
2016-06-14 05:10:16 ::1 GET /installation/index.php - 81 - ::1 Mozilla/5.0+(Windows+NT+6.3;+WOW64)+AppleWebKit/537.36+(KHTML,+like+Gecko)+Chrome/48.0.2564.97+Safari/537.36 http://localhost:81/installation/index.php 200 0 0 160
2016-06-14 05:15:16 ::1 GET /installation/index.php - 81 - ::1 Mozilla/5.0+(Windows+NT+6.3;+WOW64)+AppleWebKit/537.36+(KHTML,+like+Gecko)+Chrome/48.0.2564.97+Safari/537.36 http://localhost:81/installation/index.php 200 0 0 164
2016-06-14 05:20:16 ::1 GET /installation/index.php - 81 - ::1 Mozilla/5.0+(Windows+NT+6.3;+WOW64)+AppleWebKit/537.36+(KHTML,+like+Gecko)+Chrome/48.0.2564.97+Safari/537.36 http://localhost:81/installation/index.php 200 0 0 165
2016-06-14 05:25:16 ::1 GET /installation/index.php - 81 - ::1 Mozilla/5.0+(Windows+NT+6.3;+WOW64)+AppleWebKit/537.36+(KHTML,+like+Gecko)+Chrome/48.0.2564.97+Safari/537.36 http://localhost:81/installation/index.php 200 0 0 166
2016-06-14 05:30:16 ::1 GET /installation/index.php - 81 - ::1 Mozilla/5.0+(Windows+NT+6.3;+WOW64)+AppleWebKit/537.36+(KHTML,+like+Gecko)+Chrome/48.0.2564.97+Safari/537.36 http://localhost:81/installation/index.php 200 0 0 167
2016-06-14 05:35:16 ::1 GET /installation/index.php - 81 - ::1 Mozilla/5.0+(Windows+NT+6.3;+WOW64)+AppleWebKit/537.36+(KHTML,+like+Gecko)+Chrome/48.0.2564.97+Safari/537.36 http://localhost:81/installation/index.php 200 0 0 163
2016-06-14 05:40:16 ::1 GET /installation/index.php - 81 - ::1 Mozilla/5.0+(Windows+NT+6.3;+WOW64)+AppleWebKit/537.36+(KHTML,+like+Gecko)+Chrome/48.0.2564.97+Safari/537.36 http://localhost:81/installation/index.php 200 0 0 167
2016-06-14 05:45:16 ::1 GET /installation/index.php - 81 - ::1 Mozilla/5.0+(Windows+NT+6.3;+WOW64)+AppleWebKit/537.36+(KHTML,+like+Gecko)+Chrome/48.0.2564.97+Safari/537.36 http://localhost:81/installation/index.php 200 0 0 165
2016-06-14 05:50:16 ::1 GET /installation/index.php - 81 - ::1 Mozilla/5.0+(Windows+NT+6.3;+WOW64)+AppleWebKit/537.36+(KHTML,+like+Gecko)+Chrome/48.0.2564.97+Safari/537.36 http://localhost:81/installation/index.php 200 0 0 162
2016-06-14 05:55:16 ::1 GET /installation/index.php - 81 - ::1 Mozilla/5.0+(Windows+NT+6.3;+WOW64)+AppleWebKit/537.36+(KHTML,+like+Gecko)+Chrome/48.0.2564.97+Safari/537.36 http://localhost:81/installation/index.php 200 0 0 319
2016-06-14 06:00:16 ::1 GET /installation/index.php - 81 - ::1 Mozilla/5.0+(Windows+NT+6.3;+WOW64)+AppleWebKit/537.36+(KHTML,+like+Gecko)+Chrome/48.0.2564.97+Safari/537.36 http://localhost:81/installation/index.php 200 0 0 295
2016-06-14 06:05:16 ::1 GET /installation/index.php - 81 - ::1 Mozilla/5.0+(Windows+NT+6.3;+WOW64)+AppleWebKit/537.36+(KHTML,+like+Gecko)+Chrome/48.0.2564.97+Safari/537.36 http://localhost:81/installation/index.php 200 0 0 165
2016-06-14 06:10:16 ::1 GET /installation/index.php - 81 - ::1 Mozilla/5.0+(Windows+NT+6.3;+WOW64)+AppleWebKit/537.36+(KHTML,+like+Gecko)+Chrome/48.0.2564.97+Safari/537.36 http://localhost:81/installation/index.php 200 0 0 166
2016-06-14 06:15:16 ::1 GET /installation/index.php - 81 - ::1 Mozilla/5.0+(Windows+NT+6.3;+WOW64)+AppleWebKit/537.36+(KHTML,+like+Gecko)+Chrome/48.0.2564.97+Safari/537.36 http://localhost:81/installation/index.php 200 0 0 165
2016-06-14 06:20:16 ::1 GET /installation/index.php - 81 - ::1 Mozilla/5.0+(Windows+NT+6.3;+WOW64)+AppleWebKit/537.36+(KHTML,+like+Gecko)+Chrome/48.0.2564.97+Safari/537.36 http://localhost:81/installation/index.php 200 0 0 164
2016-06-14 06:25:16 ::1 GET /installation/index.php - 81 - ::1 Mozilla/5.0+(Windows+NT+6.3;+WOW64)+AppleWebKit/537.36+(KHTML,+like+Gecko)+Chrome/48.0.2564.97+Safari/537.36 http://localhost:81/installation/index.php 200 0 0 162
2016-06-14 06:30:16 ::1 GET /installation/index.php - 81 - ::1 Mozilla/5.0+(Windows+NT+6.3;+WOW64)+AppleWebKit/537.36+(KHTML,+like+Gecko)+Chrome/48.0.2564.97+Safari/537.36 http://localhost:81/installation/index.php 200 0 0 168
2016-06-14 06:35:16 ::1 GET /installation/index.php - 81 - ::1 Mozilla/5.0+(Windows+NT+6.3;+WOW64)+AppleWebKit/537.36+(KHTML,+like+Gecko)+Chrome/48.0.2564.97+Safari/537.36 http://localhost:81/installation/index.php 200 0 0 166
2016-06-14 06:40:16 ::1 GET /installation/index.php - 81 - ::1 Mozilla/5.0+(Windows+NT+6.3;+WOW64)+AppleWebKit/537.36+(KHTML,+like+Gecko)+Chrome/48.0.2564.97+Safari/537.36 http://localhost:81/installation/index.php 200 0 0 167
2016-06-14 06:45:16 ::1 GET /installation/index.php - 81 - ::1 Mozilla/5.0+(Windows+NT+6.3;+WOW64)+AppleWebKit/537.36+(KHTML,+like+Gecko)+Chrome/48.0.2564.97+Safari/537.36 http://localhost:81/installation/index.php 200 0 0 168
2016-06-14 06:50:16 ::1 GET /installation/index.php - 81 - ::1 Mozilla/5.0+(Windows+NT+6.3;+WOW64)+AppleWebKit/537.36+(KHTML,+like+Gecko)+Chrome/48.0.2564.97+Safari/537.36 http://localhost:81/installation/index.php 200 0 0 168
2016-06-14 06:55:16 ::1 GET /installation/index.php - 81 - ::1 Mozilla/5.0+(Windows+NT+6.3;+WOW64)+AppleWebKit/537.36+(KHTML,+like+Gecko)+Chrome/48.0.2564.97+Safari/537.36 http://localhost:81/installation/index.php 200 0 0 167
2016-06-14 07:00:16 ::1 GET /installation/index.php - 81 - ::1 Mozilla/5.0+(Windows+NT+6.3;+WOW64)+AppleWebKit/537.36+(KHTML,+like+Gecko)+Chrome/48.0.2564.97+Safari/537.36 http://localhost:81/installation/index.php 200 0 0 165
2016-06-14 07:05:16 ::1 GET /installation/index.php - 81 - ::1 Mozilla/5.0+(Windows+NT+6.3;+WOW64)+AppleWebKit/537.36+(KHTML,+like+Gecko)+Chrome/48.0.2564.97+Safari/537.36 http://localhost:81/installation/index.php 200 0 0 168
2016-06-14 07:10:16 ::1 GET /installation/index.php - 81 - ::1 Mozilla/5.0+(Windows+NT+6.3;+WOW64)+AppleWebKit/537.36+(KHTML,+like+Gecko)+Chrome/48.0.2564.97+Safari/537.36 http://localhost:81/installation/index.php 200 0 0 166
2016-06-14 07:15:16 ::1 GET /installation/index.php - 81 - ::1 Mozilla/5.0+(Windows+NT+6.3;+WOW64)+AppleWebKit/537.36+(KHTML,+like+Gecko)+Chrome/48.0.2564.97+Safari/537.36 http://localhost:81/installation/index.php 200 0 0 166
2016-06-14 07:20:16 ::1 GET /installation/index.php - 81 - ::1 Mozilla/5.0+(Windows+NT+6.3;+WOW64)+AppleWebKit/537.36+(KHTML,+like+Gecko)+Chrome/48.0.2564.97+Safari/537.36 http://localhost:81/installation/index.php 200 0 0 165
2016-06-14 07:25:16 ::1 GET /installation/index.php - 81 - ::1 Mozilla/5.0+(Windows+NT+6.3;+WOW64)+AppleWebKit/537.36+(KHTML,+like+Gecko)+Chrome/48.0.2564.97+Safari/537.36 http://localhost:81/installation/index.php 200 0 0 164
2016-06-14 07:30:16 ::1 GET /installation/index.php - 81 - ::1 Mozilla/5.0+(Windows+NT+6.3;+WOW64)+AppleWebKit/537.36+(KHTML,+like+Gecko)+Chrome/48.0.2564.97+Safari/537.36 http://localhost:81/installation/index.php 200 0 0 165
2016-06-14 07:35:16 ::1 GET /installation/index.php - 81 - ::1 Mozilla/5.0+(Windows+NT+6.3;+WOW64)+AppleWebKit/537.36+(KHTML,+like+Gecko)+Chrome/48.0.2564.97+Safari/537.36 http://localhost:81/installation/index.php 200 0 0 166
2016-06-14 07:40:16 ::1 GET /installation/index.php - 81 - ::1 Mozilla/5.0+(Windows+NT+6.3;+WOW64)+AppleWebKit/537.36+(KHTML,+like+Gecko)+Chrome/48.0.2564.97+Safari/537.36 http://localhost:81/installation/index.php 200 0 0 163
2016-06-14 07:45:16 ::1 GET /installation/index.php - 81 - ::1 Mozilla/5.0+(Windows+NT+6.3;+WOW64)+AppleWebKit/537.36+(KHTML,+like+Gecko)+Chrome/48.0.2564.97+Safari/537.36 http://localhost:81/installation/index.php 200 0 0 169
2016-06-14 07:50:16 ::1 GET /installation/index.php - 81 - ::1 Mozilla/5.0+(Windows+NT+6.3;+WOW64)+AppleWebKit/537.36+(KHTML,+like+Gecko)+Chrome/48.0.2564.97+Safari/537.36 http://localhost:81/installation/index.php 200 0 0 166
2016-06-14 07:55:16 ::1 GET /installation/index.php - 81 - ::1 Mozilla/5.0+(Windows+NT+6.3;+WOW64)+AppleWebKit/537.36+(KHTML,+like+Gecko)+Chrome/48.0.2564.97+Safari/537.36 http://localhost:81/installation/index.php 200 0 0 165
2016-06-14 08:00:16 ::1 GET /installation/index.php - 81 - ::1 Mozilla/5.0+(Windows+NT+6.3;+WOW64)+AppleWebKit/537.36+(KHTML,+like+Gecko)+Chrome/48.0.2564.97+Safari/537.36 http://localhost:81/installation/index.php 200 0 0 167
2016-06-14 08:05:16 ::1 GET /installation/index.php - 81 - ::1 Mozilla/5.0+(Windows+NT+6.3;+WOW64)+AppleWebKit/537.36+(KHTML,+like+Gecko)+Chrome/48.0.2564.97+Safari/537.36 http://localhost:81/installation/index.php 200 0 0 162
2016-06-14 08:10:16 ::1 GET /installation/index.php - 81 - ::1 Mozilla/5.0+(Windows+NT+6.3;+WOW64)+AppleWebKit/537.36+(KHTML,+like+Gecko)+Chrome/48.0.2564.97+Safari/537.36 http://localhost:81/installation/index.php 200 0 0 166
2016-06-14 08:15:16 ::1 GET /installation/index.php - 81 - ::1 Mozilla/5.0+(Windows+NT+6.3;+WOW64)+AppleWebKit/537.36+(KHTML,+like+Gecko)+Chrome/48.0.2564.97+Safari/537.36 http://localhost:81/installation/index.php 200 0 0 166
2016-06-14 08:20:16 ::1 GET /installation/index.php - 81 - ::1 Mozilla/5.0+(Windows+NT+6.3;+WOW64)+AppleWebKit/537.36+(KHTML,+like+Gecko)+Chrome/48.0.2564.97+Safari/537.36 http://localhost:81/installation/index.php 200 0 0 164
2016-06-14 08:25:16 ::1 GET /installation/index.php - 81 - ::1 Mozilla/5.0+(Windows+NT+6.3;+WOW64)+AppleWebKit/537.36+(KHTML,+like+Gecko)+Chrome/48.0.2564.97+Safari/537.36 http://localhost:81/installation/index.php 200 0 0 169
2016-06-14 08:30:16 ::1 GET /installation/index.php - 81 - ::1 Mozilla/5.0+(Windows+NT+6.3;+WOW64)+AppleWebKit/537.36+(KHTML,+like+Gecko)+Chrome/48.0.2564.97+Safari/537.36 http://localhost:81/installation/index.php 200 0 0 165
2016-06-14 08:35:16 ::1 GET /installation/index.php - 81 - ::1 Mozilla/5.0+(Windows+NT+6.3;+WOW64)+AppleWebKit/537.36+(KHTML,+like+Gecko)+Chrome/48.0.2564.97+Safari/537.36 http://localhost:81/installation/index.php 200 0 0 165
2016-06-14 08:40:16 ::1 GET /installation/index.php - 81 - ::1 Mozilla/5.0+(Windows+NT+6.3;+WOW64)+AppleWebKit/537.36+(KHTML,+like+Gecko)+Chrome/48.0.2564.97+Safari/537.36 http://localhost:81/installation/index.php 200 0 0 161
2016-06-14 08:45:16 ::1 GET /installation/index.php - 81 - ::1 Mozilla/5.0+(Windows+NT+6.3;+WOW64)+AppleWebKit/537.36+(KHTML,+like+Gecko)+Chrome/48.0.2564.97+Safari/537.36 http://localhost:81/installation/index.php 200 0 0 171
2016-06-14 08:50:16 ::1 GET /installation/index.php - 81 - ::1 Mozilla/5.0+(Windows+NT+6.3;+WOW64)+AppleWebKit/537.36+(KHTML,+like+Gecko)+Chrome/48.0.2564.97+Safari/537.36 http://localhost:81/installation/index.php 200 0 0 167
2016-06-14 08:55:16 ::1 GET /installation/index.php - 81 - ::1 Mozilla/5.0+(Windows+NT+6.3;+WOW64)+AppleWebKit/537.36+(KHTML,+like+Gecko)+Chrome/48.0.2564.97+Safari/537.36 http://localhost:81/installation/index.php 200 0 0 167
2016-06-14 09:00:16 ::1 GET /installation/index.php - 81 - ::1 Mozilla/5.0+(Windows+NT+6.3;+WOW64)+AppleWebKit/537.36+(KHTML,+like+Gecko)+Chrome/48.0.2564.97+Safari/537.36 http://localhost:81/installation/index.php 200 0 0 166
2016-06-14 09:05:16 ::1 GET /installation/index.php - 81 - ::1 Mozilla/5.0+(Windows+NT+6.3;+WOW64)+AppleWebKit/537.36+(KHTML,+like+Gecko)+Chrome/48.0.2564.97+Safari/537.36 http://localhost:81/installation/index.php 200 0 0 165
2016-06-14 09:10:16 ::1 GET /installation/index.php - 81 - ::1 Mozilla/5.0+(Windows+NT+6.3;+WOW64)+AppleWebKit/537.36+(KHTML,+like+Gecko)+Chrome/48.0.2564.97+Safari/537.36 http://localhost:81/installation/index.php 200 0 0 162
2016-06-14 09:15:16 ::1 GET /installation/index.php - 81 - ::1 Mozilla/5.0+(Windows+NT+6.3;+WOW64)+AppleWebKit/537.36+(KHTML,+like+Gecko)+Chrome/48.0.2564.97+Safari/537.36 http://localhost:81/installation/index.php 200 0 0 162
2016-06-14 09:20:16 ::1 GET /installation/index.php - 81 - ::1 Mozilla/5.0+(Windows+NT+6.3;+WOW64)+AppleWebKit/537.36+(KHTML,+like+Gecko)+Chrome/48.0.2564.97+Safari/537.36 http://localhost:81/installation/index.php 200 0 0 163
2016-06-14 09:25:16 ::1 GET /installation/index.php - 81 - ::1 Mozilla/5.0+(Windows+NT+6.3;+WOW64)+AppleWebKit/537.36+(KHTML,+like+Gecko)+Chrome/48.0.2564.97+Safari/537.36 http://localhost:81/installation/index.php 200 0 0 167
2016-06-14 09:30:16 ::1 GET /installation/index.php - 81 - ::1 Mozilla/5.0+(Windows+NT+6.3;+WOW64)+AppleWebKit/537.36+(KHTML,+like+Gecko)+Chrome/48.0.2564.97+Safari/537.36 http://localhost:81/installation/index.php 200 0 0 165
2016-06-14 09:35:16 ::1 GET /installation/index.php - 81 - ::1 Mozilla/5.0+(Windows+NT+6.3;+WOW64)+AppleWebKit/537.36+(KHTML,+like+Gecko)+Chrome/48.0.2564.97+Safari/537.36 http://localhost:81/installation/index.php 200 0 0 170
2016-06-14 09:40:16 ::1 GET /installation/index.php - 81 - ::1 Mozilla/5.0+(Windows+NT+6.3;+WOW64)+AppleWebKit/537.36+(KHTML,+like+Gecko)+Chrome/48.0.2564.97+Safari/537.36 http://localhost:81/installation/index.php 200 0 0 163
2016-06-14 09:45:16 ::1 GET /installation/index.php - 81 - ::1 Mozilla/5.0+(Windows+NT+6.3;+WOW64)+AppleWebKit/537.36+(KHTML,+like+Gecko)+Chrome/48.0.2564.97+Safari/537.36 http://localhost:81/installation/index.php 200 0 0 163
2016-06-14 09:50:16 ::1 GET /installation/index.php - 81 - ::1 Mozilla/5.0+(Windows+NT+6.3;+WOW64)+AppleWebKit/537.36+(KHTML,+like+Gecko)+Chrome/48.0.2564.97+Safari/537.36 http://localhost:81/installation/index.php 200 0 0 165
2016-06-14 09:55:16 ::1 GET /installation/index.php - 81 - ::1 Mozilla/5.0+(Windows+NT+6.3;+WOW64)+AppleWebKit/537.36+(KHTML,+like+Gecko)+Chrome/48.0.2564.97+Safari/537.36 http://localhost:81/installation/index.php 200 0 0 164
2016-06-14 10:00:16 ::1 GET /installation/index.php - 81 - ::1 Mozilla/5.0+(Windows+NT+6.3;+WOW64)+AppleWebKit/537.36+(KHTML,+like+Gecko)+Chrome/48.0.2564.97+Safari/537.36 http://localhost:81/installation/index.php 200 0 0 167
2016-06-14 10:05:16 ::1 GET /installation/index.php - 81 - ::1 Mozilla/5.0+(Windows+NT+6.3;+WOW64)+AppleWebKit/537.36+(KHTML,+like+Gecko)+Chrome/48.0.2564.97+Safari/537.36 http://localhost:81/installation/index.php 200 0 0 166
2016-06-14 10:10:16 ::1 GET /installation/index.php - 81 - ::1 Mozilla/5.0+(Windows+NT+6.3;+WOW64)+AppleWebKit/537.36+(KHTML,+like+Gecko)+Chrome/48.0.2564.97+Safari/537.36 http://localhost:81/installation/index.php 200 0 0 167
2016-06-14 10:15:16 ::1 GET /installation/index.php - 81 - ::1 Mozilla/5.0+(Windows+NT+6.3;+WOW64)+AppleWebKit/537.36+(KHTML,+like+Gecko)+Chrome/48.0.2564.97+Safari/537.36 http://localhost:81/installation/index.php 200 0 0 162
2016-06-14 10:20:16 ::1 GET /installation/index.php - 81 - ::1 Mozilla/5.0+(Windows+NT+6.3;+WOW64)+AppleWebKit/537.36+(KHTML,+like+Gecko)+Chrome/48.0.2564.97+Safari/537.36 http://localhost:81/installation/index.php 200 0 0 163
2016-06-14 10:25:16 ::1 GET /installation/index.php - 81 - ::1 Mozilla/5.0+(Windows+NT+6.3;+WOW64)+AppleWebKit/537.36+(KHTML,+like+Gecko)+Chrome/48.0.2564.97+Safari/537.36 http://localhost:81/installation/index.php 200 0 0 168
2016-06-14 10:30:16 ::1 GET /installation/index.php - 81 - ::1 Mozilla/5.0+(Windows+NT+6.3;+WOW64)+AppleWebKit/537.36+(KHTML,+like+Gecko)+Chrome/48.0.2564.97+Safari/537.36 http://localhost:81/installation/index.php 200 0 0 166
2016-06-14 10:35:16 ::1 GET /installation/index.php - 81 - ::1 Mozilla/5.0+(Windows+NT+6.3;+WOW64)+AppleWebKit/537.36+(KHTML,+like+Gecko)+Chrome/48.0.2564.97+Safari/537.36 http://localhost:81/installation/index.php 200 0 0 165
2016-06-14 10:40:16 ::1 GET /installation/index.php - 81 - ::1 Mozilla/5.0+(Windows+NT+6.3;+WOW64)+AppleWebKit/537.36+(KHTML,+like+Gecko)+Chrome/48.0.2564.97+Safari/537.36 http://localhost:81/installation/index.php 200 0 0 168
2016-06-14 10:45:16 ::1 GET /installation/index.php - 81 - ::1 Mozilla/5.0+(Windows+NT+6.3;+WOW64)+AppleWebKit/537.36+(KHTML,+like+Gecko)+Chrome/48.0.2564.97+Safari/537.36 http://localhost:81/installation/index.php 200 0 0 161
2016-06-14 10:50:16 ::1 GET /installation/index.php - 81 - ::1 Mozilla/5.0+(Windows+NT+6.3;+WOW64)+AppleWebKit/537.36+(KHTML,+like+Gecko)+Chrome/48.0.2564.97+Safari/537.36 http://localhost:81/installation/index.php 200 0 0 169
2016-06-14 10:55:16 ::1 GET /installation/index.php - 81 - ::1 Mozilla/5.0+(Windows+NT+6.3;+WOW64)+AppleWebKit/537.36+(KHTML,+like+Gecko)+Chrome/48.0.2564.97+Safari/537.36 http://localhost:81/installation/index.php 200 0 0 164
2016-06-14 11:00:16 ::1 GET /installation/index.php - 81 - ::1 Mozilla/5.0+(Windows+NT+6.3;+WOW64)+AppleWebKit/537.36+(KHTML,+like+Gecko)+Chrome/48.0.2564.97+Safari/537.36 http://localhost:81/installation/index.php 200 0 0 164
2016-06-14 11:05:16 ::1 GET /installation/index.php - 81 - ::1 Mozilla/5.0+(Windows+NT+6.3;+WOW64)+AppleWebKit/537.36+(KHTML,+like+Gecko)+Chrome/48.0.2564.97+Safari/537.36 http://localhost:81/installation/index.php 200 0 0 170
2016-06-14 11:10:16 ::1 GET /installation/index.php - 81 - ::1 Mozilla/5.0+(Windows+NT+6.3;+WOW64)+AppleWebKit/537.36+(KHTML,+like+Gecko)+Chrome/48.0.2564.97+Safari/537.36 http://localhost:81/installation/index.php 200 0 0 166
2016-06-14 11:15:16 ::1 GET /installation/index.php - 81 - ::1 Mozilla/5.0+(Windows+NT+6.3;+WOW64)+AppleWebKit/537.36+(KHTML,+like+Gecko)+Chrome/48.0.2564.97+Safari/537.36 http://localhost:81/installation/index.php 200 0 0 165
2016-06-14 11:20:16 ::1 GET /installation/index.php - 81 - ::1 Mozilla/5.0+(Windows+NT+6.3;+WOW64)+AppleWebKit/537.36+(KHTML,+like+Gecko)+Chrome/48.0.2564.97+Safari/537.36 http://localhost:81/installation/index.php 200 0 0 166
2016-06-14 11:25:16 ::1 GET /installation/index.php - 81 - ::1 Mozilla/5.0+(Windows+NT+6.3;+WOW64)+AppleWebKit/537.36+(KHTML,+like+Gecko)+Chrome/48.0.2564.97+Safari/537.36 http://localhost:81/installation/index.php 200 0 0 164
2016-06-14 11:30:16 ::1 GET /installation/index.php - 81 - ::1 Mozilla/5.0+(Windows+NT+6.3;+WOW64)+AppleWebKit/537.36+(KHTML,+like+Gecko)+Chrome/48.0.2564.97+Safari/537.36 http://localhost:81/installation/index.php 200 0 0 167
2016-06-14 11:35:16 ::1 GET /installation/index.php - 81 - ::1 Mozilla/5.0+(Windows+NT+6.3;+WOW64)+AppleWebKit/537.36+(KHTML,+like+Gecko)+Chrome/48.0.2564.97+Safari/537.36 http://localhost:81/installation/index.php 200 0 0 163
2016-06-14 11:40:16 ::1 GET /installation/index.php - 81 - ::1 Mozilla/5.0+(Windows+NT+6.3;+WOW64)+AppleWebKit/537.36+(KHTML,+like+Gecko)+Chrome/48.0.2564.97+Safari/537.36 http://localhost:81/installation/index.php 200 0 0 169
2016-06-14 11:45:16 ::1 GET /installation/index.php - 81 - ::1 Mozilla/5.0+(Windows+NT+6.3;+WOW64)+AppleWebKit/537.36+(KHTML,+like+Gecko)+Chrome/48.0.2564.97+Safari/537.36 http://localhost:81/installation/index.php 200 0 0 162
2016-06-14 11:50:16 ::1 GET /installation/index.php - 81 - ::1 Mozilla/5.0+(Windows+NT+6.3;+WOW64)+AppleWebKit/537.36+(KHTML,+like+Gecko)+Chrome/48.0.2564.97+Safari/537.36 http://localhost:81/installation/index.php 200 0 0 165
2016-06-14 11:55:16 ::1 GET /installation/index.php - 81 - ::1 Mozilla/5.0+(Windows+NT+6.3;+WOW64)+AppleWebKit/537.36+(KHTML,+like+Gecko)+Chrome/48.0.2564.97+Safari/537.36 http://localhost:81/installation/index.php 200 0 0 170
2016-06-14 12:00:16 ::1 GET /installation/index.php - 81 - ::1 Mozilla/5.0+(Windows+NT+6.3;+WOW64)+AppleWebKit/537.36+(KHTML,+like+Gecko)+Chrome/48.0.2564.97+Safari/537.36 http://localhost:81/installation/index.php 200 0 0 164
2016-06-14 12:05:16 ::1 GET /installation/index.php - 81 - ::1 Mozilla/5.0+(Windows+NT+6.3;+WOW64)+AppleWebKit/537.36+(KHTML,+like+Gecko)+Chrome/48.0.2564.97+Safari/537.36 http://localhost:81/installation/index.php 200 0 0 169
2016-06-14 12:10:16 ::1 GET /installation/index.php - 81 - ::1 Mozilla/5.0+(Windows+NT+6.3;+WOW64)+AppleWebKit/537.36+(KHTML,+like+Gecko)+Chrome/48.0.2564.97+Safari/537.36 http://localhost:81/installation/index.php 200 0 0 166
2016-06-14 12:15:16 ::1 GET /installation/index.php - 81 - ::1 Mozilla/5.0+(Windows+NT+6.3;+WOW64)+AppleWebKit/537.36+(KHTML,+like+Gecko)+Chrome/48.0.2564.97+Safari/537.36 http://localhost:81/installation/index.php 200 0 0 165
2016-06-14 12:20:16 ::1 GET /installation/index.php - 81 - ::1 Mozilla/5.0+(Windows+NT+6.3;+WOW64)+AppleWebKit/537.36+(KHTML,+like+Gecko)+Chrome/48.0.2564.97+Safari/537.36 http://localhost:81/installation/index.php 200 0 0 166
2016-06-14 12:25:16 ::1 GET /installation/index.php - 81 - ::1 Mozilla/5.0+(Windows+NT+6.3;+WOW64)+AppleWebKit/537.36+(KHTML,+like+Gecko)+Chrome/48.0.2564.97+Safari/537.36 http://localhost:81/installation/index.php 200 0 0 166
2016-06-14 12:30:16 ::1 GET /installation/index.php - 81 - ::1 Mozilla/5.0+(Windows+NT+6.3;+WOW64)+AppleWebKit/537.36+(KHTML,+like+Gecko)+Chrome/48.0.2564.97+Safari/537.36 http://localhost:81/installation/index.php 200 0 0 166
2016-06-14 12:35:16 ::1 GET /installation/index.php - 81 - ::1 Mozilla/5.0+(Windows+NT+6.3;+WOW64)+AppleWebKit/537.36+(KHTML,+like+Gecko)+Chrome/48.0.2564.97+Safari/537.36 http://localhost:81/installation/index.php 200 0 0 173
2016-06-14 12:40:16 ::1 GET /installation/index.php - 81 - ::1 Mozilla/5.0+(Windows+NT+6.3;+WOW64)+AppleWebKit/537.36+(KHTML,+like+Gecko)+Chrome/48.0.2564.97+Safari/537.36 http://localhost:81/installation/index.php 200 0 0 163
2016-06-14 12:45:16 ::1 GET /installation/index.php - 81 - ::1 Mozilla/5.0+(Windows+NT+6.3;+WOW64)+AppleWebKit/537.36+(KHTML,+like+Gecko)+Chrome/48.0.2564.97+Safari/537.36 http://localhost:81/installation/index.php 200 0 0 165
2016-06-14 12:50:16 ::1 GET /installation/index.php - 81 - ::1 Mozilla/5.0+(Windows+NT+6.3;+WOW64)+AppleWebKit/537.36+(KHTML,+like+Gecko)+Chrome/48.0.2564.97+Safari/537.36 http://localhost:81/installation/index.php 200 0 0 168
2016-06-14 12:55:16 ::1 GET /installation/index.php - 81 - ::1 Mozilla/5.0+(Windows+NT+6.3;+WOW64)+AppleWebKit/537.36+(KHTML,+like+Gecko)+Chrome/48.0.2564.97+Safari/537.36 http://localhost:81/installation/index.php 200 0 0 165
2016-06-14 13:00:16 ::1 GET /installation/index.php - 81 - ::1 Mozilla/5.0+(Windows+NT+6.3;+WOW64)+AppleWebKit/537.36+(KHTML,+like+Gecko)+Chrome/48.0.2564.97+Safari/537.36 http://localhost:81/installation/index.php 200 0 0 166
2016-06-14 13:05:16 ::1 GET /installation/index.php - 81 - ::1 Mozilla/5.0+(Windows+NT+6.3;+WOW64)+AppleWebKit/537.36+(KHTML,+like+Gecko)+Chrome/48.0.2564.97+Safari/537.36 http://localhost:81/installation/index.php 200 0 0 163
2016-06-14 13:10:16 ::1 GET /installation/index.php - 81 - ::1 Mozilla/5.0+(Windows+NT+6.3;+WOW64)+AppleWebKit/537.36+(KHTML,+like+Gecko)+Chrome/48.0.2564.97+Safari/537.36 http://localhost:81/installation/index.php 200 0 0 164
2016-06-14 13:15:16 ::1 GET /installation/index.php - 81 - ::1 Mozilla/5.0+(Windows+NT+6.3;+WOW64)+AppleWebKit/537.36+(KHTML,+like+Gecko)+Chrome/48.0.2564.97+Safari/537.36 http://localhost:81/installation/index.php 200 0 0 164
2016-06-14 13:20:16 ::1 GET /installation/index.php - 81 - ::1 Mozilla/5.0+(Windows+NT+6.3;+WOW64)+AppleWebKit/537.36+(KHTML,+like+Gecko)+Chrome/48.0.2564.97+Safari/537.36 http://localhost:81/installation/index.php 200 0 0 165
2016-06-14 13:25:16 ::1 GET /installation/index.php - 81 - ::1 Mozilla/5.0+(Windows+NT+6.3;+WOW64)+AppleWebKit/537.36+(KHTML,+like+Gecko)+Chrome/48.0.2564.97+Safari/537.36 http://localhost:81/installation/index.php 200 0 0 167
2016-06-14 13:30:16 ::1 GET /installation/index.php - 81 - ::1 Mozilla/5.0+(Windows+NT+6.3;+WOW64)+AppleWebKit/537.36+(KHTML,+like+Gecko)+Chrome/48.0.2564.97+Safari/537.36 http://localhost:81/installation/index.php 200 0 0 164
2016-06-14 13:35:16 ::1 GET /installation/index.php - 81 - ::1 Mozilla/5.0+(Windows+NT+6.3;+WOW64)+AppleWebKit/537.36+(KHTML,+like+Gecko)+Chrome/48.0.2564.97+Safari/537.36 http://localhost:81/installation/index.php 200 0 0 169
2016-06-14 13:40:16 ::1 GET /installation/index.php - 81 - ::1 Mozilla/5.0+(Windows+NT+6.3;+WOW64)+AppleWebKit/537.36+(KHTML,+like+Gecko)+Chrome/48.0.2564.97+Safari/537.36 http://localhost:81/installation/index.php 200 0 0 164
2016-06-14 13:45:16 ::1 GET /installation/index.php - 81 - ::1 Mozilla/5.0+(Windows+NT+6.3;+WOW64)+AppleWebKit/537.36+(KHTML,+like+Gecko)+Chrome/48.0.2564.97+Safari/537.36 http://localhost:81/installation/index.php 200 0 0 169
2016-06-14 13:50:16 ::1 GET /installation/index.php - 81 - ::1 Mozilla/5.0+(Windows+NT+6.3;+WOW64)+AppleWebKit/537.36+(KHTML,+like+Gecko)+Chrome/48.0.2564.97+Safari/537.36 http://localhost:81/installation/index.php 200 0 0 165
2016-06-14 13:55:16 ::1 GET /installation/index.php - 81 - ::1 Mozilla/5.0+(Windows+NT+6.3;+WOW64)+AppleWebKit/537.36+(KHTML,+like+Gecko)+Chrome/48.0.2564.97+Safari/537.36 http://localhost:81/installation/index.php 200 0 0 169
2016-06-14 14:00:16 ::1 GET /installation/index.php - 81 - ::1 Mozilla/5.0+(Windows+NT+6.3;+WOW64)+AppleWebKit/537.36+(KHTML,+like+Gecko)+Chrome/48.0.2564.97+Safari/537.36 http://localhost:81/installation/index.php 200 0 0 165
2016-06-14 14:05:16 ::1 GET /installation/index.php - 81 - ::1 Mozilla/5.0+(Windows+NT+6.3;+WOW64)+AppleWebKit/537.36+(KHTML,+like+Gecko)+Chrome/48.0.2564.97+Safari/537.36 http://localhost:81/installation/index.php 200 0 0 164
2016-06-14 14:10:16 ::1 GET /installation/index.php - 81 - ::1 Mozilla/5.0+(Windows+NT+6.3;+WOW64)+AppleWebKit/537.36+(KHTML,+like+Gecko)+Chrome/48.0.2564.97+Safari/537.36 http://localhost:81/installation/index.php 200 0 0 167
2016-06-14 14:15:16 ::1 GET /installation/index.php - 81 - ::1 Mozilla/5.0+(Windows+NT+6.3;+WOW64)+AppleWebKit/537.36+(KHTML,+like+Gecko)+Chrome/48.0.2564.97+Safari/537.36 http://localhost:81/installation/index.php 200 0 0 166
2016-06-14 14:20:16 ::1 GET /installation/index.php - 81 - ::1 Mozilla/5.0+(Windows+NT+6.3;+WOW64)+AppleWebKit/537.36+(KHTML,+like+Gecko)+Chrome/48.0.2564.97+Safari/537.36 http://localhost:81/installation/index.php 200 0 0 167
2016-06-14 14:25:16 ::1 GET /installation/index.php - 81 - ::1 Mozilla/5.0+(Windows+NT+6.3;+WOW64)+AppleWebKit/537.36+(KHTML,+like+Gecko)+Chrome/48.0.2564.97+Safari/537.36 http://localhost:81/installation/index.php 200 0 0 162
2016-06-14 14:30:16 ::1 GET /installation/index.php - 81 - ::1 Mozilla/5.0+(Windows+NT+6.3;+WOW64)+AppleWebKit/537.36+(KHTML,+like+Gecko)+Chrome/48.0.2564.97+Safari/537.36 http://localhost:81/installation/index.php 200 0 0 168
2016-06-14 14:35:16 ::1 GET /installation/index.php - 81 - ::1 Mozilla/5.0+(Windows+NT+6.3;+WOW64)+AppleWebKit/537.36+(KHTML,+like+Gecko)+Chrome/48.0.2564.97+Safari/537.36 http://localhost:81/installation/index.php 200 0 0 165
2016-06-14 14:40:16 ::1 GET /installation/index.php - 81 - ::1 Mozilla/5.0+(Windows+NT+6.3;+WOW64)+AppleWebKit/537.36+(KHTML,+like+Gecko)+Chrome/48.0.2564.97+Safari/537.36 http://localhost:81/installation/index.php 200 0 0 166
2016-06-14 14:45:16 ::1 GET /installation/index.php - 81 - ::1 Mozilla/5.0+(Windows+NT+6.3;+WOW64)+AppleWebKit/537.36+(KHTML,+like+Gecko)+Chrome/48.0.2564.97+Safari/537.36 http://localhost:81/installation/index.php 200 0 0 166
2016-06-14 14:50:16 ::1 GET /installation/index.php - 81 - ::1 Mozilla/5.0+(Windows+NT+6.3;+WOW64)+AppleWebKit/537.36+(KHTML,+like+Gecko)+Chrome/48.0.2564.97+Safari/537.36 http://localhost:81/installation/index.php 200 0 0 165
2016-06-14 14:55:16 ::1 GET /installation/index.php - 81 - ::1 Mozilla/5.0+(Windows+NT+6.3;+WOW64)+AppleWebKit/537.36+(KHTML,+like+Gecko)+Chrome/48.0.2564.97+Safari/537.36 http://localhost:81/installation/index.php 200 0 0 160
2016-06-14 15:00:16 ::1 GET /installation/index.php - 81 - ::1 Mozilla/5.0+(Windows+NT+6.3;+WOW64)+AppleWebKit/537.36+(KHTML,+like+Gecko)+Chrome/48.0.2564.97+Safari/537.36 http://localhost:81/installation/index.php 200 0 0 165
2016-06-14 15:05:16 ::1 GET /installation/index.php - 81 - ::1 Mozilla/5.0+(Windows+NT+6.3;+WOW64)+AppleWebKit/537.36+(KHTML,+like+Gecko)+Chrome/48.0.2564.97+Safari/537.36 http://localhost:81/installation/index.php 200 0 0 167
2016-06-14 15:10:16 ::1 GET /installation/index.php - 81 - ::1 Mozilla/5.0+(Windows+NT+6.3;+WOW64)+AppleWebKit/537.36+(KHTML,+like+Gecko)+Chrome/48.0.2564.97+Safari/537.36 http://localhost:81/installation/index.php 200 0 0 168
2016-06-14 15:15:16 ::1 GET /installation/index.php - 81 - ::1 Mozilla/5.0+(Windows+NT+6.3;+WOW64)+AppleWebKit/537.36+(KHTML,+like+Gecko)+Chrome/48.0.2564.97+Safari/537.36 http://localhost:81/installation/index.php 200 0 0 169
2016-06-14 15:20:16 ::1 GET /installation/index.php - 81 - ::1 Mozilla/5.0+(Windows+NT+6.3;+WOW64)+AppleWebKit/537.36+(KHTML,+like+Gecko)+Chrome/48.0.2564.97+Safari/537.36 http://localhost:81/installation/index.php 200 0 0 167
2016-06-14 15:25:16 ::1 GET /installation/index.php - 81 - ::1 Mozilla/5.0+(Windows+NT+6.3;+WOW64)+AppleWebKit/537.36+(KHTML,+like+Gecko)+Chrome/48.0.2564.97+Safari/537.36 http://localhost:81/installation/index.php 200 0 0 170
2016-06-14 15:30:16 ::1 GET /installation/index.php - 81 - ::1 Mozilla/5.0+(Windows+NT+6.3;+WOW64)+AppleWebKit/537.36+(KHTML,+like+Gecko)+Chrome/48.0.2564.97+Safari/537.36 http://localhost:81/installation/index.php 200 0 0 161
2016-06-14 15:35:16 ::1 GET /installation/index.php - 81 - ::1 Mozilla/5.0+(Windows+NT+6.3;+WOW64)+AppleWebKit/537.36+(KHTML,+like+Gecko)+Chrome/48.0.2564.97+Safari/537.36 http://localhost:81/installation/index.php 200 0 0 167
2016-06-14 15:40:16 ::1 GET /installation/index.php - 81 - ::1 Mozilla/5.0+(Windows+NT+6.3;+WOW64)+AppleWebKit/537.36+(KHTML,+like+Gecko)+Chrome/48.0.2564.97+Safari/537.36 http://localhost:81/installation/index.php 200 0 0 165
2016-06-14 15:45:16 ::1 GET /installation/index.php - 81 - ::1 Mozilla/5.0+(Windows+NT+6.3;+WOW64)+AppleWebKit/537.36+(KHTML,+like+Gecko)+Chrome/48.0.2564.97+Safari/537.36 http://localhost:81/installation/index.php 200 0 0 164
2016-06-14 15:50:16 ::1 GET /installation/index.php - 81 - ::1 Mozilla/5.0+(Windows+NT+6.3;+WOW64)+AppleWebKit/537.36+(KHTML,+like+Gecko)+Chrome/48.0.2564.97+Safari/537.36 http://localhost:81/installation/index.php 200 0 0 168
2016-06-14 15:55:16 ::1 GET /installation/index.php - 81 - ::1 Mozilla/5.0+(Windows+NT+6.3;+WOW64)+AppleWebKit/537.36+(KHTML,+like+Gecko)+Chrome/48.0.2564.97+Safari/537.36 http://localhost:81/installation/index.php 200 0 0 164
2016-06-14 16:00:16 ::1 GET /installation/index.php - 81 - ::1 Mozilla/5.0+(Windows+NT+6.3;+WOW64)+AppleWebKit/537.36+(KHTML,+like+Gecko)+Chrome/48.0.2564.97+Safari/537.36 http://localhost:81/installation/index.php 200 0 0 166
2016-06-14 16:05:16 ::1 GET /installation/index.php - 81 - ::1 Mozilla/5.0+(Windows+NT+6.3;+WOW64)+AppleWebKit/537.36+(KHTML,+like+Gecko)+Chrome/48.0.2564.97+Safari/537.36 http://localhost:81/installation/index.php 200 0 0 164
2016-06-14 16:10:16 ::1 GET /installation/index.php - 81 - ::1 Mozilla/5.0+(Windows+NT+6.3;+WOW64)+AppleWebKit/537.36+(KHTML,+like+Gecko)+Chrome/48.0.2564.97+Safari/537.36 http://localhost:81/installation/index.php 200 0 0 164
2016-06-14 16:15:16 ::1 GET /installation/index.php - 81 - ::1 Mozilla/5.0+(Windows+NT+6.3;+WOW64)+AppleWebKit/537.36+(KHTML,+like+Gecko)+Chrome/48.0.2564.97+Safari/537.36 http://localhost:81/installation/index.php 200 0 0 164
2016-06-14 16:20:16 ::1 GET /installation/index.php - 81 - ::1 Mozilla/5.0+(Windows+NT+6.3;+WOW64)+AppleWebKit/537.36+(KHTML,+like+Gecko)+Chrome/48.0.2564.97+Safari/537.36 http://localhost:81/installation/index.php 200 0 0 163
2016-06-14 16:25:16 ::1 GET /installation/index.php - 81 - ::1 Mozilla/5.0+(Windows+NT+6.3;+WOW64)+AppleWebKit/537.36+(KHTML,+like+Gecko)+Chrome/48.0.2564.97+Safari/537.36 http://localhost:81/installation/index.php 200 0 0 169
2016-06-14 16:30:16 ::1 GET /installation/index.php - 81 - ::1 Mozilla/5.0+(Windows+NT+6.3;+WOW64)+AppleWebKit/537.36+(KHTML,+like+Gecko)+Chrome/48.0.2564.97+Safari/537.36 http://localhost:81/installation/index.php 200 0 0 165
2016-06-14 16:35:16 ::1 GET /installation/index.php - 81 - ::1 Mozilla/5.0+(Windows+NT+6.3;+WOW64)+AppleWebKit/537.36+(KHTML,+like+Gecko)+Chrome/48.0.2564.97+Safari/537.36 http://localhost:81/installation/index.php 200 0 0 163
2016-06-14 16:40:16 ::1 GET /installation/index.php - 81 - ::1 Mozilla/5.0+(Windows+NT+6.3;+WOW64)+AppleWebKit/537.36+(KHTML,+like+Gecko)+Chrome/48.0.2564.97+Safari/537.36 http://localhost:81/installation/index.php 200 0 0 168
2016-06-14 16:45:16 ::1 GET /installation/index.php - 81 - ::1 Mozilla/5.0+(Windows+NT+6.3;+WOW64)+AppleWebKit/537.36+(KHTML,+like+Gecko)+Chrome/48.0.2564.97+Safari/537.36 http://localhost:81/installation/index.php 200 0 0 165
2016-06-14 16:50:16 ::1 GET /installation/index.php - 81 - ::1 Mozilla/5.0+(Windows+NT+6.3;+WOW64)+AppleWebKit/537.36+(KHTML,+like+Gecko)+Chrome/48.0.2564.97+Safari/537.36 http://localhost:81/installation/index.php 200 0 0 165
2016-06-14 16:55:16 ::1 GET /installation/index.php - 81 - ::1 Mozilla/5.0+(Windows+NT+6.3;+WOW64)+AppleWebKit/537.36+(KHTML,+like+Gecko)+Chrome/48.0.2564.97+Safari/537.36 http://localhost:81/installation/index.php 200 0 0 166
2016-06-14 17:00:16 ::1 GET /installation/index.php - 81 - ::1 Mozilla/5.0+(Windows+NT+6.3;+WOW64)+AppleWebKit/537.36+(KHTML,+like+Gecko)+Chrome/48.0.2564.97+Safari/537.36 http://localhost:81/installation/index.php 200 0 0 165
2016-06-14 17:05:16 ::1 GET /installation/index.php - 81 - ::1 Mozilla/5.0+(Windows+NT+6.3;+WOW64)+AppleWebKit/537.36+(KHTML,+like+Gecko)+Chrome/48.0.2564.97+Safari/537.36 http://localhost:81/installation/index.php 200 0 0 167
2016-06-14 17:10:16 ::1 GET /installation/index.php - 81 - ::1 Mozilla/5.0+(Windows+NT+6.3;+WOW64)+AppleWebKit/537.36+(KHTML,+like+Gecko)+Chrome/48.0.2564.97+Safari/537.36 http://localhost:81/installation/index.php 200 0 0 164
2016-06-14 17:15:16 ::1 GET /installation/index.php - 81 - ::1 Mozilla/5.0+(Windows+NT+6.3;+WOW64)+AppleWebKit/537.36+(KHTML,+like+Gecko)+Chrome/48.0.2564.97+Safari/537.36 http://localhost:81/installation/index.php 200 0 0 165
2016-06-14 17:20:16 ::1 GET /installation/index.php - 81 - ::1 Mozilla/5.0+(Windows+NT+6.3;+WOW64)+AppleWebKit/537.36+(KHTML,+like+Gecko)+Chrome/48.0.2564.97+Safari/537.36 http://localhost:81/installation/index.php 200 0 0 167
2016-06-14 17:25:16 ::1 GET /installation/index.php - 81 - ::1 Mozilla/5.0+(Windows+NT+6.3;+WOW64)+AppleWebKit/537.36+(KHTML,+like+Gecko)+Chrome/48.0.2564.97+Safari/537.36 http://localhost:81/installation/index.php 200 0 0 166
2016-06-14 17:30:16 ::1 GET /installation/index.php - 81 - ::1 Mozilla/5.0+(Windows+NT+6.3;+WOW64)+AppleWebKit/537.36+(KHTML,+like+Gecko)+Chrome/48.0.2564.97+Safari/537.36 http://localhost:81/installation/index.php 200 0 0 162
2016-06-14 17:35:16 ::1 GET /installation/index.php - 81 - ::1 Mozilla/5.0+(Windows+NT+6.3;+WOW64)+AppleWebKit/537.36+(KHTML,+like+Gecko)+Chrome/48.0.2564.97+Safari/537.36 http://localhost:81/installation/index.php 200 0 0 166
2016-06-14 17:40:16 ::1 GET /installation/index.php - 81 - ::1 Mozilla/5.0+(Windows+NT+6.3;+WOW64)+AppleWebKit/537.36+(KHTML,+like+Gecko)+Chrome/48.0.2564.97+Safari/537.36 http://localhost:81/installation/index.php 200 0 0 166
2016-06-14 17:45:16 ::1 GET /installation/index.php - 81 - ::1 Mozilla/5.0+(Windows+NT+6.3;+WOW64)+AppleWebKit/537.36+(KHTML,+like+Gecko)+Chrome/48.0.2564.97+Safari/537.36 http://localhost:81/installation/index.php 200 0 0 168
2016-06-14 17:50:16 ::1 GET /installation/index.php - 81 - ::1 Mozilla/5.0+(Windows+NT+6.3;+WOW64)+AppleWebKit/537.36+(KHTML,+like+Gecko)+Chrome/48.0.2564.97+Safari/537.36 http://localhost:81/installation/index.php 200 0 0 165
2016-06-14 17:55:16 ::1 GET /installation/index.php - 81 - ::1 Mozilla/5.0+(Windows+NT+6.3;+WOW64)+AppleWebKit/537.36+(KHTML,+like+Gecko)+Chrome/48.0.2564.97+Safari/537.36 http://localhost:81/installation/index.php 200 0 0 163
2016-06-14 18:00:16 ::1 GET /installation/index.php - 81 - ::1 Mozilla/5.0+(Windows+NT+6.3;+WOW64)+AppleWebKit/537.36+(KHTML,+like+Gecko)+Chrome/48.0.2564.97+Safari/537.36 http://localhost:81/installation/index.php 200 0 0 165
2016-06-14 18:05:16 ::1 GET /installation/index.php - 81 - ::1 Mozilla/5.0+(Windows+NT+6.3;+WOW64)+AppleWebKit/537.36+(KHTML,+like+Gecko)+Chrome/48.0.2564.97+Safari/537.36 http://localhost:81/installation/index.php 200 0 0 163
2016-06-14 18:10:16 ::1 GET /installation/index.php - 81 - ::1 Mozilla/5.0+(Windows+NT+6.3;+WOW64)+AppleWebKit/537.36+(KHTML,+like+Gecko)+Chrome/48.0.2564.97+Safari/537.36 http://localhost:81/installation/index.php 200 0 0 161
2016-06-14 18:15:16 ::1 GET /installation/index.php - 81 - ::1 Mozilla/5.0+(Windows+NT+6.3;+WOW64)+AppleWebKit/537.36+(KHTML,+like+Gecko)+Chrome/48.0.2564.97+Safari/537.36 http://localhost:81/installation/index.php 200 0 0 165
2016-06-14 18:20:16 ::1 GET /installation/index.php - 81 - ::1 Mozilla/5.0+(Windows+NT+6.3;+WOW64)+AppleWebKit/537.36+(KHTML,+like+Gecko)+Chrome/48.0.2564.97+Safari/537.36 http://localhost:81/installation/index.php 200 0 0 165
2016-06-14 18:25:16 ::1 GET /installation/index.php - 81 - ::1 Mozilla/5.0+(Windows+NT+6.3;+WOW64)+AppleWebKit/537.36+(KHTML,+like+Gecko)+Chrome/48.0.2564.97+Safari/537.36 http://localhost:81/installation/index.php 200 0 0 162
2016-06-14 18:30:16 ::1 GET /installation/index.php - 81 - ::1 Mozilla/5.0+(Windows+NT+6.3;+WOW64)+AppleWebKit/537.36+(KHTML,+like+Gecko)+Chrome/48.0.2564.97+Safari/537.36 http://localhost:81/installation/index.php 200 0 0 163
2016-06-14 18:35:16 ::1 GET /installation/index.php - 81 - ::1 Mozilla/5.0+(Windows+NT+6.3;+WOW64)+AppleWebKit/537.36+(KHTML,+like+Gecko)+Chrome/48.0.2564.97+Safari/537.36 http://localhost:81/installation/index.php 200 0 0 163
2016-06-14 18:40:16 ::1 GET /installation/index.php - 81 - ::1 Mozilla/5.0+(Windows+NT+6.3;+WOW64)+AppleWebKit/537.36+(KHTML,+like+Gecko)+Chrome/48.0.2564.97+Safari/537.36 http://localhost:81/installation/index.php 200 0 0 163
2016-06-14 18:45:16 ::1 GET /installation/index.php - 81 - ::1 Mozilla/5.0+(Windows+NT+6.3;+WOW64)+AppleWebKit/537.36+(KHTML,+like+Gecko)+Chrome/48.0.2564.97+Safari/537.36 http://localhost:81/installation/index.php 200 0 0 165
2016-06-14 18:50:16 ::1 GET /installation/index.php - 81 - ::1 Mozilla/5.0+(Windows+NT+6.3;+WOW64)+AppleWebKit/537.36+(KHTML,+like+Gecko)+Chrome/48.0.2564.97+Safari/537.36 http://localhost:81/installation/index.php 200 0 0 164
2016-06-14 18:55:16 ::1 GET /installation/index.php - 81 - ::1 Mozilla/5.0+(Windows+NT+6.3;+WOW64)+AppleWebKit/537.36+(KHTML,+like+Gecko)+Chrome/48.0.2564.97+Safari/537.36 http://localhost:81/installation/index.php 200 0 0 166
2016-06-14 19:00:16 ::1 GET /installation/index.php - 81 - ::1 Mozilla/5.0+(Windows+NT+6.3;+WOW64)+AppleWebKit/537.36+(KHTML,+like+Gecko)+Chrome/48.0.2564.97+Safari/537.36 http://localhost:81/installation/index.php 200 0 0 166
2016-06-14 19:05:16 ::1 GET /installation/index.php - 81 - ::1 Mozilla/5.0+(Windows+NT+6.3;+WOW64)+AppleWebKit/537.36+(KHTML,+like+Gecko)+Chrome/48.0.2564.97+Safari/537.36 http://localhost:81/installation/index.php 200 0 0 161
2016-06-14 19:10:16 ::1 GET /installation/index.php - 81 - ::1 Mozilla/5.0+(Windows+NT+6.3;+WOW64)+AppleWebKit/537.36+(KHTML,+like+Gecko)+Chrome/48.0.2564.97+Safari/537.36 http://localhost:81/installation/index.php 200 0 0 165
2016-06-14 19:15:16 ::1 GET /installation/index.php - 81 - ::1 Mozilla/5.0+(Windows+NT+6.3;+WOW64)+AppleWebKit/537.36+(KHTML,+like+Gecko)+Chrome/48.0.2564.97+Safari/537.36 http://localhost:81/installation/index.php 200 0 0 163
2016-06-14 19:20:16 ::1 GET /installation/index.php - 81 - ::1 Mozilla/5.0+(Windows+NT+6.3;+WOW64)+AppleWebKit/537.36+(KHTML,+like+Gecko)+Chrome/48.0.2564.97+Safari/537.36 http://localhost:81/installation/index.php 200 0 0 167
2016-06-14 19:25:16 ::1 GET /installation/index.php - 81 - ::1 Mozilla/5.0+(Windows+NT+6.3;+WOW64)+AppleWebKit/537.36+(KHTML,+like+Gecko)+Chrome/48.0.2564.97+Safari/537.36 http://localhost:81/installation/index.php 200 0 0 164
2016-06-14 19:30:16 ::1 GET /installation/index.php - 81 - ::1 Mozilla/5.0+(Windows+NT+6.3;+WOW64)+AppleWebKit/537.36+(KHTML,+like+Gecko)+Chrome/48.0.2564.97+Safari/537.36 http://localhost:81/installation/index.php 200 0 0 166
2016-06-14 19:35:16 ::1 GET /installation/index.php - 81 - ::1 Mozilla/5.0+(Windows+NT+6.3;+WOW64)+AppleWebKit/537.36+(KHTML,+like+Gecko)+Chrome/48.0.2564.97+Safari/537.36 http://localhost:81/installation/index.php 200 0 0 162
2016-06-14 19:40:16 ::1 GET /installation/index.php - 81 - ::1 Mozilla/5.0+(Windows+NT+6.3;+WOW64)+AppleWebKit/537.36+(KHTML,+like+Gecko)+Chrome/48.0.2564.97+Safari/537.36 http://localhost:81/installation/index.php 200 0 0 162
2016-06-14 19:45:16 ::1 GET /installation/index.php - 81 - ::1 Mozilla/5.0+(Windows+NT+6.3;+WOW64)+AppleWebKit/537.36+(KHTML,+like+Gecko)+Chrome/48.0.2564.97+Safari/537.36 http://localhost:81/installation/index.php 200 0 0 171
2016-06-14 19:50:16 ::1 GET /installation/index.php - 81 - ::1 Mozilla/5.0+(Windows+NT+6.3;+WOW64)+AppleWebKit/537.36+(KHTML,+like+Gecko)+Chrome/48.0.2564.97+Safari/537.36 http://localhost:81/installation/index.php 200 0 0 163
2016-06-14 19:55:16 ::1 GET /installation/index.php - 81 - ::1 Mozilla/5.0+(Windows+NT+6.3;+WOW64)+AppleWebKit/537.36+(KHTML,+like+Gecko)+Chrome/48.0.2564.97+Safari/537.36 http://localhost:81/installation/index.php 200 0 0 164
2016-06-14 20:00:16 ::1 GET /installation/index.php - 81 - ::1 Mozilla/5.0+(Windows+NT+6.3;+WOW64)+AppleWebKit/537.36+(KHTML,+like+Gecko)+Chrome/48.0.2564.97+Safari/537.36 http://localhost:81/installation/index.php 200 0 0 165
2016-06-14 20:05:16 ::1 GET /installation/index.php - 81 - ::1 Mozilla/5.0+(Windows+NT+6.3;+WOW64)+AppleWebKit/537.36+(KHTML,+like+Gecko)+Chrome/48.0.2564.97+Safari/537.36 http://localhost:81/installation/index.php 200 0 0 165
2016-06-14 20:10:16 ::1 GET /installation/index.php - 81 - ::1 Mozilla/5.0+(Windows+NT+6.3;+WOW64)+AppleWebKit/537.36+(KHTML,+like+Gecko)+Chrome/48.0.2564.97+Safari/537.36 http://localhost:81/installation/index.php 200 0 0 163
2016-06-14 20:15:16 ::1 GET /installation/index.php - 81 - ::1 Mozilla/5.0+(Windows+NT+6.3;+WOW64)+AppleWebKit/537.36+(KHTML,+like+Gecko)+Chrome/48.0.2564.97+Safari/537.36 http://localhost:81/installation/index.php 200 0 0 166
2016-06-14 20:20:16 ::1 GET /installation/index.php - 81 - ::1 Mozilla/5.0+(Windows+NT+6.3;+WOW64)+AppleWebKit/537.36+(KHTML,+like+Gecko)+Chrome/48.0.2564.97+Safari/537.36 http://localhost:81/installation/index.php 200 0 0 162
2016-06-14 20:25:16 ::1 GET /installation/index.php - 81 - ::1 Mozilla/5.0+(Windows+NT+6.3;+WOW64)+AppleWebKit/537.36+(KHTML,+like+Gecko)+Chrome/48.0.2564.97+Safari/537.36 http://localhost:81/installation/index.php 200 0 0 165
2016-06-14 20:30:16 ::1 GET /installation/index.php - 81 - ::1 Mozilla/5.0+(Windows+NT+6.3;+WOW64)+AppleWebKit/537.36+(KHTML,+like+Gecko)+Chrome/48.0.2564.97+Safari/537.36 http://localhost:81/installation/index.php 200 0 0 162
2016-06-14 20:35:16 ::1 GET /installation/index.php - 81 - ::1 Mozilla/5.0+(Windows+NT+6.3;+WOW64)+AppleWebKit/537.36+(KHTML,+like+Gecko)+Chrome/48.0.2564.97+Safari/537.36 http://localhost:81/installation/index.php 200 0 0 168
2016-06-14 20:40:16 ::1 GET /installation/index.php - 81 - ::1 Mozilla/5.0+(Windows+NT+6.3;+WOW64)+AppleWebKit/537.36+(KHTML,+like+Gecko)+Chrome/48.0.2564.97+Safari/537.36 http://localhost:81/installation/index.php 200 0 0 164
2016-06-14 20:45:16 ::1 GET /installation/index.php - 81 - ::1 Mozilla/5.0+(Windows+NT+6.3;+WOW64)+AppleWebKit/537.36+(KHTML,+like+Gecko)+Chrome/48.0.2564.97+Safari/537.36 http://localhost:81/installation/index.php 200 0 0 165
2016-06-14 20:50:16 ::1 GET /installation/index.php - 81 - ::1 Mozilla/5.0+(Windows+NT+6.3;+WOW64)+AppleWebKit/537.36+(KHTML,+like+Gecko)+Chrome/48.0.2564.97+Safari/537.36 http://localhost:81/installation/index.php 200 0 0 165
2016-06-14 20:55:16 ::1 GET /installation/index.php - 81 - ::1 Mozilla/5.0+(Windows+NT+6.3;+WOW64)+AppleWebKit/537.36+(KHTML,+like+Gecko)+Chrome/48.0.2564.97+Safari/537.36 http://localhost:81/installation/index.php 200 0 0 163
2016-06-14 21:00:16 ::1 GET /installation/index.php - 81 - ::1 Mozilla/5.0+(Windows+NT+6.3;+WOW64)+AppleWebKit/537.36+(KHTML,+like+Gecko)+Chrome/48.0.2564.97+Safari/537.36 http://localhost:81/installation/index.php 200 0 0 162
2016-06-14 21:05:16 ::1 GET /installation/index.php - 81 - ::1 Mozilla/5.0+(Windows+NT+6.3;+WOW64)+AppleWebKit/537.36+(KHTML,+like+Gecko)+Chrome/48.0.2564.97+Safari/537.36 http://localhost:81/installation/index.php 200 0 0 165
2016-06-14 21:10:16 ::1 GET /installation/index.php - 81 - ::1 Mozilla/5.0+(Windows+NT+6.3;+WOW64)+AppleWebKit/537.36+(KHTML,+like+Gecko)+Chrome/48.0.2564.97+Safari/537.36 http://localhost:81/installation/index.php 200 0 0 167
2016-06-14 21:15:16 ::1 GET /installation/index.php - 81 - ::1 Mozilla/5.0+(Windows+NT+6.3;+WOW64)+AppleWebKit/537.36+(KHTML,+like+Gecko)+Chrome/48.0.2564.97+Safari/537.36 http://localhost:81/installation/index.php 200 0 0 165
2016-06-14 21:20:16 ::1 GET /installation/index.php - 81 - ::1 Mozilla/5.0+(Windows+NT+6.3;+WOW64)+AppleWebKit/537.36+(KHTML,+like+Gecko)+Chrome/48.0.2564.97+Safari/537.36 http://localhost:81/installation/index.php 200 0 0 162
2016-06-14 21:25:16 ::1 GET /installation/index.php - 81 - ::1 Mozilla/5.0+(Windows+NT+6.3;+WOW64)+AppleWebKit/537.36+(KHTML,+like+Gecko)+Chrome/48.0.2564.97+Safari/537.36 http://localhost:81/installation/index.php 200 0 0 166
2016-06-14 21:30:17 ::1 GET /installation/index.php - 81 - ::1 Mozilla/5.0+(Windows+NT+6.3;+WOW64)+AppleWebKit/537.36+(KHTML,+like+Gecko)+Chrome/48.0.2564.97+Safari/537.36 http://localhost:81/installation/index.php 200 0 0 384
2016-06-14 21:35:16 ::1 GET /installation/index.php - 81 - ::1 Mozilla/5.0+(Windows+NT+6.3;+WOW64)+AppleWebKit/537.36+(KHTML,+like+Gecko)+Chrome/48.0.2564.97+Safari/537.36 http://localhost:81/installation/index.php 200 0 0 623
2016-06-14 21:40:17 ::1 GET /installation/index.php - 81 - ::1 Mozilla/5.0+(Windows+NT+6.3;+WOW64)+AppleWebKit/537.36+(KHTML,+like+Gecko)+Chrome/48.0.2564.97+Safari/537.36 http://localhost:81/installation/index.php 200 0 0 439
2016-06-14 21:45:16 ::1 GET /installation/index.php - 81 - ::1 Mozilla/5.0+(Windows+NT+6.3;+WOW64)+AppleWebKit/537.36+(KHTML,+like+Gecko)+Chrome/48.0.2564.97+Safari/537.36 http://localhost:81/installation/index.php 200 0 0 531
2016-06-14 21:50:16 ::1 GET /installation/index.php - 81 - ::1 Mozilla/5.0+(Windows+NT+6.3;+WOW64)+AppleWebKit/537.36+(KHTML,+like+Gecko)+Chrome/48.0.2564.97+Safari/537.36 http://localhost:81/installation/index.php 200 0 0 167
2016-06-14 21:55:16 ::1 GET /installation/index.php - 81 - ::1 Mozilla/5.0+(Windows+NT+6.3;+WOW64)+AppleWebKit/537.36+(KHTML,+like+Gecko)+Chrome/48.0.2564.97+Safari/537.36 http://localhost:81/installation/index.php 200 0 0 162
2016-06-14 22:00:16 ::1 GET /installation/index.php - 81 - ::1 Mozilla/5.0+(Windows+NT+6.3;+WOW64)+AppleWebKit/537.36+(KHTML,+like+Gecko)+Chrome/48.0.2564.97+Safari/537.36 http://localhost:81/installation/index.php 200 0 0 166
2016-06-14 22:05:16 ::1 GET /installation/index.php - 81 - ::1 Mozilla/5.0+(Windows+NT+6.3;+WOW64)+AppleWebKit/537.36+(KHTML,+like+Gecko)+Chrome/48.0.2564.97+Safari/537.36 http://localhost:81/installation/index.php 200 0 0 162
2016-06-14 22:10:16 ::1 GET /installation/index.php - 81 - ::1 Mozilla/5.0+(Windows+NT+6.3;+WOW64)+AppleWebKit/537.36+(KHTML,+like+Gecko)+Chrome/48.0.2564.97+Safari/537.36 http://localhost:81/installation/index.php 200 0 0 166
2016-06-14 22:15:16 ::1 GET /installation/index.php - 81 - ::1 Mozilla/5.0+(Windows+NT+6.3;+WOW64)+AppleWebKit/537.36+(KHTML,+like+Gecko)+Chrome/48.0.2564.97+Safari/537.36 http://localhost:81/installation/index.php 200 0 0 164
2016-06-14 22:20:16 ::1 GET /installation/index.php - 81 - ::1 Mozilla/5.0+(Windows+NT+6.3;+WOW64)+AppleWebKit/537.36+(KHTML,+like+Gecko)+Chrome/48.0.2564.97+Safari/537.36 http://localhost:81/installation/index.php 200 0 0 166
2016-06-14 22:25:16 ::1 GET /installation/index.php - 81 - ::1 Mozilla/5.0+(Windows+NT+6.3;+WOW64)+AppleWebKit/537.36+(KHTML,+like+Gecko)+Chrome/48.0.2564.97+Safari/537.36 http://localhost:81/installation/index.php 200 0 0 167
2016-06-14 22:30:16 ::1 GET /installation/index.php - 81 - ::1 Mozilla/5.0+(Windows+NT+6.3;+WOW64)+AppleWebKit/537.36+(KHTML,+like+Gecko)+Chrome/48.0.2564.97+Safari/537.36 http://localhost:81/installation/index.php 200 0 0 164
2016-06-14 22:35:16 ::1 GET /installation/index.php - 81 - ::1 Mozilla/5.0+(Windows+NT+6.3;+WOW64)+AppleWebKit/537.36+(KHTML,+like+Gecko)+Chrome/48.0.2564.97+Safari/537.36 http://localhost:81/installation/index.php 200 0 0 166
2016-06-14 22:40:16 ::1 GET /installation/index.php - 81 - ::1 Mozilla/5.0+(Windows+NT+6.3;+WOW64)+AppleWebKit/537.36+(KHTML,+like+Gecko)+Chrome/48.0.2564.97+Safari/537.36 http://localhost:81/installation/index.php 200 0 0 167
2016-06-14 22:45:16 ::1 GET /installation/index.php - 81 - ::1 Mozilla/5.0+(Windows+NT+6.3;+WOW64)+AppleWebKit/537.36+(KHTML,+like+Gecko)+Chrome/48.0.2564.97+Safari/537.36 http://localhost:81/installation/index.php 200 0 0 167
2016-06-14 22:50:16 ::1 GET /installation/index.php - 81 - ::1 Mozilla/5.0+(Windows+NT+6.3;+WOW64)+AppleWebKit/537.36+(KHTML,+like+Gecko)+Chrome/48.0.2564.97+Safari/537.36 http://localhost:81/installation/index.php 200 0 0 171
2016-06-14 22:55:16 ::1 GET /installation/index.php - 81 - ::1 Mozilla/5.0+(Windows+NT+6.3;+WOW64)+AppleWebKit/537.36+(KHTML,+like+Gecko)+Chrome/48.0.2564.97+Safari/537.36 http://localhost:81/installation/index.php 200 0 0 166
2016-06-14 23:00:16 ::1 GET /installation/index.php - 81 - ::1 Mozilla/5.0+(Windows+NT+6.3;+WOW64)+AppleWebKit/537.36+(KHTML,+like+Gecko)+Chrome/48.0.2564.97+Safari/537.36 http://localhost:81/installation/index.php 200 0 0 164
2016-06-14 23:05:16 ::1 GET /installation/index.php - 81 - ::1 Mozilla/5.0+(Windows+NT+6.3;+WOW64)+AppleWebKit/537.36+(KHTML,+like+Gecko)+Chrome/48.0.2564.97+Safari/537.36 http://localhost:81/installation/index.php 200 0 0 169
2016-06-14 23:10:16 ::1 GET /installation/index.php - 81 - ::1 Mozilla/5.0+(Windows+NT+6.3;+WOW64)+AppleWebKit/537.36+(KHTML,+like+Gecko)+Chrome/48.0.2564.97+Safari/537.36 http://localhost:81/installation/index.php 200 0 0 166
2016-06-14 23:15:16 ::1 GET /installation/index.php - 81 - ::1 Mozilla/5.0+(Windows+NT+6.3;+WOW64)+AppleWebKit/537.36+(KHTML,+like+Gecko)+Chrome/48.0.2564.97+Safari/537.36 http://localhost:81/installation/index.php 200 0 0 168
2016-06-14 23:20:16 ::1 GET /installation/index.php - 81 - ::1 Mozilla/5.0+(Windows+NT+6.3;+WOW64)+AppleWebKit/537.36+(KHTML,+like+Gecko)+Chrome/48.0.2564.97+Safari/537.36 http://localhost:81/installation/index.php 200 0 0 163
2016-06-14 23:25:16 ::1 GET /installation/index.php - 81 - ::1 Mozilla/5.0+(Windows+NT+6.3;+WOW64)+AppleWebKit/537.36+(KHTML,+like+Gecko)+Chrome/48.0.2564.97+Safari/537.36 http://localhost:81/installation/index.php 200 0 0 174
2016-06-14 23:30:16 ::1 GET /installation/index.php - 81 - ::1 Mozilla/5.0+(Windows+NT+6.3;+WOW64)+AppleWebKit/537.36+(KHTML,+like+Gecko)+Chrome/48.0.2564.97+Safari/537.36 http://localhost:81/installation/index.php 200 0 0 167
2016-06-14 23:35:16 ::1 GET /installation/index.php - 81 - ::1 Mozilla/5.0+(Windows+NT+6.3;+WOW64)+AppleWebKit/537.36+(KHTML,+like+Gecko)+Chrome/48.0.2564.97+Safari/537.36 http://localhost:81/installation/index.php 200 0 0 165
2016-06-14 23:40:16 ::1 GET /installation/index.php - 81 - ::1 Mozilla/5.0+(Windows+NT+6.3;+WOW64)+AppleWebKit/537.36+(KHTML,+like+Gecko)+Chrome/48.0.2564.97+Safari/537.36 http://localhost:81/installation/index.php 200 0 0 163
2016-06-14 23:45:16 ::1 GET /installation/index.php - 81 - ::1 Mozilla/5.0+(Windows+NT+6.3;+WOW64)+AppleWebKit/537.36+(KHTML,+like+Gecko)+Chrome/48.0.2564.97+Safari/537.36 http://localhost:81/installation/index.php 200 0 0 165
2016-06-14 23:50:16 ::1 GET /installation/index.php - 81 - ::1 Mozilla/5.0+(Windows+NT+6.3;+WOW64)+AppleWebKit/537.36+(KHTML,+like+Gecko)+Chrome/48.0.2564.97+Safari/537.36 http://localhost:81/installation/index.php 200 0 0 165
2016-06-14 23:55:16 ::1 GET /installation/index.php - 81 - ::1 Mozilla/5.0+(Windows+NT+6.3;+WOW64)+AppleWebKit/537.36+(KHTML,+like+Gecko)+Chrome/48.0.2564.97+Safari/537.36 http://localhost:81/installation/index.php 200 0 0 163
